<?xml version="1.0" encoding="UTF-8"?>
<TestRun id="25aac96e-8360-4c6d-b656-4c28522281f4" name="gwatson (2012-03-18 19:20:00)" runUser="NUSTUDENT\gwatson" xmlns="http://microsoft.com/schemas/VisualStudio/TeamTest/2010">
  <TestSettings name="LocalCodeCoverage" id="ec93bdfa-e2b8-47a6-a2aa-09dc288ce4c8">
    <Description>These are default test settings for a local test run.</Description>
    <Deployment runDeploymentRoot="gwatson _2012-03-18 19_20_00_">
      <DeploymentItem filename="C:\Users\gwatson\Desktop\SA\PersistentArray\SADatabase\FilePersistence\bin\Debug\FilePersistence.dll" />
      <DeploymentItem filename="C:\Users\gwatson\Desktop\SA\PersistentArray\SADatabase\ByteHelper\bin\Debug\ByteHelper.dll" />
      <DeploymentItem filename="C:\Users\gwatson\Desktop\SA\PersistentArray\SADatabase\ByteHelperUnitTest\bin\Debug\ByteHelperUnitTest.dll" />
      <DeploymentItem filename="C:\Users\gwatson\Desktop\SA\PersistentArray\SADatabase\PersistentArrayUnitTest\bin\Debug\PAUnitTest.dll" />
      <DeploymentItem filename="C:\Users\gwatson\Desktop\SA\PersistentArray\SADatabase\PLL\bin\Debug\PLL.dll" />
      <DeploymentItem filename="C:\Users\gwatson\Desktop\SA\PersistentArray\SADatabase\Interfaces\bin\Debug\Interfaces.dll" />
      <DeploymentItem filename="C:\Users\gwatson\Desktop\SA\PersistentArray\SADatabase\PA\bin\Debug\PA.dll" />
    </Deployment>
    <NamingScheme baseName="gwatson" useDefault="false" />
    <Execution>
      <TestTypeSpecific>
        <UnitTestRunConfig testTypeId="13cdc9d9-ddb5-4fa4-a97d-d965ccfc6d4b">
          <AssemblyResolution>
            <TestDirectory useLoadContext="true" />
          </AssemblyResolution>
        </UnitTestRunConfig>
        <WebTestRunConfiguration testTypeId="4e7599fa-5ecb-43e9-a887-cd63cf72d207">
          <Browser name="Internet Explorer 7.0">
            <Headers>
              <Header name="User-Agent" value="Mozilla/4.0 (compatible; MSIE 7.0; Windows NT 5.1)" />
              <Header name="Accept" value="*/*" />
              <Header name="Accept-Language" value="{{$IEAcceptLanguage}}" />
              <Header name="Accept-Encoding" value="GZIP" />
            </Headers>
          </Browser>
        </WebTestRunConfiguration>
      </TestTypeSpecific>
      <AgentRule name="LocalMachineDefaultRole">
        <DataCollectors>
          <DataCollector uri="datacollector://microsoft/CodeCoverage/1.0" assemblyQualifiedName="Microsoft.VisualStudio.TestTools.CodeCoverage.CoveragePlugIn, Microsoft.VisualStudio.QualityTools.Plugins.CodeCoverage, Version=10.0.0.0, Culture=neutral, PublicKeyToken=b03f5f7f11d50a3a" friendlyName="Code Coverage">
            <Configuration>
              <CodeCoverage xmlns="">
                <Regular>
                  <CodeCoverageItem binaryFile="C:\Users\gwatson\Desktop\SA\PersistentArray\SADatabase\PLL\bin\Debug\PLL.dll" pdbFile="C:\Users\gwatson\Desktop\SA\PersistentArray\SADatabase\PLL\bin\Debug\PLL.instr.pdb" instrumentInPlace="true" />
                  <CodeCoverageItem binaryFile="C:\Users\gwatson\Desktop\SA\PersistentArray\SADatabase\PAFS\bin\Debug\PAFS.dll" pdbFile="C:\Users\gwatson\Desktop\SA\PersistentArray\SADatabase\PAFS\bin\Debug\PAFS.instr.pdb" instrumentInPlace="true" />
                  <CodeCoverageItem binaryFile="C:\Users\gwatson\Desktop\SA\PersistentArray\SADatabase\PA\bin\Debug\PA.dll" pdbFile="C:\Users\gwatson\Desktop\SA\PersistentArray\SADatabase\PA\bin\Debug\PA.instr.pdb" instrumentInPlace="true" />
                  <CodeCoverageItem binaryFile="C:\Users\gwatson\Desktop\SA\PersistentArray\SADatabase\CPA\bin\Debug\CPA.dll" pdbFile="C:\Users\gwatson\Desktop\SA\PersistentArray\SADatabase\CPA\bin\Debug\CPA.instr.pdb" instrumentInPlace="true" />
                </Regular>
              </CodeCoverage>
            </Configuration>
          </DataCollector>
        </DataCollectors>
      </AgentRule>
    </Execution>
  </TestSettings>
  <Times creation="2012-03-18T19:20:00.4880401-06:00" queuing="2012-03-18T19:20:03.2351972-06:00" start="2012-03-18T19:20:03.2972008-06:00" finish="2012-03-18T19:20:06.7884005-06:00" />
  <ResultSummary outcome="Failed">
    <Counters total="21" executed="21" passed="5" error="0" failed="16" timeout="0" aborted="0" inconclusive="0" passedButRunAborted="0" notRunnable="0" notExecuted="0" disconnected="0" warning="0" completed="0" inProgress="0" pending="0" />
    <ResultFiles>
      <ResultFile path="WATSON1491\data.coverage" />
    </ResultFiles>
  </ResultSummary>
  <TestDefinitions>
    <UnitTest name="InsertLinksCorrectlyTest" storage="c:\users\gwatson\desktop\sa\persistentarray\sadatabase\pllunittest\bin\debug\pllunittest.dll" id="f0820a20-bffa-aca4-73b6-cb5b10486dcd">
      <Execution id="c9f90264-63cb-4259-9985-d3276aa3de1a" />
      <TestMethod codeBase="C:\Users\gwatson\Desktop\SA\PersistentArray\SADatabase\PLLUnitTest\bin\Debug\PLLUnitTest.dll" adapterTypeName="Microsoft.VisualStudio.TestTools.TestTypes.Unit.UnitTestAdapter, Microsoft.VisualStudio.QualityTools.Tips.UnitTest.Adapter, Version=10.0.0.0, Culture=neutral, PublicKeyToken=b03f5f7f11d50a3a" className="PLLUnitTest.PersistentLinkedListTest, PLLUnitTest" name="InsertLinksCorrectlyTest" />
    </UnitTest>
    <UnitTest name="AddAfterTest" storage="c:\users\gwatson\desktop\sa\persistentarray\sadatabase\pllunittest\bin\debug\pllunittest.dll" id="0f7dd13b-d69f-2fef-8f8e-80f7ee7968ec">
      <Execution id="619eec08-6cf6-43a6-93cb-15b6fb33ff8d" />
      <TestMethod codeBase="C:\Users\gwatson\Desktop\SA\PersistentArray\SADatabase\PLLUnitTest\bin\Debug\PLLUnitTest.dll" adapterTypeName="Microsoft.VisualStudio.TestTools.TestTypes.Unit.UnitTestAdapter, Microsoft.VisualStudio.QualityTools.Tips.UnitTest.Adapter, Version=10.0.0.0, Culture=neutral, PublicKeyToken=b03f5f7f11d50a3a" className="PLLUnitTest.PersistentLinkedListTest, PLLUnitTest" name="AddAfterTest" />
    </UnitTest>
    <UnitTest name="UpdateTest" storage="c:\users\gwatson\desktop\sa\persistentarray\sadatabase\pllunittest\bin\debug\pllunittest.dll" id="8bf66a88-08b1-206e-6e7a-07808be453b9">
      <Execution id="bbf34202-62b0-46aa-a472-72234d67699f" />
      <TestMethod codeBase="C:\Users\gwatson\Desktop\SA\PersistentArray\SADatabase\PLLUnitTest\bin\Debug\PLLUnitTest.dll" adapterTypeName="Microsoft.VisualStudio.TestTools.TestTypes.Unit.UnitTestAdapter, Microsoft.VisualStudio.QualityTools.Tips.UnitTest.Adapter, Version=10.0.0.0, Culture=neutral, PublicKeyToken=b03f5f7f11d50a3a" className="PLLUnitTest.PersistentLinkedListTest, PLLUnitTest" name="UpdateTest" />
    </UnitTest>
    <UnitTest name="AssertNotBadNodeIndexTest" storage="c:\users\gwatson\desktop\sa\persistentarray\sadatabase\pllunittest\bin\debug\pllunittest.dll" id="63cc42b4-1dc6-41a3-f417-45c71de20956">
      <Execution id="919d59be-c69a-46a4-a119-0b4466ebb24f" />
      <TestMethod codeBase="C:\Users\gwatson\Desktop\SA\PersistentArray\SADatabase\PLLUnitTest\bin\Debug\PLLUnitTest.dll" adapterTypeName="Microsoft.VisualStudio.TestTools.TestTypes.Unit.UnitTestAdapter, Microsoft.VisualStudio.QualityTools.Tips.UnitTest.Adapter, Version=10.0.0.0, Culture=neutral, PublicKeyToken=b03f5f7f11d50a3a" className="PLLUnitTest.PersistentLinkedListTest, PLLUnitTest" name="AssertNotBadNodeIndexTest" />
    </UnitTest>
    <UnitTest name="GetNextTest" storage="c:\users\gwatson\desktop\sa\persistentarray\sadatabase\pllunittest\bin\debug\pllunittest.dll" id="ffe04048-3d0c-a00a-f497-66ad2a87b507">
      <Execution id="3c6582bd-bd3c-43a2-a1a1-8037eaa0e4f7" />
      <TestMethod codeBase="C:\Users\gwatson\Desktop\SA\PersistentArray\SADatabase\PLLUnitTest\bin\Debug\PLLUnitTest.dll" adapterTypeName="Microsoft.VisualStudio.TestTools.TestTypes.Unit.UnitTestAdapter, Microsoft.VisualStudio.QualityTools.Tips.UnitTest.Adapter, Version=10.0.0.0, Culture=neutral, PublicKeyToken=b03f5f7f11d50a3a" className="PLLUnitTest.PersistentLinkedListTest, PLLUnitTest" name="GetNextTest" />
    </UnitTest>
    <UnitTest name="GetElementSizeTest" storage="c:\users\gwatson\desktop\sa\persistentarray\sadatabase\pllunittest\bin\debug\pllunittest.dll" id="a54f2629-8741-9051-67a0-e1a8c4b5ea10">
      <Execution id="3246bafc-456f-4ccd-9f79-a4dacb4ba057" />
      <TestMethod codeBase="C:\Users\gwatson\Desktop\SA\PersistentArray\SADatabase\PLLUnitTest\bin\Debug\PLLUnitTest.dll" adapterTypeName="Microsoft.VisualStudio.TestTools.TestTypes.Unit.UnitTestAdapter, Microsoft.VisualStudio.QualityTools.Tips.UnitTest.Adapter, Version=10.0.0.0, Culture=neutral, PublicKeyToken=b03f5f7f11d50a3a" className="PLLUnitTest.PersistentLinkedListTest, PLLUnitTest" name="GetElementSizeTest" />
    </UnitTest>
    <UnitTest name="GetPreviousTest" storage="c:\users\gwatson\desktop\sa\persistentarray\sadatabase\pllunittest\bin\debug\pllunittest.dll" id="565a9370-80c9-3456-28b5-ca4466bce36c">
      <Execution id="ebb7445b-8b20-4571-b8c9-8ee82e841e9d" />
      <TestMethod codeBase="C:\Users\gwatson\Desktop\SA\PersistentArray\SADatabase\PLLUnitTest\bin\Debug\PLLUnitTest.dll" adapterTypeName="Microsoft.VisualStudio.TestTools.TestTypes.Unit.UnitTestAdapter, Microsoft.VisualStudio.QualityTools.Tips.UnitTest.Adapter, Version=10.0.0.0, Culture=neutral, PublicKeyToken=b03f5f7f11d50a3a" className="PLLUnitTest.PersistentLinkedListTest, PLLUnitTest" name="GetPreviousTest" />
    </UnitTest>
    <UnitTest name="CreateTest" storage="c:\users\gwatson\desktop\sa\persistentarray\sadatabase\pllunittest\bin\debug\pllunittest.dll" id="fd2220b2-26eb-6999-62ad-4cbb765b850c">
      <Execution id="ac9498c6-2150-4f04-9902-8c438208eb4d" />
      <TestMethod codeBase="C:\Users\gwatson\Desktop\SA\PersistentArray\SADatabase\PLLUnitTest\bin\Debug\PLLUnitTest.dll" adapterTypeName="Microsoft.VisualStudio.TestTools.TestTypes.Unit.UnitTestAdapter, Microsoft.VisualStudio.QualityTools.Tips.UnitTest.Adapter, Version=10.0.0.0, Culture=neutral, PublicKeyToken=b03f5f7f11d50a3a" className="PLLUnitTest.PersistentLinkedListTest, PLLUnitTest" name="CreateTest" />
    </UnitTest>
    <UnitTest name="AddToStartTest" storage="c:\users\gwatson\desktop\sa\persistentarray\sadatabase\pllunittest\bin\debug\pllunittest.dll" id="0ef3c0a1-e279-0642-068f-cf09f20b4b4e">
      <Execution id="70e32a68-3c9b-49e4-b0b9-1c6bf8d4663d" />
      <TestMethod codeBase="C:\Users\gwatson\Desktop\SA\PersistentArray\SADatabase\PLLUnitTest\bin\Debug\PLLUnitTest.dll" adapterTypeName="Microsoft.VisualStudio.TestTools.TestTypes.Unit.UnitTestAdapter, Microsoft.VisualStudio.QualityTools.Tips.UnitTest.Adapter, Version=10.0.0.0, Culture=neutral, PublicKeyToken=b03f5f7f11d50a3a" className="PLLUnitTest.PersistentLinkedListTest, PLLUnitTest" name="AddToStartTest" />
    </UnitTest>
    <UnitTest name="RemoveTest" storage="c:\users\gwatson\desktop\sa\persistentarray\sadatabase\pllunittest\bin\debug\pllunittest.dll" id="4bbd3904-7ad8-7f8b-c8e4-fd552740646a">
      <Execution id="8525c018-baf1-43dc-bf09-eae01757dad3" />
      <TestMethod codeBase="C:\Users\gwatson\Desktop\SA\PersistentArray\SADatabase\PLLUnitTest\bin\Debug\PLLUnitTest.dll" adapterTypeName="Microsoft.VisualStudio.TestTools.TestTypes.Unit.UnitTestAdapter, Microsoft.VisualStudio.QualityTools.Tips.UnitTest.Adapter, Version=10.0.0.0, Culture=neutral, PublicKeyToken=b03f5f7f11d50a3a" className="PLLUnitTest.PersistentLinkedListTest, PLLUnitTest" name="RemoveTest" />
    </UnitTest>
    <UnitTest name="InsertThrowsTest" storage="c:\users\gwatson\desktop\sa\persistentarray\sadatabase\pllunittest\bin\debug\pllunittest.dll" id="7256c121-b7a1-76a6-3a43-87fec1af02da">
      <Execution id="5848735e-4b03-411f-ad7a-518872fe3fc8" />
      <TestMethod codeBase="C:\Users\gwatson\Desktop\SA\PersistentArray\SADatabase\PLLUnitTest\bin\Debug\PLLUnitTest.dll" adapterTypeName="Microsoft.VisualStudio.TestTools.TestTypes.Unit.UnitTestAdapter, Microsoft.VisualStudio.QualityTools.Tips.UnitTest.Adapter, Version=10.0.0.0, Culture=neutral, PublicKeyToken=b03f5f7f11d50a3a" className="PLLUnitTest.PersistentLinkedListTest, PLLUnitTest" name="InsertThrowsTest" />
    </UnitTest>
    <UnitTest name="DeleteTest" storage="c:\users\gwatson\desktop\sa\persistentarray\sadatabase\pllunittest\bin\debug\pllunittest.dll" id="1d53293b-a39c-108d-e97e-8d3ed479d40d">
      <Execution id="fe1968ce-0634-4611-8ef8-6f5a48975e3c" />
      <TestMethod codeBase="C:\Users\gwatson\Desktop\SA\PersistentArray\SADatabase\PLLUnitTest\bin\Debug\PLLUnitTest.dll" adapterTypeName="Microsoft.VisualStudio.TestTools.TestTypes.Unit.UnitTestAdapter, Microsoft.VisualStudio.QualityTools.Tips.UnitTest.Adapter, Version=10.0.0.0, Culture=neutral, PublicKeyToken=b03f5f7f11d50a3a" className="PLLUnitTest.PersistentLinkedListTest, PLLUnitTest" name="DeleteTest" />
    </UnitTest>
    <UnitTest name="ReopenTest" storage="c:\users\gwatson\desktop\sa\persistentarray\sadatabase\pllunittest\bin\debug\pllunittest.dll" id="30fb22e9-f40e-bfdf-14ab-ef764bec1747">
      <Execution id="39efa647-5803-43df-a6dc-e6069be47c2d" />
      <TestMethod codeBase="C:\Users\gwatson\Desktop\SA\PersistentArray\SADatabase\PLLUnitTest\bin\Debug\PLLUnitTest.dll" adapterTypeName="Microsoft.VisualStudio.TestTools.TestTypes.Unit.UnitTestAdapter, Microsoft.VisualStudio.QualityTools.Tips.UnitTest.Adapter, Version=10.0.0.0, Culture=neutral, PublicKeyToken=b03f5f7f11d50a3a" className="PLLUnitTest.PersistentLinkedListTest, PLLUnitTest" name="ReopenTest" />
    </UnitTest>
    <UnitTest name="GetFirstTest" storage="c:\users\gwatson\desktop\sa\persistentarray\sadatabase\pllunittest\bin\debug\pllunittest.dll" id="a1ae16c5-0695-b546-0d5a-01f95dae83d0">
      <Execution id="e7154304-1ea9-4ae2-bee9-2423e454fcd7" />
      <TestMethod codeBase="C:\Users\gwatson\Desktop\SA\PersistentArray\SADatabase\PLLUnitTest\bin\Debug\PLLUnitTest.dll" adapterTypeName="Microsoft.VisualStudio.TestTools.TestTypes.Unit.UnitTestAdapter, Microsoft.VisualStudio.QualityTools.Tips.UnitTest.Adapter, Version=10.0.0.0, Culture=neutral, PublicKeyToken=b03f5f7f11d50a3a" className="PLLUnitTest.PersistentLinkedListTest, PLLUnitTest" name="GetFirstTest" />
    </UnitTest>
    <UnitTest name="AddBeforeTest" storage="c:\users\gwatson\desktop\sa\persistentarray\sadatabase\pllunittest\bin\debug\pllunittest.dll" id="6e6c95ba-db7f-0ed9-f253-6c4e917c2d37">
      <Execution id="61695ca2-42cf-4456-a8cf-3fbb492ea2fc" />
      <TestMethod codeBase="C:\Users\gwatson\Desktop\SA\PersistentArray\SADatabase\PLLUnitTest\bin\Debug\PLLUnitTest.dll" adapterTypeName="Microsoft.VisualStudio.TestTools.TestTypes.Unit.UnitTestAdapter, Microsoft.VisualStudio.QualityTools.Tips.UnitTest.Adapter, Version=10.0.0.0, Culture=neutral, PublicKeyToken=b03f5f7f11d50a3a" className="PLLUnitTest.PersistentLinkedListTest, PLLUnitTest" name="AddBeforeTest" />
    </UnitTest>
    <UnitTest name="GetUserHeaderSizeTest" storage="c:\users\gwatson\desktop\sa\persistentarray\sadatabase\pllunittest\bin\debug\pllunittest.dll" id="c0ed1de9-8e4d-8e00-a4bf-c9b99057cab2">
      <Execution id="e00ba713-e209-4355-9ad2-a14e3f87ede0" />
      <TestMethod codeBase="C:\Users\gwatson\Desktop\SA\PersistentArray\SADatabase\PLLUnitTest\bin\Debug\PLLUnitTest.dll" adapterTypeName="Microsoft.VisualStudio.TestTools.TestTypes.Unit.UnitTestAdapter, Microsoft.VisualStudio.QualityTools.Tips.UnitTest.Adapter, Version=10.0.0.0, Culture=neutral, PublicKeyToken=b03f5f7f11d50a3a" className="PLLUnitTest.PersistentLinkedListTest, PLLUnitTest" name="GetUserHeaderSizeTest" />
    </UnitTest>
    <UnitTest name="PutGetUserHeaderTest" storage="c:\users\gwatson\desktop\sa\persistentarray\sadatabase\pllunittest\bin\debug\pllunittest.dll" id="11201bbf-151b-a78e-02fa-23b7cbfebd28">
      <Execution id="6f6f8f38-d9a9-4251-8028-25a7ee27d104" />
      <TestMethod codeBase="C:\Users\gwatson\Desktop\SA\PersistentArray\SADatabase\PLLUnitTest\bin\Debug\PLLUnitTest.dll" adapterTypeName="Microsoft.VisualStudio.TestTools.TestTypes.Unit.UnitTestAdapter, Microsoft.VisualStudio.QualityTools.Tips.UnitTest.Adapter, Version=10.0.0.0, Culture=neutral, PublicKeyToken=b03f5f7f11d50a3a" className="PLLUnitTest.PersistentLinkedListTest, PLLUnitTest" name="PutGetUserHeaderTest" />
    </UnitTest>
    <UnitTest name="GetLastTest" storage="c:\users\gwatson\desktop\sa\persistentarray\sadatabase\pllunittest\bin\debug\pllunittest.dll" id="f8dab570-907f-9537-fb70-c2f0ade97939">
      <Execution id="46cb7383-fe61-4970-ac30-367cb3569051" />
      <TestMethod codeBase="C:\Users\gwatson\Desktop\SA\PersistentArray\SADatabase\PLLUnitTest\bin\Debug\PLLUnitTest.dll" adapterTypeName="Microsoft.VisualStudio.TestTools.TestTypes.Unit.UnitTestAdapter, Microsoft.VisualStudio.QualityTools.Tips.UnitTest.Adapter, Version=10.0.0.0, Culture=neutral, PublicKeyToken=b03f5f7f11d50a3a" className="PLLUnitTest.PersistentLinkedListTest, PLLUnitTest" name="GetLastTest" />
    </UnitTest>
    <UnitTest name="GetDataTest" storage="c:\users\gwatson\desktop\sa\persistentarray\sadatabase\pllunittest\bin\debug\pllunittest.dll" id="45dc2f0e-4af7-fb97-54f6-bad15d2a2da4">
      <Execution id="24102a36-d881-43be-bdf5-4c6bf5c985e1" />
      <TestMethod codeBase="C:\Users\gwatson\Desktop\SA\PersistentArray\SADatabase\PLLUnitTest\bin\Debug\PLLUnitTest.dll" adapterTypeName="Microsoft.VisualStudio.TestTools.TestTypes.Unit.UnitTestAdapter, Microsoft.VisualStudio.QualityTools.Tips.UnitTest.Adapter, Version=10.0.0.0, Culture=neutral, PublicKeyToken=b03f5f7f11d50a3a" className="PLLUnitTest.PersistentLinkedListTest, PLLUnitTest" name="GetDataTest" />
    </UnitTest>
    <UnitTest name="LengthTest" storage="c:\users\gwatson\desktop\sa\persistentarray\sadatabase\pllunittest\bin\debug\pllunittest.dll" id="e7921d23-7b31-8b43-d930-5a3bc89a44b3">
      <Execution id="c2486f4b-e2fb-44da-b515-e02633b96f3f" />
      <TestMethod codeBase="C:\Users\gwatson\Desktop\SA\PersistentArray\SADatabase\PLLUnitTest\bin\Debug\PLLUnitTest.dll" adapterTypeName="Microsoft.VisualStudio.TestTools.TestTypes.Unit.UnitTestAdapter, Microsoft.VisualStudio.QualityTools.Tips.UnitTest.Adapter, Version=10.0.0.0, Culture=neutral, PublicKeyToken=b03f5f7f11d50a3a" className="PLLUnitTest.PersistentLinkedListTest, PLLUnitTest" name="LengthTest" />
    </UnitTest>
    <UnitTest name="AddToEndTest" storage="c:\users\gwatson\desktop\sa\persistentarray\sadatabase\pllunittest\bin\debug\pllunittest.dll" id="e5f5eeb7-8767-c831-6700-d29e08cf89bb">
      <Execution id="b3c9c1df-7376-4d9f-8ec7-6147efc45b5b" />
      <TestMethod codeBase="C:\Users\gwatson\Desktop\SA\PersistentArray\SADatabase\PLLUnitTest\bin\Debug\PLLUnitTest.dll" adapterTypeName="Microsoft.VisualStudio.TestTools.TestTypes.Unit.UnitTestAdapter, Microsoft.VisualStudio.QualityTools.Tips.UnitTest.Adapter, Version=10.0.0.0, Culture=neutral, PublicKeyToken=b03f5f7f11d50a3a" className="PLLUnitTest.PersistentLinkedListTest, PLLUnitTest" name="AddToEndTest" />
    </UnitTest>
  </TestDefinitions>
  <TestLists>
    <TestList name="Results Not in a List" id="8c84fa94-04c1-424b-9868-57a2d4851a1d" />
    <TestList name="All Loaded Results" id="19431567-8539-422a-85d7-44ee4e166bda" />
  </TestLists>
  <TestEntries>
    <TestEntry testId="0ef3c0a1-e279-0642-068f-cf09f20b4b4e" executionId="70e32a68-3c9b-49e4-b0b9-1c6bf8d4663d" testListId="8c84fa94-04c1-424b-9868-57a2d4851a1d" />
    <TestEntry testId="0f7dd13b-d69f-2fef-8f8e-80f7ee7968ec" executionId="619eec08-6cf6-43a6-93cb-15b6fb33ff8d" testListId="8c84fa94-04c1-424b-9868-57a2d4851a1d" />
    <TestEntry testId="11201bbf-151b-a78e-02fa-23b7cbfebd28" executionId="6f6f8f38-d9a9-4251-8028-25a7ee27d104" testListId="8c84fa94-04c1-424b-9868-57a2d4851a1d" />
    <TestEntry testId="1d53293b-a39c-108d-e97e-8d3ed479d40d" executionId="fe1968ce-0634-4611-8ef8-6f5a48975e3c" testListId="8c84fa94-04c1-424b-9868-57a2d4851a1d" />
    <TestEntry testId="30fb22e9-f40e-bfdf-14ab-ef764bec1747" executionId="39efa647-5803-43df-a6dc-e6069be47c2d" testListId="8c84fa94-04c1-424b-9868-57a2d4851a1d" />
    <TestEntry testId="45dc2f0e-4af7-fb97-54f6-bad15d2a2da4" executionId="24102a36-d881-43be-bdf5-4c6bf5c985e1" testListId="8c84fa94-04c1-424b-9868-57a2d4851a1d" />
    <TestEntry testId="4bbd3904-7ad8-7f8b-c8e4-fd552740646a" executionId="8525c018-baf1-43dc-bf09-eae01757dad3" testListId="8c84fa94-04c1-424b-9868-57a2d4851a1d" />
    <TestEntry testId="565a9370-80c9-3456-28b5-ca4466bce36c" executionId="ebb7445b-8b20-4571-b8c9-8ee82e841e9d" testListId="8c84fa94-04c1-424b-9868-57a2d4851a1d" />
    <TestEntry testId="63cc42b4-1dc6-41a3-f417-45c71de20956" executionId="919d59be-c69a-46a4-a119-0b4466ebb24f" testListId="8c84fa94-04c1-424b-9868-57a2d4851a1d" />
    <TestEntry testId="6e6c95ba-db7f-0ed9-f253-6c4e917c2d37" executionId="61695ca2-42cf-4456-a8cf-3fbb492ea2fc" testListId="8c84fa94-04c1-424b-9868-57a2d4851a1d" />
    <TestEntry testId="7256c121-b7a1-76a6-3a43-87fec1af02da" executionId="5848735e-4b03-411f-ad7a-518872fe3fc8" testListId="8c84fa94-04c1-424b-9868-57a2d4851a1d" />
    <TestEntry testId="8bf66a88-08b1-206e-6e7a-07808be453b9" executionId="bbf34202-62b0-46aa-a472-72234d67699f" testListId="8c84fa94-04c1-424b-9868-57a2d4851a1d" />
    <TestEntry testId="a1ae16c5-0695-b546-0d5a-01f95dae83d0" executionId="e7154304-1ea9-4ae2-bee9-2423e454fcd7" testListId="8c84fa94-04c1-424b-9868-57a2d4851a1d" />
    <TestEntry testId="a54f2629-8741-9051-67a0-e1a8c4b5ea10" executionId="3246bafc-456f-4ccd-9f79-a4dacb4ba057" testListId="8c84fa94-04c1-424b-9868-57a2d4851a1d" />
    <TestEntry testId="c0ed1de9-8e4d-8e00-a4bf-c9b99057cab2" executionId="e00ba713-e209-4355-9ad2-a14e3f87ede0" testListId="8c84fa94-04c1-424b-9868-57a2d4851a1d" />
    <TestEntry testId="e5f5eeb7-8767-c831-6700-d29e08cf89bb" executionId="b3c9c1df-7376-4d9f-8ec7-6147efc45b5b" testListId="8c84fa94-04c1-424b-9868-57a2d4851a1d" />
    <TestEntry testId="e7921d23-7b31-8b43-d930-5a3bc89a44b3" executionId="c2486f4b-e2fb-44da-b515-e02633b96f3f" testListId="8c84fa94-04c1-424b-9868-57a2d4851a1d" />
    <TestEntry testId="f0820a20-bffa-aca4-73b6-cb5b10486dcd" executionId="c9f90264-63cb-4259-9985-d3276aa3de1a" testListId="8c84fa94-04c1-424b-9868-57a2d4851a1d" />
    <TestEntry testId="f8dab570-907f-9537-fb70-c2f0ade97939" executionId="46cb7383-fe61-4970-ac30-367cb3569051" testListId="8c84fa94-04c1-424b-9868-57a2d4851a1d" />
    <TestEntry testId="fd2220b2-26eb-6999-62ad-4cbb765b850c" executionId="ac9498c6-2150-4f04-9902-8c438208eb4d" testListId="8c84fa94-04c1-424b-9868-57a2d4851a1d" />
    <TestEntry testId="ffe04048-3d0c-a00a-f497-66ad2a87b507" executionId="3c6582bd-bd3c-43a2-a1a1-8037eaa0e4f7" testListId="8c84fa94-04c1-424b-9868-57a2d4851a1d" />
  </TestEntries>
  <Results>
    <UnitTestResult executionId="70e32a68-3c9b-49e4-b0b9-1c6bf8d4663d" testId="0ef3c0a1-e279-0642-068f-cf09f20b4b4e" testName="AddToStartTest" computerName="WATSON1491" duration="00:00:00.0765774" startTime="2012-03-18T19:20:04.3292598-06:00" endTime="2012-03-18T19:20:04.9412948-06:00" testType="13cdc9d9-ddb5-4fa4-a97d-d965ccfc6d4b" outcome="Failed" testListId="8c84fa94-04c1-424b-9868-57a2d4851a1d" relativeResultsDirectory="70e32a68-3c9b-49e4-b0b9-1c6bf8d4663d">
      <Output>
        <ErrorInfo>
          <Message>Test method PLLUnitTest.PersistentLinkedListTest.AddToStartTest threw exception: 
FilePersistence.Exceptions.InvalidUserHeaderException: The user header size must be less than 21</Message>
          <StackTrace>    at FilePersistence.FileWithHeader.PutUserHeader(Byte[] userHeader) in C:\Users\gwatson\Desktop\SA\PersistentArray\SADatabase\FilePersistence\FileWithHeader.cs:line 197
   at PA.PersistentNextSpaceArray.PutUserHeader(Byte[] userHeader) in C:\Users\gwatson\Desktop\SA\PersistentArray\SADatabase\PA\PersistentNextSpaceArray.cs:line 120
   at PAFS.PersistentCollectionSpaceManager.PutUserHeader(Byte[] userHeader) in C:\Users\gwatson\Desktop\SA\PersistentArray\SADatabase\PAFS\PersistentArraySpaceManager.cs:line 167
   at PLL.PersistentLinkedList.IncreaseSize() in C:\Users\gwatson\Desktop\SA\PersistentArray\SADatabase\PLL\PersistentLinkedList.cs:line 247
   at PLL.PersistentLinkedList.AddToStart(Byte[] buffer) in C:\Users\gwatson\Desktop\SA\PersistentArray\SADatabase\PLL\PersistentLinkedList.cs:line 47
   at PLLUnitTest.PersistentLinkedListTest.AddToStartTestAssert(ILinkedList ll, Byte[] data) in C:\Users\gwatson\Desktop\SA\PersistentArray\SADatabase\PLLUnitTest\PersistentLinkedListTest.cs:line 197
   at PLLUnitTest.PersistentLinkedListTest.AddToStartTest() in C:\Users\gwatson\Desktop\SA\PersistentArray\SADatabase\PLLUnitTest\PersistentLinkedListTest.cs:line 185
</StackTrace>
        </ErrorInfo>
      </Output>
    </UnitTestResult>
    <UnitTestResult executionId="619eec08-6cf6-43a6-93cb-15b6fb33ff8d" testId="0f7dd13b-d69f-2fef-8f8e-80f7ee7968ec" testName="AddAfterTest" computerName="WATSON1491" duration="00:00:00.0042887" startTime="2012-03-18T19:20:04.9582958-06:00" endTime="2012-03-18T19:20:04.9672963-06:00" testType="13cdc9d9-ddb5-4fa4-a97d-d965ccfc6d4b" outcome="Failed" testListId="8c84fa94-04c1-424b-9868-57a2d4851a1d" relativeResultsDirectory="619eec08-6cf6-43a6-93cb-15b6fb33ff8d">
      <Output>
        <ErrorInfo>
          <Message>Test method PLLUnitTest.PersistentLinkedListTest.AddAfterTest threw exception: 
FilePersistence.Exceptions.InvalidUserHeaderException: The user header size must be less than 21</Message>
          <StackTrace>    at FilePersistence.FileWithHeader.PutUserHeader(Byte[] userHeader) in C:\Users\gwatson\Desktop\SA\PersistentArray\SADatabase\FilePersistence\FileWithHeader.cs:line 197
   at PA.PersistentNextSpaceArray.PutUserHeader(Byte[] userHeader) in C:\Users\gwatson\Desktop\SA\PersistentArray\SADatabase\PA\PersistentNextSpaceArray.cs:line 120
   at PAFS.PersistentCollectionSpaceManager.PutUserHeader(Byte[] userHeader) in C:\Users\gwatson\Desktop\SA\PersistentArray\SADatabase\PAFS\PersistentArraySpaceManager.cs:line 167
   at PLL.PersistentLinkedList.IncreaseSize() in C:\Users\gwatson\Desktop\SA\PersistentArray\SADatabase\PLL\PersistentLinkedList.cs:line 247
   at PLL.PersistentLinkedList.AddAfter(LinkedListElement previous, Byte[] buffer) in C:\Users\gwatson\Desktop\SA\PersistentArray\SADatabase\PLL\PersistentLinkedList.cs:line 80
   at PLL.PersistentLinkedList.AddAfter(Int32 nodeReference, Byte[] buffer) in C:\Users\gwatson\Desktop\SA\PersistentArray\SADatabase\PLL\PersistentLinkedList.cs:line 69
   at PLLUnitTest.PersistentLinkedListTest.AddAfterTestAssert(ILinkedList ll, Int32 token, Byte[] data) in C:\Users\gwatson\Desktop\SA\PersistentArray\SADatabase\PLLUnitTest\PersistentLinkedListTest.cs:line 282
   at PLLUnitTest.PersistentLinkedListTest.AddAfterTest() in C:\Users\gwatson\Desktop\SA\PersistentArray\SADatabase\PLLUnitTest\PersistentLinkedListTest.cs:line 269
</StackTrace>
        </ErrorInfo>
      </Output>
    </UnitTestResult>
    <UnitTestResult executionId="6f6f8f38-d9a9-4251-8028-25a7ee27d104" testId="11201bbf-151b-a78e-02fa-23b7cbfebd28" testName="PutGetUserHeaderTest" computerName="WATSON1491" duration="00:00:00.0097708" startTime="2012-03-18T19:20:04.9772969-06:00" endTime="2012-03-18T19:20:04.9982981-06:00" testType="13cdc9d9-ddb5-4fa4-a97d-d965ccfc6d4b" outcome="Failed" testListId="8c84fa94-04c1-424b-9868-57a2d4851a1d" relativeResultsDirectory="6f6f8f38-d9a9-4251-8028-25a7ee27d104">
      <Output>
        <ErrorInfo>
          <Message>Assert.AreEqual failed. Expected:&lt;1&gt;. Actual:&lt;0&gt;. </Message>
          <StackTrace>   at ByteHelperUnitTest.TestHelper.AssertByteArraysAreSame(Byte[] expected, Byte[] actual) in C:\Users\gwatson\Desktop\SA\PersistentArray\SADatabase\ByteHelperUnitTest\TestHelper.cs:line 20
   at PLLUnitTest.PersistentLinkedListTest.PutGetUserHeaderTestAssert(ILinkedList ll, Byte[] uheader) in C:\Users\gwatson\Desktop\SA\PersistentArray\SADatabase\PLLUnitTest\PersistentLinkedListTest.cs:line 612
   at PLLUnitTest.PersistentLinkedListTest.PutGetUserHeaderTest() in C:\Users\gwatson\Desktop\SA\PersistentArray\SADatabase\PLLUnitTest\PersistentLinkedListTest.cs:line 597
</StackTrace>
        </ErrorInfo>
      </Output>
    </UnitTestResult>
    <UnitTestResult executionId="fe1968ce-0634-4611-8ef8-6f5a48975e3c" testId="1d53293b-a39c-108d-e97e-8d3ed479d40d" testName="DeleteTest" computerName="WATSON1491" duration="00:00:00.0103989" startTime="2012-03-18T19:20:05.0072986-06:00" endTime="2012-03-18T19:20:05.0222995-06:00" testType="13cdc9d9-ddb5-4fa4-a97d-d965ccfc6d4b" outcome="Passed" testListId="8c84fa94-04c1-424b-9868-57a2d4851a1d" relativeResultsDirectory="fe1968ce-0634-4611-8ef8-6f5a48975e3c">
    </UnitTestResult>
    <UnitTestResult executionId="39efa647-5803-43df-a6dc-e6069be47c2d" testId="30fb22e9-f40e-bfdf-14ab-ef764bec1747" testName="ReopenTest" computerName="WATSON1491" duration="00:00:00.0038329" startTime="2012-03-18T19:20:05.0323000-06:00" endTime="2012-03-18T19:20:05.0393004-06:00" testType="13cdc9d9-ddb5-4fa4-a97d-d965ccfc6d4b" outcome="Failed" testListId="8c84fa94-04c1-424b-9868-57a2d4851a1d" relativeResultsDirectory="39efa647-5803-43df-a6dc-e6069be47c2d">
      <Output>
        <ErrorInfo>
          <Message>Test method PLLUnitTest.PersistentLinkedListTest.ReopenTest threw exception: 
FilePersistence.Exceptions.InvalidUserHeaderException: The user header size must be less than 46</Message>
          <StackTrace>    at FilePersistence.FileWithHeader.PutUserHeader(Byte[] userHeader) in C:\Users\gwatson\Desktop\SA\PersistentArray\SADatabase\FilePersistence\FileWithHeader.cs:line 197
   at PA.PersistentNextSpaceArray.PutUserHeader(Byte[] userHeader) in C:\Users\gwatson\Desktop\SA\PersistentArray\SADatabase\PA\PersistentNextSpaceArray.cs:line 120
   at PAFS.PersistentCollectionSpaceManager.PutUserHeader(Byte[] userHeader) in C:\Users\gwatson\Desktop\SA\PersistentArray\SADatabase\PAFS\PersistentArraySpaceManager.cs:line 167
   at PLL.PersistentLinkedList.IncreaseSize() in C:\Users\gwatson\Desktop\SA\PersistentArray\SADatabase\PLL\PersistentLinkedList.cs:line 247
   at PLL.PersistentLinkedList.AddToEnd(Byte[] buffer) in C:\Users\gwatson\Desktop\SA\PersistentArray\SADatabase\PLL\PersistentLinkedList.cs:line 55
   at PLLUnitTest.PersistentLinkedListTest.ReopenTest() in C:\Users\gwatson\Desktop\SA\PersistentArray\SADatabase\PLLUnitTest\PersistentLinkedListTest.cs:line 644
</StackTrace>
        </ErrorInfo>
      </Output>
    </UnitTestResult>
    <UnitTestResult executionId="24102a36-d881-43be-bdf5-4c6bf5c985e1" testId="45dc2f0e-4af7-fb97-54f6-bad15d2a2da4" testName="GetDataTest" computerName="WATSON1491" duration="00:00:00.0033454" startTime="2012-03-18T19:20:05.0463008-06:00" endTime="2012-03-18T19:20:05.0543013-06:00" testType="13cdc9d9-ddb5-4fa4-a97d-d965ccfc6d4b" outcome="Failed" testListId="8c84fa94-04c1-424b-9868-57a2d4851a1d" relativeResultsDirectory="24102a36-d881-43be-bdf5-4c6bf5c985e1">
      <Output>
        <ErrorInfo>
          <Message>Test method PLLUnitTest.PersistentLinkedListTest.GetDataTest threw exception: 
FilePersistence.Exceptions.InvalidUserHeaderException: The user header size must be less than 21</Message>
          <StackTrace>    at FilePersistence.FileWithHeader.PutUserHeader(Byte[] userHeader) in C:\Users\gwatson\Desktop\SA\PersistentArray\SADatabase\FilePersistence\FileWithHeader.cs:line 197
   at PA.PersistentNextSpaceArray.PutUserHeader(Byte[] userHeader) in C:\Users\gwatson\Desktop\SA\PersistentArray\SADatabase\PA\PersistentNextSpaceArray.cs:line 120
   at PAFS.PersistentCollectionSpaceManager.PutUserHeader(Byte[] userHeader) in C:\Users\gwatson\Desktop\SA\PersistentArray\SADatabase\PAFS\PersistentArraySpaceManager.cs:line 167
   at PLL.PersistentLinkedList.IncreaseSize() in C:\Users\gwatson\Desktop\SA\PersistentArray\SADatabase\PLL\PersistentLinkedList.cs:line 247
   at PLL.PersistentLinkedList.AddToStart(Byte[] buffer) in C:\Users\gwatson\Desktop\SA\PersistentArray\SADatabase\PLL\PersistentLinkedList.cs:line 47
   at PLLUnitTest.PersistentLinkedListTest.GetDataTestAssert(ILinkedList ll, Byte[] data) in C:\Users\gwatson\Desktop\SA\PersistentArray\SADatabase\PLLUnitTest\PersistentLinkedListTest.cs:line 442
   at PLLUnitTest.PersistentLinkedListTest.GetDataTest() in C:\Users\gwatson\Desktop\SA\PersistentArray\SADatabase\PLLUnitTest\PersistentLinkedListTest.cs:line 429
</StackTrace>
        </ErrorInfo>
      </Output>
    </UnitTestResult>
    <UnitTestResult executionId="8525c018-baf1-43dc-bf09-eae01757dad3" testId="4bbd3904-7ad8-7f8b-c8e4-fd552740646a" testName="RemoveTest" computerName="WATSON1491" duration="00:00:00.0054651" startTime="2012-03-18T19:20:05.0603016-06:00" endTime="2012-03-18T19:20:05.0713023-06:00" testType="13cdc9d9-ddb5-4fa4-a97d-d965ccfc6d4b" outcome="Failed" testListId="8c84fa94-04c1-424b-9868-57a2d4851a1d" relativeResultsDirectory="8525c018-baf1-43dc-bf09-eae01757dad3">
      <Output>
        <ErrorInfo>
          <Message>Test method PLLUnitTest.PersistentLinkedListTest.RemoveTest threw exception: 
FilePersistence.Exceptions.InvalidUserHeaderException: The user header size must be less than 21</Message>
          <StackTrace>    at FilePersistence.FileWithHeader.PutUserHeader(Byte[] userHeader) in C:\Users\gwatson\Desktop\SA\PersistentArray\SADatabase\FilePersistence\FileWithHeader.cs:line 197
   at PA.PersistentNextSpaceArray.PutUserHeader(Byte[] userHeader) in C:\Users\gwatson\Desktop\SA\PersistentArray\SADatabase\PA\PersistentNextSpaceArray.cs:line 120
   at PAFS.PersistentCollectionSpaceManager.PutUserHeader(Byte[] userHeader) in C:\Users\gwatson\Desktop\SA\PersistentArray\SADatabase\PAFS\PersistentArraySpaceManager.cs:line 167
   at PLL.PersistentLinkedList.IncreaseSize() in C:\Users\gwatson\Desktop\SA\PersistentArray\SADatabase\PLL\PersistentLinkedList.cs:line 247
   at PLL.PersistentLinkedList.AddToEnd(Byte[] buffer) in C:\Users\gwatson\Desktop\SA\PersistentArray\SADatabase\PLL\PersistentLinkedList.cs:line 55
   at PLLUnitTest.PersistentLinkedListTest.RemoveFromBeginningTest() in C:\Users\gwatson\Desktop\SA\PersistentArray\SADatabase\PLLUnitTest\PersistentLinkedListTest.cs:line 478
   at PLLUnitTest.PersistentLinkedListTest.RemoveTest() in C:\Users\gwatson\Desktop\SA\PersistentArray\SADatabase\PLLUnitTest\PersistentLinkedListTest.cs:line 452
</StackTrace>
        </ErrorInfo>
      </Output>
    </UnitTestResult>
    <UnitTestResult executionId="ebb7445b-8b20-4571-b8c9-8ee82e841e9d" testId="565a9370-80c9-3456-28b5-ca4466bce36c" testName="GetPreviousTest" computerName="WATSON1491" duration="00:00:00.0031395" startTime="2012-03-18T19:20:05.0793027-06:00" endTime="2012-03-18T19:20:05.0883032-06:00" testType="13cdc9d9-ddb5-4fa4-a97d-d965ccfc6d4b" outcome="Failed" testListId="8c84fa94-04c1-424b-9868-57a2d4851a1d" relativeResultsDirectory="ebb7445b-8b20-4571-b8c9-8ee82e841e9d">
      <Output>
        <ErrorInfo>
          <Message>Test method PLLUnitTest.PersistentLinkedListTest.GetPreviousTest threw exception: 
FilePersistence.Exceptions.InvalidUserHeaderException: The user header size must be less than 21</Message>
          <StackTrace>    at FilePersistence.FileWithHeader.PutUserHeader(Byte[] userHeader) in C:\Users\gwatson\Desktop\SA\PersistentArray\SADatabase\FilePersistence\FileWithHeader.cs:line 197
   at PA.PersistentNextSpaceArray.PutUserHeader(Byte[] userHeader) in C:\Users\gwatson\Desktop\SA\PersistentArray\SADatabase\PA\PersistentNextSpaceArray.cs:line 120
   at PAFS.PersistentCollectionSpaceManager.PutUserHeader(Byte[] userHeader) in C:\Users\gwatson\Desktop\SA\PersistentArray\SADatabase\PAFS\PersistentArraySpaceManager.cs:line 167
   at PLL.PersistentLinkedList.IncreaseSize() in C:\Users\gwatson\Desktop\SA\PersistentArray\SADatabase\PLL\PersistentLinkedList.cs:line 247
   at PLL.PersistentLinkedList.AddToEnd(Byte[] buffer) in C:\Users\gwatson\Desktop\SA\PersistentArray\SADatabase\PLL\PersistentLinkedList.cs:line 55
   at PLLUnitTest.PersistentLinkedListTest.GetPreviousTest() in C:\Users\gwatson\Desktop\SA\PersistentArray\SADatabase\PLLUnitTest\PersistentLinkedListTest.cs:line 402
</StackTrace>
        </ErrorInfo>
      </Output>
    </UnitTestResult>
    <UnitTestResult executionId="919d59be-c69a-46a4-a119-0b4466ebb24f" testId="63cc42b4-1dc6-41a3-f417-45c71de20956" testName="AssertNotBadNodeIndexTest" computerName="WATSON1491" duration="00:00:00.0015637" startTime="2012-03-18T19:20:05.0953036-06:00" endTime="2012-03-18T19:20:05.1003039-06:00" testType="13cdc9d9-ddb5-4fa4-a97d-d965ccfc6d4b" outcome="Passed" testListId="8c84fa94-04c1-424b-9868-57a2d4851a1d" relativeResultsDirectory="919d59be-c69a-46a4-a119-0b4466ebb24f">
    </UnitTestResult>
    <UnitTestResult executionId="61695ca2-42cf-4456-a8cf-3fbb492ea2fc" testId="6e6c95ba-db7f-0ed9-f253-6c4e917c2d37" testName="AddBeforeTest" computerName="WATSON1491" duration="00:00:00.0031408" startTime="2012-03-18T19:20:05.1063043-06:00" endTime="2012-03-18T19:20:05.1133047-06:00" testType="13cdc9d9-ddb5-4fa4-a97d-d965ccfc6d4b" outcome="Failed" testListId="8c84fa94-04c1-424b-9868-57a2d4851a1d" relativeResultsDirectory="61695ca2-42cf-4456-a8cf-3fbb492ea2fc">
      <Output>
        <ErrorInfo>
          <Message>Test method PLLUnitTest.PersistentLinkedListTest.AddBeforeTest threw exception: 
FilePersistence.Exceptions.InvalidUserHeaderException: The user header size must be less than 21</Message>
          <StackTrace>    at FilePersistence.FileWithHeader.PutUserHeader(Byte[] userHeader) in C:\Users\gwatson\Desktop\SA\PersistentArray\SADatabase\FilePersistence\FileWithHeader.cs:line 197
   at PA.PersistentNextSpaceArray.PutUserHeader(Byte[] userHeader) in C:\Users\gwatson\Desktop\SA\PersistentArray\SADatabase\PA\PersistentNextSpaceArray.cs:line 120
   at PAFS.PersistentCollectionSpaceManager.PutUserHeader(Byte[] userHeader) in C:\Users\gwatson\Desktop\SA\PersistentArray\SADatabase\PAFS\PersistentArraySpaceManager.cs:line 167
   at PLL.PersistentLinkedList.IncreaseSize() in C:\Users\gwatson\Desktop\SA\PersistentArray\SADatabase\PLL\PersistentLinkedList.cs:line 247
   at PLL.PersistentLinkedList.AddAfter(LinkedListElement previous, Byte[] buffer) in C:\Users\gwatson\Desktop\SA\PersistentArray\SADatabase\PLL\PersistentLinkedList.cs:line 80
   at PLL.PersistentLinkedList.AddBefore(Int32 nodeReference, Byte[] buffer) in C:\Users\gwatson\Desktop\SA\PersistentArray\SADatabase\PLL\PersistentLinkedList.cs:line 62
   at PLLUnitTest.PersistentLinkedListTest.AddBeforeTestAssert(ILinkedList ll, Int32 index, Byte[] data) in C:\Users\gwatson\Desktop\SA\PersistentArray\SADatabase\PLLUnitTest\PersistentLinkedListTest.cs:line 258
   at PLLUnitTest.PersistentLinkedListTest.AddBeforeTest() in C:\Users\gwatson\Desktop\SA\PersistentArray\SADatabase\PLLUnitTest\PersistentLinkedListTest.cs:line 245
</StackTrace>
        </ErrorInfo>
      </Output>
    </UnitTestResult>
    <UnitTestResult executionId="5848735e-4b03-411f-ad7a-518872fe3fc8" testId="7256c121-b7a1-76a6-3a43-87fec1af02da" testName="InsertThrowsTest" computerName="WATSON1491" duration="00:00:00.0030386" startTime="2012-03-18T19:20:05.1193050-06:00" endTime="2012-03-18T19:20:05.1293056-06:00" testType="13cdc9d9-ddb5-4fa4-a97d-d965ccfc6d4b" outcome="Failed" testListId="8c84fa94-04c1-424b-9868-57a2d4851a1d" relativeResultsDirectory="5848735e-4b03-411f-ad7a-518872fe3fc8">
      <Output>
        <ErrorInfo>
          <Message>Test method PLLUnitTest.PersistentLinkedListTest.InsertThrowsTest threw exception: 
FilePersistence.Exceptions.InvalidUserHeaderException: The user header size must be less than 21</Message>
          <StackTrace>    at FilePersistence.FileWithHeader.PutUserHeader(Byte[] userHeader) in C:\Users\gwatson\Desktop\SA\PersistentArray\SADatabase\FilePersistence\FileWithHeader.cs:line 197
   at PA.PersistentNextSpaceArray.PutUserHeader(Byte[] userHeader) in C:\Users\gwatson\Desktop\SA\PersistentArray\SADatabase\PA\PersistentNextSpaceArray.cs:line 120
   at PAFS.PersistentCollectionSpaceManager.PutUserHeader(Byte[] userHeader) in C:\Users\gwatson\Desktop\SA\PersistentArray\SADatabase\PAFS\PersistentArraySpaceManager.cs:line 167
   at PLL.PersistentLinkedList.IncreaseSize() in C:\Users\gwatson\Desktop\SA\PersistentArray\SADatabase\PLL\PersistentLinkedList.cs:line 247
   at PLL.PersistentLinkedList.AddToStart(Byte[] buffer) in C:\Users\gwatson\Desktop\SA\PersistentArray\SADatabase\PLL\PersistentLinkedList.cs:line 47
   at PLLUnitTest.PersistentLinkedListTest.InsertThrowsTest() in C:\Users\gwatson\Desktop\SA\PersistentArray\SADatabase\PLLUnitTest\PersistentLinkedListTest.cs:line 136
</StackTrace>
        </ErrorInfo>
      </Output>
    </UnitTestResult>
    <UnitTestResult executionId="bbf34202-62b0-46aa-a472-72234d67699f" testId="8bf66a88-08b1-206e-6e7a-07808be453b9" testName="UpdateTest" computerName="WATSON1491" duration="00:00:00.0045083" startTime="2012-03-18T19:20:05.1353059-06:00" endTime="2012-03-18T19:20:05.1533069-06:00" testType="13cdc9d9-ddb5-4fa4-a97d-d965ccfc6d4b" outcome="Failed" testListId="8c84fa94-04c1-424b-9868-57a2d4851a1d" relativeResultsDirectory="bbf34202-62b0-46aa-a472-72234d67699f">
      <Output>
        <ErrorInfo>
          <Message>Test method PLLUnitTest.PersistentLinkedListTest.UpdateTest threw exception: 
FilePersistence.Exceptions.InvalidUserHeaderException: The user header size must be less than 21</Message>
          <StackTrace>    at FilePersistence.FileWithHeader.PutUserHeader(Byte[] userHeader) in C:\Users\gwatson\Desktop\SA\PersistentArray\SADatabase\FilePersistence\FileWithHeader.cs:line 197
   at PA.PersistentNextSpaceArray.PutUserHeader(Byte[] userHeader) in C:\Users\gwatson\Desktop\SA\PersistentArray\SADatabase\PA\PersistentNextSpaceArray.cs:line 120
   at PAFS.PersistentCollectionSpaceManager.PutUserHeader(Byte[] userHeader) in C:\Users\gwatson\Desktop\SA\PersistentArray\SADatabase\PAFS\PersistentArraySpaceManager.cs:line 167
   at PLL.PersistentLinkedList.IncreaseSize() in C:\Users\gwatson\Desktop\SA\PersistentArray\SADatabase\PLL\PersistentLinkedList.cs:line 247
   at PLL.PersistentLinkedList.AddToStart(Byte[] buffer) in C:\Users\gwatson\Desktop\SA\PersistentArray\SADatabase\PLL\PersistentLinkedList.cs:line 47
   at PLLUnitTest.PersistentLinkedListTest.UpdateTest() in C:\Users\gwatson\Desktop\SA\PersistentArray\SADatabase\PLLUnitTest\PersistentLinkedListTest.cs:line 295
</StackTrace>
        </ErrorInfo>
      </Output>
    </UnitTestResult>
    <UnitTestResult executionId="e7154304-1ea9-4ae2-bee9-2423e454fcd7" testId="a1ae16c5-0695-b546-0d5a-01f95dae83d0" testName="GetFirstTest" computerName="WATSON1491" duration="00:00:00.0040018" startTime="2012-03-18T19:20:05.1583072-06:00" endTime="2012-03-18T19:20:05.1713080-06:00" testType="13cdc9d9-ddb5-4fa4-a97d-d965ccfc6d4b" outcome="Failed" testListId="8c84fa94-04c1-424b-9868-57a2d4851a1d" relativeResultsDirectory="e7154304-1ea9-4ae2-bee9-2423e454fcd7">
      <Output>
        <ErrorInfo>
          <Message>Test method PLLUnitTest.PersistentLinkedListTest.GetFirstTest threw exception: 
FilePersistence.Exceptions.InvalidUserHeaderException: The user header size must be less than 21</Message>
          <StackTrace>    at FilePersistence.FileWithHeader.PutUserHeader(Byte[] userHeader) in C:\Users\gwatson\Desktop\SA\PersistentArray\SADatabase\FilePersistence\FileWithHeader.cs:line 197
   at PA.PersistentNextSpaceArray.PutUserHeader(Byte[] userHeader) in C:\Users\gwatson\Desktop\SA\PersistentArray\SADatabase\PA\PersistentNextSpaceArray.cs:line 120
   at PAFS.PersistentCollectionSpaceManager.PutUserHeader(Byte[] userHeader) in C:\Users\gwatson\Desktop\SA\PersistentArray\SADatabase\PAFS\PersistentArraySpaceManager.cs:line 167
   at PLL.PersistentLinkedList.IncreaseSize() in C:\Users\gwatson\Desktop\SA\PersistentArray\SADatabase\PLL\PersistentLinkedList.cs:line 247
   at PLL.PersistentLinkedList.AddToStart(Byte[] buffer) in C:\Users\gwatson\Desktop\SA\PersistentArray\SADatabase\PLL\PersistentLinkedList.cs:line 47
   at PLLUnitTest.PersistentLinkedListTest.GetFirstTest() in C:\Users\gwatson\Desktop\SA\PersistentArray\SADatabase\PLLUnitTest\PersistentLinkedListTest.cs:line 325
</StackTrace>
        </ErrorInfo>
      </Output>
    </UnitTestResult>
    <UnitTestResult executionId="3246bafc-456f-4ccd-9f79-a4dacb4ba057" testId="a54f2629-8741-9051-67a0-e1a8c4b5ea10" testName="GetElementSizeTest" computerName="WATSON1491" duration="00:00:00.0016212" startTime="2012-03-18T19:20:05.1793084-06:00" endTime="2012-03-18T19:20:05.1843087-06:00" testType="13cdc9d9-ddb5-4fa4-a97d-d965ccfc6d4b" outcome="Passed" testListId="8c84fa94-04c1-424b-9868-57a2d4851a1d" relativeResultsDirectory="3246bafc-456f-4ccd-9f79-a4dacb4ba057">
    </UnitTestResult>
    <UnitTestResult executionId="e00ba713-e209-4355-9ad2-a14e3f87ede0" testId="c0ed1de9-8e4d-8e00-a4bf-c9b99057cab2" testName="GetUserHeaderSizeTest" computerName="WATSON1491" duration="00:00:00.0017865" startTime="2012-03-18T19:20:05.1893090-06:00" endTime="2012-03-18T19:20:05.1943093-06:00" testType="13cdc9d9-ddb5-4fa4-a97d-d965ccfc6d4b" outcome="Passed" testListId="8c84fa94-04c1-424b-9868-57a2d4851a1d" relativeResultsDirectory="e00ba713-e209-4355-9ad2-a14e3f87ede0">
    </UnitTestResult>
    <UnitTestResult executionId="b3c9c1df-7376-4d9f-8ec7-6147efc45b5b" testId="e5f5eeb7-8767-c831-6700-d29e08cf89bb" testName="AddToEndTest" computerName="WATSON1491" duration="00:00:00.0042835" startTime="2012-03-18T19:20:05.1993096-06:00" endTime="2012-03-18T19:20:05.2183107-06:00" testType="13cdc9d9-ddb5-4fa4-a97d-d965ccfc6d4b" outcome="Failed" testListId="8c84fa94-04c1-424b-9868-57a2d4851a1d" relativeResultsDirectory="b3c9c1df-7376-4d9f-8ec7-6147efc45b5b">
      <Output>
        <ErrorInfo>
          <Message>Test method PLLUnitTest.PersistentLinkedListTest.AddToEndTest threw exception: 
FilePersistence.Exceptions.InvalidUserHeaderException: The user header size must be less than 21</Message>
          <StackTrace>    at FilePersistence.FileWithHeader.PutUserHeader(Byte[] userHeader) in C:\Users\gwatson\Desktop\SA\PersistentArray\SADatabase\FilePersistence\FileWithHeader.cs:line 197
   at PA.PersistentNextSpaceArray.PutUserHeader(Byte[] userHeader) in C:\Users\gwatson\Desktop\SA\PersistentArray\SADatabase\PA\PersistentNextSpaceArray.cs:line 120
   at PAFS.PersistentCollectionSpaceManager.PutUserHeader(Byte[] userHeader) in C:\Users\gwatson\Desktop\SA\PersistentArray\SADatabase\PAFS\PersistentArraySpaceManager.cs:line 167
   at PLL.PersistentLinkedList.IncreaseSize() in C:\Users\gwatson\Desktop\SA\PersistentArray\SADatabase\PLL\PersistentLinkedList.cs:line 247
   at PLL.PersistentLinkedList.AddToEnd(Byte[] buffer) in C:\Users\gwatson\Desktop\SA\PersistentArray\SADatabase\PLL\PersistentLinkedList.cs:line 55
   at PLLUnitTest.PersistentLinkedListTest.AddToEndTestAssert(ILinkedList ll, Byte[] data) in C:\Users\gwatson\Desktop\SA\PersistentArray\SADatabase\PLLUnitTest\PersistentLinkedListTest.cs:line 232
   at PLLUnitTest.PersistentLinkedListTest.AddToEndTest() in C:\Users\gwatson\Desktop\SA\PersistentArray\SADatabase\PLLUnitTest\PersistentLinkedListTest.cs:line 208
</StackTrace>
        </ErrorInfo>
      </Output>
    </UnitTestResult>
    <UnitTestResult executionId="c2486f4b-e2fb-44da-b515-e02633b96f3f" testId="e7921d23-7b31-8b43-d930-5a3bc89a44b3" testName="LengthTest" computerName="WATSON1491" duration="00:00:00.0049792" startTime="2012-03-18T19:20:05.2223109-06:00" endTime="2012-03-18T19:20:05.2503125-06:00" testType="13cdc9d9-ddb5-4fa4-a97d-d965ccfc6d4b" outcome="Failed" testListId="8c84fa94-04c1-424b-9868-57a2d4851a1d" relativeResultsDirectory="c2486f4b-e2fb-44da-b515-e02633b96f3f">
      <Output>
        <ErrorInfo>
          <Message>Test method PLLUnitTest.PersistentLinkedListTest.LengthTest threw exception: 
FilePersistence.Exceptions.InvalidUserHeaderException: The user header size must be less than 21</Message>
          <StackTrace>    at FilePersistence.FileWithHeader.PutUserHeader(Byte[] userHeader) in C:\Users\gwatson\Desktop\SA\PersistentArray\SADatabase\FilePersistence\FileWithHeader.cs:line 197
   at PA.PersistentNextSpaceArray.PutUserHeader(Byte[] userHeader) in C:\Users\gwatson\Desktop\SA\PersistentArray\SADatabase\PA\PersistentNextSpaceArray.cs:line 120
   at PAFS.PersistentCollectionSpaceManager.PutUserHeader(Byte[] userHeader) in C:\Users\gwatson\Desktop\SA\PersistentArray\SADatabase\PAFS\PersistentArraySpaceManager.cs:line 167
   at PLL.PersistentLinkedList.IncreaseSize() in C:\Users\gwatson\Desktop\SA\PersistentArray\SADatabase\PLL\PersistentLinkedList.cs:line 247
   at PLL.PersistentLinkedList.AddToEnd(Byte[] buffer) in C:\Users\gwatson\Desktop\SA\PersistentArray\SADatabase\PLL\PersistentLinkedList.cs:line 55
   at PLLUnitTest.PersistentLinkedListTest.LengthTest() in C:\Users\gwatson\Desktop\SA\PersistentArray\SADatabase\PLLUnitTest\PersistentLinkedListTest.cs:line 558
</StackTrace>
        </ErrorInfo>
      </Output>
    </UnitTestResult>
    <UnitTestResult executionId="c9f90264-63cb-4259-9985-d3276aa3de1a" testId="f0820a20-bffa-aca4-73b6-cb5b10486dcd" testName="InsertLinksCorrectlyTest" computerName="WATSON1491" duration="00:00:00.0032485" startTime="2012-03-18T19:20:05.2563128-06:00" endTime="2012-03-18T19:20:05.2653134-06:00" testType="13cdc9d9-ddb5-4fa4-a97d-d965ccfc6d4b" outcome="Failed" testListId="8c84fa94-04c1-424b-9868-57a2d4851a1d" relativeResultsDirectory="c9f90264-63cb-4259-9985-d3276aa3de1a">
      <Output>
        <ErrorInfo>
          <Message>Test method PLLUnitTest.PersistentLinkedListTest.InsertLinksCorrectlyTest threw exception: 
FilePersistence.Exceptions.InvalidUserHeaderException: The user header size must be less than 21</Message>
          <StackTrace>    at FilePersistence.FileWithHeader.PutUserHeader(Byte[] userHeader) in C:\Users\gwatson\Desktop\SA\PersistentArray\SADatabase\FilePersistence\FileWithHeader.cs:line 197
   at PA.PersistentNextSpaceArray.PutUserHeader(Byte[] userHeader) in C:\Users\gwatson\Desktop\SA\PersistentArray\SADatabase\PA\PersistentNextSpaceArray.cs:line 120
   at PAFS.PersistentCollectionSpaceManager.PutUserHeader(Byte[] userHeader) in C:\Users\gwatson\Desktop\SA\PersistentArray\SADatabase\PAFS\PersistentArraySpaceManager.cs:line 167
   at PLL.PersistentLinkedList.IncreaseSize() in C:\Users\gwatson\Desktop\SA\PersistentArray\SADatabase\PLL\PersistentLinkedList.cs:line 247
   at PLL.PersistentLinkedList.AddToEnd(Byte[] buffer) in C:\Users\gwatson\Desktop\SA\PersistentArray\SADatabase\PLL\PersistentLinkedList.cs:line 55
   at PLLUnitTest.PersistentLinkedListTest.InsertLinksCorrectlyTest() in C:\Users\gwatson\Desktop\SA\PersistentArray\SADatabase\PLLUnitTest\PersistentLinkedListTest.cs:line 153
</StackTrace>
        </ErrorInfo>
      </Output>
    </UnitTestResult>
    <UnitTestResult executionId="46cb7383-fe61-4970-ac30-367cb3569051" testId="f8dab570-907f-9537-fb70-c2f0ade97939" testName="GetLastTest" computerName="WATSON1491" duration="00:00:00.0033628" startTime="2012-03-18T19:20:05.2803142-06:00" endTime="2012-03-18T19:20:05.2873146-06:00" testType="13cdc9d9-ddb5-4fa4-a97d-d965ccfc6d4b" outcome="Failed" testListId="8c84fa94-04c1-424b-9868-57a2d4851a1d" relativeResultsDirectory="46cb7383-fe61-4970-ac30-367cb3569051">
      <Output>
        <ErrorInfo>
          <Message>Test method PLLUnitTest.PersistentLinkedListTest.GetLastTest threw exception: 
FilePersistence.Exceptions.InvalidUserHeaderException: The user header size must be less than 21</Message>
          <StackTrace>    at FilePersistence.FileWithHeader.PutUserHeader(Byte[] userHeader) in C:\Users\gwatson\Desktop\SA\PersistentArray\SADatabase\FilePersistence\FileWithHeader.cs:line 197
   at PA.PersistentNextSpaceArray.PutUserHeader(Byte[] userHeader) in C:\Users\gwatson\Desktop\SA\PersistentArray\SADatabase\PA\PersistentNextSpaceArray.cs:line 120
   at PAFS.PersistentCollectionSpaceManager.PutUserHeader(Byte[] userHeader) in C:\Users\gwatson\Desktop\SA\PersistentArray\SADatabase\PAFS\PersistentArraySpaceManager.cs:line 167
   at PLL.PersistentLinkedList.IncreaseSize() in C:\Users\gwatson\Desktop\SA\PersistentArray\SADatabase\PLL\PersistentLinkedList.cs:line 247
   at PLL.PersistentLinkedList.AddToEnd(Byte[] buffer) in C:\Users\gwatson\Desktop\SA\PersistentArray\SADatabase\PLL\PersistentLinkedList.cs:line 55
   at PLLUnitTest.PersistentLinkedListTest.GetLastTest() in C:\Users\gwatson\Desktop\SA\PersistentArray\SADatabase\PLLUnitTest\PersistentLinkedListTest.cs:line 351
</StackTrace>
        </ErrorInfo>
      </Output>
    </UnitTestResult>
    <UnitTestResult executionId="ac9498c6-2150-4f04-9902-8c438208eb4d" testId="fd2220b2-26eb-6999-62ad-4cbb765b850c" testName="CreateTest" computerName="WATSON1491" duration="00:00:00.0480261" startTime="2012-03-18T19:20:05.2943150-06:00" endTime="2012-03-18T19:20:05.3493182-06:00" testType="13cdc9d9-ddb5-4fa4-a97d-d965ccfc6d4b" outcome="Passed" testListId="8c84fa94-04c1-424b-9868-57a2d4851a1d" relativeResultsDirectory="ac9498c6-2150-4f04-9902-8c438208eb4d">
    </UnitTestResult>
    <UnitTestResult executionId="3c6582bd-bd3c-43a2-a1a1-8037eaa0e4f7" testId="ffe04048-3d0c-a00a-f497-66ad2a87b507" testName="GetNextTest" computerName="WATSON1491" duration="00:00:00.0068253" startTime="2012-03-18T19:20:05.3543184-06:00" endTime="2012-03-18T19:20:05.3683192-06:00" testType="13cdc9d9-ddb5-4fa4-a97d-d965ccfc6d4b" outcome="Failed" testListId="8c84fa94-04c1-424b-9868-57a2d4851a1d" relativeResultsDirectory="3c6582bd-bd3c-43a2-a1a1-8037eaa0e4f7">
      <Output>
        <ErrorInfo>
          <Message>Test method PLLUnitTest.PersistentLinkedListTest.GetNextTest threw exception: 
FilePersistence.Exceptions.InvalidUserHeaderException: The user header size must be less than 21</Message>
          <StackTrace>    at FilePersistence.FileWithHeader.PutUserHeader(Byte[] userHeader) in C:\Users\gwatson\Desktop\SA\PersistentArray\SADatabase\FilePersistence\FileWithHeader.cs:line 197
   at PA.PersistentNextSpaceArray.PutUserHeader(Byte[] userHeader) in C:\Users\gwatson\Desktop\SA\PersistentArray\SADatabase\PA\PersistentNextSpaceArray.cs:line 120
   at PAFS.PersistentCollectionSpaceManager.PutUserHeader(Byte[] userHeader) in C:\Users\gwatson\Desktop\SA\PersistentArray\SADatabase\PAFS\PersistentArraySpaceManager.cs:line 167
   at PLL.PersistentLinkedList.IncreaseSize() in C:\Users\gwatson\Desktop\SA\PersistentArray\SADatabase\PLL\PersistentLinkedList.cs:line 247
   at PLL.PersistentLinkedList.AddToEnd(Byte[] buffer) in C:\Users\gwatson\Desktop\SA\PersistentArray\SADatabase\PLL\PersistentLinkedList.cs:line 55
   at PLLUnitTest.PersistentLinkedListTest.GetNextTest() in C:\Users\gwatson\Desktop\SA\PersistentArray\SADatabase\PLLUnitTest\PersistentLinkedListTest.cs:line 375
</StackTrace>
        </ErrorInfo>
      </Output>
    </UnitTestResult>
  </Results>
</TestRun>