<?xml version="1.0" encoding="UTF-8"?>
<TestRun id="f3538efc-3e0f-4c5a-af81-588ff15b78a3" name="gwatson (2012-03-18 19:41:28)" runUser="NUSTUDENT\gwatson" xmlns="http://microsoft.com/schemas/VisualStudio/TeamTest/2010">
  <TestSettings name="LocalCodeCoverage" id="ec93bdfa-e2b8-47a6-a2aa-09dc288ce4c8">
    <Description>These are default test settings for a local test run.</Description>
    <Deployment runDeploymentRoot="gwatson _2012-03-18 19_41_28_">
      <DeploymentItem filename="C:\Users\gwatson\Desktop\SA\PersistentArray\SADatabase\PA\bin\Debug\PA.dll" />
      <DeploymentItem filename="C:\Users\gwatson\Desktop\SA\PersistentArray\SADatabase\FilePersistence\bin\Debug\FilePersistence.dll" />
      <DeploymentItem filename="C:\Users\gwatson\Desktop\SA\PersistentArray\SADatabase\PersistentArrayUnitTest\bin\Debug\PAUnitTest.dll" />
      <DeploymentItem filename="C:\Users\gwatson\Desktop\SA\PersistentArray\SADatabase\Interfaces\bin\Debug\Interfaces.dll" />
      <DeploymentItem filename="C:\Users\gwatson\Desktop\SA\PersistentArray\SADatabase\ByteHelper\bin\Debug\ByteHelper.dll" />
      <DeploymentItem filename="C:\Users\gwatson\Desktop\SA\PersistentArray\SADatabase\CPA\bin\Debug\CPA.dll" />
      <DeploymentItem filename="C:\Users\gwatson\Desktop\SA\PersistentArray\SADatabase\Persistence\bin\Debug\Persistence.dll" />
      <DeploymentItem filename="C:\Users\gwatson\Desktop\SA\PersistentArray\SADatabase\ByteHelperUnitTest\bin\Debug\ByteHelperUnitTest.dll" />
      <DeploymentItem filename="C:\Users\gwatson\Desktop\SA\PersistentArray\SADatabase\PLL\bin\Debug\PLL.dll" />
      <DeploymentItem filename="C:\Users\gwatson\Desktop\SA\PersistentArray\SADatabase\PAFS\bin\Debug\PAFS.dll" />
      <DeploymentItem filename="C:\Users\gwatson\Desktop\SA\PersistentArray\SADatabase\PHM\bin\Debug\PHM.dll" />
      <DeploymentItem filename="C:\Users\gwatson\Desktop\SA\PersistentArray\SADatabase\PHT\bin\Debug\PHT.dll" />
    </Deployment>
    <NamingScheme baseName="gwatson" useDefault="false" />
    <Execution>
      <TestTypeSpecific>
        <UnitTestRunConfig testTypeId="13cdc9d9-ddb5-4fa4-a97d-d965ccfc6d4b">
          <AssemblyResolution>
            <TestDirectory useLoadContext="true" />
          </AssemblyResolution>
        </UnitTestRunConfig>
        <WebTestRunConfiguration testTypeId="4e7599fa-5ecb-43e9-a887-cd63cf72d207">
          <Browser name="Internet Explorer 7.0">
            <Headers>
              <Header name="User-Agent" value="Mozilla/4.0 (compatible; MSIE 7.0; Windows NT 5.1)" />
              <Header name="Accept" value="*/*" />
              <Header name="Accept-Language" value="{{$IEAcceptLanguage}}" />
              <Header name="Accept-Encoding" value="GZIP" />
            </Headers>
          </Browser>
        </WebTestRunConfiguration>
      </TestTypeSpecific>
      <AgentRule name="LocalMachineDefaultRole">
        <DataCollectors>
          <DataCollector uri="datacollector://microsoft/CodeCoverage/1.0" assemblyQualifiedName="Microsoft.VisualStudio.TestTools.CodeCoverage.CoveragePlugIn, Microsoft.VisualStudio.QualityTools.Plugins.CodeCoverage, Version=10.0.0.0, Culture=neutral, PublicKeyToken=b03f5f7f11d50a3a" friendlyName="Code Coverage">
            <Configuration>
              <CodeCoverage xmlns="">
                <Regular>
                  <CodeCoverageItem binaryFile="C:\Users\gwatson\Desktop\SA\PersistentArray\SADatabase\PLL\bin\Debug\PLL.dll" pdbFile="C:\Users\gwatson\Desktop\SA\PersistentArray\SADatabase\PLL\bin\Debug\PLL.instr.pdb" instrumentInPlace="true" />
                  <CodeCoverageItem binaryFile="C:\Users\gwatson\Desktop\SA\PersistentArray\SADatabase\PAFS\bin\Debug\PAFS.dll" pdbFile="C:\Users\gwatson\Desktop\SA\PersistentArray\SADatabase\PAFS\bin\Debug\PAFS.instr.pdb" instrumentInPlace="true" />
                  <CodeCoverageItem binaryFile="C:\Users\gwatson\Desktop\SA\PersistentArray\SADatabase\PA\bin\Debug\PA.dll" pdbFile="C:\Users\gwatson\Desktop\SA\PersistentArray\SADatabase\PA\bin\Debug\PA.instr.pdb" instrumentInPlace="true" />
                  <CodeCoverageItem binaryFile="C:\Users\gwatson\Desktop\SA\PersistentArray\SADatabase\CPA\bin\Debug\CPA.dll" pdbFile="C:\Users\gwatson\Desktop\SA\PersistentArray\SADatabase\CPA\bin\Debug\CPA.instr.pdb" instrumentInPlace="true" />
                </Regular>
              </CodeCoverage>
            </Configuration>
          </DataCollector>
        </DataCollectors>
      </AgentRule>
    </Execution>
  </TestSettings>
  <Times creation="2012-03-18T19:41:28.7367237-06:00" queuing="2012-03-18T19:41:35.3161000-06:00" start="2012-03-18T19:41:35.5071110-06:00" finish="2012-03-18T19:41:59.6814937-06:00" />
  <ResultSummary outcome="Completed">
    <Counters total="160" executed="160" passed="160" error="0" failed="0" timeout="0" aborted="0" inconclusive="0" passedButRunAborted="0" notRunnable="0" notExecuted="0" disconnected="0" warning="0" completed="0" inProgress="0" pending="0" />
    <ResultFiles>
      <ResultFile path="WATSON1491\data.coverage" />
    </ResultFiles>
  </ResultSummary>
  <TestDefinitions>
    <UnitTest name="GetFirstTest" storage="c:\users\gwatson\desktop\sa\persistentarray\sadatabase\pllunittest\bin\debug\pllunittest.dll" id="a1ae16c5-0695-b546-0d5a-01f95dae83d0">
      <Execution id="889ecc56-dac7-42f5-9468-d64fa3015905" />
      <TestMethod codeBase="C:\Users\gwatson\Desktop\SA\PersistentArray\SADatabase\PLLUnitTest\bin\Debug\PLLUnitTest.dll" adapterTypeName="Microsoft.VisualStudio.TestTools.TestTypes.Unit.UnitTestAdapter, Microsoft.VisualStudio.QualityTools.Tips.UnitTest.Adapter, Version=10.0.0.0, Culture=neutral, PublicKeyToken=b03f5f7f11d50a3a" className="PLLUnitTest.PersistentLinkedListTest, PLLUnitTest" name="GetFirstTest" />
    </UnitTest>
    <UnitTest name="WriteIntTest" storage="c:\users\gwatson\desktop\sa\persistentarray\sadatabase\persistenceunittest\bin\debug\persistenceunittest.dll" id="33bbef63-045e-f45c-4904-9d2f969572f1">
      <Execution id="b60b93d3-6ed8-499a-9c24-0443b6139f3b" />
      <TestMethod codeBase="C:\Users\gwatson\Desktop\SA\PersistentArray\SADatabase\PersistenceUnitTest\bin\Debug\PersistenceUnitTest.dll" adapterTypeName="Microsoft.VisualStudio.TestTools.TestTypes.Unit.UnitTestAdapter, Microsoft.VisualStudio.QualityTools.Tips.UnitTest.Adapter, Version=10.0.0.0, Culture=neutral, PublicKeyToken=b03f5f7f11d50a3a" className="PersistenceUnitTest.RandomAccessFileTest, PersistenceUnitTest" name="WriteIntTest" />
    </UnitTest>
    <UnitTest name="CtorOpenTest" storage="c:\users\gwatson\desktop\sa\persistentarray\sadatabase\phmunittest\bin\debug\phmunittest.dll" id="c1046ba7-0144-8813-1bc3-01566e1bbcb4">
      <Execution id="7de03304-13a3-4200-8109-21a8f1f8c0b7" />
      <TestMethod codeBase="C:\Users\gwatson\Desktop\SA\PersistentArray\SADatabase\PHMUnitTest\bin\Debug\PHMUnitTest.dll" adapterTypeName="Microsoft.VisualStudio.TestTools.TestTypes.Unit.UnitTestAdapter, Microsoft.VisualStudio.QualityTools.Tips.UnitTest.Adapter, Version=10.0.0.0, Culture=neutral, PublicKeyToken=b03f5f7f11d50a3a" className="PHMUnitTest.PersistentHeapTest, PHMUnitTest" name="CtorOpenTest" />
    </UnitTest>
    <UnitTest name="DeserializeTest" storage="c:\users\gwatson\desktop\sa\persistentarray\sadatabase\pllunittest\bin\debug\pllunittest.dll" id="c574974e-922d-e123-cd45-263cf5bd394a">
      <Execution id="81d6de98-7928-45e2-a8c4-2b3a75c257a4" />
      <TestMethod codeBase="C:\Users\gwatson\Desktop\SA\PersistentArray\SADatabase\PLLUnitTest\bin\Debug\PLLUnitTest.dll" adapterTypeName="Microsoft.VisualStudio.TestTools.TestTypes.Unit.UnitTestAdapter, Microsoft.VisualStudio.QualityTools.Tips.UnitTest.Adapter, Version=10.0.0.0, Culture=neutral, PublicKeyToken=b03f5f7f11d50a3a" className="PLLUnitTest.LinkedListElementTest, PLLUnitTest" name="DeserializeTest" />
    </UnitTest>
    <UnitTest name="StartIndexTest" storage="c:\users\gwatson\desktop\sa\persistentarray\sadatabase\phmunittest\bin\debug\phmunittest.dll" id="a1c72854-3dde-18e0-c9d8-83b07b0292f0">
      <Execution id="2dd4035e-4b41-48ab-a407-47712578a582" />
      <TestMethod codeBase="C:\Users\gwatson\Desktop\SA\PersistentArray\SADatabase\PHMUnitTest\bin\Debug\PHMUnitTest.dll" adapterTypeName="Microsoft.VisualStudio.TestTools.TestTypes.Unit.UnitTestAdapter, Microsoft.VisualStudio.QualityTools.Tips.UnitTest.Adapter, Version=10.0.0.0, Culture=neutral, PublicKeyToken=b03f5f7f11d50a3a" className="PHMUnitTest.PersistentHeapSpaceTest, PHMUnitTest" name="StartIndexTest" />
    </UnitTest>
    <UnitTest name="GetUserHeaderSizeTest" storage="c:\users\gwatson\desktop\sa\persistentarray\sadatabase\persistentarrayunittest\bin\debug\paunittest.dll" id="553e65a4-d49e-c86b-4f63-da6f1a61fced">
      <Execution id="520c7254-bd39-4ac0-9761-002848b15c69" />
      <TestMethod codeBase="C:\Users\gwatson\Desktop\SA\PersistentArray\SADatabase\PersistentArrayUnitTest\bin\Debug\PAUnitTest.dll" adapterTypeName="Microsoft.VisualStudio.TestTools.TestTypes.Unit.UnitTestAdapter, Microsoft.VisualStudio.QualityTools.Tips.UnitTest.Adapter, Version=10.0.0.0, Culture=neutral, PublicKeyToken=b03f5f7f11d50a3a" className="PAUnitTest.IPersistentArrayTest, PAUnitTest" name="GetUserHeaderSizeTest" />
    </UnitTest>
    <UnitTest name="SplitTest" storage="c:\users\gwatson\desktop\sa\persistentarray\sadatabase\phmunittest\bin\debug\phmunittest.dll" id="2a736369-0faa-7bd0-3ec4-55591153ab35">
      <Execution id="02332749-157c-499f-8d25-e59a4d867ba1" />
      <TestMethod codeBase="C:\Users\gwatson\Desktop\SA\PersistentArray\SADatabase\PHMUnitTest\bin\Debug\PHMUnitTest.dll" adapterTypeName="Microsoft.VisualStudio.TestTools.TestTypes.Unit.UnitTestAdapter, Microsoft.VisualStudio.QualityTools.Tips.UnitTest.Adapter, Version=10.0.0.0, Culture=neutral, PublicKeyToken=b03f5f7f11d50a3a" className="PHMUnitTest.PersistentHeapFreeSpaceTest, PHMUnitTest" name="SplitTest" />
    </UnitTest>
    <UnitTest name="CloseTest" storage="c:\users\gwatson\desktop\sa\persistentarray\sadatabase\filepersistenceunittest\bin\debug\filepersistenceunittest.dll" id="ec103ee4-7d33-deea-fa5e-ea2ddfa162f6">
      <Execution id="14d51034-4199-406c-9265-8e81ee6a3117" />
      <TestMethod codeBase="C:\Users\gwatson\Desktop\SA\PersistentArray\SADatabase\FilePersistenceUnitTest\bin\Debug\FilePersistenceUnitTest.dll" adapterTypeName="Microsoft.VisualStudio.TestTools.TestTypes.Unit.UnitTestAdapter, Microsoft.VisualStudio.QualityTools.Tips.UnitTest.Adapter, Version=10.0.0.0, Culture=neutral, PublicKeyToken=b03f5f7f11d50a3a" className="FilePersistenceUnitTest.FileWithHeaderTest, FilePersistenceUnitTest" name="CloseTest" />
    </UnitTest>
    <UnitTest name="ReopenTest" storage="c:\users\gwatson\desktop\sa\persistentarray\sadatabase\cpaunittest\bin\debug\cpaunittest.dll" id="920909e7-20b2-d96d-ce3c-d1b8d6e41092">
      <Execution id="6dac9d6c-41bf-4dd3-830b-36b362e10281" />
      <TestMethod codeBase="C:\Users\gwatson\Desktop\SA\PersistentArray\SADatabase\CPAUnitTest\bin\Debug\CPAUnitTest.dll" adapterTypeName="Microsoft.VisualStudio.TestTools.TestTypes.Unit.UnitTestAdapter, Microsoft.VisualStudio.QualityTools.Tips.UnitTest.Adapter, Version=10.0.0.0, Culture=neutral, PublicKeyToken=b03f5f7f11d50a3a" className="CPAUnitTest.CachedIArrayTest, CPAUnitTest" name="ReopenTest" />
    </UnitTest>
    <UnitTest name="PutGetAmountTest" storage="c:\users\gwatson\desktop\sa\persistentarray\sadatabase\filepersistenceunittest\bin\debug\filepersistenceunittest.dll" id="705d2900-5b96-0c7e-5674-f042b44cf3ba">
      <Execution id="c52af4d2-1f34-4cb4-9b4b-c5b31698cbbc" />
      <TestMethod codeBase="C:\Users\gwatson\Desktop\SA\PersistentArray\SADatabase\FilePersistenceUnitTest\bin\Debug\FilePersistenceUnitTest.dll" adapterTypeName="Microsoft.VisualStudio.TestTools.TestTypes.Unit.UnitTestAdapter, Microsoft.VisualStudio.QualityTools.Tips.UnitTest.Adapter, Version=10.0.0.0, Culture=neutral, PublicKeyToken=b03f5f7f11d50a3a" className="FilePersistenceUnitTest.FileWithHeaderTest, FilePersistenceUnitTest" name="PutGetAmountTest" />
    </UnitTest>
    <UnitTest name="SerializeTest" storage="c:\users\gwatson\desktop\sa\persistentarray\sadatabase\phmunittest\bin\debug\phmunittest.dll" id="21ea634d-ec3e-6f69-7865-3d6f41e7db9a">
      <Execution id="8f469d2a-0a28-4284-9262-7e728987d5ac" />
      <TestMethod codeBase="C:\Users\gwatson\Desktop\SA\PersistentArray\SADatabase\PHMUnitTest\bin\Debug\PHMUnitTest.dll" adapterTypeName="Microsoft.VisualStudio.TestTools.TestTypes.Unit.UnitTestAdapter, Microsoft.VisualStudio.QualityTools.Tips.UnitTest.Adapter, Version=10.0.0.0, Culture=neutral, PublicKeyToken=b03f5f7f11d50a3a" className="PHMUnitTest.PersistentHeapUsedSpaceTest, PHMUnitTest" name="SerializeTest" />
    </UnitTest>
    <UnitTest name="GetTest" storage="c:\users\gwatson\desktop\sa\persistentarray\sadatabase\cpaunittest\bin\debug\cpaunittest.dll" id="68db09fd-1e84-1d00-a06a-8d3d340b6754">
      <Execution id="f370737d-8ac5-433c-b2a2-c09dd7e6e988" />
      <TestMethod codeBase="C:\Users\gwatson\Desktop\SA\PersistentArray\SADatabase\CPAUnitTest\bin\Debug\CPAUnitTest.dll" adapterTypeName="Microsoft.VisualStudio.TestTools.TestTypes.Unit.UnitTestAdapter, Microsoft.VisualStudio.QualityTools.Tips.UnitTest.Adapter, Version=10.0.0.0, Culture=neutral, PublicKeyToken=b03f5f7f11d50a3a" className="CPAUnitTest.LRUDoubleLinkedListTest, CPAUnitTest" name="GetTest" />
    </UnitTest>
    <UnitTest name="GetUserHeaderSizeTest" storage="c:\users\gwatson\desktop\sa\persistentarray\sadatabase\cpaunittest\bin\debug\cpaunittest.dll" id="a98f558f-9bab-5d3b-882a-663d5ff5ae97">
      <Execution id="9ae3db80-c8b8-4e4d-b1f4-844e01b6e3ab" />
      <TestMethod codeBase="C:\Users\gwatson\Desktop\SA\PersistentArray\SADatabase\CPAUnitTest\bin\Debug\CPAUnitTest.dll" adapterTypeName="Microsoft.VisualStudio.TestTools.TestTypes.Unit.UnitTestAdapter, Microsoft.VisualStudio.QualityTools.Tips.UnitTest.Adapter, Version=10.0.0.0, Culture=neutral, PublicKeyToken=b03f5f7f11d50a3a" className="CPAUnitTest.CachedIArrayTest, CPAUnitTest" name="GetUserHeaderSizeTest" />
    </UnitTest>
    <UnitTest name="AllocateFillAfterSplitTest" storage="c:\users\gwatson\desktop\sa\persistentarray\sadatabase\phmunittest\bin\debug\phmunittest.dll" id="011f0b4d-330b-80d4-eb98-3a291b4151c2">
      <Execution id="b580bc1c-bf8b-4d71-ab43-b3f6841edbb4" />
      <TestMethod codeBase="C:\Users\gwatson\Desktop\SA\PersistentArray\SADatabase\PHMUnitTest\bin\Debug\PHMUnitTest.dll" adapterTypeName="Microsoft.VisualStudio.TestTools.TestTypes.Unit.UnitTestAdapter, Microsoft.VisualStudio.QualityTools.Tips.UnitTest.Adapter, Version=10.0.0.0, Culture=neutral, PublicKeyToken=b03f5f7f11d50a3a" className="PHMUnitTest.PersistentHeapTest, PHMUnitTest" name="AllocateFillAfterSplitTest" />
    </UnitTest>
    <UnitTest name="GetUserHeaderSizeTest" storage="c:\users\gwatson\desktop\sa\persistentarray\sadatabase\pafsunittest\bin\debug\pafsunittest.dll" id="845a5988-fe07-f37a-ba6b-e712dc39166d">
      <Execution id="f253d954-fc8e-4396-8e98-68161515d8aa" />
      <TestMethod codeBase="C:\Users\gwatson\Desktop\SA\PersistentArray\SADatabase\PAFSUnitTest\bin\Debug\PAFSUnitTest.dll" adapterTypeName="Microsoft.VisualStudio.TestTools.TestTypes.Unit.UnitTestAdapter, Microsoft.VisualStudio.QualityTools.Tips.UnitTest.Adapter, Version=10.0.0.0, Culture=neutral, PublicKeyToken=b03f5f7f11d50a3a" className="PAFSUnitTest.IPersistentArraySpaceManagerTest, PAFSUnitTest" name="GetUserHeaderSizeTest" />
    </UnitTest>
    <UnitTest name="MoveToHeadTest" storage="c:\users\gwatson\desktop\sa\persistentarray\sadatabase\cpaunittest\bin\debug\cpaunittest.dll" id="ac390c29-8921-eb5c-8cbb-15dff0c6c040">
      <Execution id="06646154-e4a3-458d-8d7f-ab04db423d92" />
      <TestMethod codeBase="C:\Users\gwatson\Desktop\SA\PersistentArray\SADatabase\CPAUnitTest\bin\Debug\CPAUnitTest.dll" adapterTypeName="Microsoft.VisualStudio.TestTools.TestTypes.Unit.UnitTestAdapter, Microsoft.VisualStudio.QualityTools.Tips.UnitTest.Adapter, Version=10.0.0.0, Culture=neutral, PublicKeyToken=b03f5f7f11d50a3a" className="CPAUnitTest.LRUDoubleLinkedListTest, CPAUnitTest" name="MoveToHeadTest" />
    </UnitTest>
    <UnitTest name="CopyTest" storage="c:\users\gwatson\desktop\sa\persistentarray\sadatabase\bytehelperunittest\bin\debug\bytehelperunittest.dll" id="da2c5789-69fe-8699-f9d7-9a2ec66b4c68">
      <Execution id="14720ff7-1577-4809-b76f-cd5552764555" />
      <TestMethod codeBase="C:\Users\gwatson\Desktop\SA\PersistentArray\SADatabase\ByteHelperUnitTest\bin\Debug\ByteHelperUnitTest.dll" adapterTypeName="Microsoft.VisualStudio.TestTools.TestTypes.Unit.UnitTestAdapter, Microsoft.VisualStudio.QualityTools.Tips.UnitTest.Adapter, Version=10.0.0.0, Culture=neutral, PublicKeyToken=b03f5f7f11d50a3a" className="ByteHelperUnitTest.HelperTest, ByteHelperUnitTest" name="CopyTest" />
    </UnitTest>
    <UnitTest name="CopyIntoTest" storage="c:\users\gwatson\desktop\sa\persistentarray\sadatabase\bytehelperunittest\bin\debug\bytehelperunittest.dll" id="6e30047d-c126-9623-764e-d0d0dc18feb2">
      <Execution id="89e91283-221d-49c3-9d5f-0763d7f6b7fe" />
      <TestMethod codeBase="C:\Users\gwatson\Desktop\SA\PersistentArray\SADatabase\ByteHelperUnitTest\bin\Debug\ByteHelperUnitTest.dll" adapterTypeName="Microsoft.VisualStudio.TestTools.TestTypes.Unit.UnitTestAdapter, Microsoft.VisualStudio.QualityTools.Tips.UnitTest.Adapter, Version=10.0.0.0, Culture=neutral, PublicKeyToken=b03f5f7f11d50a3a" className="ByteHelperUnitTest.HelperTest, ByteHelperUnitTest" name="CopyIntoTest" />
    </UnitTest>
    <UnitTest name="CloseTest" storage="c:\users\gwatson\desktop\sa\persistentarray\sadatabase\phtunittest\bin\debug\phtunittest.dll" id="94efce36-6787-804c-f9dd-d52e17e1c55e">
      <Execution id="e15fee59-d601-454f-9440-47ba157a1863" />
      <TestMethod codeBase="C:\Users\gwatson\Desktop\SA\PersistentArray\SADatabase\PHTUnitTest\bin\Debug\PHTUnitTest.dll" adapterTypeName="Microsoft.VisualStudio.TestTools.TestTypes.Unit.UnitTestAdapter, Microsoft.VisualStudio.QualityTools.Tips.UnitTest.Adapter, Version=10.0.0.0, Culture=neutral, PublicKeyToken=b03f5f7f11d50a3a" className="PHTUnitTest.PersistentHashTableTest, PHTUnitTest" name="CloseTest" />
    </UnitTest>
    <UnitTest name="ExtendToTest" storage="c:\users\gwatson\desktop\sa\persistentarray\sadatabase\bytehelperunittest\bin\debug\bytehelperunittest.dll" id="11b05b3f-8750-268f-48a2-a9f027b23597">
      <Execution id="793b874d-9480-4905-a51c-f453735e055e" />
      <TestMethod codeBase="C:\Users\gwatson\Desktop\SA\PersistentArray\SADatabase\ByteHelperUnitTest\bin\Debug\ByteHelperUnitTest.dll" adapterTypeName="Microsoft.VisualStudio.TestTools.TestTypes.Unit.UnitTestAdapter, Microsoft.VisualStudio.QualityTools.Tips.UnitTest.Adapter, Version=10.0.0.0, Culture=neutral, PublicKeyToken=b03f5f7f11d50a3a" className="ByteHelperUnitTest.HelperTest, ByteHelperUnitTest" name="ExtendToTest" />
    </UnitTest>
    <UnitTest name="ReopenTest" storage="c:\users\gwatson\desktop\sa\persistentarray\sadatabase\filepersistenceunittest\bin\debug\filepersistenceunittest.dll" id="61f14407-3f3d-9be6-e329-c0b10da1b351">
      <Execution id="75678e84-4dc9-48c0-be8d-972773b71e70" />
      <TestMethod codeBase="C:\Users\gwatson\Desktop\SA\PersistentArray\SADatabase\FilePersistenceUnitTest\bin\Debug\FilePersistenceUnitTest.dll" adapterTypeName="Microsoft.VisualStudio.TestTools.TestTypes.Unit.UnitTestAdapter, Microsoft.VisualStudio.QualityTools.Tips.UnitTest.Adapter, Version=10.0.0.0, Culture=neutral, PublicKeyToken=b03f5f7f11d50a3a" className="FilePersistenceUnitTest.FileWithHeaderTest, FilePersistenceUnitTest" name="ReopenTest" />
    </UnitTest>
    <UnitTest name="SerializeTest" storage="c:\users\gwatson\desktop\sa\persistentarray\sadatabase\phmunittest\bin\debug\phmunittest.dll" id="00e17ed5-bd31-7476-2fee-eae2d73830e2">
      <Execution id="24195d8a-144a-4f3c-aefd-c0b622cc8b76" />
      <TestMethod codeBase="C:\Users\gwatson\Desktop\SA\PersistentArray\SADatabase\PHMUnitTest\bin\Debug\PHMUnitTest.dll" adapterTypeName="Microsoft.VisualStudio.TestTools.TestTypes.Unit.UnitTestAdapter, Microsoft.VisualStudio.QualityTools.Tips.UnitTest.Adapter, Version=10.0.0.0, Culture=neutral, PublicKeyToken=b03f5f7f11d50a3a" className="PHMUnitTest.PersistentHeapFreeSpaceTest, PHMUnitTest" name="SerializeTest" />
    </UnitTest>
    <UnitTest name="PutGetCollisionsTest" storage="c:\users\gwatson\desktop\sa\persistentarray\sadatabase\phtunittest\bin\debug\phtunittest.dll" id="c198a53f-7d04-439f-1fbd-0b778727bf42">
      <Execution id="15265680-08a3-4265-982f-57caa3769bea" />
      <TestMethod codeBase="C:\Users\gwatson\Desktop\SA\PersistentArray\SADatabase\PHTUnitTest\bin\Debug\PHTUnitTest.dll" adapterTypeName="Microsoft.VisualStudio.TestTools.TestTypes.Unit.UnitTestAdapter, Microsoft.VisualStudio.QualityTools.Tips.UnitTest.Adapter, Version=10.0.0.0, Culture=neutral, PublicKeyToken=b03f5f7f11d50a3a" className="PHTUnitTest.PersistentHashTableTest, PHTUnitTest" name="PutGetCollisionsTest" />
    </UnitTest>
    <UnitTest name="AllocateInMiddleTest" storage="c:\users\gwatson\desktop\sa\persistentarray\sadatabase\phmunittest\bin\debug\phmunittest.dll" id="0bf9df8d-121f-259e-67aa-905c5bb6c662">
      <Execution id="1ed20227-04e0-43b6-a5cc-3b99a6ccb0eb" />
      <TestMethod codeBase="C:\Users\gwatson\Desktop\SA\PersistentArray\SADatabase\PHMUnitTest\bin\Debug\PHMUnitTest.dll" adapterTypeName="Microsoft.VisualStudio.TestTools.TestTypes.Unit.UnitTestAdapter, Microsoft.VisualStudio.QualityTools.Tips.UnitTest.Adapter, Version=10.0.0.0, Culture=neutral, PublicKeyToken=b03f5f7f11d50a3a" className="PHMUnitTest.PersistentHeapTest, PHMUnitTest" name="AllocateInMiddleTest" />
    </UnitTest>
    <UnitTest name="WriteByteArrayTest" storage="c:\users\gwatson\desktop\sa\persistentarray\sadatabase\persistenceunittest\bin\debug\persistenceunittest.dll" id="c3fc885b-06d0-19cb-a8e4-a4fc7aee2170">
      <Execution id="c67e5fff-f2b3-4b32-ae05-f160946c41fc" />
      <TestMethod codeBase="C:\Users\gwatson\Desktop\SA\PersistentArray\SADatabase\PersistenceUnitTest\bin\Debug\PersistenceUnitTest.dll" adapterTypeName="Microsoft.VisualStudio.TestTools.TestTypes.Unit.UnitTestAdapter, Microsoft.VisualStudio.QualityTools.Tips.UnitTest.Adapter, Version=10.0.0.0, Culture=neutral, PublicKeyToken=b03f5f7f11d50a3a" className="PersistenceUnitTest.RandomAccessFileTest, PersistenceUnitTest" name="WriteByteArrayTest" />
    </UnitTest>
    <UnitTest name="SerializeTest" storage="c:\users\gwatson\desktop\sa\persistentarray\sadatabase\pllunittest\bin\debug\pllunittest.dll" id="f45fb43e-8e19-67de-faf5-292c20567a5c">
      <Execution id="e54dc7a2-82cf-4fc7-a7ca-d0f6ced98484" />
      <TestMethod codeBase="C:\Users\gwatson\Desktop\SA\PersistentArray\SADatabase\PLLUnitTest\bin\Debug\PLLUnitTest.dll" adapterTypeName="Microsoft.VisualStudio.TestTools.TestTypes.Unit.UnitTestAdapter, Microsoft.VisualStudio.QualityTools.Tips.UnitTest.Adapter, Version=10.0.0.0, Culture=neutral, PublicKeyToken=b03f5f7f11d50a3a" className="PLLUnitTest.LinkedListElementTest, PLLUnitTest" name="SerializeTest" />
    </UnitTest>
    <UnitTest name="DeleteTest" storage="c:\users\gwatson\desktop\sa\persistentarray\sadatabase\pllunittest\bin\debug\pllunittest.dll" id="1d53293b-a39c-108d-e97e-8d3ed479d40d">
      <Execution id="de4afbe5-f6f5-477b-9213-d4349292bf77" />
      <TestMethod codeBase="C:\Users\gwatson\Desktop\SA\PersistentArray\SADatabase\PLLUnitTest\bin\Debug\PLLUnitTest.dll" adapterTypeName="Microsoft.VisualStudio.TestTools.TestTypes.Unit.UnitTestAdapter, Microsoft.VisualStudio.QualityTools.Tips.UnitTest.Adapter, Version=10.0.0.0, Culture=neutral, PublicKeyToken=b03f5f7f11d50a3a" className="PLLUnitTest.PersistentLinkedListTest, PLLUnitTest" name="DeleteTest" />
    </UnitTest>
    <UnitTest name="CtorTest" storage="c:\users\gwatson\desktop\sa\persistentarray\sadatabase\phmunittest\bin\debug\phmunittest.dll" id="781a4d86-46c5-931f-9ce1-d470759c5ed1">
      <Execution id="9b67e49a-aeda-477a-8ace-127d01eba3d3" />
      <TestMethod codeBase="C:\Users\gwatson\Desktop\SA\PersistentArray\SADatabase\PHMUnitTest\bin\Debug\PHMUnitTest.dll" adapterTypeName="Microsoft.VisualStudio.TestTools.TestTypes.Unit.UnitTestAdapter, Microsoft.VisualStudio.QualityTools.Tips.UnitTest.Adapter, Version=10.0.0.0, Culture=neutral, PublicKeyToken=b03f5f7f11d50a3a" className="PHMUnitTest.PersistentHeapUsedSpaceTest, PHMUnitTest" name="CtorTest" />
    </UnitTest>
    <UnitTest name="FillUpTableTest" storage="c:\users\gwatson\desktop\sa\persistentarray\sadatabase\phtunittest\bin\debug\phtunittest.dll" id="6a96f9da-adcb-f7e2-df56-cae68513bb5e">
      <Execution id="3d163d1f-65c2-4b46-a69f-dffceb320c63" />
      <TestMethod codeBase="C:\Users\gwatson\Desktop\SA\PersistentArray\SADatabase\PHTUnitTest\bin\Debug\PHTUnitTest.dll" adapterTypeName="Microsoft.VisualStudio.TestTools.TestTypes.Unit.UnitTestAdapter, Microsoft.VisualStudio.QualityTools.Tips.UnitTest.Adapter, Version=10.0.0.0, Culture=neutral, PublicKeyToken=b03f5f7f11d50a3a" className="PHTUnitTest.PersistentHashTableTest, PHTUnitTest" name="FillUpTableTest" />
    </UnitTest>
    <UnitTest name="SerializeTest" storage="c:\users\gwatson\desktop\sa\persistentarray\sadatabase\pllunittest\bin\debug\pllunittest.dll" id="ceb208d4-f6b2-14ea-caab-c04abf814ed1">
      <Execution id="1bab29a6-4c3b-419e-8f96-03b8e4e737f7" />
      <TestMethod codeBase="C:\Users\gwatson\Desktop\SA\PersistentArray\SADatabase\PLLUnitTest\bin\Debug\PLLUnitTest.dll" adapterTypeName="Microsoft.VisualStudio.TestTools.TestTypes.Unit.UnitTestAdapter, Microsoft.VisualStudio.QualityTools.Tips.UnitTest.Adapter, Version=10.0.0.0, Culture=neutral, PublicKeyToken=b03f5f7f11d50a3a" className="PLLUnitTest.PLLHeaderTest, PLLUnitTest" name="SerializeTest" />
    </UnitTest>
    <UnitTest name="CreateTooSmallTest" storage="c:\users\gwatson\desktop\sa\persistentarray\sadatabase\pafsunittest\bin\debug\pafsunittest.dll" id="b87f554d-216c-d1a2-7ff8-323f1d9d0f4f">
      <Execution id="ed2db618-6c2a-46df-9311-dc30e0bcf256" />
      <TestMethod codeBase="C:\Users\gwatson\Desktop\SA\PersistentArray\SADatabase\PAFSUnitTest\bin\Debug\PAFSUnitTest.dll" adapterTypeName="Microsoft.VisualStudio.TestTools.TestTypes.Unit.UnitTestAdapter, Microsoft.VisualStudio.QualityTools.Tips.UnitTest.Adapter, Version=10.0.0.0, Culture=neutral, PublicKeyToken=b03f5f7f11d50a3a" className="PAFSUnitTest.IPersistentArraySpaceManagerTest, PAFSUnitTest" name="CreateTooSmallTest" />
    </UnitTest>
    <UnitTest name="EqualsBytesTest" storage="c:\users\gwatson\desktop\sa\persistentarray\sadatabase\bytehelperunittest\bin\debug\bytehelperunittest.dll" id="c09c2c2c-bf97-afdf-a556-c8b4550bee5f">
      <Execution id="d48193b6-813a-4ae2-8a93-9a9fca8fb7c4" />
      <TestMethod codeBase="C:\Users\gwatson\Desktop\SA\PersistentArray\SADatabase\ByteHelperUnitTest\bin\Debug\ByteHelperUnitTest.dll" adapterTypeName="Microsoft.VisualStudio.TestTools.TestTypes.Unit.UnitTestAdapter, Microsoft.VisualStudio.QualityTools.Tips.UnitTest.Adapter, Version=10.0.0.0, Culture=neutral, PublicKeyToken=b03f5f7f11d50a3a" className="ByteHelperUnitTest.HelperTest, ByteHelperUnitTest" name="EqualsBytesTest" />
    </UnitTest>
    <UnitTest name="AllocateAtEndOfFreeSpaceListTest" storage="c:\users\gwatson\desktop\sa\persistentarray\sadatabase\phmunittest\bin\debug\phmunittest.dll" id="cb9247b9-0e78-5318-b25e-4206d939f286">
      <Execution id="be19efd4-48f3-4796-869f-e64ac8fad527" />
      <TestMethod codeBase="C:\Users\gwatson\Desktop\SA\PersistentArray\SADatabase\PHMUnitTest\bin\Debug\PHMUnitTest.dll" adapterTypeName="Microsoft.VisualStudio.TestTools.TestTypes.Unit.UnitTestAdapter, Microsoft.VisualStudio.QualityTools.Tips.UnitTest.Adapter, Version=10.0.0.0, Culture=neutral, PublicKeyToken=b03f5f7f11d50a3a" className="PHMUnitTest.PersistentHeapTest, PHMUnitTest" name="AllocateAtEndOfFreeSpaceListTest" />
    </UnitTest>
    <UnitTest name="CreateTest" storage="c:\users\gwatson\desktop\sa\persistentarray\sadatabase\pafsunittest\bin\debug\pafsunittest.dll" id="e7c5dfe9-6c85-ed21-1287-63d333e61256">
      <Execution id="638be647-6c2a-4e75-8933-abed87253bc1" />
      <TestMethod codeBase="C:\Users\gwatson\Desktop\SA\PersistentArray\SADatabase\PAFSUnitTest\bin\Debug\PAFSUnitTest.dll" adapterTypeName="Microsoft.VisualStudio.TestTools.TestTypes.Unit.UnitTestAdapter, Microsoft.VisualStudio.QualityTools.Tips.UnitTest.Adapter, Version=10.0.0.0, Culture=neutral, PublicKeyToken=b03f5f7f11d50a3a" className="PAFSUnitTest.IPersistentArraySpaceManagerTest, PAFSUnitTest" name="CreateTest" />
    </UnitTest>
    <UnitTest name="FreeAddSpaceToStartOfFreeListTest" storage="c:\users\gwatson\desktop\sa\persistentarray\sadatabase\phmunittest\bin\debug\phmunittest.dll" id="e09c5cb1-1c0e-6e77-1183-514f09126ef8">
      <Execution id="66eb0be4-42f3-44db-a941-0f28f504915b" />
      <TestMethod codeBase="C:\Users\gwatson\Desktop\SA\PersistentArray\SADatabase\PHMUnitTest\bin\Debug\PHMUnitTest.dll" adapterTypeName="Microsoft.VisualStudio.TestTools.TestTypes.Unit.UnitTestAdapter, Microsoft.VisualStudio.QualityTools.Tips.UnitTest.Adapter, Version=10.0.0.0, Culture=neutral, PublicKeyToken=b03f5f7f11d50a3a" className="PHMUnitTest.PersistentHeapTest, PHMUnitTest" name="FreeAddSpaceToStartOfFreeListTest" />
    </UnitTest>
    <UnitTest name="UserSizeTest" storage="c:\users\gwatson\desktop\sa\persistentarray\sadatabase\phmunittest\bin\debug\phmunittest.dll" id="864cd63c-625b-94c6-46c4-e84f8efb06a6">
      <Execution id="4fb81ade-e291-4062-bade-5cec8356390c" />
      <TestMethod codeBase="C:\Users\gwatson\Desktop\SA\PersistentArray\SADatabase\PHMUnitTest\bin\Debug\PHMUnitTest.dll" adapterTypeName="Microsoft.VisualStudio.TestTools.TestTypes.Unit.UnitTestAdapter, Microsoft.VisualStudio.QualityTools.Tips.UnitTest.Adapter, Version=10.0.0.0, Culture=neutral, PublicKeyToken=b03f5f7f11d50a3a" className="PHMUnitTest.PersistentHeapSpaceTest, PHMUnitTest" name="UserSizeTest" />
    </UnitTest>
    <UnitTest name="FileDoesntExistTest" storage="c:\users\gwatson\desktop\sa\persistentarray\sadatabase\filepersistenceunittest\bin\debug\filepersistenceunittest.dll" id="93695325-fb5b-b117-f5c2-6cdaee20d742">
      <Execution id="c682f465-c218-42f2-ac32-1ef229b37525" />
      <TestMethod codeBase="C:\Users\gwatson\Desktop\SA\PersistentArray\SADatabase\FilePersistenceUnitTest\bin\Debug\FilePersistenceUnitTest.dll" adapterTypeName="Microsoft.VisualStudio.TestTools.TestTypes.Unit.UnitTestAdapter, Microsoft.VisualStudio.QualityTools.Tips.UnitTest.Adapter, Version=10.0.0.0, Culture=neutral, PublicKeyToken=b03f5f7f11d50a3a" className="FilePersistenceUnitTest.FileWithHeaderTest, FilePersistenceUnitTest" name="FileDoesntExistTest" />
    </UnitTest>
    <UnitTest name="PutTest" storage="c:\users\gwatson\desktop\sa\persistentarray\sadatabase\cpaunittest\bin\debug\cpaunittest.dll" id="b1852ad4-9275-e058-ea39-b89e2980d650">
      <Execution id="01c3524b-27f6-4ad1-9f80-507fc5285061" />
      <TestMethod codeBase="C:\Users\gwatson\Desktop\SA\PersistentArray\SADatabase\CPAUnitTest\bin\Debug\CPAUnitTest.dll" adapterTypeName="Microsoft.VisualStudio.TestTools.TestTypes.Unit.UnitTestAdapter, Microsoft.VisualStudio.QualityTools.Tips.UnitTest.Adapter, Version=10.0.0.0, Culture=neutral, PublicKeyToken=b03f5f7f11d50a3a" className="CPAUnitTest.CachedIArrayTest, CPAUnitTest" name="PutTest" />
    </UnitTest>
    <UnitTest name="GetElementSizeTest" storage="c:\users\gwatson\desktop\sa\persistentarray\sadatabase\cpaunittest\bin\debug\cpaunittest.dll" id="17c74e86-2a6c-cb27-d667-6f54dbf65bde">
      <Execution id="797f593c-9b8a-46d1-81ae-2894530ea712" />
      <TestMethod codeBase="C:\Users\gwatson\Desktop\SA\PersistentArray\SADatabase\CPAUnitTest\bin\Debug\CPAUnitTest.dll" adapterTypeName="Microsoft.VisualStudio.TestTools.TestTypes.Unit.UnitTestAdapter, Microsoft.VisualStudio.QualityTools.Tips.UnitTest.Adapter, Version=10.0.0.0, Culture=neutral, PublicKeyToken=b03f5f7f11d50a3a" className="CPAUnitTest.CachedIArrayTest, CPAUnitTest" name="GetElementSizeTest" />
    </UnitTest>
    <UnitTest name="WipeIndexTest" storage="c:\users\gwatson\desktop\sa\persistentarray\sadatabase\pafsunittest\bin\debug\pafsunittest.dll" id="a71a6b83-7f57-ce8c-0c72-5da1414dfef5">
      <Execution id="aa43cf58-1582-49af-a84a-92d30adec69a" />
      <TestMethod codeBase="C:\Users\gwatson\Desktop\SA\PersistentArray\SADatabase\PAFSUnitTest\bin\Debug\PAFSUnitTest.dll" adapterTypeName="Microsoft.VisualStudio.TestTools.TestTypes.Unit.UnitTestAdapter, Microsoft.VisualStudio.QualityTools.Tips.UnitTest.Adapter, Version=10.0.0.0, Culture=neutral, PublicKeyToken=b03f5f7f11d50a3a" className="PAFSUnitTest.IPersistentArraySpaceManagerTest, PAFSUnitTest" name="WipeIndexTest" />
    </UnitTest>
    <UnitTest name="ToIntTest" storage="c:\users\gwatson\desktop\sa\persistentarray\sadatabase\bytehelperunittest\bin\debug\bytehelperunittest.dll" id="cc0dd485-3eb5-47cf-79f5-71c3014c459a">
      <Execution id="cc6960b2-46c3-4223-98c3-a96fffd68c15" />
      <TestMethod codeBase="C:\Users\gwatson\Desktop\SA\PersistentArray\SADatabase\ByteHelperUnitTest\bin\Debug\ByteHelperUnitTest.dll" adapterTypeName="Microsoft.VisualStudio.TestTools.TestTypes.Unit.UnitTestAdapter, Microsoft.VisualStudio.QualityTools.Tips.UnitTest.Adapter, Version=10.0.0.0, Culture=neutral, PublicKeyToken=b03f5f7f11d50a3a" className="ByteHelperUnitTest.HelperTest, ByteHelperUnitTest" name="ToIntTest" />
    </UnitTest>
    <UnitTest name="GetHashCodeTest" storage="c:\users\gwatson\desktop\sa\persistentarray\sadatabase\bytehelperunittest\bin\debug\bytehelperunittest.dll" id="01045d66-f1c1-b905-4f83-06fa33497a3c">
      <Execution id="f2dda1bb-583a-42f0-8cf7-5ece9a885a6d" />
      <TestMethod codeBase="C:\Users\gwatson\Desktop\SA\PersistentArray\SADatabase\ByteHelperUnitTest\bin\Debug\ByteHelperUnitTest.dll" adapterTypeName="Microsoft.VisualStudio.TestTools.TestTypes.Unit.UnitTestAdapter, Microsoft.VisualStudio.QualityTools.Tips.UnitTest.Adapter, Version=10.0.0.0, Culture=neutral, PublicKeyToken=b03f5f7f11d50a3a" className="ByteHelperUnitTest.HelperTest, ByteHelperUnitTest" name="GetHashCodeTest" />
    </UnitTest>
    <UnitTest name="FileAlreadyExistsTest" storage="c:\users\gwatson\desktop\sa\persistentarray\sadatabase\filepersistenceunittest\bin\debug\filepersistenceunittest.dll" id="1232c426-0c7a-7827-61d6-db854aeef3be">
      <Execution id="a9e23e7a-0872-4253-b003-a98e4391caed" />
      <TestMethod codeBase="C:\Users\gwatson\Desktop\SA\PersistentArray\SADatabase\FilePersistenceUnitTest\bin\Debug\FilePersistenceUnitTest.dll" adapterTypeName="Microsoft.VisualStudio.TestTools.TestTypes.Unit.UnitTestAdapter, Microsoft.VisualStudio.QualityTools.Tips.UnitTest.Adapter, Version=10.0.0.0, Culture=neutral, PublicKeyToken=b03f5f7f11d50a3a" className="FilePersistenceUnitTest.FileWithHeaderTest, FilePersistenceUnitTest" name="FileAlreadyExistsTest" />
    </UnitTest>
    <UnitTest name="GetFileNameTest" storage="c:\users\gwatson\desktop\sa\persistentarray\sadatabase\persistenceunittest\bin\debug\persistenceunittest.dll" id="344d8cb8-23f2-23e3-3ec1-bef1b12c809d">
      <Execution id="eb61db8c-33f6-445c-8b2e-c60c84e2cd90" />
      <TestMethod codeBase="C:\Users\gwatson\Desktop\SA\PersistentArray\SADatabase\PersistenceUnitTest\bin\Debug\PersistenceUnitTest.dll" adapterTypeName="Microsoft.VisualStudio.TestTools.TestTypes.Unit.UnitTestAdapter, Microsoft.VisualStudio.QualityTools.Tips.UnitTest.Adapter, Version=10.0.0.0, Culture=neutral, PublicKeyToken=b03f5f7f11d50a3a" className="PersistenceUnitTest.RandomAccessFileTest, PersistenceUnitTest" name="GetFileNameTest" />
    </UnitTest>
    <UnitTest name="CtorTest" storage="c:\users\gwatson\desktop\sa\persistentarray\sadatabase\phtunittest\bin\debug\phtunittest.dll" id="2b9a3f45-3c5e-f945-6521-ce395feda3cb">
      <Execution id="4afe85fa-9587-48fa-bd98-4c8d0d0d3594" />
      <TestMethod codeBase="C:\Users\gwatson\Desktop\SA\PersistentArray\SADatabase\PHTUnitTest\bin\Debug\PHTUnitTest.dll" adapterTypeName="Microsoft.VisualStudio.TestTools.TestTypes.Unit.UnitTestAdapter, Microsoft.VisualStudio.QualityTools.Tips.UnitTest.Adapter, Version=10.0.0.0, Culture=neutral, PublicKeyToken=b03f5f7f11d50a3a" className="PHTUnitTest.HashTableHeaderTest, PHTUnitTest" name="CtorTest" />
    </UnitTest>
    <UnitTest name="AllocateSplitTest" storage="c:\users\gwatson\desktop\sa\persistentarray\sadatabase\phmunittest\bin\debug\phmunittest.dll" id="13b6656a-26f9-0ea8-7ea0-1310a5a1b2d4">
      <Execution id="6c1179f2-7118-45ac-973c-3445ce059233" />
      <TestMethod codeBase="C:\Users\gwatson\Desktop\SA\PersistentArray\SADatabase\PHMUnitTest\bin\Debug\PHMUnitTest.dll" adapterTypeName="Microsoft.VisualStudio.TestTools.TestTypes.Unit.UnitTestAdapter, Microsoft.VisualStudio.QualityTools.Tips.UnitTest.Adapter, Version=10.0.0.0, Culture=neutral, PublicKeyToken=b03f5f7f11d50a3a" className="PHMUnitTest.PersistentHeapTest, PHMUnitTest" name="AllocateSplitTest" />
    </UnitTest>
    <UnitTest name="PutGetTest" storage="c:\users\gwatson\desktop\sa\persistentarray\sadatabase\persistentarrayunittest\bin\debug\paunittest.dll" id="47e64445-4f51-07b5-3b92-f087a8ca68d5">
      <Execution id="cb76fb80-1d78-486e-a1f8-7141c4b40e4e" />
      <TestMethod codeBase="C:\Users\gwatson\Desktop\SA\PersistentArray\SADatabase\PersistentArrayUnitTest\bin\Debug\PAUnitTest.dll" adapterTypeName="Microsoft.VisualStudio.TestTools.TestTypes.Unit.UnitTestAdapter, Microsoft.VisualStudio.QualityTools.Tips.UnitTest.Adapter, Version=10.0.0.0, Culture=neutral, PublicKeyToken=b03f5f7f11d50a3a" className="PAUnitTest.IPersistentArrayTest, PAUnitTest" name="PutGetTest" />
    </UnitTest>
    <UnitTest name="GetPreviousTest" storage="c:\users\gwatson\desktop\sa\persistentarray\sadatabase\pllunittest\bin\debug\pllunittest.dll" id="565a9370-80c9-3456-28b5-ca4466bce36c">
      <Execution id="33ed6ac2-1790-4383-860c-a12068678253" />
      <TestMethod codeBase="C:\Users\gwatson\Desktop\SA\PersistentArray\SADatabase\PLLUnitTest\bin\Debug\PLLUnitTest.dll" adapterTypeName="Microsoft.VisualStudio.TestTools.TestTypes.Unit.UnitTestAdapter, Microsoft.VisualStudio.QualityTools.Tips.UnitTest.Adapter, Version=10.0.0.0, Culture=neutral, PublicKeyToken=b03f5f7f11d50a3a" className="PLLUnitTest.PersistentLinkedListTest, PLLUnitTest" name="GetPreviousTest" />
    </UnitTest>
    <UnitTest name="NoArrayTest" storage="c:\users\gwatson\desktop\sa\persistentarray\sadatabase\persistentarrayunittest\bin\debug\paunittest.dll" id="86053b92-a17e-53c2-7d77-530c0fa14797">
      <Execution id="f222f406-3749-40e7-941a-618b07b74bbf" />
      <TestMethod codeBase="C:\Users\gwatson\Desktop\SA\PersistentArray\SADatabase\PersistentArrayUnitTest\bin\Debug\PAUnitTest.dll" adapterTypeName="Microsoft.VisualStudio.TestTools.TestTypes.Unit.UnitTestAdapter, Microsoft.VisualStudio.QualityTools.Tips.UnitTest.Adapter, Version=10.0.0.0, Culture=neutral, PublicKeyToken=b03f5f7f11d50a3a" className="PAUnitTest.IPersistentArrayTest, PAUnitTest" name="NoArrayTest" />
    </UnitTest>
    <UnitTest name="DeserializeTest" storage="c:\users\gwatson\desktop\sa\persistentarray\sadatabase\phtunittest\bin\debug\phtunittest.dll" id="35a16e41-d355-d959-88ea-aa8f91cea11b">
      <Execution id="edf4adb1-1063-4921-86b0-7eda025eb266" />
      <TestMethod codeBase="C:\Users\gwatson\Desktop\SA\PersistentArray\SADatabase\PHTUnitTest\bin\Debug\PHTUnitTest.dll" adapterTypeName="Microsoft.VisualStudio.TestTools.TestTypes.Unit.UnitTestAdapter, Microsoft.VisualStudio.QualityTools.Tips.UnitTest.Adapter, Version=10.0.0.0, Culture=neutral, PublicKeyToken=b03f5f7f11d50a3a" className="PHTUnitTest.HashTableElementTest, PHTUnitTest" name="DeserializeTest" />
    </UnitTest>
    <UnitTest name="DeserializeTest" storage="c:\users\gwatson\desktop\sa\persistentarray\sadatabase\phmunittest\bin\debug\phmunittest.dll" id="636ae8bd-e313-1098-6c8a-b8c8ef7b79b2">
      <Execution id="51d17bf7-cf1a-4b09-bcca-898a909fe98a" />
      <TestMethod codeBase="C:\Users\gwatson\Desktop\SA\PersistentArray\SADatabase\PHMUnitTest\bin\Debug\PHMUnitTest.dll" adapterTypeName="Microsoft.VisualStudio.TestTools.TestTypes.Unit.UnitTestAdapter, Microsoft.VisualStudio.QualityTools.Tips.UnitTest.Adapter, Version=10.0.0.0, Culture=neutral, PublicKeyToken=b03f5f7f11d50a3a" className="PHMUnitTest.PersistentHeapHeaderTest, PHMUnitTest" name="DeserializeTest" />
    </UnitTest>
    <UnitTest name="EmptyNameTest" storage="c:\users\gwatson\desktop\sa\persistentarray\sadatabase\persistentarrayunittest\bin\debug\paunittest.dll" id="5335332c-34c5-80ee-4a17-60db3bec8999">
      <Execution id="5164432e-37db-4043-a0d6-d4f3e0dfff97" />
      <TestMethod codeBase="C:\Users\gwatson\Desktop\SA\PersistentArray\SADatabase\PersistentArrayUnitTest\bin\Debug\PAUnitTest.dll" adapterTypeName="Microsoft.VisualStudio.TestTools.TestTypes.Unit.UnitTestAdapter, Microsoft.VisualStudio.QualityTools.Tips.UnitTest.Adapter, Version=10.0.0.0, Culture=neutral, PublicKeyToken=b03f5f7f11d50a3a" className="PAUnitTest.IPersistentArrayTest, PAUnitTest" name="EmptyNameTest" />
    </UnitTest>
    <UnitTest name="GetUserHeaderSizeTest" storage="c:\users\gwatson\desktop\sa\persistentarray\sadatabase\phtunittest\bin\debug\phtunittest.dll" id="1604b673-3185-b533-77b5-a1fcf04b160d">
      <Execution id="3fe5535d-2adf-4cc4-946a-08c0211f613b" />
      <TestMethod codeBase="C:\Users\gwatson\Desktop\SA\PersistentArray\SADatabase\PHTUnitTest\bin\Debug\PHTUnitTest.dll" adapterTypeName="Microsoft.VisualStudio.TestTools.TestTypes.Unit.UnitTestAdapter, Microsoft.VisualStudio.QualityTools.Tips.UnitTest.Adapter, Version=10.0.0.0, Culture=neutral, PublicKeyToken=b03f5f7f11d50a3a" className="PHTUnitTest.PersistentHashTableTest, PHTUnitTest" name="GetUserHeaderSizeTest" />
    </UnitTest>
    <UnitTest name="RandomAccessFileConstructorTest" storage="c:\users\gwatson\desktop\sa\persistentarray\sadatabase\persistenceunittest\bin\debug\persistenceunittest.dll" id="9c153991-159a-b725-d7ba-010f61b98530">
      <Execution id="1e31b51d-715d-44ee-ab0b-84530c3ed057" />
      <TestMethod codeBase="C:\Users\gwatson\Desktop\SA\PersistentArray\SADatabase\PersistenceUnitTest\bin\Debug\PersistenceUnitTest.dll" adapterTypeName="Microsoft.VisualStudio.TestTools.TestTypes.Unit.UnitTestAdapter, Microsoft.VisualStudio.QualityTools.Tips.UnitTest.Adapter, Version=10.0.0.0, Culture=neutral, PublicKeyToken=b03f5f7f11d50a3a" className="PersistenceUnitTest.RandomAccessFileTest, PersistenceUnitTest" name="RandomAccessFileConstructorTest" />
    </UnitTest>
    <UnitTest name="PutGetTest" storage="c:\users\gwatson\desktop\sa\persistentarray\sadatabase\phmunittest\bin\debug\phmunittest.dll" id="bfb74228-802c-ebf9-5059-adacad2817c5">
      <Execution id="0e4a26cd-59f4-4e4e-b8da-6f39c5f952ad" />
      <TestMethod codeBase="C:\Users\gwatson\Desktop\SA\PersistentArray\SADatabase\PHMUnitTest\bin\Debug\PHMUnitTest.dll" adapterTypeName="Microsoft.VisualStudio.TestTools.TestTypes.Unit.UnitTestAdapter, Microsoft.VisualStudio.QualityTools.Tips.UnitTest.Adapter, Version=10.0.0.0, Culture=neutral, PublicKeyToken=b03f5f7f11d50a3a" className="PHMUnitTest.PersistentHeapTest, PHMUnitTest" name="PutGetTest" />
    </UnitTest>
    <UnitTest name="ReopenTest" storage="c:\users\gwatson\desktop\sa\persistentarray\sadatabase\persistentarrayunittest\bin\debug\paunittest.dll" id="00a5a340-dd24-58d6-2c39-57102dd10a93">
      <Execution id="c70eda39-e86f-4995-a0f3-4e95e844af8f" />
      <TestMethod codeBase="C:\Users\gwatson\Desktop\SA\PersistentArray\SADatabase\PersistentArrayUnitTest\bin\Debug\PAUnitTest.dll" adapterTypeName="Microsoft.VisualStudio.TestTools.TestTypes.Unit.UnitTestAdapter, Microsoft.VisualStudio.QualityTools.Tips.UnitTest.Adapter, Version=10.0.0.0, Culture=neutral, PublicKeyToken=b03f5f7f11d50a3a" className="PAUnitTest.IPersistentArrayTest, PAUnitTest" name="ReopenTest" />
    </UnitTest>
    <UnitTest name="WriteIntTest" storage="c:\users\gwatson\desktop\sa\persistentarray\sadatabase\persistenceunittest\bin\debug\persistenceunittest.dll" id="7f8205c8-b606-8c59-76b5-fbdb8f56ecd0">
      <Execution id="a228094c-822a-4d03-86c7-8c57fb4c2f11" />
      <TestMethod codeBase="C:\Users\gwatson\Desktop\SA\PersistentArray\SADatabase\PersistenceUnitTest\bin\Debug\PersistenceUnitTest.dll" adapterTypeName="Microsoft.VisualStudio.TestTools.TestTypes.Unit.UnitTestAdapter, Microsoft.VisualStudio.QualityTools.Tips.UnitTest.Adapter, Version=10.0.0.0, Culture=neutral, PublicKeyToken=b03f5f7f11d50a3a" className="PersistenceUnitTest.SlowRAFTest, PersistenceUnitTest" name="WriteIntTest" />
    </UnitTest>
    <UnitTest name="AddToStartTest" storage="c:\users\gwatson\desktop\sa\persistentarray\sadatabase\pllunittest\bin\debug\pllunittest.dll" id="0ef3c0a1-e279-0642-068f-cf09f20b4b4e">
      <Execution id="cb7bc6cd-ee0a-4652-8a06-5493f7ee4bca" />
      <TestMethod codeBase="C:\Users\gwatson\Desktop\SA\PersistentArray\SADatabase\PLLUnitTest\bin\Debug\PLLUnitTest.dll" adapterTypeName="Microsoft.VisualStudio.TestTools.TestTypes.Unit.UnitTestAdapter, Microsoft.VisualStudio.QualityTools.Tips.UnitTest.Adapter, Version=10.0.0.0, Culture=neutral, PublicKeyToken=b03f5f7f11d50a3a" className="PLLUnitTest.PersistentLinkedListTest, PLLUnitTest" name="AddToStartTest" />
    </UnitTest>
    <UnitTest name="GetNextIndexTest" storage="c:\users\gwatson\desktop\sa\persistentarray\sadatabase\cpaunittest\bin\debug\cpaunittest.dll" id="c5e39726-deec-c4f7-824b-1e41432b6b87">
      <Execution id="1b4ffa45-84a4-4eac-8d0e-0bbf1c282cbf" />
      <TestMethod codeBase="C:\Users\gwatson\Desktop\SA\PersistentArray\SADatabase\CPAUnitTest\bin\Debug\CPAUnitTest.dll" adapterTypeName="Microsoft.VisualStudio.TestTools.TestTypes.Unit.UnitTestAdapter, Microsoft.VisualStudio.QualityTools.Tips.UnitTest.Adapter, Version=10.0.0.0, Culture=neutral, PublicKeyToken=b03f5f7f11d50a3a" className="CPAUnitTest.CachedIArrayTest, CPAUnitTest" name="GetNextIndexTest" />
    </UnitTest>
    <UnitTest name="AddToEndTest" storage="c:\users\gwatson\desktop\sa\persistentarray\sadatabase\pllunittest\bin\debug\pllunittest.dll" id="e5f5eeb7-8767-c831-6700-d29e08cf89bb">
      <Execution id="d5df9d41-74d7-4c21-94ea-280d56e045c5" />
      <TestMethod codeBase="C:\Users\gwatson\Desktop\SA\PersistentArray\SADatabase\PLLUnitTest\bin\Debug\PLLUnitTest.dll" adapterTypeName="Microsoft.VisualStudio.TestTools.TestTypes.Unit.UnitTestAdapter, Microsoft.VisualStudio.QualityTools.Tips.UnitTest.Adapter, Version=10.0.0.0, Culture=neutral, PublicKeyToken=b03f5f7f11d50a3a" className="PLLUnitTest.PersistentLinkedListTest, PLLUnitTest" name="AddToEndTest" />
    </UnitTest>
    <UnitTest name="GetPutUserHeaderTest" storage="c:\users\gwatson\desktop\sa\persistentarray\sadatabase\filepersistenceunittest\bin\debug\filepersistenceunittest.dll" id="119f0d26-abb3-b910-6e20-3eb2e8267f66">
      <Execution id="1a4d33cf-752d-479c-8af3-4cee02e1cebb" />
      <TestMethod codeBase="C:\Users\gwatson\Desktop\SA\PersistentArray\SADatabase\FilePersistenceUnitTest\bin\Debug\FilePersistenceUnitTest.dll" adapterTypeName="Microsoft.VisualStudio.TestTools.TestTypes.Unit.UnitTestAdapter, Microsoft.VisualStudio.QualityTools.Tips.UnitTest.Adapter, Version=10.0.0.0, Culture=neutral, PublicKeyToken=b03f5f7f11d50a3a" className="FilePersistenceUnitTest.FileWithHeaderTest, FilePersistenceUnitTest" name="GetPutUserHeaderTest" />
    </UnitTest>
    <UnitTest name="ReopenTest" storage="c:\users\gwatson\desktop\sa\persistentarray\sadatabase\pafsunittest\bin\debug\pafsunittest.dll" id="1af0c77b-4d3c-a3e7-21cb-37332222dd11">
      <Execution id="e79f9543-6359-4a5d-b9a1-3840ad18bbb2" />
      <TestMethod codeBase="C:\Users\gwatson\Desktop\SA\PersistentArray\SADatabase\PAFSUnitTest\bin\Debug\PAFSUnitTest.dll" adapterTypeName="Microsoft.VisualStudio.TestTools.TestTypes.Unit.UnitTestAdapter, Microsoft.VisualStudio.QualityTools.Tips.UnitTest.Adapter, Version=10.0.0.0, Culture=neutral, PublicKeyToken=b03f5f7f11d50a3a" className="PAFSUnitTest.IPersistentArraySpaceManagerTest, PAFSUnitTest" name="ReopenTest" />
    </UnitTest>
    <UnitTest name="FreeMergeBeforeTest" storage="c:\users\gwatson\desktop\sa\persistentarray\sadatabase\phmunittest\bin\debug\phmunittest.dll" id="846fd299-442f-a81b-5ff1-400c3a67c543">
      <Execution id="1b6fee54-6c53-4a06-9ee4-c44c8a7a66f8" />
      <TestMethod codeBase="C:\Users\gwatson\Desktop\SA\PersistentArray\SADatabase\PHMUnitTest\bin\Debug\PHMUnitTest.dll" adapterTypeName="Microsoft.VisualStudio.TestTools.TestTypes.Unit.UnitTestAdapter, Microsoft.VisualStudio.QualityTools.Tips.UnitTest.Adapter, Version=10.0.0.0, Culture=neutral, PublicKeyToken=b03f5f7f11d50a3a" className="PHMUnitTest.PersistentHeapTest, PHMUnitTest" name="FreeMergeBeforeTest" />
    </UnitTest>
    <UnitTest name="CloseTest" storage="c:\users\gwatson\desktop\sa\persistentarray\sadatabase\cpaunittest\bin\debug\cpaunittest.dll" id="71ffb975-3ee7-3930-0f3e-7889b95a130e">
      <Execution id="d2980f88-3790-4c99-856f-d39602b9705a" />
      <TestMethod codeBase="C:\Users\gwatson\Desktop\SA\PersistentArray\SADatabase\CPAUnitTest\bin\Debug\CPAUnitTest.dll" adapterTypeName="Microsoft.VisualStudio.TestTools.TestTypes.Unit.UnitTestAdapter, Microsoft.VisualStudio.QualityTools.Tips.UnitTest.Adapter, Version=10.0.0.0, Culture=neutral, PublicKeyToken=b03f5f7f11d50a3a" className="CPAUnitTest.CachedIArrayTest, CPAUnitTest" name="CloseTest" />
    </UnitTest>
    <UnitTest name="NodeCtorTest" storage="c:\users\gwatson\desktop\sa\persistentarray\sadatabase\cpaunittest\bin\debug\cpaunittest.dll" id="b1c5d96c-054d-4348-7a86-0ce106021a41">
      <Execution id="94de37e3-d808-4c7b-97e3-2bab30e7f55c" />
      <TestMethod codeBase="C:\Users\gwatson\Desktop\SA\PersistentArray\SADatabase\CPAUnitTest\bin\Debug\CPAUnitTest.dll" adapterTypeName="Microsoft.VisualStudio.TestTools.TestTypes.Unit.UnitTestAdapter, Microsoft.VisualStudio.QualityTools.Tips.UnitTest.Adapter, Version=10.0.0.0, Culture=neutral, PublicKeyToken=b03f5f7f11d50a3a" className="CPAUnitTest.NodeTest, CPAUnitTest" name="NodeCtorTest" />
    </UnitTest>
    <UnitTest name="Append2Test" storage="c:\users\gwatson\desktop\sa\persistentarray\sadatabase\bytehelperunittest\bin\debug\bytehelperunittest.dll" id="9042f580-80d7-070e-6671-c783c7157c04">
      <Execution id="4e23091d-8c79-425f-b38d-aebb9618e575" />
      <TestMethod codeBase="C:\Users\gwatson\Desktop\SA\PersistentArray\SADatabase\ByteHelperUnitTest\bin\Debug\ByteHelperUnitTest.dll" adapterTypeName="Microsoft.VisualStudio.TestTools.TestTypes.Unit.UnitTestAdapter, Microsoft.VisualStudio.QualityTools.Tips.UnitTest.Adapter, Version=10.0.0.0, Culture=neutral, PublicKeyToken=b03f5f7f11d50a3a" className="ByteHelperUnitTest.HelperTest, ByteHelperUnitTest" name="Append2Test" />
    </UnitTest>
    <UnitTest name="SeekTest" storage="c:\users\gwatson\desktop\sa\persistentarray\sadatabase\persistenceunittest\bin\debug\persistenceunittest.dll" id="610385d3-c2b5-eeb9-1ed4-86ca6ad846de">
      <Execution id="4467b14c-0814-4907-8810-751cb27b8856" />
      <TestMethod codeBase="C:\Users\gwatson\Desktop\SA\PersistentArray\SADatabase\PersistenceUnitTest\bin\Debug\PersistenceUnitTest.dll" adapterTypeName="Microsoft.VisualStudio.TestTools.TestTypes.Unit.UnitTestAdapter, Microsoft.VisualStudio.QualityTools.Tips.UnitTest.Adapter, Version=10.0.0.0, Culture=neutral, PublicKeyToken=b03f5f7f11d50a3a" className="PersistenceUnitTest.RandomAccessFileTest, PersistenceUnitTest" name="SeekTest" />
    </UnitTest>
    <UnitTest name="AssertNotBadNodeIndexTest" storage="c:\users\gwatson\desktop\sa\persistentarray\sadatabase\pllunittest\bin\debug\pllunittest.dll" id="63cc42b4-1dc6-41a3-f417-45c71de20956">
      <Execution id="0d5806af-40a9-4969-b07b-2079a9b18a4a" />
      <TestMethod codeBase="C:\Users\gwatson\Desktop\SA\PersistentArray\SADatabase\PLLUnitTest\bin\Debug\PLLUnitTest.dll" adapterTypeName="Microsoft.VisualStudio.TestTools.TestTypes.Unit.UnitTestAdapter, Microsoft.VisualStudio.QualityTools.Tips.UnitTest.Adapter, Version=10.0.0.0, Culture=neutral, PublicKeyToken=b03f5f7f11d50a3a" className="PLLUnitTest.PersistentLinkedListTest, PLLUnitTest" name="AssertNotBadNodeIndexTest" />
    </UnitTest>
    <UnitTest name="UserHeaderConstructorTest" storage="c:\users\gwatson\desktop\sa\persistentarray\sadatabase\filepersistenceunittest\bin\debug\filepersistenceunittest.dll" id="a9ffaa5b-f9ae-7924-38fd-a4efa57e9554">
      <Execution id="a5f5fcd6-331c-4c9b-9586-b3d2043a3385" />
      <TestMethod codeBase="C:\Users\gwatson\Desktop\SA\PersistentArray\SADatabase\FilePersistenceUnitTest\bin\Debug\FilePersistenceUnitTest.dll" adapterTypeName="Microsoft.VisualStudio.TestTools.TestTypes.Unit.UnitTestAdapter, Microsoft.VisualStudio.QualityTools.Tips.UnitTest.Adapter, Version=10.0.0.0, Culture=neutral, PublicKeyToken=b03f5f7f11d50a3a" className="FilePersistenceUnitTest.UserHeaderTest, FilePersistenceUnitTest" name="UserHeaderConstructorTest" />
    </UnitTest>
    <UnitTest name="GetNextTest" storage="c:\users\gwatson\desktop\sa\persistentarray\sadatabase\pllunittest\bin\debug\pllunittest.dll" id="ffe04048-3d0c-a00a-f497-66ad2a87b507">
      <Execution id="bf47e302-8607-4d70-82c9-38724b2c81ba" />
      <TestMethod codeBase="C:\Users\gwatson\Desktop\SA\PersistentArray\SADatabase\PLLUnitTest\bin\Debug\PLLUnitTest.dll" adapterTypeName="Microsoft.VisualStudio.TestTools.TestTypes.Unit.UnitTestAdapter, Microsoft.VisualStudio.QualityTools.Tips.UnitTest.Adapter, Version=10.0.0.0, Culture=neutral, PublicKeyToken=b03f5f7f11d50a3a" className="PLLUnitTest.PersistentLinkedListTest, PLLUnitTest" name="GetNextTest" />
    </UnitTest>
    <UnitTest name="DeserializeTest" storage="c:\users\gwatson\desktop\sa\persistentarray\sadatabase\phtunittest\bin\debug\phtunittest.dll" id="5e1a90a3-2d69-9f23-3961-d8b82f54f7e7">
      <Execution id="7918e05d-7fe2-419a-aa9b-71901ef8ef42" />
      <TestMethod codeBase="C:\Users\gwatson\Desktop\SA\PersistentArray\SADatabase\PHTUnitTest\bin\Debug\PHTUnitTest.dll" adapterTypeName="Microsoft.VisualStudio.TestTools.TestTypes.Unit.UnitTestAdapter, Microsoft.VisualStudio.QualityTools.Tips.UnitTest.Adapter, Version=10.0.0.0, Culture=neutral, PublicKeyToken=b03f5f7f11d50a3a" className="PHTUnitTest.HashTableHeaderTest, PHTUnitTest" name="DeserializeTest" />
    </UnitTest>
    <UnitTest name="Append1Test" storage="c:\users\gwatson\desktop\sa\persistentarray\sadatabase\bytehelperunittest\bin\debug\bytehelperunittest.dll" id="e489bd92-1fdb-dce0-d50f-126dc15b0598">
      <Execution id="d91afb92-9870-44bf-a287-8ba1067a42e2" />
      <TestMethod codeBase="C:\Users\gwatson\Desktop\SA\PersistentArray\SADatabase\ByteHelperUnitTest\bin\Debug\ByteHelperUnitTest.dll" adapterTypeName="Microsoft.VisualStudio.TestTools.TestTypes.Unit.UnitTestAdapter, Microsoft.VisualStudio.QualityTools.Tips.UnitTest.Adapter, Version=10.0.0.0, Culture=neutral, PublicKeyToken=b03f5f7f11d50a3a" className="ByteHelperUnitTest.HelperTest, ByteHelperUnitTest" name="Append1Test" />
    </UnitTest>
    <UnitTest name="GetNextIndexTest" storage="c:\users\gwatson\desktop\sa\persistentarray\sadatabase\persistentarrayunittest\bin\debug\paunittest.dll" id="07414e15-0007-4d7b-15c6-ec13fc17ad8b">
      <Execution id="86e576b5-2cdf-4fc8-a903-3a702c2872a2" />
      <TestMethod codeBase="C:\Users\gwatson\Desktop\SA\PersistentArray\SADatabase\PersistentArrayUnitTest\bin\Debug\PAUnitTest.dll" adapterTypeName="Microsoft.VisualStudio.TestTools.TestTypes.Unit.UnitTestAdapter, Microsoft.VisualStudio.QualityTools.Tips.UnitTest.Adapter, Version=10.0.0.0, Culture=neutral, PublicKeyToken=b03f5f7f11d50a3a" className="PAUnitTest.IPersistentArrayTest, PAUnitTest" name="GetNextIndexTest" />
    </UnitTest>
    <UnitTest name="SizeInBytesTest" storage="c:\users\gwatson\desktop\sa\persistentarray\sadatabase\phmunittest\bin\debug\phmunittest.dll" id="282879a0-7b32-ff9a-e44c-1a4579417208">
      <Execution id="f451244d-65ce-4a45-bc1d-0a7fac2adc86" />
      <TestMethod codeBase="C:\Users\gwatson\Desktop\SA\PersistentArray\SADatabase\PHMUnitTest\bin\Debug\PHMUnitTest.dll" adapterTypeName="Microsoft.VisualStudio.TestTools.TestTypes.Unit.UnitTestAdapter, Microsoft.VisualStudio.QualityTools.Tips.UnitTest.Adapter, Version=10.0.0.0, Culture=neutral, PublicKeyToken=b03f5f7f11d50a3a" className="PHMUnitTest.PersistentHeapSpaceTest, PHMUnitTest" name="SizeInBytesTest" />
    </UnitTest>
    <UnitTest name="CreateTest" storage="c:\users\gwatson\desktop\sa\persistentarray\sadatabase\pllunittest\bin\debug\pllunittest.dll" id="fd2220b2-26eb-6999-62ad-4cbb765b850c">
      <Execution id="b26a0f91-d38d-4927-a5b5-1bb6765fe03d" />
      <TestMethod codeBase="C:\Users\gwatson\Desktop\SA\PersistentArray\SADatabase\PLLUnitTest\bin\Debug\PLLUnitTest.dll" adapterTypeName="Microsoft.VisualStudio.TestTools.TestTypes.Unit.UnitTestAdapter, Microsoft.VisualStudio.QualityTools.Tips.UnitTest.Adapter, Version=10.0.0.0, Culture=neutral, PublicKeyToken=b03f5f7f11d50a3a" className="PLLUnitTest.PersistentLinkedListTest, PLLUnitTest" name="CreateTest" />
    </UnitTest>
    <UnitTest name="InsertThrowsTest" storage="c:\users\gwatson\desktop\sa\persistentarray\sadatabase\pllunittest\bin\debug\pllunittest.dll" id="7256c121-b7a1-76a6-3a43-87fec1af02da">
      <Execution id="c4480582-7ba4-4e4d-bc75-837505141aa3" />
      <TestMethod codeBase="C:\Users\gwatson\Desktop\SA\PersistentArray\SADatabase\PLLUnitTest\bin\Debug\PLLUnitTest.dll" adapterTypeName="Microsoft.VisualStudio.TestTools.TestTypes.Unit.UnitTestAdapter, Microsoft.VisualStudio.QualityTools.Tips.UnitTest.Adapter, Version=10.0.0.0, Culture=neutral, PublicKeyToken=b03f5f7f11d50a3a" className="PLLUnitTest.PersistentLinkedListTest, PLLUnitTest" name="InsertThrowsTest" />
    </UnitTest>
    <UnitTest name="CreateCtorTest" storage="c:\users\gwatson\desktop\sa\persistentarray\sadatabase\cpaunittest\bin\debug\cpaunittest.dll" id="414c1d58-8de9-a775-6ff6-4a9efb4178ab">
      <Execution id="ce11aed6-07fd-4cfb-bc67-d18d693872ab" />
      <TestMethod codeBase="C:\Users\gwatson\Desktop\SA\PersistentArray\SADatabase\CPAUnitTest\bin\Debug\CPAUnitTest.dll" adapterTypeName="Microsoft.VisualStudio.TestTools.TestTypes.Unit.UnitTestAdapter, Microsoft.VisualStudio.QualityTools.Tips.UnitTest.Adapter, Version=10.0.0.0, Culture=neutral, PublicKeyToken=b03f5f7f11d50a3a" className="CPAUnitTest.CachedIArrayTest, CPAUnitTest" name="CreateCtorTest" />
    </UnitTest>
    <UnitTest name="CtorCreateTest" storage="c:\users\gwatson\desktop\sa\persistentarray\sadatabase\phmunittest\bin\debug\phmunittest.dll" id="c1c24e9f-1ef1-eaa1-585b-5748c70dad65">
      <Execution id="5e07fbc1-8926-4513-b1e8-c2025a9dbf4c" />
      <TestMethod codeBase="C:\Users\gwatson\Desktop\SA\PersistentArray\SADatabase\PHMUnitTest\bin\Debug\PHMUnitTest.dll" adapterTypeName="Microsoft.VisualStudio.TestTools.TestTypes.Unit.UnitTestAdapter, Microsoft.VisualStudio.QualityTools.Tips.UnitTest.Adapter, Version=10.0.0.0, Culture=neutral, PublicKeyToken=b03f5f7f11d50a3a" className="PHMUnitTest.PersistentHeapTest, PHMUnitTest" name="CtorCreateTest" />
    </UnitTest>
    <UnitTest name="GetUserHeaderTest" storage="c:\users\gwatson\desktop\sa\persistentarray\sadatabase\pafsunittest\bin\debug\pafsunittest.dll" id="5e51bd1e-dd26-d7ed-b6ba-6a8f01ee0f1b">
      <Execution id="dabbd4c6-8cf2-4259-af71-2b5fdbcfa295" />
      <TestMethod codeBase="C:\Users\gwatson\Desktop\SA\PersistentArray\SADatabase\PAFSUnitTest\bin\Debug\PAFSUnitTest.dll" adapterTypeName="Microsoft.VisualStudio.TestTools.TestTypes.Unit.UnitTestAdapter, Microsoft.VisualStudio.QualityTools.Tips.UnitTest.Adapter, Version=10.0.0.0, Culture=neutral, PublicKeyToken=b03f5f7f11d50a3a" className="PAFSUnitTest.IPersistentArraySpaceManagerTest, PAFSUnitTest" name="GetUserHeaderTest" />
    </UnitTest>
    <UnitTest name="LRUElementCacheCtorTest" storage="c:\users\gwatson\desktop\sa\persistentarray\sadatabase\cpaunittest\bin\debug\cpaunittest.dll" id="818a96ef-af23-e852-2659-31e5781f9e2c">
      <Execution id="994ff001-a574-4d92-acdc-5108a1f50525" />
      <TestMethod codeBase="C:\Users\gwatson\Desktop\SA\PersistentArray\SADatabase\CPAUnitTest\bin\Debug\CPAUnitTest.dll" adapterTypeName="Microsoft.VisualStudio.TestTools.TestTypes.Unit.UnitTestAdapter, Microsoft.VisualStudio.QualityTools.Tips.UnitTest.Adapter, Version=10.0.0.0, Culture=neutral, PublicKeyToken=b03f5f7f11d50a3a" className="CPAUnitTest.LRUElementCacheTest, CPAUnitTest" name="LRUElementCacheCtorTest" />
    </UnitTest>
    <UnitTest name="CtorTest" storage="c:\users\gwatson\desktop\sa\persistentarray\sadatabase\phmunittest\bin\debug\phmunittest.dll" id="dc59e212-85a1-3e76-d4aa-2b0731bd07f1">
      <Execution id="cf570482-4906-4f9a-9f7f-16a250ad13f2" />
      <TestMethod codeBase="C:\Users\gwatson\Desktop\SA\PersistentArray\SADatabase\PHMUnitTest\bin\Debug\PHMUnitTest.dll" adapterTypeName="Microsoft.VisualStudio.TestTools.TestTypes.Unit.UnitTestAdapter, Microsoft.VisualStudio.QualityTools.Tips.UnitTest.Adapter, Version=10.0.0.0, Culture=neutral, PublicKeyToken=b03f5f7f11d50a3a" className="PHMUnitTest.PersistentHeapFreeSpaceTest, PHMUnitTest" name="CtorTest" />
    </UnitTest>
    <UnitTest name="GetTest" storage="c:\users\gwatson\desktop\sa\persistentarray\sadatabase\cpaunittest\bin\debug\cpaunittest.dll" id="4aeb4eda-2347-4daf-0915-85bd224c5d85">
      <Execution id="a0293407-79f1-4322-a7b1-46f714c32b25" />
      <TestMethod codeBase="C:\Users\gwatson\Desktop\SA\PersistentArray\SADatabase\CPAUnitTest\bin\Debug\CPAUnitTest.dll" adapterTypeName="Microsoft.VisualStudio.TestTools.TestTypes.Unit.UnitTestAdapter, Microsoft.VisualStudio.QualityTools.Tips.UnitTest.Adapter, Version=10.0.0.0, Culture=neutral, PublicKeyToken=b03f5f7f11d50a3a" className="CPAUnitTest.CachedIArrayTest, CPAUnitTest" name="GetTest" />
    </UnitTest>
    <UnitTest name="CtorTest" storage="c:\users\gwatson\desktop\sa\persistentarray\sadatabase\phtunittest\bin\debug\phtunittest.dll" id="2ecace38-de69-65fe-78ba-795f763f7921">
      <Execution id="af95b29e-f2c4-49d6-bec6-a674b7983b33" />
      <TestMethod codeBase="C:\Users\gwatson\Desktop\SA\PersistentArray\SADatabase\PHTUnitTest\bin\Debug\PHTUnitTest.dll" adapterTypeName="Microsoft.VisualStudio.TestTools.TestTypes.Unit.UnitTestAdapter, Microsoft.VisualStudio.QualityTools.Tips.UnitTest.Adapter, Version=10.0.0.0, Culture=neutral, PublicKeyToken=b03f5f7f11d50a3a" className="PHTUnitTest.PersistentHashTableTest, PHTUnitTest" name="CtorTest" />
    </UnitTest>
    <UnitTest name="WriteToStorageTest" storage="c:\users\gwatson\desktop\sa\persistentarray\sadatabase\filepersistenceunittest\bin\debug\filepersistenceunittest.dll" id="2053caf7-0cee-71a7-c0a3-31f51653539e">
      <Execution id="ebe6aeac-6217-4df2-adc4-90109f194898" />
      <TestMethod codeBase="C:\Users\gwatson\Desktop\SA\PersistentArray\SADatabase\FilePersistenceUnitTest\bin\Debug\FilePersistenceUnitTest.dll" adapterTypeName="Microsoft.VisualStudio.TestTools.TestTypes.Unit.UnitTestAdapter, Microsoft.VisualStudio.QualityTools.Tips.UnitTest.Adapter, Version=10.0.0.0, Culture=neutral, PublicKeyToken=b03f5f7f11d50a3a" className="FilePersistenceUnitTest.UserHeaderTest, FilePersistenceUnitTest" name="WriteToStorageTest" />
    </UnitTest>
    <UnitTest name="PutGetUserHeaderTest" storage="c:\users\gwatson\desktop\sa\persistentarray\sadatabase\cpaunittest\bin\debug\cpaunittest.dll" id="7ad6c21f-feaf-20c3-6794-ee2d02f21a1c">
      <Execution id="08d4446a-ed3a-4999-89bb-39156716a339" />
      <TestMethod codeBase="C:\Users\gwatson\Desktop\SA\PersistentArray\SADatabase\CPAUnitTest\bin\Debug\CPAUnitTest.dll" adapterTypeName="Microsoft.VisualStudio.TestTools.TestTypes.Unit.UnitTestAdapter, Microsoft.VisualStudio.QualityTools.Tips.UnitTest.Adapter, Version=10.0.0.0, Culture=neutral, PublicKeyToken=b03f5f7f11d50a3a" className="CPAUnitTest.CachedIArrayTest, CPAUnitTest" name="PutGetUserHeaderTest" />
    </UnitTest>
    <UnitTest name="InsertLinksCorrectlyTest" storage="c:\users\gwatson\desktop\sa\persistentarray\sadatabase\pllunittest\bin\debug\pllunittest.dll" id="f0820a20-bffa-aca4-73b6-cb5b10486dcd">
      <Execution id="f9ef5506-945f-427f-a7ed-0981c81c72ab" />
      <TestMethod codeBase="C:\Users\gwatson\Desktop\SA\PersistentArray\SADatabase\PLLUnitTest\bin\Debug\PLLUnitTest.dll" adapterTypeName="Microsoft.VisualStudio.TestTools.TestTypes.Unit.UnitTestAdapter, Microsoft.VisualStudio.QualityTools.Tips.UnitTest.Adapter, Version=10.0.0.0, Culture=neutral, PublicKeyToken=b03f5f7f11d50a3a" className="PLLUnitTest.PersistentLinkedListTest, PLLUnitTest" name="InsertLinksCorrectlyTest" />
    </UnitTest>
    <UnitTest name="GetTest" storage="c:\users\gwatson\desktop\sa\persistentarray\sadatabase\cpaunittest\bin\debug\cpaunittest.dll" id="386c50f6-2d09-529c-8336-cdd485ffb439">
      <Execution id="a2697d9a-f18c-42a7-bb14-5c594788e0e7" />
      <TestMethod codeBase="C:\Users\gwatson\Desktop\SA\PersistentArray\SADatabase\CPAUnitTest\bin\Debug\CPAUnitTest.dll" adapterTypeName="Microsoft.VisualStudio.TestTools.TestTypes.Unit.UnitTestAdapter, Microsoft.VisualStudio.QualityTools.Tips.UnitTest.Adapter, Version=10.0.0.0, Culture=neutral, PublicKeyToken=b03f5f7f11d50a3a" className="CPAUnitTest.LRUElementCacheTest, CPAUnitTest" name="GetTest" />
    </UnitTest>
    <UnitTest name="SerializeTest" storage="c:\users\gwatson\desktop\sa\persistentarray\sadatabase\pafsunittest\bin\debug\pafsunittest.dll" id="dcd55a77-217b-2a2a-b734-243925f84d45">
      <Execution id="60c302f2-163c-4904-b754-52139cff4f58" />
      <TestMethod codeBase="C:\Users\gwatson\Desktop\SA\PersistentArray\SADatabase\PAFSUnitTest\bin\Debug\PAFSUnitTest.dll" adapterTypeName="Microsoft.VisualStudio.TestTools.TestTypes.Unit.UnitTestAdapter, Microsoft.VisualStudio.QualityTools.Tips.UnitTest.Adapter, Version=10.0.0.0, Culture=neutral, PublicKeyToken=b03f5f7f11d50a3a" className="PAFSUnitTest.PAFSHeaderTest, PAFSUnitTest" name="SerializeTest" />
    </UnitTest>
    <UnitTest name="ReadByteTest" storage="c:\users\gwatson\desktop\sa\persistentarray\sadatabase\persistenceunittest\bin\debug\persistenceunittest.dll" id="15eee5ec-03b7-2b3f-62ff-f766c0f78875">
      <Execution id="76aa7a21-c3ce-404a-9755-93bc838dca63" />
      <TestMethod codeBase="C:\Users\gwatson\Desktop\SA\PersistentArray\SADatabase\PersistenceUnitTest\bin\Debug\PersistenceUnitTest.dll" adapterTypeName="Microsoft.VisualStudio.TestTools.TestTypes.Unit.UnitTestAdapter, Microsoft.VisualStudio.QualityTools.Tips.UnitTest.Adapter, Version=10.0.0.0, Culture=neutral, PublicKeyToken=b03f5f7f11d50a3a" className="PersistenceUnitTest.RandomAccessFileTest, PersistenceUnitTest" name="ReadByteTest" />
    </UnitTest>
    <UnitTest name="GetNextIndexTest" storage="c:\users\gwatson\desktop\sa\persistentarray\sadatabase\filepersistenceunittest\bin\debug\filepersistenceunittest.dll" id="44b2bd84-c18b-ffc2-bf52-0bd4506adf9f">
      <Execution id="b569da14-dbd5-4b09-bfcd-bd4ef0fca414" />
      <TestMethod codeBase="C:\Users\gwatson\Desktop\SA\PersistentArray\SADatabase\FilePersistenceUnitTest\bin\Debug\FilePersistenceUnitTest.dll" adapterTypeName="Microsoft.VisualStudio.TestTools.TestTypes.Unit.UnitTestAdapter, Microsoft.VisualStudio.QualityTools.Tips.UnitTest.Adapter, Version=10.0.0.0, Culture=neutral, PublicKeyToken=b03f5f7f11d50a3a" className="FilePersistenceUnitTest.FileWithHeaderTest, FilePersistenceUnitTest" name="GetNextIndexTest" />
    </UnitTest>
    <UnitTest name="ElementCtorTest" storage="c:\users\gwatson\desktop\sa\persistentarray\sadatabase\persistentarrayunittest\bin\debug\paunittest.dll" id="d7a29e06-03fa-67e4-6f87-44c551f8b54e">
      <Execution id="ed21b73d-3f74-4a10-b220-06374d43726c" />
      <TestMethod codeBase="C:\Users\gwatson\Desktop\SA\PersistentArray\SADatabase\PersistentArrayUnitTest\bin\Debug\PAUnitTest.dll" adapterTypeName="Microsoft.VisualStudio.TestTools.TestTypes.Unit.UnitTestAdapter, Microsoft.VisualStudio.QualityTools.Tips.UnitTest.Adapter, Version=10.0.0.0, Culture=neutral, PublicKeyToken=b03f5f7f11d50a3a" className="PAUnitTest.ElementTest, PAUnitTest" name="ElementCtorTest" />
    </UnitTest>
    <UnitTest name="PutGetUserHeaderTest" storage="c:\users\gwatson\desktop\sa\persistentarray\sadatabase\phtunittest\bin\debug\phtunittest.dll" id="eba5dc6e-9bfa-ee02-4059-95270e8b548f">
      <Execution id="614de8d0-aa08-4338-bfa6-3f3257ffcc1f" />
      <TestMethod codeBase="C:\Users\gwatson\Desktop\SA\PersistentArray\SADatabase\PHTUnitTest\bin\Debug\PHTUnitTest.dll" adapterTypeName="Microsoft.VisualStudio.TestTools.TestTypes.Unit.UnitTestAdapter, Microsoft.VisualStudio.QualityTools.Tips.UnitTest.Adapter, Version=10.0.0.0, Culture=neutral, PublicKeyToken=b03f5f7f11d50a3a" className="PHTUnitTest.PersistentHashTableTest, PHTUnitTest" name="PutGetUserHeaderTest" />
    </UnitTest>
    <UnitTest name="SerializeTest" storage="c:\users\gwatson\desktop\sa\persistentarray\sadatabase\phtunittest\bin\debug\phtunittest.dll" id="ff3263d9-8c70-f60e-d721-c5d537b9f312">
      <Execution id="2eb52912-c349-43bd-8ca6-d2bbe3ff3689" />
      <TestMethod codeBase="C:\Users\gwatson\Desktop\SA\PersistentArray\SADatabase\PHTUnitTest\bin\Debug\PHTUnitTest.dll" adapterTypeName="Microsoft.VisualStudio.TestTools.TestTypes.Unit.UnitTestAdapter, Microsoft.VisualStudio.QualityTools.Tips.UnitTest.Adapter, Version=10.0.0.0, Culture=neutral, PublicKeyToken=b03f5f7f11d50a3a" className="PHTUnitTest.HashTableElementTest, PHTUnitTest" name="SerializeTest" />
    </UnitTest>
    <UnitTest name="ReadByteArrayTest" storage="c:\users\gwatson\desktop\sa\persistentarray\sadatabase\persistenceunittest\bin\debug\persistenceunittest.dll" id="965a56bb-5e93-1f41-fa3a-18161c642244">
      <Execution id="6dd2e0d9-a9a2-45a3-adcb-6976d6646aad" />
      <TestMethod codeBase="C:\Users\gwatson\Desktop\SA\PersistentArray\SADatabase\PersistenceUnitTest\bin\Debug\PersistenceUnitTest.dll" adapterTypeName="Microsoft.VisualStudio.TestTools.TestTypes.Unit.UnitTestAdapter, Microsoft.VisualStudio.QualityTools.Tips.UnitTest.Adapter, Version=10.0.0.0, Culture=neutral, PublicKeyToken=b03f5f7f11d50a3a" className="PersistenceUnitTest.RandomAccessFileTest, PersistenceUnitTest" name="ReadByteArrayTest" />
    </UnitTest>
    <UnitTest name="SerializeTest" storage="c:\users\gwatson\desktop\sa\persistentarray\sadatabase\phmunittest\bin\debug\phmunittest.dll" id="f173e7fc-49c9-6230-eca2-9afec5f70750">
      <Execution id="40e5d340-d5db-4b4c-b867-7cdbf9055d92" />
      <TestMethod codeBase="C:\Users\gwatson\Desktop\SA\PersistentArray\SADatabase\PHMUnitTest\bin\Debug\PHMUnitTest.dll" adapterTypeName="Microsoft.VisualStudio.TestTools.TestTypes.Unit.UnitTestAdapter, Microsoft.VisualStudio.QualityTools.Tips.UnitTest.Adapter, Version=10.0.0.0, Culture=neutral, PublicKeyToken=b03f5f7f11d50a3a" className="PHMUnitTest.PersistentHeapHeaderTest, PHMUnitTest" name="SerializeTest" />
    </UnitTest>
    <UnitTest name="FreeAddSpaceToEndOfFreeListTest" storage="c:\users\gwatson\desktop\sa\persistentarray\sadatabase\phmunittest\bin\debug\phmunittest.dll" id="9d918454-2feb-95e0-4026-22b2c4e3a005">
      <Execution id="f73e2033-c7d6-4306-870d-f8da6941d483" />
      <TestMethod codeBase="C:\Users\gwatson\Desktop\SA\PersistentArray\SADatabase\PHMUnitTest\bin\Debug\PHMUnitTest.dll" adapterTypeName="Microsoft.VisualStudio.TestTools.TestTypes.Unit.UnitTestAdapter, Microsoft.VisualStudio.QualityTools.Tips.UnitTest.Adapter, Version=10.0.0.0, Culture=neutral, PublicKeyToken=b03f5f7f11d50a3a" className="PHMUnitTest.PersistentHeapTest, PHMUnitTest" name="FreeAddSpaceToEndOfFreeListTest" />
    </UnitTest>
    <UnitTest name="PutGetUserHeaderTest" storage="c:\users\gwatson\desktop\sa\persistentarray\sadatabase\phmunittest\bin\debug\phmunittest.dll" id="94000a80-807f-643f-04b5-3a8c67520adc">
      <Execution id="07972fca-0149-47b1-be3c-288bda2083e8" />
      <TestMethod codeBase="C:\Users\gwatson\Desktop\SA\PersistentArray\SADatabase\PHMUnitTest\bin\Debug\PHMUnitTest.dll" adapterTypeName="Microsoft.VisualStudio.TestTools.TestTypes.Unit.UnitTestAdapter, Microsoft.VisualStudio.QualityTools.Tips.UnitTest.Adapter, Version=10.0.0.0, Culture=neutral, PublicKeyToken=b03f5f7f11d50a3a" className="PHMUnitTest.PersistentHeapTest, PHMUnitTest" name="PutGetUserHeaderTest" />
    </UnitTest>
    <UnitTest name="FreeMiddleSpaceTest" storage="c:\users\gwatson\desktop\sa\persistentarray\sadatabase\phmunittest\bin\debug\phmunittest.dll" id="07fd6071-5ad6-8ae1-19db-6f86b098fff4">
      <Execution id="bec4af52-3561-4d9d-a054-9e54173fa5cd" />
      <TestMethod codeBase="C:\Users\gwatson\Desktop\SA\PersistentArray\SADatabase\PHMUnitTest\bin\Debug\PHMUnitTest.dll" adapterTypeName="Microsoft.VisualStudio.TestTools.TestTypes.Unit.UnitTestAdapter, Microsoft.VisualStudio.QualityTools.Tips.UnitTest.Adapter, Version=10.0.0.0, Culture=neutral, PublicKeyToken=b03f5f7f11d50a3a" className="PHMUnitTest.PersistentHeapTest, PHMUnitTest" name="FreeMiddleSpaceTest" />
    </UnitTest>
    <UnitTest name="ReopenTest" storage="c:\users\gwatson\desktop\sa\persistentarray\sadatabase\phtunittest\bin\debug\phtunittest.dll" id="bfe87bac-e9fc-a821-d953-1eb8c9641d62">
      <Execution id="e21bfc72-6555-4d44-ba13-f111129173f4" />
      <TestMethod codeBase="C:\Users\gwatson\Desktop\SA\PersistentArray\SADatabase\PHTUnitTest\bin\Debug\PHTUnitTest.dll" adapterTypeName="Microsoft.VisualStudio.TestTools.TestTypes.Unit.UnitTestAdapter, Microsoft.VisualStudio.QualityTools.Tips.UnitTest.Adapter, Version=10.0.0.0, Culture=neutral, PublicKeyToken=b03f5f7f11d50a3a" className="PHTUnitTest.PersistentHashTableTest, PHTUnitTest" name="ReopenTest" />
    </UnitTest>
    <UnitTest name="WriteReadStorageTest" storage="c:\users\gwatson\desktop\sa\persistentarray\sadatabase\persistentarrayunittest\bin\debug\paunittest.dll" id="402330e1-95b7-447a-93a7-af95d05ae424">
      <Execution id="b5ad25f2-eaf3-4fa1-93b4-7a8cf84f6fd9" />
      <TestMethod codeBase="C:\Users\gwatson\Desktop\SA\PersistentArray\SADatabase\PersistentArrayUnitTest\bin\Debug\PAUnitTest.dll" adapterTypeName="Microsoft.VisualStudio.TestTools.TestTypes.Unit.UnitTestAdapter, Microsoft.VisualStudio.QualityTools.Tips.UnitTest.Adapter, Version=10.0.0.0, Culture=neutral, PublicKeyToken=b03f5f7f11d50a3a" className="PAUnitTest.ElementTest, PAUnitTest" name="WriteReadStorageTest" />
    </UnitTest>
    <UnitTest name="InsertTest" storage="c:\users\gwatson\desktop\sa\persistentarray\sadatabase\cpaunittest\bin\debug\cpaunittest.dll" id="affe1ef8-a55d-611e-f219-a825233a32ae">
      <Execution id="d22b906f-dede-4e44-886d-989bd3cce896" />
      <TestMethod codeBase="C:\Users\gwatson\Desktop\SA\PersistentArray\SADatabase\CPAUnitTest\bin\Debug\CPAUnitTest.dll" adapterTypeName="Microsoft.VisualStudio.TestTools.TestTypes.Unit.UnitTestAdapter, Microsoft.VisualStudio.QualityTools.Tips.UnitTest.Adapter, Version=10.0.0.0, Culture=neutral, PublicKeyToken=b03f5f7f11d50a3a" className="CPAUnitTest.LRUDoubleLinkedListTest, CPAUnitTest" name="InsertTest" />
    </UnitTest>
    <UnitTest name="FreeLastSpaceTest" storage="c:\users\gwatson\desktop\sa\persistentarray\sadatabase\phmunittest\bin\debug\phmunittest.dll" id="d87c9634-3232-495c-abe1-766a051a0ec6">
      <Execution id="9a384bf8-fa51-48f9-a0c5-ee7952c08300" />
      <TestMethod codeBase="C:\Users\gwatson\Desktop\SA\PersistentArray\SADatabase\PHMUnitTest\bin\Debug\PHMUnitTest.dll" adapterTypeName="Microsoft.VisualStudio.TestTools.TestTypes.Unit.UnitTestAdapter, Microsoft.VisualStudio.QualityTools.Tips.UnitTest.Adapter, Version=10.0.0.0, Culture=neutral, PublicKeyToken=b03f5f7f11d50a3a" className="PHMUnitTest.PersistentHeapTest, PHMUnitTest" name="FreeLastSpaceTest" />
    </UnitTest>
    <UnitTest name="DeserializeTest" storage="c:\users\gwatson\desktop\sa\persistentarray\sadatabase\pafsunittest\bin\debug\pafsunittest.dll" id="082e8e55-223e-051e-386f-e304fa6d81fc">
      <Execution id="88a6e7c2-8541-4152-8ecc-7f7f7eaf3c8b" />
      <TestMethod codeBase="C:\Users\gwatson\Desktop\SA\PersistentArray\SADatabase\PAFSUnitTest\bin\Debug\PAFSUnitTest.dll" adapterTypeName="Microsoft.VisualStudio.TestTools.TestTypes.Unit.UnitTestAdapter, Microsoft.VisualStudio.QualityTools.Tips.UnitTest.Adapter, Version=10.0.0.0, Culture=neutral, PublicKeyToken=b03f5f7f11d50a3a" className="PAFSUnitTest.PAFSHeaderTest, PAFSUnitTest" name="DeserializeTest" />
    </UnitTest>
    <UnitTest name="GetPutUserHeaderTest" storage="c:\users\gwatson\desktop\sa\persistentarray\sadatabase\persistentarrayunittest\bin\debug\paunittest.dll" id="d7cc34f6-78d2-eecf-5b9f-ab76bb86da71">
      <Execution id="09ee17c5-4875-4f95-9d16-de2e9c1be98e" />
      <TestMethod codeBase="C:\Users\gwatson\Desktop\SA\PersistentArray\SADatabase\PersistentArrayUnitTest\bin\Debug\PAUnitTest.dll" adapterTypeName="Microsoft.VisualStudio.TestTools.TestTypes.Unit.UnitTestAdapter, Microsoft.VisualStudio.QualityTools.Tips.UnitTest.Adapter, Version=10.0.0.0, Culture=neutral, PublicKeyToken=b03f5f7f11d50a3a" className="PAUnitTest.IPersistentArrayTest, PAUnitTest" name="GetPutUserHeaderTest" />
    </UnitTest>
    <UnitTest name="CloseTest" storage="c:\users\gwatson\desktop\sa\persistentarray\sadatabase\persistenceunittest\bin\debug\persistenceunittest.dll" id="77c4d4bd-5fbe-4bd1-86c3-f6e38810414b">
      <Execution id="d5191f52-746d-4d17-a4d8-bb7194687977" />
      <TestMethod codeBase="C:\Users\gwatson\Desktop\SA\PersistentArray\SADatabase\PersistenceUnitTest\bin\Debug\PersistenceUnitTest.dll" adapterTypeName="Microsoft.VisualStudio.TestTools.TestTypes.Unit.UnitTestAdapter, Microsoft.VisualStudio.QualityTools.Tips.UnitTest.Adapter, Version=10.0.0.0, Culture=neutral, PublicKeyToken=b03f5f7f11d50a3a" className="PersistenceUnitTest.RandomAccessFileTest, PersistenceUnitTest" name="CloseTest" />
    </UnitTest>
    <UnitTest name="LRUDoublyLinkedListCtorTest" storage="c:\users\gwatson\desktop\sa\persistentarray\sadatabase\cpaunittest\bin\debug\cpaunittest.dll" id="ea353cbf-1840-4b47-9557-83373d54727c">
      <Execution id="6ca564ac-9381-48db-978e-632955c96eea" />
      <TestMethod codeBase="C:\Users\gwatson\Desktop\SA\PersistentArray\SADatabase\CPAUnitTest\bin\Debug\CPAUnitTest.dll" adapterTypeName="Microsoft.VisualStudio.TestTools.TestTypes.Unit.UnitTestAdapter, Microsoft.VisualStudio.QualityTools.Tips.UnitTest.Adapter, Version=10.0.0.0, Culture=neutral, PublicKeyToken=b03f5f7f11d50a3a" className="CPAUnitTest.LRUDoubleLinkedListTest, CPAUnitTest" name="LRUDoublyLinkedListCtorTest" />
    </UnitTest>
    <UnitTest name="FreeAddSpaceToMiddleOfFreeListTest" storage="c:\users\gwatson\desktop\sa\persistentarray\sadatabase\phmunittest\bin\debug\phmunittest.dll" id="39634d81-9688-20c8-d77f-ba195db41378">
      <Execution id="518e9976-7fe3-423f-8dbd-638ed102daa1" />
      <TestMethod codeBase="C:\Users\gwatson\Desktop\SA\PersistentArray\SADatabase\PHMUnitTest\bin\Debug\PHMUnitTest.dll" adapterTypeName="Microsoft.VisualStudio.TestTools.TestTypes.Unit.UnitTestAdapter, Microsoft.VisualStudio.QualityTools.Tips.UnitTest.Adapter, Version=10.0.0.0, Culture=neutral, PublicKeyToken=b03f5f7f11d50a3a" className="PHMUnitTest.PersistentHeapTest, PHMUnitTest" name="FreeAddSpaceToMiddleOfFreeListTest" />
    </UnitTest>
    <UnitTest name="AddAfterTest" storage="c:\users\gwatson\desktop\sa\persistentarray\sadatabase\pllunittest\bin\debug\pllunittest.dll" id="0f7dd13b-d69f-2fef-8f8e-80f7ee7968ec">
      <Execution id="b98ce737-32bd-4519-8c14-2773b86400a9" />
      <TestMethod codeBase="C:\Users\gwatson\Desktop\SA\PersistentArray\SADatabase\PLLUnitTest\bin\Debug\PLLUnitTest.dll" adapterTypeName="Microsoft.VisualStudio.TestTools.TestTypes.Unit.UnitTestAdapter, Microsoft.VisualStudio.QualityTools.Tips.UnitTest.Adapter, Version=10.0.0.0, Culture=neutral, PublicKeyToken=b03f5f7f11d50a3a" className="PLLUnitTest.PersistentLinkedListTest, PLLUnitTest" name="AddAfterTest" />
    </UnitTest>
    <UnitTest name="CtorTest" storage="c:\users\gwatson\desktop\sa\persistentarray\sadatabase\phmunittest\bin\debug\phmunittest.dll" id="9c490088-6ee6-56ec-8017-95f63def4429">
      <Execution id="bd7e3b4f-50a6-417b-8704-c53f7efc2266" />
      <TestMethod codeBase="C:\Users\gwatson\Desktop\SA\PersistentArray\SADatabase\PHMUnitTest\bin\Debug\PHMUnitTest.dll" adapterTypeName="Microsoft.VisualStudio.TestTools.TestTypes.Unit.UnitTestAdapter, Microsoft.VisualStudio.QualityTools.Tips.UnitTest.Adapter, Version=10.0.0.0, Culture=neutral, PublicKeyToken=b03f5f7f11d50a3a" className="PHMUnitTest.PersistentHeapSpaceTest, PHMUnitTest" name="CtorTest" />
    </UnitTest>
    <UnitTest name="RemoveEndTest" storage="c:\users\gwatson\desktop\sa\persistentarray\sadatabase\cpaunittest\bin\debug\cpaunittest.dll" id="2034f3b2-84ce-b459-b009-777707c460e9">
      <Execution id="cb24aea2-1d1c-4f34-8ace-8639b8997037" />
      <TestMethod codeBase="C:\Users\gwatson\Desktop\SA\PersistentArray\SADatabase\CPAUnitTest\bin\Debug\CPAUnitTest.dll" adapterTypeName="Microsoft.VisualStudio.TestTools.TestTypes.Unit.UnitTestAdapter, Microsoft.VisualStudio.QualityTools.Tips.UnitTest.Adapter, Version=10.0.0.0, Culture=neutral, PublicKeyToken=b03f5f7f11d50a3a" className="CPAUnitTest.LRUDoubleLinkedListTest, CPAUnitTest" name="RemoveEndTest" />
    </UnitTest>
    <UnitTest name="GetDataTest" storage="c:\users\gwatson\desktop\sa\persistentarray\sadatabase\pllunittest\bin\debug\pllunittest.dll" id="45dc2f0e-4af7-fb97-54f6-bad15d2a2da4">
      <Execution id="aa6758eb-7f89-49cf-b966-bfbb47af5ea0" />
      <TestMethod codeBase="C:\Users\gwatson\Desktop\SA\PersistentArray\SADatabase\PLLUnitTest\bin\Debug\PLLUnitTest.dll" adapterTypeName="Microsoft.VisualStudio.TestTools.TestTypes.Unit.UnitTestAdapter, Microsoft.VisualStudio.QualityTools.Tips.UnitTest.Adapter, Version=10.0.0.0, Culture=neutral, PublicKeyToken=b03f5f7f11d50a3a" className="PLLUnitTest.PersistentLinkedListTest, PLLUnitTest" name="GetDataTest" />
    </UnitTest>
    <UnitTest name="ToBytesTest" storage="c:\users\gwatson\desktop\sa\persistentarray\sadatabase\bytehelperunittest\bin\debug\bytehelperunittest.dll" id="1a92d4c6-be2c-ef6c-e2d4-ccc5f0564285">
      <Execution id="dbe979c1-707e-4fe9-a483-aaebafc0a8e9" />
      <TestMethod codeBase="C:\Users\gwatson\Desktop\SA\PersistentArray\SADatabase\ByteHelperUnitTest\bin\Debug\ByteHelperUnitTest.dll" adapterTypeName="Microsoft.VisualStudio.TestTools.TestTypes.Unit.UnitTestAdapter, Microsoft.VisualStudio.QualityTools.Tips.UnitTest.Adapter, Version=10.0.0.0, Culture=neutral, PublicKeyToken=b03f5f7f11d50a3a" className="ByteHelperUnitTest.HelperTest, ByteHelperUnitTest" name="ToBytesTest" />
    </UnitTest>
    <UnitTest name="GetRangeTest" storage="c:\users\gwatson\desktop\sa\persistentarray\sadatabase\filepersistenceunittest\bin\debug\filepersistenceunittest.dll" id="15446eac-e5d1-8f0a-f744-cb3cd9c641c7">
      <Execution id="76a5e904-c255-4745-b242-ba25b2ce268f" />
      <TestMethod codeBase="C:\Users\gwatson\Desktop\SA\PersistentArray\SADatabase\FilePersistenceUnitTest\bin\Debug\FilePersistenceUnitTest.dll" adapterTypeName="Microsoft.VisualStudio.TestTools.TestTypes.Unit.UnitTestAdapter, Microsoft.VisualStudio.QualityTools.Tips.UnitTest.Adapter, Version=10.0.0.0, Culture=neutral, PublicKeyToken=b03f5f7f11d50a3a" className="FilePersistenceUnitTest.FileWithHeaderTest, FilePersistenceUnitTest" name="GetRangeTest" />
    </UnitTest>
    <UnitTest name="CtorTest" storage="c:\users\gwatson\desktop\sa\persistentarray\sadatabase\pllunittest\bin\debug\pllunittest.dll" id="51fbe3ee-5d05-0bea-05a3-3f4776bc717b">
      <Execution id="b27efdb6-9139-4cf2-9425-3eb948a4b878" />
      <TestMethod codeBase="C:\Users\gwatson\Desktop\SA\PersistentArray\SADatabase\PLLUnitTest\bin\Debug\PLLUnitTest.dll" adapterTypeName="Microsoft.VisualStudio.TestTools.TestTypes.Unit.UnitTestAdapter, Microsoft.VisualStudio.QualityTools.Tips.UnitTest.Adapter, Version=10.0.0.0, Culture=neutral, PublicKeyToken=b03f5f7f11d50a3a" className="PLLUnitTest.LinkedListElementTest, PLLUnitTest" name="CtorTest" />
    </UnitTest>
    <UnitTest name="AllocateTooSmallSize" storage="c:\users\gwatson\desktop\sa\persistentarray\sadatabase\phmunittest\bin\debug\phmunittest.dll" id="babca73d-0229-c679-426c-78953c0ec145">
      <Execution id="acda0bd4-2833-4002-9fcd-3dbccf93ef7a" />
      <TestMethod codeBase="C:\Users\gwatson\Desktop\SA\PersistentArray\SADatabase\PHMUnitTest\bin\Debug\PHMUnitTest.dll" adapterTypeName="Microsoft.VisualStudio.TestTools.TestTypes.Unit.UnitTestAdapter, Microsoft.VisualStudio.QualityTools.Tips.UnitTest.Adapter, Version=10.0.0.0, Culture=neutral, PublicKeyToken=b03f5f7f11d50a3a" className="PHMUnitTest.PersistentHeapTest, PHMUnitTest" name="AllocateTooSmallSize" />
    </UnitTest>
    <UnitTest name="AllocateInARowTest" storage="c:\users\gwatson\desktop\sa\persistentarray\sadatabase\phmunittest\bin\debug\phmunittest.dll" id="b63109c3-d21b-a6f8-7d7d-88020a21d390">
      <Execution id="50e0e488-02ce-4257-bf6f-6918382b7531" />
      <TestMethod codeBase="C:\Users\gwatson\Desktop\SA\PersistentArray\SADatabase\PHMUnitTest\bin\Debug\PHMUnitTest.dll" adapterTypeName="Microsoft.VisualStudio.TestTools.TestTypes.Unit.UnitTestAdapter, Microsoft.VisualStudio.QualityTools.Tips.UnitTest.Adapter, Version=10.0.0.0, Culture=neutral, PublicKeyToken=b03f5f7f11d50a3a" className="PHMUnitTest.PersistentHeapTest, PHMUnitTest" name="AllocateInARowTest" />
    </UnitTest>
    <UnitTest name="RemoveCollisionTest" storage="c:\users\gwatson\desktop\sa\persistentarray\sadatabase\phtunittest\bin\debug\phtunittest.dll" id="1510b5de-0adc-d68f-397e-304b14d0d872">
      <Execution id="be2e1ea9-53b3-4478-a9a7-f2a60e063c1e" />
      <TestMethod codeBase="C:\Users\gwatson\Desktop\SA\PersistentArray\SADatabase\PHTUnitTest\bin\Debug\PHTUnitTest.dll" adapterTypeName="Microsoft.VisualStudio.TestTools.TestTypes.Unit.UnitTestAdapter, Microsoft.VisualStudio.QualityTools.Tips.UnitTest.Adapter, Version=10.0.0.0, Culture=neutral, PublicKeyToken=b03f5f7f11d50a3a" className="PHTUnitTest.PersistentHashTableTest, PHTUnitTest" name="RemoveCollisionTest" />
    </UnitTest>
    <UnitTest name="LengthTest" storage="c:\users\gwatson\desktop\sa\persistentarray\sadatabase\pllunittest\bin\debug\pllunittest.dll" id="e7921d23-7b31-8b43-d930-5a3bc89a44b3">
      <Execution id="b86a7c31-176e-40b4-8820-0a5ce54792ed" />
      <TestMethod codeBase="C:\Users\gwatson\Desktop\SA\PersistentArray\SADatabase\PLLUnitTest\bin\Debug\PLLUnitTest.dll" adapterTypeName="Microsoft.VisualStudio.TestTools.TestTypes.Unit.UnitTestAdapter, Microsoft.VisualStudio.QualityTools.Tips.UnitTest.Adapter, Version=10.0.0.0, Culture=neutral, PublicKeyToken=b03f5f7f11d50a3a" className="PLLUnitTest.PersistentLinkedListTest, PLLUnitTest" name="LengthTest" />
    </UnitTest>
    <UnitTest name="GetElementSizeTest" storage="c:\users\gwatson\desktop\sa\persistentarray\sadatabase\pllunittest\bin\debug\pllunittest.dll" id="a54f2629-8741-9051-67a0-e1a8c4b5ea10">
      <Execution id="035f8807-65cc-411f-a9e6-bef41bdb993b" />
      <TestMethod codeBase="C:\Users\gwatson\Desktop\SA\PersistentArray\SADatabase\PLLUnitTest\bin\Debug\PLLUnitTest.dll" adapterTypeName="Microsoft.VisualStudio.TestTools.TestTypes.Unit.UnitTestAdapter, Microsoft.VisualStudio.QualityTools.Tips.UnitTest.Adapter, Version=10.0.0.0, Culture=neutral, PublicKeyToken=b03f5f7f11d50a3a" className="PLLUnitTest.PersistentLinkedListTest, PLLUnitTest" name="GetElementSizeTest" />
    </UnitTest>
    <UnitTest name="GetUserHeaderSizeTest" storage="c:\users\gwatson\desktop\sa\persistentarray\sadatabase\pllunittest\bin\debug\pllunittest.dll" id="c0ed1de9-8e4d-8e00-a4bf-c9b99057cab2">
      <Execution id="164b61ef-8e7e-4a8b-a72c-e2bc208e8b52" />
      <TestMethod codeBase="C:\Users\gwatson\Desktop\SA\PersistentArray\SADatabase\PLLUnitTest\bin\Debug\PLLUnitTest.dll" adapterTypeName="Microsoft.VisualStudio.TestTools.TestTypes.Unit.UnitTestAdapter, Microsoft.VisualStudio.QualityTools.Tips.UnitTest.Adapter, Version=10.0.0.0, Culture=neutral, PublicKeyToken=b03f5f7f11d50a3a" className="PLLUnitTest.PersistentLinkedListTest, PLLUnitTest" name="GetUserHeaderSizeTest" />
    </UnitTest>
    <UnitTest name="GetLastTest" storage="c:\users\gwatson\desktop\sa\persistentarray\sadatabase\pllunittest\bin\debug\pllunittest.dll" id="f8dab570-907f-9537-fb70-c2f0ade97939">
      <Execution id="79e7e786-9477-44cf-a1b2-e2da03870568" />
      <TestMethod codeBase="C:\Users\gwatson\Desktop\SA\PersistentArray\SADatabase\PLLUnitTest\bin\Debug\PLLUnitTest.dll" adapterTypeName="Microsoft.VisualStudio.TestTools.TestTypes.Unit.UnitTestAdapter, Microsoft.VisualStudio.QualityTools.Tips.UnitTest.Adapter, Version=10.0.0.0, Culture=neutral, PublicKeyToken=b03f5f7f11d50a3a" className="PLLUnitTest.PersistentLinkedListTest, PLLUnitTest" name="GetLastTest" />
    </UnitTest>
    <UnitTest name="FreeFirstSpaceTest" storage="c:\users\gwatson\desktop\sa\persistentarray\sadatabase\phmunittest\bin\debug\phmunittest.dll" id="9d779dd2-fb32-aae7-ec06-52a95bc58283">
      <Execution id="8dc401e1-adfb-4a1d-a6de-5e4c3b0d7797" />
      <TestMethod codeBase="C:\Users\gwatson\Desktop\SA\PersistentArray\SADatabase\PHMUnitTest\bin\Debug\PHMUnitTest.dll" adapterTypeName="Microsoft.VisualStudio.TestTools.TestTypes.Unit.UnitTestAdapter, Microsoft.VisualStudio.QualityTools.Tips.UnitTest.Adapter, Version=10.0.0.0, Culture=neutral, PublicKeyToken=b03f5f7f11d50a3a" className="PHMUnitTest.PersistentHeapTest, PHMUnitTest" name="FreeFirstSpaceTest" />
    </UnitTest>
    <UnitTest name="FreeMergeAfterTest" storage="c:\users\gwatson\desktop\sa\persistentarray\sadatabase\phmunittest\bin\debug\phmunittest.dll" id="c34800c1-01aa-78c5-5769-4dd04c7cc3d9">
      <Execution id="698850b5-f2da-4bc0-8a2a-66fa05542c66" />
      <TestMethod codeBase="C:\Users\gwatson\Desktop\SA\PersistentArray\SADatabase\PHMUnitTest\bin\Debug\PHMUnitTest.dll" adapterTypeName="Microsoft.VisualStudio.TestTools.TestTypes.Unit.UnitTestAdapter, Microsoft.VisualStudio.QualityTools.Tips.UnitTest.Adapter, Version=10.0.0.0, Culture=neutral, PublicKeyToken=b03f5f7f11d50a3a" className="PHMUnitTest.PersistentHeapTest, PHMUnitTest" name="FreeMergeAfterTest" />
    </UnitTest>
    <UnitTest name="CtorTest" storage="c:\users\gwatson\desktop\sa\persistentarray\sadatabase\phmunittest\bin\debug\phmunittest.dll" id="4cca534d-1656-b797-40e9-49330488cbbd">
      <Execution id="5e845861-75ec-4f7a-aab2-e208b94ef469" />
      <TestMethod codeBase="C:\Users\gwatson\Desktop\SA\PersistentArray\SADatabase\PHMUnitTest\bin\Debug\PHMUnitTest.dll" adapterTypeName="Microsoft.VisualStudio.TestTools.TestTypes.Unit.UnitTestAdapter, Microsoft.VisualStudio.QualityTools.Tips.UnitTest.Adapter, Version=10.0.0.0, Culture=neutral, PublicKeyToken=b03f5f7f11d50a3a" className="PHMUnitTest.PersistentHeapHeaderTest, PHMUnitTest" name="CtorTest" />
    </UnitTest>
    <UnitTest name="PutGetTest" storage="c:\users\gwatson\desktop\sa\persistentarray\sadatabase\phtunittest\bin\debug\phtunittest.dll" id="ae4afa1c-c8fc-91b6-80ab-c1099e1a8a46">
      <Execution id="90a6fc5d-c186-4f66-a035-047ebb9e5381" />
      <TestMethod codeBase="C:\Users\gwatson\Desktop\SA\PersistentArray\SADatabase\PHTUnitTest\bin\Debug\PHTUnitTest.dll" adapterTypeName="Microsoft.VisualStudio.TestTools.TestTypes.Unit.UnitTestAdapter, Microsoft.VisualStudio.QualityTools.Tips.UnitTest.Adapter, Version=10.0.0.0, Culture=neutral, PublicKeyToken=b03f5f7f11d50a3a" className="PHTUnitTest.PersistentHashTableTest, PHTUnitTest" name="PutGetTest" />
    </UnitTest>
    <UnitTest name="ReadIntTest" storage="c:\users\gwatson\desktop\sa\persistentarray\sadatabase\persistenceunittest\bin\debug\persistenceunittest.dll" id="7a09d037-6583-9dab-921a-9e399b5c9547">
      <Execution id="7ec2dc77-0c2d-495f-a1f9-ae75f9277015" />
      <TestMethod codeBase="C:\Users\gwatson\Desktop\SA\PersistentArray\SADatabase\PersistenceUnitTest\bin\Debug\PersistenceUnitTest.dll" adapterTypeName="Microsoft.VisualStudio.TestTools.TestTypes.Unit.UnitTestAdapter, Microsoft.VisualStudio.QualityTools.Tips.UnitTest.Adapter, Version=10.0.0.0, Culture=neutral, PublicKeyToken=b03f5f7f11d50a3a" className="PersistenceUnitTest.RandomAccessFileTest, PersistenceUnitTest" name="ReadIntTest" />
    </UnitTest>
    <UnitTest name="DataTest" storage="c:\users\gwatson\desktop\sa\persistentarray\sadatabase\filepersistenceunittest\bin\debug\filepersistenceunittest.dll" id="01bc45a5-2d07-66b6-930e-fc2b22c4f6e2">
      <Execution id="ec79571d-d2af-441b-91f5-dc2bfa72ef51" />
      <TestMethod codeBase="C:\Users\gwatson\Desktop\SA\PersistentArray\SADatabase\FilePersistenceUnitTest\bin\Debug\FilePersistenceUnitTest.dll" adapterTypeName="Microsoft.VisualStudio.TestTools.TestTypes.Unit.UnitTestAdapter, Microsoft.VisualStudio.QualityTools.Tips.UnitTest.Adapter, Version=10.0.0.0, Culture=neutral, PublicKeyToken=b03f5f7f11d50a3a" className="FilePersistenceUnitTest.UserHeaderTest, FilePersistenceUnitTest" name="DataTest" />
    </UnitTest>
    <UnitTest name="PutGetUserHeaderTest" storage="c:\users\gwatson\desktop\sa\persistentarray\sadatabase\pllunittest\bin\debug\pllunittest.dll" id="11201bbf-151b-a78e-02fa-23b7cbfebd28">
      <Execution id="60032602-e896-4df6-9281-7da4b0249cb3" />
      <TestMethod codeBase="C:\Users\gwatson\Desktop\SA\PersistentArray\SADatabase\PLLUnitTest\bin\Debug\PLLUnitTest.dll" adapterTypeName="Microsoft.VisualStudio.TestTools.TestTypes.Unit.UnitTestAdapter, Microsoft.VisualStudio.QualityTools.Tips.UnitTest.Adapter, Version=10.0.0.0, Culture=neutral, PublicKeyToken=b03f5f7f11d50a3a" className="PLLUnitTest.PersistentLinkedListTest, PLLUnitTest" name="PutGetUserHeaderTest" />
    </UnitTest>
    <UnitTest name="GetHeaderSizeTest" storage="c:\users\gwatson\desktop\sa\persistentarray\sadatabase\pafsunittest\bin\debug\pafsunittest.dll" id="13caa2ac-a8f6-fd8d-092b-4da64a664c5a">
      <Execution id="86a755b1-a707-4c03-9e57-0f426c5ac9d6" />
      <TestMethod codeBase="C:\Users\gwatson\Desktop\SA\PersistentArray\SADatabase\PAFSUnitTest\bin\Debug\PAFSUnitTest.dll" adapterTypeName="Microsoft.VisualStudio.TestTools.TestTypes.Unit.UnitTestAdapter, Microsoft.VisualStudio.QualityTools.Tips.UnitTest.Adapter, Version=10.0.0.0, Culture=neutral, PublicKeyToken=b03f5f7f11d50a3a" className="PAFSUnitTest.PAFSHeaderTest, PAFSUnitTest" name="GetHeaderSizeTest" />
    </UnitTest>
    <UnitTest name="MultitonTest" storage="c:\users\gwatson\desktop\sa\persistentarray\sadatabase\filepersistenceunittest\bin\debug\filepersistenceunittest.dll" id="e4d4bf05-87c5-ae25-1539-415c4a3fabe0">
      <Execution id="42e9c9a0-fd71-4a7d-a86d-af376aea0783" />
      <TestMethod codeBase="C:\Users\gwatson\Desktop\SA\PersistentArray\SADatabase\FilePersistenceUnitTest\bin\Debug\FilePersistenceUnitTest.dll" adapterTypeName="Microsoft.VisualStudio.TestTools.TestTypes.Unit.UnitTestAdapter, Microsoft.VisualStudio.QualityTools.Tips.UnitTest.Adapter, Version=10.0.0.0, Culture=neutral, PublicKeyToken=b03f5f7f11d50a3a" className="FilePersistenceUnitTest.StorageMultitonTest, FilePersistenceUnitTest" name="MultitonTest" />
    </UnitTest>
    <UnitTest name="CtorTest" storage="c:\users\gwatson\desktop\sa\persistentarray\sadatabase\pafsunittest\bin\debug\pafsunittest.dll" id="1fbff0c8-5e86-4d43-10de-791509c0db36">
      <Execution id="0c65f773-bdc8-4581-ba89-0d349855f5a6" />
      <TestMethod codeBase="C:\Users\gwatson\Desktop\SA\PersistentArray\SADatabase\PAFSUnitTest\bin\Debug\PAFSUnitTest.dll" adapterTypeName="Microsoft.VisualStudio.TestTools.TestTypes.Unit.UnitTestAdapter, Microsoft.VisualStudio.QualityTools.Tips.UnitTest.Adapter, Version=10.0.0.0, Culture=neutral, PublicKeyToken=b03f5f7f11d50a3a" className="PAFSUnitTest.PAFSHeaderTest, PAFSUnitTest" name="CtorTest" />
    </UnitTest>
    <UnitTest name="AllocateBlockTest" storage="c:\users\gwatson\desktop\sa\persistentarray\sadatabase\pafsunittest\bin\debug\pafsunittest.dll" id="56a5f4f5-9d87-5588-a513-0fe0d7c30e0a">
      <Execution id="fd708b38-90cb-47b4-a9de-a7ca7b1b83b9" />
      <TestMethod codeBase="C:\Users\gwatson\Desktop\SA\PersistentArray\SADatabase\PAFSUnitTest\bin\Debug\PAFSUnitTest.dll" adapterTypeName="Microsoft.VisualStudio.TestTools.TestTypes.Unit.UnitTestAdapter, Microsoft.VisualStudio.QualityTools.Tips.UnitTest.Adapter, Version=10.0.0.0, Culture=neutral, PublicKeyToken=b03f5f7f11d50a3a" className="PAFSUnitTest.IPersistentArraySpaceManagerTest, PAFSUnitTest" name="AllocateBlockTest" />
    </UnitTest>
    <UnitTest name="RemoveTest" storage="c:\users\gwatson\desktop\sa\persistentarray\sadatabase\phtunittest\bin\debug\phtunittest.dll" id="00175a47-f5ac-5833-baf2-7cf7b4a44a19">
      <Execution id="38c57937-5a49-49a2-9f9b-4769fd37343a" />
      <TestMethod codeBase="C:\Users\gwatson\Desktop\SA\PersistentArray\SADatabase\PHTUnitTest\bin\Debug\PHTUnitTest.dll" adapterTypeName="Microsoft.VisualStudio.TestTools.TestTypes.Unit.UnitTestAdapter, Microsoft.VisualStudio.QualityTools.Tips.UnitTest.Adapter, Version=10.0.0.0, Culture=neutral, PublicKeyToken=b03f5f7f11d50a3a" className="PHTUnitTest.PersistentHashTableTest, PHTUnitTest" name="RemoveTest" />
    </UnitTest>
    <UnitTest name="UpdateTest" storage="c:\users\gwatson\desktop\sa\persistentarray\sadatabase\pllunittest\bin\debug\pllunittest.dll" id="8bf66a88-08b1-206e-6e7a-07808be453b9">
      <Execution id="d0e95e57-749c-4eeb-9d4b-8db14f9ba189" />
      <TestMethod codeBase="C:\Users\gwatson\Desktop\SA\PersistentArray\SADatabase\PLLUnitTest\bin\Debug\PLLUnitTest.dll" adapterTypeName="Microsoft.VisualStudio.TestTools.TestTypes.Unit.UnitTestAdapter, Microsoft.VisualStudio.QualityTools.Tips.UnitTest.Adapter, Version=10.0.0.0, Culture=neutral, PublicKeyToken=b03f5f7f11d50a3a" className="PLLUnitTest.PersistentLinkedListTest, PLLUnitTest" name="UpdateTest" />
    </UnitTest>
    <UnitTest name="GetUserHeaderSizeTest" storage="c:\users\gwatson\desktop\sa\persistentarray\sadatabase\phmunittest\bin\debug\phmunittest.dll" id="a4c6cc76-2922-41eb-a81b-35a8f1fc4233">
      <Execution id="a723ba60-871a-4ee9-bedb-7a5dfa990d1f" />
      <TestMethod codeBase="C:\Users\gwatson\Desktop\SA\PersistentArray\SADatabase\PHMUnitTest\bin\Debug\PHMUnitTest.dll" adapterTypeName="Microsoft.VisualStudio.TestTools.TestTypes.Unit.UnitTestAdapter, Microsoft.VisualStudio.QualityTools.Tips.UnitTest.Adapter, Version=10.0.0.0, Culture=neutral, PublicKeyToken=b03f5f7f11d50a3a" className="PHMUnitTest.PersistentHeapTest, PHMUnitTest" name="GetUserHeaderSizeTest" />
    </UnitTest>
    <UnitTest name="ReopenTest" storage="c:\users\gwatson\desktop\sa\persistentarray\sadatabase\pllunittest\bin\debug\pllunittest.dll" id="30fb22e9-f40e-bfdf-14ab-ef764bec1747">
      <Execution id="9cbcdaf0-1d32-4b69-bfc7-1b8ca5e8c97e" />
      <TestMethod codeBase="C:\Users\gwatson\Desktop\SA\PersistentArray\SADatabase\PLLUnitTest\bin\Debug\PLLUnitTest.dll" adapterTypeName="Microsoft.VisualStudio.TestTools.TestTypes.Unit.UnitTestAdapter, Microsoft.VisualStudio.QualityTools.Tips.UnitTest.Adapter, Version=10.0.0.0, Culture=neutral, PublicKeyToken=b03f5f7f11d50a3a" className="PLLUnitTest.PersistentLinkedListTest, PLLUnitTest" name="ReopenTest" />
    </UnitTest>
    <UnitTest name="RemoveTest" storage="c:\users\gwatson\desktop\sa\persistentarray\sadatabase\pllunittest\bin\debug\pllunittest.dll" id="4bbd3904-7ad8-7f8b-c8e4-fd552740646a">
      <Execution id="7326de60-7bc6-4fb4-a386-df9aaaf46e2e" />
      <TestMethod codeBase="C:\Users\gwatson\Desktop\SA\PersistentArray\SADatabase\PLLUnitTest\bin\Debug\PLLUnitTest.dll" adapterTypeName="Microsoft.VisualStudio.TestTools.TestTypes.Unit.UnitTestAdapter, Microsoft.VisualStudio.QualityTools.Tips.UnitTest.Adapter, Version=10.0.0.0, Culture=neutral, PublicKeyToken=b03f5f7f11d50a3a" className="PLLUnitTest.PersistentLinkedListTest, PLLUnitTest" name="RemoveTest" />
    </UnitTest>
    <UnitTest name="DeserializeTest" storage="c:\users\gwatson\desktop\sa\persistentarray\sadatabase\pllunittest\bin\debug\pllunittest.dll" id="04f7cef3-5dd1-279a-9290-195c67f3eb10">
      <Execution id="77feb21f-03e2-4eed-abfb-09522212a0c4" />
      <TestMethod codeBase="C:\Users\gwatson\Desktop\SA\PersistentArray\SADatabase\PLLUnitTest\bin\Debug\PLLUnitTest.dll" adapterTypeName="Microsoft.VisualStudio.TestTools.TestTypes.Unit.UnitTestAdapter, Microsoft.VisualStudio.QualityTools.Tips.UnitTest.Adapter, Version=10.0.0.0, Culture=neutral, PublicKeyToken=b03f5f7f11d50a3a" className="PLLUnitTest.PLLHeaderTest, PLLUnitTest" name="DeserializeTest" />
    </UnitTest>
    <UnitTest name="GetElementSizeTest" storage="c:\users\gwatson\desktop\sa\persistentarray\sadatabase\persistentarrayunittest\bin\debug\paunittest.dll" id="fc01b55b-5936-8b78-9de3-822e7b824b5a">
      <Execution id="c4eab657-4e18-4f76-b69e-d574846ea681" />
      <TestMethod codeBase="C:\Users\gwatson\Desktop\SA\PersistentArray\SADatabase\PersistentArrayUnitTest\bin\Debug\PAUnitTest.dll" adapterTypeName="Microsoft.VisualStudio.TestTools.TestTypes.Unit.UnitTestAdapter, Microsoft.VisualStudio.QualityTools.Tips.UnitTest.Adapter, Version=10.0.0.0, Culture=neutral, PublicKeyToken=b03f5f7f11d50a3a" className="PAUnitTest.IPersistentArrayTest, PAUnitTest" name="GetElementSizeTest" />
    </UnitTest>
    <UnitTest name="GetPathToNameTest" storage="c:\users\gwatson\desktop\sa\persistentarray\sadatabase\filepersistenceunittest\bin\debug\filepersistenceunittest.dll" id="d917289d-258a-a478-26f6-a5a85e035c3f">
      <Execution id="8ae68480-33d2-4183-b84c-ded42382d805" />
      <TestMethod codeBase="C:\Users\gwatson\Desktop\SA\PersistentArray\SADatabase\FilePersistenceUnitTest\bin\Debug\FilePersistenceUnitTest.dll" adapterTypeName="Microsoft.VisualStudio.TestTools.TestTypes.Unit.UnitTestAdapter, Microsoft.VisualStudio.QualityTools.Tips.UnitTest.Adapter, Version=10.0.0.0, Culture=neutral, PublicKeyToken=b03f5f7f11d50a3a" className="FilePersistenceUnitTest.FileWithHeaderTest, FilePersistenceUnitTest" name="GetPathToNameTest" />
    </UnitTest>
    <UnitTest name="FreeMergeBothTest" storage="c:\users\gwatson\desktop\sa\persistentarray\sadatabase\phmunittest\bin\debug\phmunittest.dll" id="b5c4ab9a-0762-76c8-cb39-93c09b1df71e">
      <Execution id="be387717-b864-4140-970c-c53028536994" />
      <TestMethod codeBase="C:\Users\gwatson\Desktop\SA\PersistentArray\SADatabase\PHMUnitTest\bin\Debug\PHMUnitTest.dll" adapterTypeName="Microsoft.VisualStudio.TestTools.TestTypes.Unit.UnitTestAdapter, Microsoft.VisualStudio.QualityTools.Tips.UnitTest.Adapter, Version=10.0.0.0, Culture=neutral, PublicKeyToken=b03f5f7f11d50a3a" className="PHMUnitTest.PersistentHeapTest, PHMUnitTest" name="FreeMergeBothTest" />
    </UnitTest>
    <UnitTest name="CtorTest" storage="c:\users\gwatson\desktop\sa\persistentarray\sadatabase\pllunittest\bin\debug\pllunittest.dll" id="f8c986a1-4d49-6c57-695c-e57bd1d77a03">
      <Execution id="424ef00e-a526-4a1d-a65a-8c8a17b3202b" />
      <TestMethod codeBase="C:\Users\gwatson\Desktop\SA\PersistentArray\SADatabase\PLLUnitTest\bin\Debug\PLLUnitTest.dll" adapterTypeName="Microsoft.VisualStudio.TestTools.TestTypes.Unit.UnitTestAdapter, Microsoft.VisualStudio.QualityTools.Tips.UnitTest.Adapter, Version=10.0.0.0, Culture=neutral, PublicKeyToken=b03f5f7f11d50a3a" className="PLLUnitTest.PLLHeaderTest, PLLUnitTest" name="CtorTest" />
    </UnitTest>
    <UnitTest name="WipeIndexTest" storage="c:\users\gwatson\desktop\sa\persistentarray\sadatabase\cpaunittest\bin\debug\cpaunittest.dll" id="b1842f56-d68c-936e-0289-fc1c1f6a341f">
      <Execution id="fc79f420-a085-48c3-bad0-97a537a214ce" />
      <TestMethod codeBase="C:\Users\gwatson\Desktop\SA\PersistentArray\SADatabase\CPAUnitTest\bin\Debug\CPAUnitTest.dll" adapterTypeName="Microsoft.VisualStudio.TestTools.TestTypes.Unit.UnitTestAdapter, Microsoft.VisualStudio.QualityTools.Tips.UnitTest.Adapter, Version=10.0.0.0, Culture=neutral, PublicKeyToken=b03f5f7f11d50a3a" className="CPAUnitTest.CachedIArrayTest, CPAUnitTest" name="WipeIndexTest" />
    </UnitTest>
    <UnitTest name="WriteByteTest" storage="c:\users\gwatson\desktop\sa\persistentarray\sadatabase\persistenceunittest\bin\debug\persistenceunittest.dll" id="798de980-a2f0-6011-fdc6-e140e662baa9">
      <Execution id="023b8284-4410-415e-9e11-4005549c2fe7" />
      <TestMethod codeBase="C:\Users\gwatson\Desktop\SA\PersistentArray\SADatabase\PersistenceUnitTest\bin\Debug\PersistenceUnitTest.dll" adapterTypeName="Microsoft.VisualStudio.TestTools.TestTypes.Unit.UnitTestAdapter, Microsoft.VisualStudio.QualityTools.Tips.UnitTest.Adapter, Version=10.0.0.0, Culture=neutral, PublicKeyToken=b03f5f7f11d50a3a" className="PersistenceUnitTest.RandomAccessFileTest, PersistenceUnitTest" name="WriteByteTest" />
    </UnitTest>
    <UnitTest name="MergeBeforeTest" storage="c:\users\gwatson\desktop\sa\persistentarray\sadatabase\phmunittest\bin\debug\phmunittest.dll" id="c1b4ff73-548a-5879-276c-0c28ff414a1c">
      <Execution id="2c5a63e7-b266-4497-824b-dc80ba11a9cf" />
      <TestMethod codeBase="C:\Users\gwatson\Desktop\SA\PersistentArray\SADatabase\PHMUnitTest\bin\Debug\PHMUnitTest.dll" adapterTypeName="Microsoft.VisualStudio.TestTools.TestTypes.Unit.UnitTestAdapter, Microsoft.VisualStudio.QualityTools.Tips.UnitTest.Adapter, Version=10.0.0.0, Culture=neutral, PublicKeyToken=b03f5f7f11d50a3a" className="PHMUnitTest.PersistentHeapFreeSpaceTest, PHMUnitTest" name="MergeBeforeTest" />
    </UnitTest>
    <UnitTest name="CloseTest" storage="c:\users\gwatson\desktop\sa\persistentarray\sadatabase\persistentarrayunittest\bin\debug\paunittest.dll" id="cf7f4ea5-e033-7c9e-2653-20e77c20a6bd">
      <Execution id="667acb98-c0f8-4680-91ce-248e41973ecb" />
      <TestMethod codeBase="C:\Users\gwatson\Desktop\SA\PersistentArray\SADatabase\PersistentArrayUnitTest\bin\Debug\PAUnitTest.dll" adapterTypeName="Microsoft.VisualStudio.TestTools.TestTypes.Unit.UnitTestAdapter, Microsoft.VisualStudio.QualityTools.Tips.UnitTest.Adapter, Version=10.0.0.0, Culture=neutral, PublicKeyToken=b03f5f7f11d50a3a" className="PAUnitTest.IPersistentArrayTest, PAUnitTest" name="CloseTest" />
    </UnitTest>
    <UnitTest name="CtorTest" storage="c:\users\gwatson\desktop\sa\persistentarray\sadatabase\phtunittest\bin\debug\phtunittest.dll" id="78b45b03-89ec-7f9c-ccf6-a39587c81578">
      <Execution id="6c49d5f0-09fc-49a6-bf2c-84bb595e8d65" />
      <TestMethod codeBase="C:\Users\gwatson\Desktop\SA\PersistentArray\SADatabase\PHTUnitTest\bin\Debug\PHTUnitTest.dll" adapterTypeName="Microsoft.VisualStudio.TestTools.TestTypes.Unit.UnitTestAdapter, Microsoft.VisualStudio.QualityTools.Tips.UnitTest.Adapter, Version=10.0.0.0, Culture=neutral, PublicKeyToken=b03f5f7f11d50a3a" className="PHTUnitTest.HashTableElementTest, PHTUnitTest" name="CtorTest" />
    </UnitTest>
    <UnitTest name="SingletonTest" storage="c:\users\gwatson\desktop\sa\persistentarray\sadatabase\filepersistenceunittest\bin\debug\filepersistenceunittest.dll" id="77659b17-3c06-332d-dd10-83bcb0b96f9d">
      <Execution id="5d68ff0c-64c7-42d2-aedf-e4577febb8b8" />
      <TestMethod codeBase="C:\Users\gwatson\Desktop\SA\PersistentArray\SADatabase\FilePersistenceUnitTest\bin\Debug\FilePersistenceUnitTest.dll" adapterTypeName="Microsoft.VisualStudio.TestTools.TestTypes.Unit.UnitTestAdapter, Microsoft.VisualStudio.QualityTools.Tips.UnitTest.Adapter, Version=10.0.0.0, Culture=neutral, PublicKeyToken=b03f5f7f11d50a3a" className="FilePersistenceUnitTest.StorageMultitonTest, FilePersistenceUnitTest" name="SingletonTest" />
    </UnitTest>
    <UnitTest name="SerializeTest" storage="c:\users\gwatson\desktop\sa\persistentarray\sadatabase\phtunittest\bin\debug\phtunittest.dll" id="161a504d-52d4-787a-3837-47cb7fdc172b">
      <Execution id="1294ab7a-a915-4b56-819a-6d2c40dca633" />
      <TestMethod codeBase="C:\Users\gwatson\Desktop\SA\PersistentArray\SADatabase\PHTUnitTest\bin\Debug\PHTUnitTest.dll" adapterTypeName="Microsoft.VisualStudio.TestTools.TestTypes.Unit.UnitTestAdapter, Microsoft.VisualStudio.QualityTools.Tips.UnitTest.Adapter, Version=10.0.0.0, Culture=neutral, PublicKeyToken=b03f5f7f11d50a3a" className="PHTUnitTest.HashTableHeaderTest, PHTUnitTest" name="SerializeTest" />
    </UnitTest>
    <UnitTest name="SetChildTest" storage="c:\users\gwatson\desktop\sa\persistentarray\sadatabase\cpaunittest\bin\debug\cpaunittest.dll" id="715794aa-fc77-0689-abff-ac88adbeef1b">
      <Execution id="98570722-c90f-4ad2-82d0-ee3c27e4d6be" />
      <TestMethod codeBase="C:\Users\gwatson\Desktop\SA\PersistentArray\SADatabase\CPAUnitTest\bin\Debug\CPAUnitTest.dll" adapterTypeName="Microsoft.VisualStudio.TestTools.TestTypes.Unit.UnitTestAdapter, Microsoft.VisualStudio.QualityTools.Tips.UnitTest.Adapter, Version=10.0.0.0, Culture=neutral, PublicKeyToken=b03f5f7f11d50a3a" className="CPAUnitTest.NodeTest, CPAUnitTest" name="SetChildTest" />
    </UnitTest>
    <UnitTest name="SetParentTest" storage="c:\users\gwatson\desktop\sa\persistentarray\sadatabase\cpaunittest\bin\debug\cpaunittest.dll" id="81c26981-166a-e776-7c32-8b14e45e71af">
      <Execution id="28e5ea29-84e5-414f-9e55-026ebcf03692" />
      <TestMethod codeBase="C:\Users\gwatson\Desktop\SA\PersistentArray\SADatabase\CPAUnitTest\bin\Debug\CPAUnitTest.dll" adapterTypeName="Microsoft.VisualStudio.TestTools.TestTypes.Unit.UnitTestAdapter, Microsoft.VisualStudio.QualityTools.Tips.UnitTest.Adapter, Version=10.0.0.0, Culture=neutral, PublicKeyToken=b03f5f7f11d50a3a" className="CPAUnitTest.NodeTest, CPAUnitTest" name="SetParentTest" />
    </UnitTest>
    <UnitTest name="GetHeaderTest" storage="c:\users\gwatson\desktop\sa\persistentarray\sadatabase\pafsunittest\bin\debug\pafsunittest.dll" id="13d4ab95-1414-7811-03e7-8823a1d3b6d1">
      <Execution id="b29abff5-137e-40f4-ba20-1c79f305f529" />
      <TestMethod codeBase="C:\Users\gwatson\Desktop\SA\PersistentArray\SADatabase\PAFSUnitTest\bin\Debug\PAFSUnitTest.dll" adapterTypeName="Microsoft.VisualStudio.TestTools.TestTypes.Unit.UnitTestAdapter, Microsoft.VisualStudio.QualityTools.Tips.UnitTest.Adapter, Version=10.0.0.0, Culture=neutral, PublicKeyToken=b03f5f7f11d50a3a" className="PAFSUnitTest.IPersistentArraySpaceManagerTest, PAFSUnitTest" name="GetHeaderTest" />
    </UnitTest>
    <UnitTest name="ReadFromStorageTest" storage="c:\users\gwatson\desktop\sa\persistentarray\sadatabase\filepersistenceunittest\bin\debug\filepersistenceunittest.dll" id="8d5355e8-963b-595b-8da8-04a7226498e8">
      <Execution id="045db4d8-b3ea-4891-89e6-5ba1f3f3f734" />
      <TestMethod codeBase="C:\Users\gwatson\Desktop\SA\PersistentArray\SADatabase\FilePersistenceUnitTest\bin\Debug\FilePersistenceUnitTest.dll" adapterTypeName="Microsoft.VisualStudio.TestTools.TestTypes.Unit.UnitTestAdapter, Microsoft.VisualStudio.QualityTools.Tips.UnitTest.Adapter, Version=10.0.0.0, Culture=neutral, PublicKeyToken=b03f5f7f11d50a3a" className="FilePersistenceUnitTest.UserHeaderTest, FilePersistenceUnitTest" name="ReadFromStorageTest" />
    </UnitTest>
    <UnitTest name="AddBeforeTest" storage="c:\users\gwatson\desktop\sa\persistentarray\sadatabase\pllunittest\bin\debug\pllunittest.dll" id="6e6c95ba-db7f-0ed9-f253-6c4e917c2d37">
      <Execution id="8a2e6498-51a9-48e3-ae9b-a01a5876a8f0" />
      <TestMethod codeBase="C:\Users\gwatson\Desktop\SA\PersistentArray\SADatabase\PLLUnitTest\bin\Debug\PLLUnitTest.dll" adapterTypeName="Microsoft.VisualStudio.TestTools.TestTypes.Unit.UnitTestAdapter, Microsoft.VisualStudio.QualityTools.Tips.UnitTest.Adapter, Version=10.0.0.0, Culture=neutral, PublicKeyToken=b03f5f7f11d50a3a" className="PLLUnitTest.PersistentLinkedListTest, PLLUnitTest" name="AddBeforeTest" />
    </UnitTest>
    <UnitTest name="GetUserHeaderSizeTest" storage="c:\users\gwatson\desktop\sa\persistentarray\sadatabase\filepersistenceunittest\bin\debug\filepersistenceunittest.dll" id="83312457-8852-ca77-37d0-bc2152068b12">
      <Execution id="b472cc0f-36f9-4d44-865f-9d02daebf58a" />
      <TestMethod codeBase="C:\Users\gwatson\Desktop\SA\PersistentArray\SADatabase\FilePersistenceUnitTest\bin\Debug\FilePersistenceUnitTest.dll" adapterTypeName="Microsoft.VisualStudio.TestTools.TestTypes.Unit.UnitTestAdapter, Microsoft.VisualStudio.QualityTools.Tips.UnitTest.Adapter, Version=10.0.0.0, Culture=neutral, PublicKeyToken=b03f5f7f11d50a3a" className="FilePersistenceUnitTest.FileWithHeaderTest, FilePersistenceUnitTest" name="GetUserHeaderSizeTest" />
    </UnitTest>
    <UnitTest name="GetNextIndexTest" storage="c:\users\gwatson\desktop\sa\persistentarray\sadatabase\pafsunittest\bin\debug\pafsunittest.dll" id="a2972d95-ef43-ab33-2113-41690f360353">
      <Execution id="714b55a5-b18a-4325-b1e5-050398a4bdd8" />
      <TestMethod codeBase="C:\Users\gwatson\Desktop\SA\PersistentArray\SADatabase\PAFSUnitTest\bin\Debug\PAFSUnitTest.dll" adapterTypeName="Microsoft.VisualStudio.TestTools.TestTypes.Unit.UnitTestAdapter, Microsoft.VisualStudio.QualityTools.Tips.UnitTest.Adapter, Version=10.0.0.0, Culture=neutral, PublicKeyToken=b03f5f7f11d50a3a" className="PAFSUnitTest.IPersistentArraySpaceManagerTest, PAFSUnitTest" name="GetNextIndexTest" />
    </UnitTest>
    <UnitTest name="SubArrayTest" storage="c:\users\gwatson\desktop\sa\persistentarray\sadatabase\bytehelperunittest\bin\debug\bytehelperunittest.dll" id="87c8f2b9-5e7b-9e82-cf24-bcc4c877b50d">
      <Execution id="1adeaa5b-37f2-4b86-82fb-6870ae184fa1" />
      <TestMethod codeBase="C:\Users\gwatson\Desktop\SA\PersistentArray\SADatabase\ByteHelperUnitTest\bin\Debug\ByteHelperUnitTest.dll" adapterTypeName="Microsoft.VisualStudio.TestTools.TestTypes.Unit.UnitTestAdapter, Microsoft.VisualStudio.QualityTools.Tips.UnitTest.Adapter, Version=10.0.0.0, Culture=neutral, PublicKeyToken=b03f5f7f11d50a3a" className="ByteHelperUnitTest.HelperTest, ByteHelperUnitTest" name="SubArrayTest" />
    </UnitTest>
    <UnitTest name="MergeAfterTest" storage="c:\users\gwatson\desktop\sa\persistentarray\sadatabase\phmunittest\bin\debug\phmunittest.dll" id="f19b5895-b0f7-59f0-4036-17b6609c64da">
      <Execution id="0f678e70-ffd4-4660-946b-6a9909f9cc01" />
      <TestMethod codeBase="C:\Users\gwatson\Desktop\SA\PersistentArray\SADatabase\PHMUnitTest\bin\Debug\PHMUnitTest.dll" adapterTypeName="Microsoft.VisualStudio.TestTools.TestTypes.Unit.UnitTestAdapter, Microsoft.VisualStudio.QualityTools.Tips.UnitTest.Adapter, Version=10.0.0.0, Culture=neutral, PublicKeyToken=b03f5f7f11d50a3a" className="PHMUnitTest.PersistentHeapFreeSpaceTest, PHMUnitTest" name="MergeAfterTest" />
    </UnitTest>
    <UnitTest name="GetPutTest" storage="c:\users\gwatson\desktop\sa\persistentarray\sadatabase\filepersistenceunittest\bin\debug\filepersistenceunittest.dll" id="2ba6a0e8-4d4a-7fae-c756-beed24e76cc7">
      <Execution id="e7eb39e9-c632-401b-9444-651233f22712" />
      <TestMethod codeBase="C:\Users\gwatson\Desktop\SA\PersistentArray\SADatabase\FilePersistenceUnitTest\bin\Debug\FilePersistenceUnitTest.dll" adapterTypeName="Microsoft.VisualStudio.TestTools.TestTypes.Unit.UnitTestAdapter, Microsoft.VisualStudio.QualityTools.Tips.UnitTest.Adapter, Version=10.0.0.0, Culture=neutral, PublicKeyToken=b03f5f7f11d50a3a" className="FilePersistenceUnitTest.FileWithHeaderTest, FilePersistenceUnitTest" name="GetPutTest" />
    </UnitTest>
    <UnitTest name="FreeBlockTest" storage="c:\users\gwatson\desktop\sa\persistentarray\sadatabase\pafsunittest\bin\debug\pafsunittest.dll" id="c11c787c-4fca-cfaa-5d6d-7fdc4065163a">
      <Execution id="7847b515-d6d0-4a1e-ac06-9c0106474fa9" />
      <TestMethod codeBase="C:\Users\gwatson\Desktop\SA\PersistentArray\SADatabase\PAFSUnitTest\bin\Debug\PAFSUnitTest.dll" adapterTypeName="Microsoft.VisualStudio.TestTools.TestTypes.Unit.UnitTestAdapter, Microsoft.VisualStudio.QualityTools.Tips.UnitTest.Adapter, Version=10.0.0.0, Culture=neutral, PublicKeyToken=b03f5f7f11d50a3a" className="PAFSUnitTest.IPersistentArraySpaceManagerTest, PAFSUnitTest" name="FreeBlockTest" />
    </UnitTest>
  </TestDefinitions>
  <TestLists>
    <TestList name="Results Not in a List" id="8c84fa94-04c1-424b-9868-57a2d4851a1d" />
    <TestList name="All Loaded Results" id="19431567-8539-422a-85d7-44ee4e166bda" />
  </TestLists>
  <TestEntries>
    <TestEntry testId="00175a47-f5ac-5833-baf2-7cf7b4a44a19" executionId="38c57937-5a49-49a2-9f9b-4769fd37343a" testListId="8c84fa94-04c1-424b-9868-57a2d4851a1d" />
    <TestEntry testId="00a5a340-dd24-58d6-2c39-57102dd10a93" executionId="c70eda39-e86f-4995-a0f3-4e95e844af8f" testListId="8c84fa94-04c1-424b-9868-57a2d4851a1d" />
    <TestEntry testId="00e17ed5-bd31-7476-2fee-eae2d73830e2" executionId="24195d8a-144a-4f3c-aefd-c0b622cc8b76" testListId="8c84fa94-04c1-424b-9868-57a2d4851a1d" />
    <TestEntry testId="01045d66-f1c1-b905-4f83-06fa33497a3c" executionId="f2dda1bb-583a-42f0-8cf7-5ece9a885a6d" testListId="8c84fa94-04c1-424b-9868-57a2d4851a1d" />
    <TestEntry testId="011f0b4d-330b-80d4-eb98-3a291b4151c2" executionId="b580bc1c-bf8b-4d71-ab43-b3f6841edbb4" testListId="8c84fa94-04c1-424b-9868-57a2d4851a1d" />
    <TestEntry testId="01bc45a5-2d07-66b6-930e-fc2b22c4f6e2" executionId="ec79571d-d2af-441b-91f5-dc2bfa72ef51" testListId="8c84fa94-04c1-424b-9868-57a2d4851a1d" />
    <TestEntry testId="04f7cef3-5dd1-279a-9290-195c67f3eb10" executionId="77feb21f-03e2-4eed-abfb-09522212a0c4" testListId="8c84fa94-04c1-424b-9868-57a2d4851a1d" />
    <TestEntry testId="07414e15-0007-4d7b-15c6-ec13fc17ad8b" executionId="86e576b5-2cdf-4fc8-a903-3a702c2872a2" testListId="8c84fa94-04c1-424b-9868-57a2d4851a1d" />
    <TestEntry testId="07fd6071-5ad6-8ae1-19db-6f86b098fff4" executionId="bec4af52-3561-4d9d-a054-9e54173fa5cd" testListId="8c84fa94-04c1-424b-9868-57a2d4851a1d" />
    <TestEntry testId="082e8e55-223e-051e-386f-e304fa6d81fc" executionId="88a6e7c2-8541-4152-8ecc-7f7f7eaf3c8b" testListId="8c84fa94-04c1-424b-9868-57a2d4851a1d" />
    <TestEntry testId="0bf9df8d-121f-259e-67aa-905c5bb6c662" executionId="1ed20227-04e0-43b6-a5cc-3b99a6ccb0eb" testListId="8c84fa94-04c1-424b-9868-57a2d4851a1d" />
    <TestEntry testId="0ef3c0a1-e279-0642-068f-cf09f20b4b4e" executionId="cb7bc6cd-ee0a-4652-8a06-5493f7ee4bca" testListId="8c84fa94-04c1-424b-9868-57a2d4851a1d" />
    <TestEntry testId="0f7dd13b-d69f-2fef-8f8e-80f7ee7968ec" executionId="b98ce737-32bd-4519-8c14-2773b86400a9" testListId="8c84fa94-04c1-424b-9868-57a2d4851a1d" />
    <TestEntry testId="11201bbf-151b-a78e-02fa-23b7cbfebd28" executionId="60032602-e896-4df6-9281-7da4b0249cb3" testListId="8c84fa94-04c1-424b-9868-57a2d4851a1d" />
    <TestEntry testId="119f0d26-abb3-b910-6e20-3eb2e8267f66" executionId="1a4d33cf-752d-479c-8af3-4cee02e1cebb" testListId="8c84fa94-04c1-424b-9868-57a2d4851a1d" />
    <TestEntry testId="11b05b3f-8750-268f-48a2-a9f027b23597" executionId="793b874d-9480-4905-a51c-f453735e055e" testListId="8c84fa94-04c1-424b-9868-57a2d4851a1d" />
    <TestEntry testId="1232c426-0c7a-7827-61d6-db854aeef3be" executionId="a9e23e7a-0872-4253-b003-a98e4391caed" testListId="8c84fa94-04c1-424b-9868-57a2d4851a1d" />
    <TestEntry testId="13b6656a-26f9-0ea8-7ea0-1310a5a1b2d4" executionId="6c1179f2-7118-45ac-973c-3445ce059233" testListId="8c84fa94-04c1-424b-9868-57a2d4851a1d" />
    <TestEntry testId="13caa2ac-a8f6-fd8d-092b-4da64a664c5a" executionId="86a755b1-a707-4c03-9e57-0f426c5ac9d6" testListId="8c84fa94-04c1-424b-9868-57a2d4851a1d" />
    <TestEntry testId="13d4ab95-1414-7811-03e7-8823a1d3b6d1" executionId="b29abff5-137e-40f4-ba20-1c79f305f529" testListId="8c84fa94-04c1-424b-9868-57a2d4851a1d" />
    <TestEntry testId="1510b5de-0adc-d68f-397e-304b14d0d872" executionId="be2e1ea9-53b3-4478-a9a7-f2a60e063c1e" testListId="8c84fa94-04c1-424b-9868-57a2d4851a1d" />
    <TestEntry testId="15446eac-e5d1-8f0a-f744-cb3cd9c641c7" executionId="76a5e904-c255-4745-b242-ba25b2ce268f" testListId="8c84fa94-04c1-424b-9868-57a2d4851a1d" />
    <TestEntry testId="15eee5ec-03b7-2b3f-62ff-f766c0f78875" executionId="76aa7a21-c3ce-404a-9755-93bc838dca63" testListId="8c84fa94-04c1-424b-9868-57a2d4851a1d" />
    <TestEntry testId="1604b673-3185-b533-77b5-a1fcf04b160d" executionId="3fe5535d-2adf-4cc4-946a-08c0211f613b" testListId="8c84fa94-04c1-424b-9868-57a2d4851a1d" />
    <TestEntry testId="161a504d-52d4-787a-3837-47cb7fdc172b" executionId="1294ab7a-a915-4b56-819a-6d2c40dca633" testListId="8c84fa94-04c1-424b-9868-57a2d4851a1d" />
    <TestEntry testId="17c74e86-2a6c-cb27-d667-6f54dbf65bde" executionId="797f593c-9b8a-46d1-81ae-2894530ea712" testListId="8c84fa94-04c1-424b-9868-57a2d4851a1d" />
    <TestEntry testId="1a92d4c6-be2c-ef6c-e2d4-ccc5f0564285" executionId="dbe979c1-707e-4fe9-a483-aaebafc0a8e9" testListId="8c84fa94-04c1-424b-9868-57a2d4851a1d" />
    <TestEntry testId="1af0c77b-4d3c-a3e7-21cb-37332222dd11" executionId="e79f9543-6359-4a5d-b9a1-3840ad18bbb2" testListId="8c84fa94-04c1-424b-9868-57a2d4851a1d" />
    <TestEntry testId="1d53293b-a39c-108d-e97e-8d3ed479d40d" executionId="de4afbe5-f6f5-477b-9213-d4349292bf77" testListId="8c84fa94-04c1-424b-9868-57a2d4851a1d" />
    <TestEntry testId="1fbff0c8-5e86-4d43-10de-791509c0db36" executionId="0c65f773-bdc8-4581-ba89-0d349855f5a6" testListId="8c84fa94-04c1-424b-9868-57a2d4851a1d" />
    <TestEntry testId="2034f3b2-84ce-b459-b009-777707c460e9" executionId="cb24aea2-1d1c-4f34-8ace-8639b8997037" testListId="8c84fa94-04c1-424b-9868-57a2d4851a1d" />
    <TestEntry testId="2053caf7-0cee-71a7-c0a3-31f51653539e" executionId="ebe6aeac-6217-4df2-adc4-90109f194898" testListId="8c84fa94-04c1-424b-9868-57a2d4851a1d" />
    <TestEntry testId="21ea634d-ec3e-6f69-7865-3d6f41e7db9a" executionId="8f469d2a-0a28-4284-9262-7e728987d5ac" testListId="8c84fa94-04c1-424b-9868-57a2d4851a1d" />
    <TestEntry testId="282879a0-7b32-ff9a-e44c-1a4579417208" executionId="f451244d-65ce-4a45-bc1d-0a7fac2adc86" testListId="8c84fa94-04c1-424b-9868-57a2d4851a1d" />
    <TestEntry testId="2a736369-0faa-7bd0-3ec4-55591153ab35" executionId="02332749-157c-499f-8d25-e59a4d867ba1" testListId="8c84fa94-04c1-424b-9868-57a2d4851a1d" />
    <TestEntry testId="2b9a3f45-3c5e-f945-6521-ce395feda3cb" executionId="4afe85fa-9587-48fa-bd98-4c8d0d0d3594" testListId="8c84fa94-04c1-424b-9868-57a2d4851a1d" />
    <TestEntry testId="2ba6a0e8-4d4a-7fae-c756-beed24e76cc7" executionId="e7eb39e9-c632-401b-9444-651233f22712" testListId="8c84fa94-04c1-424b-9868-57a2d4851a1d" />
    <TestEntry testId="2ecace38-de69-65fe-78ba-795f763f7921" executionId="af95b29e-f2c4-49d6-bec6-a674b7983b33" testListId="8c84fa94-04c1-424b-9868-57a2d4851a1d" />
    <TestEntry testId="30fb22e9-f40e-bfdf-14ab-ef764bec1747" executionId="9cbcdaf0-1d32-4b69-bfc7-1b8ca5e8c97e" testListId="8c84fa94-04c1-424b-9868-57a2d4851a1d" />
    <TestEntry testId="33bbef63-045e-f45c-4904-9d2f969572f1" executionId="b60b93d3-6ed8-499a-9c24-0443b6139f3b" testListId="8c84fa94-04c1-424b-9868-57a2d4851a1d" />
    <TestEntry testId="344d8cb8-23f2-23e3-3ec1-bef1b12c809d" executionId="eb61db8c-33f6-445c-8b2e-c60c84e2cd90" testListId="8c84fa94-04c1-424b-9868-57a2d4851a1d" />
    <TestEntry testId="35a16e41-d355-d959-88ea-aa8f91cea11b" executionId="edf4adb1-1063-4921-86b0-7eda025eb266" testListId="8c84fa94-04c1-424b-9868-57a2d4851a1d" />
    <TestEntry testId="386c50f6-2d09-529c-8336-cdd485ffb439" executionId="a2697d9a-f18c-42a7-bb14-5c594788e0e7" testListId="8c84fa94-04c1-424b-9868-57a2d4851a1d" />
    <TestEntry testId="39634d81-9688-20c8-d77f-ba195db41378" executionId="518e9976-7fe3-423f-8dbd-638ed102daa1" testListId="8c84fa94-04c1-424b-9868-57a2d4851a1d" />
    <TestEntry testId="402330e1-95b7-447a-93a7-af95d05ae424" executionId="b5ad25f2-eaf3-4fa1-93b4-7a8cf84f6fd9" testListId="8c84fa94-04c1-424b-9868-57a2d4851a1d" />
    <TestEntry testId="414c1d58-8de9-a775-6ff6-4a9efb4178ab" executionId="ce11aed6-07fd-4cfb-bc67-d18d693872ab" testListId="8c84fa94-04c1-424b-9868-57a2d4851a1d" />
    <TestEntry testId="44b2bd84-c18b-ffc2-bf52-0bd4506adf9f" executionId="b569da14-dbd5-4b09-bfcd-bd4ef0fca414" testListId="8c84fa94-04c1-424b-9868-57a2d4851a1d" />
    <TestEntry testId="45dc2f0e-4af7-fb97-54f6-bad15d2a2da4" executionId="aa6758eb-7f89-49cf-b966-bfbb47af5ea0" testListId="8c84fa94-04c1-424b-9868-57a2d4851a1d" />
    <TestEntry testId="47e64445-4f51-07b5-3b92-f087a8ca68d5" executionId="cb76fb80-1d78-486e-a1f8-7141c4b40e4e" testListId="8c84fa94-04c1-424b-9868-57a2d4851a1d" />
    <TestEntry testId="4aeb4eda-2347-4daf-0915-85bd224c5d85" executionId="a0293407-79f1-4322-a7b1-46f714c32b25" testListId="8c84fa94-04c1-424b-9868-57a2d4851a1d" />
    <TestEntry testId="4bbd3904-7ad8-7f8b-c8e4-fd552740646a" executionId="7326de60-7bc6-4fb4-a386-df9aaaf46e2e" testListId="8c84fa94-04c1-424b-9868-57a2d4851a1d" />
    <TestEntry testId="4cca534d-1656-b797-40e9-49330488cbbd" executionId="5e845861-75ec-4f7a-aab2-e208b94ef469" testListId="8c84fa94-04c1-424b-9868-57a2d4851a1d" />
    <TestEntry testId="51fbe3ee-5d05-0bea-05a3-3f4776bc717b" executionId="b27efdb6-9139-4cf2-9425-3eb948a4b878" testListId="8c84fa94-04c1-424b-9868-57a2d4851a1d" />
    <TestEntry testId="5335332c-34c5-80ee-4a17-60db3bec8999" executionId="5164432e-37db-4043-a0d6-d4f3e0dfff97" testListId="8c84fa94-04c1-424b-9868-57a2d4851a1d" />
    <TestEntry testId="553e65a4-d49e-c86b-4f63-da6f1a61fced" executionId="520c7254-bd39-4ac0-9761-002848b15c69" testListId="8c84fa94-04c1-424b-9868-57a2d4851a1d" />
    <TestEntry testId="565a9370-80c9-3456-28b5-ca4466bce36c" executionId="33ed6ac2-1790-4383-860c-a12068678253" testListId="8c84fa94-04c1-424b-9868-57a2d4851a1d" />
    <TestEntry testId="56a5f4f5-9d87-5588-a513-0fe0d7c30e0a" executionId="fd708b38-90cb-47b4-a9de-a7ca7b1b83b9" testListId="8c84fa94-04c1-424b-9868-57a2d4851a1d" />
    <TestEntry testId="5e1a90a3-2d69-9f23-3961-d8b82f54f7e7" executionId="7918e05d-7fe2-419a-aa9b-71901ef8ef42" testListId="8c84fa94-04c1-424b-9868-57a2d4851a1d" />
    <TestEntry testId="5e51bd1e-dd26-d7ed-b6ba-6a8f01ee0f1b" executionId="dabbd4c6-8cf2-4259-af71-2b5fdbcfa295" testListId="8c84fa94-04c1-424b-9868-57a2d4851a1d" />
    <TestEntry testId="610385d3-c2b5-eeb9-1ed4-86ca6ad846de" executionId="4467b14c-0814-4907-8810-751cb27b8856" testListId="8c84fa94-04c1-424b-9868-57a2d4851a1d" />
    <TestEntry testId="61f14407-3f3d-9be6-e329-c0b10da1b351" executionId="75678e84-4dc9-48c0-be8d-972773b71e70" testListId="8c84fa94-04c1-424b-9868-57a2d4851a1d" />
    <TestEntry testId="636ae8bd-e313-1098-6c8a-b8c8ef7b79b2" executionId="51d17bf7-cf1a-4b09-bcca-898a909fe98a" testListId="8c84fa94-04c1-424b-9868-57a2d4851a1d" />
    <TestEntry testId="63cc42b4-1dc6-41a3-f417-45c71de20956" executionId="0d5806af-40a9-4969-b07b-2079a9b18a4a" testListId="8c84fa94-04c1-424b-9868-57a2d4851a1d" />
    <TestEntry testId="68db09fd-1e84-1d00-a06a-8d3d340b6754" executionId="f370737d-8ac5-433c-b2a2-c09dd7e6e988" testListId="8c84fa94-04c1-424b-9868-57a2d4851a1d" />
    <TestEntry testId="6a96f9da-adcb-f7e2-df56-cae68513bb5e" executionId="3d163d1f-65c2-4b46-a69f-dffceb320c63" testListId="8c84fa94-04c1-424b-9868-57a2d4851a1d" />
    <TestEntry testId="6e30047d-c126-9623-764e-d0d0dc18feb2" executionId="89e91283-221d-49c3-9d5f-0763d7f6b7fe" testListId="8c84fa94-04c1-424b-9868-57a2d4851a1d" />
    <TestEntry testId="6e6c95ba-db7f-0ed9-f253-6c4e917c2d37" executionId="8a2e6498-51a9-48e3-ae9b-a01a5876a8f0" testListId="8c84fa94-04c1-424b-9868-57a2d4851a1d" />
    <TestEntry testId="705d2900-5b96-0c7e-5674-f042b44cf3ba" executionId="c52af4d2-1f34-4cb4-9b4b-c5b31698cbbc" testListId="8c84fa94-04c1-424b-9868-57a2d4851a1d" />
    <TestEntry testId="715794aa-fc77-0689-abff-ac88adbeef1b" executionId="98570722-c90f-4ad2-82d0-ee3c27e4d6be" testListId="8c84fa94-04c1-424b-9868-57a2d4851a1d" />
    <TestEntry testId="71ffb975-3ee7-3930-0f3e-7889b95a130e" executionId="d2980f88-3790-4c99-856f-d39602b9705a" testListId="8c84fa94-04c1-424b-9868-57a2d4851a1d" />
    <TestEntry testId="7256c121-b7a1-76a6-3a43-87fec1af02da" executionId="c4480582-7ba4-4e4d-bc75-837505141aa3" testListId="8c84fa94-04c1-424b-9868-57a2d4851a1d" />
    <TestEntry testId="77659b17-3c06-332d-dd10-83bcb0b96f9d" executionId="5d68ff0c-64c7-42d2-aedf-e4577febb8b8" testListId="8c84fa94-04c1-424b-9868-57a2d4851a1d" />
    <TestEntry testId="77c4d4bd-5fbe-4bd1-86c3-f6e38810414b" executionId="d5191f52-746d-4d17-a4d8-bb7194687977" testListId="8c84fa94-04c1-424b-9868-57a2d4851a1d" />
    <TestEntry testId="781a4d86-46c5-931f-9ce1-d470759c5ed1" executionId="9b67e49a-aeda-477a-8ace-127d01eba3d3" testListId="8c84fa94-04c1-424b-9868-57a2d4851a1d" />
    <TestEntry testId="78b45b03-89ec-7f9c-ccf6-a39587c81578" executionId="6c49d5f0-09fc-49a6-bf2c-84bb595e8d65" testListId="8c84fa94-04c1-424b-9868-57a2d4851a1d" />
    <TestEntry testId="798de980-a2f0-6011-fdc6-e140e662baa9" executionId="023b8284-4410-415e-9e11-4005549c2fe7" testListId="8c84fa94-04c1-424b-9868-57a2d4851a1d" />
    <TestEntry testId="7a09d037-6583-9dab-921a-9e399b5c9547" executionId="7ec2dc77-0c2d-495f-a1f9-ae75f9277015" testListId="8c84fa94-04c1-424b-9868-57a2d4851a1d" />
    <TestEntry testId="7ad6c21f-feaf-20c3-6794-ee2d02f21a1c" executionId="08d4446a-ed3a-4999-89bb-39156716a339" testListId="8c84fa94-04c1-424b-9868-57a2d4851a1d" />
    <TestEntry testId="7f8205c8-b606-8c59-76b5-fbdb8f56ecd0" executionId="a228094c-822a-4d03-86c7-8c57fb4c2f11" testListId="8c84fa94-04c1-424b-9868-57a2d4851a1d" />
    <TestEntry testId="818a96ef-af23-e852-2659-31e5781f9e2c" executionId="994ff001-a574-4d92-acdc-5108a1f50525" testListId="8c84fa94-04c1-424b-9868-57a2d4851a1d" />
    <TestEntry testId="81c26981-166a-e776-7c32-8b14e45e71af" executionId="28e5ea29-84e5-414f-9e55-026ebcf03692" testListId="8c84fa94-04c1-424b-9868-57a2d4851a1d" />
    <TestEntry testId="83312457-8852-ca77-37d0-bc2152068b12" executionId="b472cc0f-36f9-4d44-865f-9d02daebf58a" testListId="8c84fa94-04c1-424b-9868-57a2d4851a1d" />
    <TestEntry testId="845a5988-fe07-f37a-ba6b-e712dc39166d" executionId="f253d954-fc8e-4396-8e98-68161515d8aa" testListId="8c84fa94-04c1-424b-9868-57a2d4851a1d" />
    <TestEntry testId="846fd299-442f-a81b-5ff1-400c3a67c543" executionId="1b6fee54-6c53-4a06-9ee4-c44c8a7a66f8" testListId="8c84fa94-04c1-424b-9868-57a2d4851a1d" />
    <TestEntry testId="86053b92-a17e-53c2-7d77-530c0fa14797" executionId="f222f406-3749-40e7-941a-618b07b74bbf" testListId="8c84fa94-04c1-424b-9868-57a2d4851a1d" />
    <TestEntry testId="864cd63c-625b-94c6-46c4-e84f8efb06a6" executionId="4fb81ade-e291-4062-bade-5cec8356390c" testListId="8c84fa94-04c1-424b-9868-57a2d4851a1d" />
    <TestEntry testId="87c8f2b9-5e7b-9e82-cf24-bcc4c877b50d" executionId="1adeaa5b-37f2-4b86-82fb-6870ae184fa1" testListId="8c84fa94-04c1-424b-9868-57a2d4851a1d" />
    <TestEntry testId="8bf66a88-08b1-206e-6e7a-07808be453b9" executionId="d0e95e57-749c-4eeb-9d4b-8db14f9ba189" testListId="8c84fa94-04c1-424b-9868-57a2d4851a1d" />
    <TestEntry testId="8d5355e8-963b-595b-8da8-04a7226498e8" executionId="045db4d8-b3ea-4891-89e6-5ba1f3f3f734" testListId="8c84fa94-04c1-424b-9868-57a2d4851a1d" />
    <TestEntry testId="9042f580-80d7-070e-6671-c783c7157c04" executionId="4e23091d-8c79-425f-b38d-aebb9618e575" testListId="8c84fa94-04c1-424b-9868-57a2d4851a1d" />
    <TestEntry testId="920909e7-20b2-d96d-ce3c-d1b8d6e41092" executionId="6dac9d6c-41bf-4dd3-830b-36b362e10281" testListId="8c84fa94-04c1-424b-9868-57a2d4851a1d" />
    <TestEntry testId="93695325-fb5b-b117-f5c2-6cdaee20d742" executionId="c682f465-c218-42f2-ac32-1ef229b37525" testListId="8c84fa94-04c1-424b-9868-57a2d4851a1d" />
    <TestEntry testId="94000a80-807f-643f-04b5-3a8c67520adc" executionId="07972fca-0149-47b1-be3c-288bda2083e8" testListId="8c84fa94-04c1-424b-9868-57a2d4851a1d" />
    <TestEntry testId="94efce36-6787-804c-f9dd-d52e17e1c55e" executionId="e15fee59-d601-454f-9440-47ba157a1863" testListId="8c84fa94-04c1-424b-9868-57a2d4851a1d" />
    <TestEntry testId="965a56bb-5e93-1f41-fa3a-18161c642244" executionId="6dd2e0d9-a9a2-45a3-adcb-6976d6646aad" testListId="8c84fa94-04c1-424b-9868-57a2d4851a1d" />
    <TestEntry testId="9c153991-159a-b725-d7ba-010f61b98530" executionId="1e31b51d-715d-44ee-ab0b-84530c3ed057" testListId="8c84fa94-04c1-424b-9868-57a2d4851a1d" />
    <TestEntry testId="9c490088-6ee6-56ec-8017-95f63def4429" executionId="bd7e3b4f-50a6-417b-8704-c53f7efc2266" testListId="8c84fa94-04c1-424b-9868-57a2d4851a1d" />
    <TestEntry testId="9d779dd2-fb32-aae7-ec06-52a95bc58283" executionId="8dc401e1-adfb-4a1d-a6de-5e4c3b0d7797" testListId="8c84fa94-04c1-424b-9868-57a2d4851a1d" />
    <TestEntry testId="9d918454-2feb-95e0-4026-22b2c4e3a005" executionId="f73e2033-c7d6-4306-870d-f8da6941d483" testListId="8c84fa94-04c1-424b-9868-57a2d4851a1d" />
    <TestEntry testId="a1ae16c5-0695-b546-0d5a-01f95dae83d0" executionId="889ecc56-dac7-42f5-9468-d64fa3015905" testListId="8c84fa94-04c1-424b-9868-57a2d4851a1d" />
    <TestEntry testId="a1c72854-3dde-18e0-c9d8-83b07b0292f0" executionId="2dd4035e-4b41-48ab-a407-47712578a582" testListId="8c84fa94-04c1-424b-9868-57a2d4851a1d" />
    <TestEntry testId="a2972d95-ef43-ab33-2113-41690f360353" executionId="714b55a5-b18a-4325-b1e5-050398a4bdd8" testListId="8c84fa94-04c1-424b-9868-57a2d4851a1d" />
    <TestEntry testId="a4c6cc76-2922-41eb-a81b-35a8f1fc4233" executionId="a723ba60-871a-4ee9-bedb-7a5dfa990d1f" testListId="8c84fa94-04c1-424b-9868-57a2d4851a1d" />
    <TestEntry testId="a54f2629-8741-9051-67a0-e1a8c4b5ea10" executionId="035f8807-65cc-411f-a9e6-bef41bdb993b" testListId="8c84fa94-04c1-424b-9868-57a2d4851a1d" />
    <TestEntry testId="a71a6b83-7f57-ce8c-0c72-5da1414dfef5" executionId="aa43cf58-1582-49af-a84a-92d30adec69a" testListId="8c84fa94-04c1-424b-9868-57a2d4851a1d" />
    <TestEntry testId="a98f558f-9bab-5d3b-882a-663d5ff5ae97" executionId="9ae3db80-c8b8-4e4d-b1f4-844e01b6e3ab" testListId="8c84fa94-04c1-424b-9868-57a2d4851a1d" />
    <TestEntry testId="a9ffaa5b-f9ae-7924-38fd-a4efa57e9554" executionId="a5f5fcd6-331c-4c9b-9586-b3d2043a3385" testListId="8c84fa94-04c1-424b-9868-57a2d4851a1d" />
    <TestEntry testId="ac390c29-8921-eb5c-8cbb-15dff0c6c040" executionId="06646154-e4a3-458d-8d7f-ab04db423d92" testListId="8c84fa94-04c1-424b-9868-57a2d4851a1d" />
    <TestEntry testId="ae4afa1c-c8fc-91b6-80ab-c1099e1a8a46" executionId="90a6fc5d-c186-4f66-a035-047ebb9e5381" testListId="8c84fa94-04c1-424b-9868-57a2d4851a1d" />
    <TestEntry testId="affe1ef8-a55d-611e-f219-a825233a32ae" executionId="d22b906f-dede-4e44-886d-989bd3cce896" testListId="8c84fa94-04c1-424b-9868-57a2d4851a1d" />
    <TestEntry testId="b1842f56-d68c-936e-0289-fc1c1f6a341f" executionId="fc79f420-a085-48c3-bad0-97a537a214ce" testListId="8c84fa94-04c1-424b-9868-57a2d4851a1d" />
    <TestEntry testId="b1852ad4-9275-e058-ea39-b89e2980d650" executionId="01c3524b-27f6-4ad1-9f80-507fc5285061" testListId="8c84fa94-04c1-424b-9868-57a2d4851a1d" />
    <TestEntry testId="b1c5d96c-054d-4348-7a86-0ce106021a41" executionId="94de37e3-d808-4c7b-97e3-2bab30e7f55c" testListId="8c84fa94-04c1-424b-9868-57a2d4851a1d" />
    <TestEntry testId="b5c4ab9a-0762-76c8-cb39-93c09b1df71e" executionId="be387717-b864-4140-970c-c53028536994" testListId="8c84fa94-04c1-424b-9868-57a2d4851a1d" />
    <TestEntry testId="b63109c3-d21b-a6f8-7d7d-88020a21d390" executionId="50e0e488-02ce-4257-bf6f-6918382b7531" testListId="8c84fa94-04c1-424b-9868-57a2d4851a1d" />
    <TestEntry testId="b87f554d-216c-d1a2-7ff8-323f1d9d0f4f" executionId="ed2db618-6c2a-46df-9311-dc30e0bcf256" testListId="8c84fa94-04c1-424b-9868-57a2d4851a1d" />
    <TestEntry testId="babca73d-0229-c679-426c-78953c0ec145" executionId="acda0bd4-2833-4002-9fcd-3dbccf93ef7a" testListId="8c84fa94-04c1-424b-9868-57a2d4851a1d" />
    <TestEntry testId="bfb74228-802c-ebf9-5059-adacad2817c5" executionId="0e4a26cd-59f4-4e4e-b8da-6f39c5f952ad" testListId="8c84fa94-04c1-424b-9868-57a2d4851a1d" />
    <TestEntry testId="bfe87bac-e9fc-a821-d953-1eb8c9641d62" executionId="e21bfc72-6555-4d44-ba13-f111129173f4" testListId="8c84fa94-04c1-424b-9868-57a2d4851a1d" />
    <TestEntry testId="c09c2c2c-bf97-afdf-a556-c8b4550bee5f" executionId="d48193b6-813a-4ae2-8a93-9a9fca8fb7c4" testListId="8c84fa94-04c1-424b-9868-57a2d4851a1d" />
    <TestEntry testId="c0ed1de9-8e4d-8e00-a4bf-c9b99057cab2" executionId="164b61ef-8e7e-4a8b-a72c-e2bc208e8b52" testListId="8c84fa94-04c1-424b-9868-57a2d4851a1d" />
    <TestEntry testId="c1046ba7-0144-8813-1bc3-01566e1bbcb4" executionId="7de03304-13a3-4200-8109-21a8f1f8c0b7" testListId="8c84fa94-04c1-424b-9868-57a2d4851a1d" />
    <TestEntry testId="c11c787c-4fca-cfaa-5d6d-7fdc4065163a" executionId="7847b515-d6d0-4a1e-ac06-9c0106474fa9" testListId="8c84fa94-04c1-424b-9868-57a2d4851a1d" />
    <TestEntry testId="c198a53f-7d04-439f-1fbd-0b778727bf42" executionId="15265680-08a3-4265-982f-57caa3769bea" testListId="8c84fa94-04c1-424b-9868-57a2d4851a1d" />
    <TestEntry testId="c1b4ff73-548a-5879-276c-0c28ff414a1c" executionId="2c5a63e7-b266-4497-824b-dc80ba11a9cf" testListId="8c84fa94-04c1-424b-9868-57a2d4851a1d" />
    <TestEntry testId="c1c24e9f-1ef1-eaa1-585b-5748c70dad65" executionId="5e07fbc1-8926-4513-b1e8-c2025a9dbf4c" testListId="8c84fa94-04c1-424b-9868-57a2d4851a1d" />
    <TestEntry testId="c34800c1-01aa-78c5-5769-4dd04c7cc3d9" executionId="698850b5-f2da-4bc0-8a2a-66fa05542c66" testListId="8c84fa94-04c1-424b-9868-57a2d4851a1d" />
    <TestEntry testId="c3fc885b-06d0-19cb-a8e4-a4fc7aee2170" executionId="c67e5fff-f2b3-4b32-ae05-f160946c41fc" testListId="8c84fa94-04c1-424b-9868-57a2d4851a1d" />
    <TestEntry testId="c574974e-922d-e123-cd45-263cf5bd394a" executionId="81d6de98-7928-45e2-a8c4-2b3a75c257a4" testListId="8c84fa94-04c1-424b-9868-57a2d4851a1d" />
    <TestEntry testId="c5e39726-deec-c4f7-824b-1e41432b6b87" executionId="1b4ffa45-84a4-4eac-8d0e-0bbf1c282cbf" testListId="8c84fa94-04c1-424b-9868-57a2d4851a1d" />
    <TestEntry testId="cb9247b9-0e78-5318-b25e-4206d939f286" executionId="be19efd4-48f3-4796-869f-e64ac8fad527" testListId="8c84fa94-04c1-424b-9868-57a2d4851a1d" />
    <TestEntry testId="cc0dd485-3eb5-47cf-79f5-71c3014c459a" executionId="cc6960b2-46c3-4223-98c3-a96fffd68c15" testListId="8c84fa94-04c1-424b-9868-57a2d4851a1d" />
    <TestEntry testId="ceb208d4-f6b2-14ea-caab-c04abf814ed1" executionId="1bab29a6-4c3b-419e-8f96-03b8e4e737f7" testListId="8c84fa94-04c1-424b-9868-57a2d4851a1d" />
    <TestEntry testId="cf7f4ea5-e033-7c9e-2653-20e77c20a6bd" executionId="667acb98-c0f8-4680-91ce-248e41973ecb" testListId="8c84fa94-04c1-424b-9868-57a2d4851a1d" />
    <TestEntry testId="d7a29e06-03fa-67e4-6f87-44c551f8b54e" executionId="ed21b73d-3f74-4a10-b220-06374d43726c" testListId="8c84fa94-04c1-424b-9868-57a2d4851a1d" />
    <TestEntry testId="d7cc34f6-78d2-eecf-5b9f-ab76bb86da71" executionId="09ee17c5-4875-4f95-9d16-de2e9c1be98e" testListId="8c84fa94-04c1-424b-9868-57a2d4851a1d" />
    <TestEntry testId="d87c9634-3232-495c-abe1-766a051a0ec6" executionId="9a384bf8-fa51-48f9-a0c5-ee7952c08300" testListId="8c84fa94-04c1-424b-9868-57a2d4851a1d" />
    <TestEntry testId="d917289d-258a-a478-26f6-a5a85e035c3f" executionId="8ae68480-33d2-4183-b84c-ded42382d805" testListId="8c84fa94-04c1-424b-9868-57a2d4851a1d" />
    <TestEntry testId="da2c5789-69fe-8699-f9d7-9a2ec66b4c68" executionId="14720ff7-1577-4809-b76f-cd5552764555" testListId="8c84fa94-04c1-424b-9868-57a2d4851a1d" />
    <TestEntry testId="dc59e212-85a1-3e76-d4aa-2b0731bd07f1" executionId="cf570482-4906-4f9a-9f7f-16a250ad13f2" testListId="8c84fa94-04c1-424b-9868-57a2d4851a1d" />
    <TestEntry testId="dcd55a77-217b-2a2a-b734-243925f84d45" executionId="60c302f2-163c-4904-b754-52139cff4f58" testListId="8c84fa94-04c1-424b-9868-57a2d4851a1d" />
    <TestEntry testId="e09c5cb1-1c0e-6e77-1183-514f09126ef8" executionId="66eb0be4-42f3-44db-a941-0f28f504915b" testListId="8c84fa94-04c1-424b-9868-57a2d4851a1d" />
    <TestEntry testId="e489bd92-1fdb-dce0-d50f-126dc15b0598" executionId="d91afb92-9870-44bf-a287-8ba1067a42e2" testListId="8c84fa94-04c1-424b-9868-57a2d4851a1d" />
    <TestEntry testId="e4d4bf05-87c5-ae25-1539-415c4a3fabe0" executionId="42e9c9a0-fd71-4a7d-a86d-af376aea0783" testListId="8c84fa94-04c1-424b-9868-57a2d4851a1d" />
    <TestEntry testId="e5f5eeb7-8767-c831-6700-d29e08cf89bb" executionId="d5df9d41-74d7-4c21-94ea-280d56e045c5" testListId="8c84fa94-04c1-424b-9868-57a2d4851a1d" />
    <TestEntry testId="e7921d23-7b31-8b43-d930-5a3bc89a44b3" executionId="b86a7c31-176e-40b4-8820-0a5ce54792ed" testListId="8c84fa94-04c1-424b-9868-57a2d4851a1d" />
    <TestEntry testId="e7c5dfe9-6c85-ed21-1287-63d333e61256" executionId="638be647-6c2a-4e75-8933-abed87253bc1" testListId="8c84fa94-04c1-424b-9868-57a2d4851a1d" />
    <TestEntry testId="ea353cbf-1840-4b47-9557-83373d54727c" executionId="6ca564ac-9381-48db-978e-632955c96eea" testListId="8c84fa94-04c1-424b-9868-57a2d4851a1d" />
    <TestEntry testId="eba5dc6e-9bfa-ee02-4059-95270e8b548f" executionId="614de8d0-aa08-4338-bfa6-3f3257ffcc1f" testListId="8c84fa94-04c1-424b-9868-57a2d4851a1d" />
    <TestEntry testId="ec103ee4-7d33-deea-fa5e-ea2ddfa162f6" executionId="14d51034-4199-406c-9265-8e81ee6a3117" testListId="8c84fa94-04c1-424b-9868-57a2d4851a1d" />
    <TestEntry testId="f0820a20-bffa-aca4-73b6-cb5b10486dcd" executionId="f9ef5506-945f-427f-a7ed-0981c81c72ab" testListId="8c84fa94-04c1-424b-9868-57a2d4851a1d" />
    <TestEntry testId="f173e7fc-49c9-6230-eca2-9afec5f70750" executionId="40e5d340-d5db-4b4c-b867-7cdbf9055d92" testListId="8c84fa94-04c1-424b-9868-57a2d4851a1d" />
    <TestEntry testId="f19b5895-b0f7-59f0-4036-17b6609c64da" executionId="0f678e70-ffd4-4660-946b-6a9909f9cc01" testListId="8c84fa94-04c1-424b-9868-57a2d4851a1d" />
    <TestEntry testId="f45fb43e-8e19-67de-faf5-292c20567a5c" executionId="e54dc7a2-82cf-4fc7-a7ca-d0f6ced98484" testListId="8c84fa94-04c1-424b-9868-57a2d4851a1d" />
    <TestEntry testId="f8c986a1-4d49-6c57-695c-e57bd1d77a03" executionId="424ef00e-a526-4a1d-a65a-8c8a17b3202b" testListId="8c84fa94-04c1-424b-9868-57a2d4851a1d" />
    <TestEntry testId="f8dab570-907f-9537-fb70-c2f0ade97939" executionId="79e7e786-9477-44cf-a1b2-e2da03870568" testListId="8c84fa94-04c1-424b-9868-57a2d4851a1d" />
    <TestEntry testId="fc01b55b-5936-8b78-9de3-822e7b824b5a" executionId="c4eab657-4e18-4f76-b69e-d574846ea681" testListId="8c84fa94-04c1-424b-9868-57a2d4851a1d" />
    <TestEntry testId="fd2220b2-26eb-6999-62ad-4cbb765b850c" executionId="b26a0f91-d38d-4927-a5b5-1bb6765fe03d" testListId="8c84fa94-04c1-424b-9868-57a2d4851a1d" />
    <TestEntry testId="ff3263d9-8c70-f60e-d721-c5d537b9f312" executionId="2eb52912-c349-43bd-8ca6-d2bbe3ff3689" testListId="8c84fa94-04c1-424b-9868-57a2d4851a1d" />
    <TestEntry testId="ffe04048-3d0c-a00a-f497-66ad2a87b507" executionId="bf47e302-8607-4d70-82c9-38724b2c81ba" testListId="8c84fa94-04c1-424b-9868-57a2d4851a1d" />
  </TestEntries>
  <Results>
    <UnitTestResult executionId="38c57937-5a49-49a2-9f9b-4769fd37343a" testId="00175a47-f5ac-5833-baf2-7cf7b4a44a19" testName="RemoveTest" computerName="WATSON1491" duration="00:00:00.0566645" startTime="2012-03-18T19:41:36.8931902-06:00" endTime="2012-03-18T19:41:37.3042137-06:00" testType="13cdc9d9-ddb5-4fa4-a97d-d965ccfc6d4b" outcome="Passed" testListId="8c84fa94-04c1-424b-9868-57a2d4851a1d" relativeResultsDirectory="38c57937-5a49-49a2-9f9b-4769fd37343a">
    </UnitTestResult>
    <UnitTestResult executionId="c70eda39-e86f-4995-a0f3-4e95e844af8f" testId="00a5a340-dd24-58d6-2c39-57102dd10a93" testName="ReopenTest" computerName="WATSON1491" duration="00:00:00.0391500" startTime="2012-03-18T19:41:37.3272151-06:00" endTime="2012-03-18T19:41:37.6782351-06:00" testType="13cdc9d9-ddb5-4fa4-a97d-d965ccfc6d4b" outcome="Passed" testListId="8c84fa94-04c1-424b-9868-57a2d4851a1d" relativeResultsDirectory="c70eda39-e86f-4995-a0f3-4e95e844af8f">
    </UnitTestResult>
    <UnitTestResult executionId="24195d8a-144a-4f3c-aefd-c0b622cc8b76" testId="00e17ed5-bd31-7476-2fee-eae2d73830e2" testName="SerializeTest" computerName="WATSON1491" duration="00:00:00.0207278" startTime="2012-03-18T19:41:37.6862356-06:00" endTime="2012-03-18T19:41:37.9692518-06:00" testType="13cdc9d9-ddb5-4fa4-a97d-d965ccfc6d4b" outcome="Passed" testListId="8c84fa94-04c1-424b-9868-57a2d4851a1d" relativeResultsDirectory="24195d8a-144a-4f3c-aefd-c0b622cc8b76">
    </UnitTestResult>
    <UnitTestResult executionId="f2dda1bb-583a-42f0-8cf7-5ece9a885a6d" testId="01045d66-f1c1-b905-4f83-06fa33497a3c" testName="GetHashCodeTest" computerName="WATSON1491" duration="00:00:00.0149689" startTime="2012-03-18T19:41:37.9752521-06:00" endTime="2012-03-18T19:41:38.2172660-06:00" testType="13cdc9d9-ddb5-4fa4-a97d-d965ccfc6d4b" outcome="Passed" testListId="8c84fa94-04c1-424b-9868-57a2d4851a1d" relativeResultsDirectory="f2dda1bb-583a-42f0-8cf7-5ece9a885a6d">
    </UnitTestResult>
    <UnitTestResult executionId="b580bc1c-bf8b-4d71-ab43-b3f6841edbb4" testId="011f0b4d-330b-80d4-eb98-3a291b4151c2" testName="AllocateFillAfterSplitTest" computerName="WATSON1491" duration="00:00:00.0206577" startTime="2012-03-18T19:41:38.2242664-06:00" endTime="2012-03-18T19:41:38.2602684-06:00" testType="13cdc9d9-ddb5-4fa4-a97d-d965ccfc6d4b" outcome="Passed" testListId="8c84fa94-04c1-424b-9868-57a2d4851a1d" relativeResultsDirectory="b580bc1c-bf8b-4d71-ab43-b3f6841edbb4">
    </UnitTestResult>
    <UnitTestResult executionId="ec79571d-d2af-441b-91f5-dc2bfa72ef51" testId="01bc45a5-2d07-66b6-930e-fc2b22c4f6e2" testName="DataTest" computerName="WATSON1491" duration="00:00:00.0255591" startTime="2012-03-18T19:41:38.2642687-06:00" endTime="2012-03-18T19:41:38.5672860-06:00" testType="13cdc9d9-ddb5-4fa4-a97d-d965ccfc6d4b" outcome="Passed" testListId="8c84fa94-04c1-424b-9868-57a2d4851a1d" relativeResultsDirectory="ec79571d-d2af-441b-91f5-dc2bfa72ef51">
    </UnitTestResult>
    <UnitTestResult executionId="77feb21f-03e2-4eed-abfb-09522212a0c4" testId="04f7cef3-5dd1-279a-9290-195c67f3eb10" testName="DeserializeTest" computerName="WATSON1491" duration="00:00:00.0190632" startTime="2012-03-18T19:41:38.5752865-06:00" endTime="2012-03-18T19:41:38.8363014-06:00" testType="13cdc9d9-ddb5-4fa4-a97d-d965ccfc6d4b" outcome="Passed" testListId="8c84fa94-04c1-424b-9868-57a2d4851a1d" relativeResultsDirectory="77feb21f-03e2-4eed-abfb-09522212a0c4">
    </UnitTestResult>
    <UnitTestResult executionId="86e576b5-2cdf-4fc8-a903-3a702c2872a2" testId="07414e15-0007-4d7b-15c6-ec13fc17ad8b" testName="GetNextIndexTest" computerName="WATSON1491" duration="00:00:00.0203821" startTime="2012-03-18T19:41:38.8473020-06:00" endTime="2012-03-18T19:41:38.8763037-06:00" testType="13cdc9d9-ddb5-4fa4-a97d-d965ccfc6d4b" outcome="Passed" testListId="8c84fa94-04c1-424b-9868-57a2d4851a1d" relativeResultsDirectory="86e576b5-2cdf-4fc8-a903-3a702c2872a2">
    </UnitTestResult>
    <UnitTestResult executionId="bec4af52-3561-4d9d-a054-9e54173fa5cd" testId="07fd6071-5ad6-8ae1-19db-6f86b098fff4" testName="FreeMiddleSpaceTest" computerName="WATSON1491" duration="00:00:00.0026383" startTime="2012-03-18T19:41:38.8843041-06:00" endTime="2012-03-18T19:41:38.8913045-06:00" testType="13cdc9d9-ddb5-4fa4-a97d-d965ccfc6d4b" outcome="Passed" testListId="8c84fa94-04c1-424b-9868-57a2d4851a1d" relativeResultsDirectory="bec4af52-3561-4d9d-a054-9e54173fa5cd">
    </UnitTestResult>
    <UnitTestResult executionId="88a6e7c2-8541-4152-8ecc-7f7f7eaf3c8b" testId="082e8e55-223e-051e-386f-e304fa6d81fc" testName="DeserializeTest" computerName="WATSON1491" duration="00:00:00.0182094" startTime="2012-03-18T19:41:38.8973049-06:00" endTime="2012-03-18T19:41:39.1483192-06:00" testType="13cdc9d9-ddb5-4fa4-a97d-d965ccfc6d4b" outcome="Passed" testListId="8c84fa94-04c1-424b-9868-57a2d4851a1d" relativeResultsDirectory="88a6e7c2-8541-4152-8ecc-7f7f7eaf3c8b">
    </UnitTestResult>
    <UnitTestResult executionId="1ed20227-04e0-43b6-a5cc-3b99a6ccb0eb" testId="0bf9df8d-121f-259e-67aa-905c5bb6c662" testName="AllocateInMiddleTest" computerName="WATSON1491" duration="00:00:00.0034937" startTime="2012-03-18T19:41:39.1543196-06:00" endTime="2012-03-18T19:41:39.1623200-06:00" testType="13cdc9d9-ddb5-4fa4-a97d-d965ccfc6d4b" outcome="Passed" testListId="8c84fa94-04c1-424b-9868-57a2d4851a1d" relativeResultsDirectory="1ed20227-04e0-43b6-a5cc-3b99a6ccb0eb">
    </UnitTestResult>
    <UnitTestResult executionId="cb7bc6cd-ee0a-4652-8a06-5493f7ee4bca" testId="0ef3c0a1-e279-0642-068f-cf09f20b4b4e" testName="AddToStartTest" computerName="WATSON1491" duration="00:00:00.0261139" startTime="2012-03-18T19:41:39.1673203-06:00" endTime="2012-03-18T19:41:39.1993221-06:00" testType="13cdc9d9-ddb5-4fa4-a97d-d965ccfc6d4b" outcome="Passed" testListId="8c84fa94-04c1-424b-9868-57a2d4851a1d" relativeResultsDirectory="cb7bc6cd-ee0a-4652-8a06-5493f7ee4bca">
    </UnitTestResult>
    <UnitTestResult executionId="b98ce737-32bd-4519-8c14-2773b86400a9" testId="0f7dd13b-d69f-2fef-8f8e-80f7ee7968ec" testName="AddAfterTest" computerName="WATSON1491" duration="00:00:00.0046891" startTime="2012-03-18T19:41:39.2023223-06:00" endTime="2012-03-18T19:41:39.2113228-06:00" testType="13cdc9d9-ddb5-4fa4-a97d-d965ccfc6d4b" outcome="Passed" testListId="8c84fa94-04c1-424b-9868-57a2d4851a1d" relativeResultsDirectory="b98ce737-32bd-4519-8c14-2773b86400a9">
    </UnitTestResult>
    <UnitTestResult executionId="60032602-e896-4df6-9281-7da4b0249cb3" testId="11201bbf-151b-a78e-02fa-23b7cbfebd28" testName="PutGetUserHeaderTest" computerName="WATSON1491" duration="00:00:00.0027846" startTime="2012-03-18T19:41:39.2163231-06:00" endTime="2012-03-18T19:41:39.2233235-06:00" testType="13cdc9d9-ddb5-4fa4-a97d-d965ccfc6d4b" outcome="Passed" testListId="8c84fa94-04c1-424b-9868-57a2d4851a1d" relativeResultsDirectory="60032602-e896-4df6-9281-7da4b0249cb3">
    </UnitTestResult>
    <UnitTestResult executionId="1a4d33cf-752d-479c-8af3-4cee02e1cebb" testId="119f0d26-abb3-b910-6e20-3eb2e8267f66" testName="GetPutUserHeaderTest" computerName="WATSON1491" duration="00:00:00.0188918" startTime="2012-03-18T19:41:39.2283238-06:00" endTime="2012-03-18T19:41:39.2513251-06:00" testType="13cdc9d9-ddb5-4fa4-a97d-d965ccfc6d4b" outcome="Passed" testListId="8c84fa94-04c1-424b-9868-57a2d4851a1d" relativeResultsDirectory="1a4d33cf-752d-479c-8af3-4cee02e1cebb">
    </UnitTestResult>
    <UnitTestResult executionId="793b874d-9480-4905-a51c-f453735e055e" testId="11b05b3f-8750-268f-48a2-a9f027b23597" testName="ExtendToTest" computerName="WATSON1491" duration="00:00:00.0010620" startTime="2012-03-18T19:41:39.2553253-06:00" endTime="2012-03-18T19:41:39.2633258-06:00" testType="13cdc9d9-ddb5-4fa4-a97d-d965ccfc6d4b" outcome="Passed" testListId="8c84fa94-04c1-424b-9868-57a2d4851a1d" relativeResultsDirectory="793b874d-9480-4905-a51c-f453735e055e">
    </UnitTestResult>
    <UnitTestResult executionId="a9e23e7a-0872-4253-b003-a98e4391caed" testId="1232c426-0c7a-7827-61d6-db854aeef3be" testName="FileAlreadyExistsTest" computerName="WATSON1491" duration="00:00:00.0025495" startTime="2012-03-18T19:41:39.2663260-06:00" endTime="2012-03-18T19:41:39.2743264-06:00" testType="13cdc9d9-ddb5-4fa4-a97d-d965ccfc6d4b" outcome="Passed" testListId="8c84fa94-04c1-424b-9868-57a2d4851a1d" relativeResultsDirectory="a9e23e7a-0872-4253-b003-a98e4391caed">
    </UnitTestResult>
    <UnitTestResult executionId="6c1179f2-7118-45ac-973c-3445ce059233" testId="13b6656a-26f9-0ea8-7ea0-1310a5a1b2d4" testName="AllocateSplitTest" computerName="WATSON1491" duration="00:00:00.0031598" startTime="2012-03-18T19:41:39.2783267-06:00" endTime="2012-03-18T19:41:39.2863271-06:00" testType="13cdc9d9-ddb5-4fa4-a97d-d965ccfc6d4b" outcome="Passed" testListId="8c84fa94-04c1-424b-9868-57a2d4851a1d" relativeResultsDirectory="6c1179f2-7118-45ac-973c-3445ce059233">
    </UnitTestResult>
    <UnitTestResult executionId="86a755b1-a707-4c03-9e57-0f426c5ac9d6" testId="13caa2ac-a8f6-fd8d-092b-4da64a664c5a" testName="GetHeaderSizeTest" computerName="WATSON1491" duration="00:00:00.0001815" startTime="2012-03-18T19:41:39.2913274-06:00" endTime="2012-03-18T19:41:39.2963277-06:00" testType="13cdc9d9-ddb5-4fa4-a97d-d965ccfc6d4b" outcome="Passed" testListId="8c84fa94-04c1-424b-9868-57a2d4851a1d" relativeResultsDirectory="86a755b1-a707-4c03-9e57-0f426c5ac9d6">
    </UnitTestResult>
    <UnitTestResult executionId="b29abff5-137e-40f4-ba20-1c79f305f529" testId="13d4ab95-1414-7811-03e7-8823a1d3b6d1" testName="GetHeaderTest" computerName="WATSON1491" duration="00:00:00.0173888" startTime="2012-03-18T19:41:39.2993279-06:00" endTime="2012-03-18T19:41:39.3253294-06:00" testType="13cdc9d9-ddb5-4fa4-a97d-d965ccfc6d4b" outcome="Passed" testListId="8c84fa94-04c1-424b-9868-57a2d4851a1d" relativeResultsDirectory="b29abff5-137e-40f4-ba20-1c79f305f529">
    </UnitTestResult>
    <UnitTestResult executionId="be2e1ea9-53b3-4478-a9a7-f2a60e063c1e" testId="1510b5de-0adc-d68f-397e-304b14d0d872" testName="RemoveCollisionTest" computerName="WATSON1491" duration="00:00:00.0338733" startTime="2012-03-18T19:41:39.3293296-06:00" endTime="2012-03-18T19:41:39.3713320-06:00" testType="13cdc9d9-ddb5-4fa4-a97d-d965ccfc6d4b" outcome="Passed" testListId="8c84fa94-04c1-424b-9868-57a2d4851a1d" relativeResultsDirectory="be2e1ea9-53b3-4478-a9a7-f2a60e063c1e">
    </UnitTestResult>
    <UnitTestResult executionId="76a5e904-c255-4745-b242-ba25b2ce268f" testId="15446eac-e5d1-8f0a-f744-cb3cd9c641c7" testName="GetRangeTest" computerName="WATSON1491" duration="00:00:00.0029106" startTime="2012-03-18T19:41:39.3773323-06:00" endTime="2012-03-18T19:41:39.3853328-06:00" testType="13cdc9d9-ddb5-4fa4-a97d-d965ccfc6d4b" outcome="Passed" testListId="8c84fa94-04c1-424b-9868-57a2d4851a1d" relativeResultsDirectory="76a5e904-c255-4745-b242-ba25b2ce268f">
    </UnitTestResult>
    <UnitTestResult executionId="76aa7a21-c3ce-404a-9755-93bc838dca63" testId="15eee5ec-03b7-2b3f-62ff-f766c0f78875" testName="ReadByteTest" computerName="WATSON1491" duration="00:00:00.0157015" startTime="2012-03-18T19:41:39.3883330-06:00" endTime="2012-03-18T19:41:39.6393473-06:00" testType="13cdc9d9-ddb5-4fa4-a97d-d965ccfc6d4b" outcome="Passed" testListId="8c84fa94-04c1-424b-9868-57a2d4851a1d" relativeResultsDirectory="76aa7a21-c3ce-404a-9755-93bc838dca63">
    </UnitTestResult>
    <UnitTestResult executionId="3fe5535d-2adf-4cc4-946a-08c0211f613b" testId="1604b673-3185-b533-77b5-a1fcf04b160d" testName="GetUserHeaderSizeTest" computerName="WATSON1491" duration="00:00:00.0031363" startTime="2012-03-18T19:41:39.6433475-06:00" endTime="2012-03-18T19:41:39.6513480-06:00" testType="13cdc9d9-ddb5-4fa4-a97d-d965ccfc6d4b" outcome="Passed" testListId="8c84fa94-04c1-424b-9868-57a2d4851a1d" relativeResultsDirectory="3fe5535d-2adf-4cc4-946a-08c0211f613b">
    </UnitTestResult>
    <UnitTestResult executionId="1294ab7a-a915-4b56-819a-6d2c40dca633" testId="161a504d-52d4-787a-3837-47cb7fdc172b" testName="SerializeTest" computerName="WATSON1491" duration="00:00:00.0031181" startTime="2012-03-18T19:41:39.6563483-06:00" endTime="2012-03-18T19:41:39.6643487-06:00" testType="13cdc9d9-ddb5-4fa4-a97d-d965ccfc6d4b" outcome="Passed" testListId="8c84fa94-04c1-424b-9868-57a2d4851a1d" relativeResultsDirectory="1294ab7a-a915-4b56-819a-6d2c40dca633">
    </UnitTestResult>
    <UnitTestResult executionId="797f593c-9b8a-46d1-81ae-2894530ea712" testId="17c74e86-2a6c-cb27-d667-6f54dbf65bde" testName="GetElementSizeTest" computerName="WATSON1491" duration="00:00:00.0354929" startTime="2012-03-18T19:41:39.6673489-06:00" endTime="2012-03-18T19:41:39.9433647-06:00" testType="13cdc9d9-ddb5-4fa4-a97d-d965ccfc6d4b" outcome="Passed" testListId="8c84fa94-04c1-424b-9868-57a2d4851a1d" relativeResultsDirectory="797f593c-9b8a-46d1-81ae-2894530ea712">
    </UnitTestResult>
    <UnitTestResult executionId="dbe979c1-707e-4fe9-a483-aaebafc0a8e9" testId="1a92d4c6-be2c-ef6c-e2d4-ccc5f0564285" testName="ToBytesTest" computerName="WATSON1491" duration="00:00:00.0053800" startTime="2012-03-18T19:41:39.9473649-06:00" endTime="2012-03-18T19:41:39.9593656-06:00" testType="13cdc9d9-ddb5-4fa4-a97d-d965ccfc6d4b" outcome="Passed" testListId="8c84fa94-04c1-424b-9868-57a2d4851a1d" relativeResultsDirectory="dbe979c1-707e-4fe9-a483-aaebafc0a8e9">
    </UnitTestResult>
    <UnitTestResult executionId="e79f9543-6359-4a5d-b9a1-3840ad18bbb2" testId="1af0c77b-4d3c-a3e7-21cb-37332222dd11" testName="ReopenTest" computerName="WATSON1491" duration="00:00:00.0055392" startTime="2012-03-18T19:41:39.9803668-06:00" endTime="2012-03-18T19:41:39.9983678-06:00" testType="13cdc9d9-ddb5-4fa4-a97d-d965ccfc6d4b" outcome="Passed" testListId="8c84fa94-04c1-424b-9868-57a2d4851a1d" relativeResultsDirectory="e79f9543-6359-4a5d-b9a1-3840ad18bbb2">
    </UnitTestResult>
    <UnitTestResult executionId="de4afbe5-f6f5-477b-9213-d4349292bf77" testId="1d53293b-a39c-108d-e97e-8d3ed479d40d" testName="DeleteTest" computerName="WATSON1491" duration="00:00:00.0182211" startTime="2012-03-18T19:41:40.0263694-06:00" endTime="2012-03-18T19:41:40.0663717-06:00" testType="13cdc9d9-ddb5-4fa4-a97d-d965ccfc6d4b" outcome="Passed" testListId="8c84fa94-04c1-424b-9868-57a2d4851a1d" relativeResultsDirectory="de4afbe5-f6f5-477b-9213-d4349292bf77">
    </UnitTestResult>
    <UnitTestResult executionId="0c65f773-bdc8-4581-ba89-0d349855f5a6" testId="1fbff0c8-5e86-4d43-10de-791509c0db36" testName="CtorTest" computerName="WATSON1491" duration="00:00:00.0002945" startTime="2012-03-18T19:41:40.0733721-06:00" endTime="2012-03-18T19:41:40.0783724-06:00" testType="13cdc9d9-ddb5-4fa4-a97d-d965ccfc6d4b" outcome="Passed" testListId="8c84fa94-04c1-424b-9868-57a2d4851a1d" relativeResultsDirectory="0c65f773-bdc8-4581-ba89-0d349855f5a6">
    </UnitTestResult>
    <UnitTestResult executionId="cb24aea2-1d1c-4f34-8ace-8639b8997037" testId="2034f3b2-84ce-b459-b009-777707c460e9" testName="RemoveEndTest" computerName="WATSON1491" duration="00:00:00.0029937" startTime="2012-03-18T19:41:40.0843728-06:00" endTime="2012-03-18T19:41:40.0933733-06:00" testType="13cdc9d9-ddb5-4fa4-a97d-d965ccfc6d4b" outcome="Passed" testListId="8c84fa94-04c1-424b-9868-57a2d4851a1d" relativeResultsDirectory="cb24aea2-1d1c-4f34-8ace-8639b8997037">
    </UnitTestResult>
    <UnitTestResult executionId="ebe6aeac-6217-4df2-adc4-90109f194898" testId="2053caf7-0cee-71a7-c0a3-31f51653539e" testName="WriteToStorageTest" computerName="WATSON1491" duration="00:00:00.0125004" startTime="2012-03-18T19:41:40.1013737-06:00" endTime="2012-03-18T19:41:40.1193748-06:00" testType="13cdc9d9-ddb5-4fa4-a97d-d965ccfc6d4b" outcome="Passed" testListId="8c84fa94-04c1-424b-9868-57a2d4851a1d" relativeResultsDirectory="ebe6aeac-6217-4df2-adc4-90109f194898">
    </UnitTestResult>
    <UnitTestResult executionId="8f469d2a-0a28-4284-9262-7e728987d5ac" testId="21ea634d-ec3e-6f69-7865-3d6f41e7db9a" testName="SerializeTest" computerName="WATSON1491" duration="00:00:00.0010020" startTime="2012-03-18T19:41:40.1283753-06:00" endTime="2012-03-18T19:41:40.1393759-06:00" testType="13cdc9d9-ddb5-4fa4-a97d-d965ccfc6d4b" outcome="Passed" testListId="8c84fa94-04c1-424b-9868-57a2d4851a1d" relativeResultsDirectory="8f469d2a-0a28-4284-9262-7e728987d5ac">
    </UnitTestResult>
    <UnitTestResult executionId="f451244d-65ce-4a45-bc1d-0a7fac2adc86" testId="282879a0-7b32-ff9a-e44c-1a4579417208" testName="SizeInBytesTest" computerName="WATSON1491" duration="00:00:00.0006580" startTime="2012-03-18T19:41:40.1503765-06:00" endTime="2012-03-18T19:41:40.1553768-06:00" testType="13cdc9d9-ddb5-4fa4-a97d-d965ccfc6d4b" outcome="Passed" testListId="8c84fa94-04c1-424b-9868-57a2d4851a1d" relativeResultsDirectory="f451244d-65ce-4a45-bc1d-0a7fac2adc86">
    </UnitTestResult>
    <UnitTestResult executionId="02332749-157c-499f-8d25-e59a4d867ba1" testId="2a736369-0faa-7bd0-3ec4-55591153ab35" testName="SplitTest" computerName="WATSON1491" duration="00:00:00.0008039" startTime="2012-03-18T19:41:40.1613772-06:00" endTime="2012-03-18T19:41:40.1673775-06:00" testType="13cdc9d9-ddb5-4fa4-a97d-d965ccfc6d4b" outcome="Passed" testListId="8c84fa94-04c1-424b-9868-57a2d4851a1d" relativeResultsDirectory="02332749-157c-499f-8d25-e59a4d867ba1">
    </UnitTestResult>
    <UnitTestResult executionId="4afe85fa-9587-48fa-bd98-4c8d0d0d3594" testId="2b9a3f45-3c5e-f945-6521-ce395feda3cb" testName="CtorTest" computerName="WATSON1491" duration="00:00:00.0003205" startTime="2012-03-18T19:41:40.1713777-06:00" endTime="2012-03-18T19:41:40.1793782-06:00" testType="13cdc9d9-ddb5-4fa4-a97d-d965ccfc6d4b" outcome="Passed" testListId="8c84fa94-04c1-424b-9868-57a2d4851a1d" relativeResultsDirectory="4afe85fa-9587-48fa-bd98-4c8d0d0d3594">
    </UnitTestResult>
    <UnitTestResult executionId="e7eb39e9-c632-401b-9444-651233f22712" testId="2ba6a0e8-4d4a-7fae-c756-beed24e76cc7" testName="GetPutTest" computerName="WATSON1491" duration="00:00:00.0032254" startTime="2012-03-18T19:41:40.1843785-06:00" endTime="2012-03-18T19:41:40.1923789-06:00" testType="13cdc9d9-ddb5-4fa4-a97d-d965ccfc6d4b" outcome="Passed" testListId="8c84fa94-04c1-424b-9868-57a2d4851a1d" relativeResultsDirectory="e7eb39e9-c632-401b-9444-651233f22712">
    </UnitTestResult>
    <UnitTestResult executionId="af95b29e-f2c4-49d6-bec6-a674b7983b33" testId="2ecace38-de69-65fe-78ba-795f763f7921" testName="CtorTest" computerName="WATSON1491" duration="00:00:00.0033839" startTime="2012-03-18T19:41:40.1983793-06:00" endTime="2012-03-18T19:41:40.2183804-06:00" testType="13cdc9d9-ddb5-4fa4-a97d-d965ccfc6d4b" outcome="Passed" testListId="8c84fa94-04c1-424b-9868-57a2d4851a1d" relativeResultsDirectory="af95b29e-f2c4-49d6-bec6-a674b7983b33">
    </UnitTestResult>
    <UnitTestResult executionId="9cbcdaf0-1d32-4b69-bfc7-1b8ca5e8c97e" testId="30fb22e9-f40e-bfdf-14ab-ef764bec1747" testName="ReopenTest" computerName="WATSON1491" duration="00:00:00.0065466" startTime="2012-03-18T19:41:40.2243808-06:00" endTime="2012-03-18T19:41:40.2383816-06:00" testType="13cdc9d9-ddb5-4fa4-a97d-d965ccfc6d4b" outcome="Passed" testListId="8c84fa94-04c1-424b-9868-57a2d4851a1d" relativeResultsDirectory="9cbcdaf0-1d32-4b69-bfc7-1b8ca5e8c97e">
    </UnitTestResult>
    <UnitTestResult executionId="b60b93d3-6ed8-499a-9c24-0443b6139f3b" testId="33bbef63-045e-f45c-4904-9d2f969572f1" testName="WriteIntTest" computerName="WATSON1491" duration="00:00:00.0052823" startTime="2012-03-18T19:41:40.2443819-06:00" endTime="2012-03-18T19:41:40.2553825-06:00" testType="13cdc9d9-ddb5-4fa4-a97d-d965ccfc6d4b" outcome="Passed" testListId="8c84fa94-04c1-424b-9868-57a2d4851a1d" relativeResultsDirectory="b60b93d3-6ed8-499a-9c24-0443b6139f3b">
    </UnitTestResult>
    <UnitTestResult executionId="eb61db8c-33f6-445c-8b2e-c60c84e2cd90" testId="344d8cb8-23f2-23e3-3ec1-bef1b12c809d" testName="GetFileNameTest" computerName="WATSON1491" duration="00:00:00.0019365" startTime="2012-03-18T19:41:40.2603828-06:00" endTime="2012-03-18T19:41:40.2663832-06:00" testType="13cdc9d9-ddb5-4fa4-a97d-d965ccfc6d4b" outcome="Passed" testListId="8c84fa94-04c1-424b-9868-57a2d4851a1d" relativeResultsDirectory="eb61db8c-33f6-445c-8b2e-c60c84e2cd90">
    </UnitTestResult>
    <UnitTestResult executionId="edf4adb1-1063-4921-86b0-7eda025eb266" testId="35a16e41-d355-d959-88ea-aa8f91cea11b" testName="DeserializeTest" computerName="WATSON1491" duration="00:00:00.0004283" startTime="2012-03-18T19:41:40.2733836-06:00" endTime="2012-03-18T19:41:40.2773838-06:00" testType="13cdc9d9-ddb5-4fa4-a97d-d965ccfc6d4b" outcome="Passed" testListId="8c84fa94-04c1-424b-9868-57a2d4851a1d" relativeResultsDirectory="edf4adb1-1063-4921-86b0-7eda025eb266">
    </UnitTestResult>
    <UnitTestResult executionId="a2697d9a-f18c-42a7-bb14-5c594788e0e7" testId="386c50f6-2d09-529c-8336-cdd485ffb439" testName="GetTest" computerName="WATSON1491" duration="00:00:00.0023275" startTime="2012-03-18T19:41:40.2833841-06:00" endTime="2012-03-18T19:41:40.2893845-06:00" testType="13cdc9d9-ddb5-4fa4-a97d-d965ccfc6d4b" outcome="Passed" testListId="8c84fa94-04c1-424b-9868-57a2d4851a1d" relativeResultsDirectory="a2697d9a-f18c-42a7-bb14-5c594788e0e7">
    </UnitTestResult>
    <UnitTestResult executionId="518e9976-7fe3-423f-8dbd-638ed102daa1" testId="39634d81-9688-20c8-d77f-ba195db41378" testName="FreeAddSpaceToMiddleOfFreeListTest" computerName="WATSON1491" duration="00:00:00.0042563" startTime="2012-03-18T19:41:40.2953848-06:00" endTime="2012-03-18T19:41:40.3023852-06:00" testType="13cdc9d9-ddb5-4fa4-a97d-d965ccfc6d4b" outcome="Passed" testListId="8c84fa94-04c1-424b-9868-57a2d4851a1d" relativeResultsDirectory="518e9976-7fe3-423f-8dbd-638ed102daa1">
    </UnitTestResult>
    <UnitTestResult executionId="b5ad25f2-eaf3-4fa1-93b4-7a8cf84f6fd9" testId="402330e1-95b7-447a-93a7-af95d05ae424" testName="WriteReadStorageTest" computerName="WATSON1491" duration="00:00:00.0031355" startTime="2012-03-18T19:41:40.3083856-06:00" endTime="2012-03-18T19:41:40.3143859-06:00" testType="13cdc9d9-ddb5-4fa4-a97d-d965ccfc6d4b" outcome="Passed" testListId="8c84fa94-04c1-424b-9868-57a2d4851a1d" relativeResultsDirectory="b5ad25f2-eaf3-4fa1-93b4-7a8cf84f6fd9">
    </UnitTestResult>
    <UnitTestResult executionId="ce11aed6-07fd-4cfb-bc67-d18d693872ab" testId="414c1d58-8de9-a775-6ff6-4a9efb4178ab" testName="CreateCtorTest" computerName="WATSON1491" duration="00:00:00.0032943" startTime="2012-03-18T19:41:40.3203863-06:00" endTime="2012-03-18T19:41:40.3303868-06:00" testType="13cdc9d9-ddb5-4fa4-a97d-d965ccfc6d4b" outcome="Passed" testListId="8c84fa94-04c1-424b-9868-57a2d4851a1d" relativeResultsDirectory="ce11aed6-07fd-4cfb-bc67-d18d693872ab">
    </UnitTestResult>
    <UnitTestResult executionId="b569da14-dbd5-4b09-bfcd-bd4ef0fca414" testId="44b2bd84-c18b-ffc2-bf52-0bd4506adf9f" testName="GetNextIndexTest" computerName="WATSON1491" duration="00:00:00.0124939" startTime="2012-03-18T19:41:40.3363872-06:00" endTime="2012-03-18T19:41:40.3523881-06:00" testType="13cdc9d9-ddb5-4fa4-a97d-d965ccfc6d4b" outcome="Passed" testListId="8c84fa94-04c1-424b-9868-57a2d4851a1d" relativeResultsDirectory="b569da14-dbd5-4b09-bfcd-bd4ef0fca414">
    </UnitTestResult>
    <UnitTestResult executionId="aa6758eb-7f89-49cf-b966-bfbb47af5ea0" testId="45dc2f0e-4af7-fb97-54f6-bad15d2a2da4" testName="GetDataTest" computerName="WATSON1491" duration="00:00:00.0038722" startTime="2012-03-18T19:41:40.3553883-06:00" endTime="2012-03-18T19:41:40.3633887-06:00" testType="13cdc9d9-ddb5-4fa4-a97d-d965ccfc6d4b" outcome="Passed" testListId="8c84fa94-04c1-424b-9868-57a2d4851a1d" relativeResultsDirectory="aa6758eb-7f89-49cf-b966-bfbb47af5ea0">
    </UnitTestResult>
    <UnitTestResult executionId="cb76fb80-1d78-486e-a1f8-7141c4b40e4e" testId="47e64445-4f51-07b5-3b92-f087a8ca68d5" testName="PutGetTest" computerName="WATSON1491" duration="00:00:02.5282042" startTime="2012-03-18T19:41:40.3673890-06:00" endTime="2012-03-18T19:41:42.9015339-06:00" testType="13cdc9d9-ddb5-4fa4-a97d-d965ccfc6d4b" outcome="Passed" testListId="8c84fa94-04c1-424b-9868-57a2d4851a1d" relativeResultsDirectory="cb76fb80-1d78-486e-a1f8-7141c4b40e4e">
    </UnitTestResult>
    <UnitTestResult executionId="a0293407-79f1-4322-a7b1-46f714c32b25" testId="4aeb4eda-2347-4daf-0915-85bd224c5d85" testName="GetTest" computerName="WATSON1491" duration="00:00:00.0105270" startTime="2012-03-18T19:41:42.9075342-06:00" endTime="2012-03-18T19:41:42.9235352-06:00" testType="13cdc9d9-ddb5-4fa4-a97d-d965ccfc6d4b" outcome="Passed" testListId="8c84fa94-04c1-424b-9868-57a2d4851a1d" relativeResultsDirectory="a0293407-79f1-4322-a7b1-46f714c32b25">
    </UnitTestResult>
    <UnitTestResult executionId="7326de60-7bc6-4fb4-a386-df9aaaf46e2e" testId="4bbd3904-7ad8-7f8b-c8e4-fd552740646a" testName="RemoveTest" computerName="WATSON1491" duration="00:00:00.0348571" startTime="2012-03-18T19:41:42.9515368-06:00" endTime="2012-03-18T19:41:43.0035397-06:00" testType="13cdc9d9-ddb5-4fa4-a97d-d965ccfc6d4b" outcome="Passed" testListId="8c84fa94-04c1-424b-9868-57a2d4851a1d" relativeResultsDirectory="7326de60-7bc6-4fb4-a386-df9aaaf46e2e">
    </UnitTestResult>
    <UnitTestResult executionId="5e845861-75ec-4f7a-aab2-e208b94ef469" testId="4cca534d-1656-b797-40e9-49330488cbbd" testName="CtorTest" computerName="WATSON1491" duration="00:00:00.0005600" startTime="2012-03-18T19:41:43.0265410-06:00" endTime="2012-03-18T19:41:43.0345415-06:00" testType="13cdc9d9-ddb5-4fa4-a97d-d965ccfc6d4b" outcome="Passed" testListId="8c84fa94-04c1-424b-9868-57a2d4851a1d" relativeResultsDirectory="5e845861-75ec-4f7a-aab2-e208b94ef469">
    </UnitTestResult>
    <UnitTestResult executionId="b27efdb6-9139-4cf2-9425-3eb948a4b878" testId="51fbe3ee-5d05-0bea-05a3-3f4776bc717b" testName="CtorTest" computerName="WATSON1491" duration="00:00:00.0004757" startTime="2012-03-18T19:41:43.0405418-06:00" endTime="2012-03-18T19:41:43.0445421-06:00" testType="13cdc9d9-ddb5-4fa4-a97d-d965ccfc6d4b" outcome="Passed" testListId="8c84fa94-04c1-424b-9868-57a2d4851a1d" relativeResultsDirectory="b27efdb6-9139-4cf2-9425-3eb948a4b878">
    </UnitTestResult>
    <UnitTestResult executionId="5164432e-37db-4043-a0d6-d4f3e0dfff97" testId="5335332c-34c5-80ee-4a17-60db3bec8999" testName="EmptyNameTest" computerName="WATSON1491" duration="00:00:00.0008424" startTime="2012-03-18T19:41:43.0545426-06:00" endTime="2012-03-18T19:41:43.0615430-06:00" testType="13cdc9d9-ddb5-4fa4-a97d-d965ccfc6d4b" outcome="Passed" testListId="8c84fa94-04c1-424b-9868-57a2d4851a1d" relativeResultsDirectory="5164432e-37db-4043-a0d6-d4f3e0dfff97">
    </UnitTestResult>
    <UnitTestResult executionId="520c7254-bd39-4ac0-9761-002848b15c69" testId="553e65a4-d49e-c86b-4f63-da6f1a61fced" testName="GetUserHeaderSizeTest" computerName="WATSON1491" duration="00:00:00.0255437" startTime="2012-03-18T19:41:43.0655433-06:00" endTime="2012-03-18T19:41:43.0935449-06:00" testType="13cdc9d9-ddb5-4fa4-a97d-d965ccfc6d4b" outcome="Passed" testListId="8c84fa94-04c1-424b-9868-57a2d4851a1d" relativeResultsDirectory="520c7254-bd39-4ac0-9761-002848b15c69">
    </UnitTestResult>
    <UnitTestResult executionId="33ed6ac2-1790-4383-860c-a12068678253" testId="565a9370-80c9-3456-28b5-ca4466bce36c" testName="GetPreviousTest" computerName="WATSON1491" duration="00:00:00.0042069" startTime="2012-03-18T19:41:43.1005453-06:00" endTime="2012-03-18T19:41:43.1095458-06:00" testType="13cdc9d9-ddb5-4fa4-a97d-d965ccfc6d4b" outcome="Passed" testListId="8c84fa94-04c1-424b-9868-57a2d4851a1d" relativeResultsDirectory="33ed6ac2-1790-4383-860c-a12068678253">
    </UnitTestResult>
    <UnitTestResult executionId="fd708b38-90cb-47b4-a9de-a7ca7b1b83b9" testId="56a5f4f5-9d87-5588-a513-0fe0d7c30e0a" testName="AllocateBlockTest" computerName="WATSON1491" duration="00:00:00.0026233" startTime="2012-03-18T19:41:43.1145461-06:00" endTime="2012-03-18T19:41:43.1195464-06:00" testType="13cdc9d9-ddb5-4fa4-a97d-d965ccfc6d4b" outcome="Passed" testListId="8c84fa94-04c1-424b-9868-57a2d4851a1d" relativeResultsDirectory="fd708b38-90cb-47b4-a9de-a7ca7b1b83b9">
    </UnitTestResult>
    <UnitTestResult executionId="7918e05d-7fe2-419a-aa9b-71901ef8ef42" testId="5e1a90a3-2d69-9f23-3961-d8b82f54f7e7" testName="DeserializeTest" computerName="WATSON1491" duration="00:00:00.0010353" startTime="2012-03-18T19:41:43.1265468-06:00" endTime="2012-03-18T19:41:43.1315471-06:00" testType="13cdc9d9-ddb5-4fa4-a97d-d965ccfc6d4b" outcome="Passed" testListId="8c84fa94-04c1-424b-9868-57a2d4851a1d" relativeResultsDirectory="7918e05d-7fe2-419a-aa9b-71901ef8ef42">
    </UnitTestResult>
    <UnitTestResult executionId="dabbd4c6-8cf2-4259-af71-2b5fdbcfa295" testId="5e51bd1e-dd26-d7ed-b6ba-6a8f01ee0f1b" testName="GetUserHeaderTest" computerName="WATSON1491" duration="00:00:00.0021034" startTime="2012-03-18T19:41:43.1355473-06:00" endTime="2012-03-18T19:41:43.1435477-06:00" testType="13cdc9d9-ddb5-4fa4-a97d-d965ccfc6d4b" outcome="Passed" testListId="8c84fa94-04c1-424b-9868-57a2d4851a1d" relativeResultsDirectory="dabbd4c6-8cf2-4259-af71-2b5fdbcfa295">
    </UnitTestResult>
    <UnitTestResult executionId="4467b14c-0814-4907-8810-751cb27b8856" testId="610385d3-c2b5-eeb9-1ed4-86ca6ad846de" testName="SeekTest" computerName="WATSON1491" duration="00:00:00.0007723" startTime="2012-03-18T19:41:43.1485480-06:00" endTime="2012-03-18T19:41:43.1525483-06:00" testType="13cdc9d9-ddb5-4fa4-a97d-d965ccfc6d4b" outcome="Passed" testListId="8c84fa94-04c1-424b-9868-57a2d4851a1d" relativeResultsDirectory="4467b14c-0814-4907-8810-751cb27b8856">
    </UnitTestResult>
    <UnitTestResult executionId="75678e84-4dc9-48c0-be8d-972773b71e70" testId="61f14407-3f3d-9be6-e329-c0b10da1b351" testName="ReopenTest" computerName="WATSON1491" duration="00:00:00.0055157" startTime="2012-03-18T19:41:43.1715493-06:00" endTime="2012-03-18T19:41:43.1845501-06:00" testType="13cdc9d9-ddb5-4fa4-a97d-d965ccfc6d4b" outcome="Passed" testListId="8c84fa94-04c1-424b-9868-57a2d4851a1d" relativeResultsDirectory="75678e84-4dc9-48c0-be8d-972773b71e70">
    </UnitTestResult>
    <UnitTestResult executionId="51d17bf7-cf1a-4b09-bcca-898a909fe98a" testId="636ae8bd-e313-1098-6c8a-b8c8ef7b79b2" testName="DeserializeTest" computerName="WATSON1491" duration="00:00:00.0004700" startTime="2012-03-18T19:41:43.1895504-06:00" endTime="2012-03-18T19:41:43.1955507-06:00" testType="13cdc9d9-ddb5-4fa4-a97d-d965ccfc6d4b" outcome="Passed" testListId="8c84fa94-04c1-424b-9868-57a2d4851a1d" relativeResultsDirectory="51d17bf7-cf1a-4b09-bcca-898a909fe98a">
    </UnitTestResult>
    <UnitTestResult executionId="0d5806af-40a9-4969-b07b-2079a9b18a4a" testId="63cc42b4-1dc6-41a3-f417-45c71de20956" testName="AssertNotBadNodeIndexTest" computerName="WATSON1491" duration="00:00:00.0031152" startTime="2012-03-18T19:41:43.2005510-06:00" endTime="2012-03-18T19:41:43.2065513-06:00" testType="13cdc9d9-ddb5-4fa4-a97d-d965ccfc6d4b" outcome="Passed" testListId="8c84fa94-04c1-424b-9868-57a2d4851a1d" relativeResultsDirectory="0d5806af-40a9-4969-b07b-2079a9b18a4a">
    </UnitTestResult>
    <UnitTestResult executionId="f370737d-8ac5-433c-b2a2-c09dd7e6e988" testId="68db09fd-1e84-1d00-a06a-8d3d340b6754" testName="GetTest" computerName="WATSON1491" duration="00:00:00.0005903" startTime="2012-03-18T19:41:43.2125517-06:00" endTime="2012-03-18T19:41:43.2165519-06:00" testType="13cdc9d9-ddb5-4fa4-a97d-d965ccfc6d4b" outcome="Passed" testListId="8c84fa94-04c1-424b-9868-57a2d4851a1d" relativeResultsDirectory="f370737d-8ac5-433c-b2a2-c09dd7e6e988">
    </UnitTestResult>
    <UnitTestResult executionId="3d163d1f-65c2-4b46-a69f-dffceb320c63" testId="6a96f9da-adcb-f7e2-df56-cae68513bb5e" testName="FillUpTableTest" computerName="WATSON1491" duration="00:00:00.0064781" startTime="2012-03-18T19:41:43.2225523-06:00" endTime="2012-03-18T19:41:43.2325528-06:00" testType="13cdc9d9-ddb5-4fa4-a97d-d965ccfc6d4b" outcome="Passed" testListId="8c84fa94-04c1-424b-9868-57a2d4851a1d" relativeResultsDirectory="3d163d1f-65c2-4b46-a69f-dffceb320c63">
    </UnitTestResult>
    <UnitTestResult executionId="89e91283-221d-49c3-9d5f-0763d7f6b7fe" testId="6e30047d-c126-9623-764e-d0d0dc18feb2" testName="CopyIntoTest" computerName="WATSON1491" duration="00:00:00.0006540" startTime="2012-03-18T19:41:43.2375531-06:00" endTime="2012-03-18T19:41:43.2425534-06:00" testType="13cdc9d9-ddb5-4fa4-a97d-d965ccfc6d4b" outcome="Passed" testListId="8c84fa94-04c1-424b-9868-57a2d4851a1d" relativeResultsDirectory="89e91283-221d-49c3-9d5f-0763d7f6b7fe">
    </UnitTestResult>
    <UnitTestResult executionId="8a2e6498-51a9-48e3-ae9b-a01a5876a8f0" testId="6e6c95ba-db7f-0ed9-f253-6c4e917c2d37" testName="AddBeforeTest" computerName="WATSON1491" duration="00:00:00.0034135" startTime="2012-03-18T19:41:43.2475537-06:00" endTime="2012-03-18T19:41:43.2545541-06:00" testType="13cdc9d9-ddb5-4fa4-a97d-d965ccfc6d4b" outcome="Passed" testListId="8c84fa94-04c1-424b-9868-57a2d4851a1d" relativeResultsDirectory="8a2e6498-51a9-48e3-ae9b-a01a5876a8f0">
    </UnitTestResult>
    <UnitTestResult executionId="c52af4d2-1f34-4cb4-9b4b-c5b31698cbbc" testId="705d2900-5b96-0c7e-5674-f042b44cf3ba" testName="PutGetAmountTest" computerName="WATSON1491" duration="00:00:00.0032489" startTime="2012-03-18T19:41:43.2595544-06:00" endTime="2012-03-18T19:41:43.2665548-06:00" testType="13cdc9d9-ddb5-4fa4-a97d-d965ccfc6d4b" outcome="Passed" testListId="8c84fa94-04c1-424b-9868-57a2d4851a1d" relativeResultsDirectory="c52af4d2-1f34-4cb4-9b4b-c5b31698cbbc">
    </UnitTestResult>
    <UnitTestResult executionId="98570722-c90f-4ad2-82d0-ee3c27e4d6be" testId="715794aa-fc77-0689-abff-ac88adbeef1b" testName="SetChildTest" computerName="WATSON1491" duration="00:00:00.0004449" startTime="2012-03-18T19:41:43.2715551-06:00" endTime="2012-03-18T19:41:43.2765553-06:00" testType="13cdc9d9-ddb5-4fa4-a97d-d965ccfc6d4b" outcome="Passed" testListId="8c84fa94-04c1-424b-9868-57a2d4851a1d" relativeResultsDirectory="98570722-c90f-4ad2-82d0-ee3c27e4d6be">
    </UnitTestResult>
    <UnitTestResult executionId="d2980f88-3790-4c99-856f-d39602b9705a" testId="71ffb975-3ee7-3930-0f3e-7889b95a130e" testName="CloseTest" computerName="WATSON1491" duration="00:00:00.0035800" startTime="2012-03-18T19:41:43.2805556-06:00" endTime="2012-03-18T19:41:43.2895561-06:00" testType="13cdc9d9-ddb5-4fa4-a97d-d965ccfc6d4b" outcome="Passed" testListId="8c84fa94-04c1-424b-9868-57a2d4851a1d" relativeResultsDirectory="d2980f88-3790-4c99-856f-d39602b9705a">
    </UnitTestResult>
    <UnitTestResult executionId="c4480582-7ba4-4e4d-bc75-837505141aa3" testId="7256c121-b7a1-76a6-3a43-87fec1af02da" testName="InsertThrowsTest" computerName="WATSON1491" duration="00:00:00.0034815" startTime="2012-03-18T19:41:43.2955564-06:00" endTime="2012-03-18T19:41:43.3115573-06:00" testType="13cdc9d9-ddb5-4fa4-a97d-d965ccfc6d4b" outcome="Passed" testListId="8c84fa94-04c1-424b-9868-57a2d4851a1d" relativeResultsDirectory="c4480582-7ba4-4e4d-bc75-837505141aa3">
    </UnitTestResult>
    <UnitTestResult executionId="5d68ff0c-64c7-42d2-aedf-e4577febb8b8" testId="77659b17-3c06-332d-dd10-83bcb0b96f9d" testName="SingletonTest" computerName="WATSON1491" duration="00:00:00.0012760" startTime="2012-03-18T19:41:43.3165576-06:00" endTime="2012-03-18T19:41:43.3275583-06:00" testType="13cdc9d9-ddb5-4fa4-a97d-d965ccfc6d4b" outcome="Passed" testListId="8c84fa94-04c1-424b-9868-57a2d4851a1d" relativeResultsDirectory="5d68ff0c-64c7-42d2-aedf-e4577febb8b8">
    </UnitTestResult>
    <UnitTestResult executionId="d5191f52-746d-4d17-a4d8-bb7194687977" testId="77c4d4bd-5fbe-4bd1-86c3-f6e38810414b" testName="CloseTest" computerName="WATSON1491" duration="00:00:00.0008955" startTime="2012-03-18T19:41:43.3315585-06:00" endTime="2012-03-18T19:41:43.3375588-06:00" testType="13cdc9d9-ddb5-4fa4-a97d-d965ccfc6d4b" outcome="Passed" testListId="8c84fa94-04c1-424b-9868-57a2d4851a1d" relativeResultsDirectory="d5191f52-746d-4d17-a4d8-bb7194687977">
    </UnitTestResult>
    <UnitTestResult executionId="9b67e49a-aeda-477a-8ace-127d01eba3d3" testId="781a4d86-46c5-931f-9ce1-d470759c5ed1" testName="CtorTest" computerName="WATSON1491" duration="00:00:00.0010004" startTime="2012-03-18T19:41:43.3425591-06:00" endTime="2012-03-18T19:41:43.3475594-06:00" testType="13cdc9d9-ddb5-4fa4-a97d-d965ccfc6d4b" outcome="Passed" testListId="8c84fa94-04c1-424b-9868-57a2d4851a1d" relativeResultsDirectory="9b67e49a-aeda-477a-8ace-127d01eba3d3">
    </UnitTestResult>
    <UnitTestResult executionId="6c49d5f0-09fc-49a6-bf2c-84bb595e8d65" testId="78b45b03-89ec-7f9c-ccf6-a39587c81578" testName="CtorTest" computerName="WATSON1491" duration="00:00:00.0006560" startTime="2012-03-18T19:41:43.3525597-06:00" endTime="2012-03-18T19:41:43.3565599-06:00" testType="13cdc9d9-ddb5-4fa4-a97d-d965ccfc6d4b" outcome="Passed" testListId="8c84fa94-04c1-424b-9868-57a2d4851a1d" relativeResultsDirectory="6c49d5f0-09fc-49a6-bf2c-84bb595e8d65">
    </UnitTestResult>
    <UnitTestResult executionId="023b8284-4410-415e-9e11-4005549c2fe7" testId="798de980-a2f0-6011-fdc6-e140e662baa9" testName="WriteByteTest" computerName="WATSON1491" duration="00:00:00.0013724" startTime="2012-03-18T19:41:43.3615602-06:00" endTime="2012-03-18T19:41:43.3655604-06:00" testType="13cdc9d9-ddb5-4fa4-a97d-d965ccfc6d4b" outcome="Passed" testListId="8c84fa94-04c1-424b-9868-57a2d4851a1d" relativeResultsDirectory="023b8284-4410-415e-9e11-4005549c2fe7">
    </UnitTestResult>
    <UnitTestResult executionId="7ec2dc77-0c2d-495f-a1f9-ae75f9277015" testId="7a09d037-6583-9dab-921a-9e399b5c9547" testName="ReadIntTest" computerName="WATSON1491" duration="00:00:00.0020106" startTime="2012-03-18T19:41:43.3715608-06:00" endTime="2012-03-18T19:41:43.3765611-06:00" testType="13cdc9d9-ddb5-4fa4-a97d-d965ccfc6d4b" outcome="Passed" testListId="8c84fa94-04c1-424b-9868-57a2d4851a1d" relativeResultsDirectory="7ec2dc77-0c2d-495f-a1f9-ae75f9277015">
    </UnitTestResult>
    <UnitTestResult executionId="08d4446a-ed3a-4999-89bb-39156716a339" testId="7ad6c21f-feaf-20c3-6794-ee2d02f21a1c" testName="PutGetUserHeaderTest" computerName="WATSON1491" duration="00:00:00.0034718" startTime="2012-03-18T19:41:43.3815614-06:00" endTime="2012-03-18T19:41:43.3915619-06:00" testType="13cdc9d9-ddb5-4fa4-a97d-d965ccfc6d4b" outcome="Passed" testListId="8c84fa94-04c1-424b-9868-57a2d4851a1d" relativeResultsDirectory="08d4446a-ed3a-4999-89bb-39156716a339">
    </UnitTestResult>
    <UnitTestResult executionId="a228094c-822a-4d03-86c7-8c57fb4c2f11" testId="7f8205c8-b606-8c59-76b5-fbdb8f56ecd0" testName="WriteIntTest" computerName="WATSON1491" duration="00:00:07.0039475" startTime="2012-03-18T19:41:43.3965622-06:00" endTime="2012-03-18T19:41:50.5819732-06:00" testType="13cdc9d9-ddb5-4fa4-a97d-d965ccfc6d4b" outcome="Passed" testListId="8c84fa94-04c1-424b-9868-57a2d4851a1d" relativeResultsDirectory="a228094c-822a-4d03-86c7-8c57fb4c2f11">
    </UnitTestResult>
    <UnitTestResult executionId="994ff001-a574-4d92-acdc-5108a1f50525" testId="818a96ef-af23-e852-2659-31e5781f9e2c" testName="LRUElementCacheCtorTest" computerName="WATSON1491" duration="00:00:00.0006495" startTime="2012-03-18T19:41:50.9259929-06:00" endTime="2012-03-18T19:41:50.9359934-06:00" testType="13cdc9d9-ddb5-4fa4-a97d-d965ccfc6d4b" outcome="Passed" testListId="8c84fa94-04c1-424b-9868-57a2d4851a1d" relativeResultsDirectory="994ff001-a574-4d92-acdc-5108a1f50525">
    </UnitTestResult>
    <UnitTestResult executionId="28e5ea29-84e5-414f-9e55-026ebcf03692" testId="81c26981-166a-e776-7c32-8b14e45e71af" testName="SetParentTest" computerName="WATSON1491" duration="00:00:00.0008760" startTime="2012-03-18T19:41:50.9799960-06:00" endTime="2012-03-18T19:41:50.9889965-06:00" testType="13cdc9d9-ddb5-4fa4-a97d-d965ccfc6d4b" outcome="Passed" testListId="8c84fa94-04c1-424b-9868-57a2d4851a1d" relativeResultsDirectory="28e5ea29-84e5-414f-9e55-026ebcf03692">
    </UnitTestResult>
    <UnitTestResult executionId="b472cc0f-36f9-4d44-865f-9d02daebf58a" testId="83312457-8852-ca77-37d0-bc2152068b12" testName="GetUserHeaderSizeTest" computerName="WATSON1491" duration="00:00:00.0242394" startTime="2012-03-18T19:41:51.0109977-06:00" endTime="2012-03-18T19:41:51.0399994-06:00" testType="13cdc9d9-ddb5-4fa4-a97d-d965ccfc6d4b" outcome="Passed" testListId="8c84fa94-04c1-424b-9868-57a2d4851a1d" relativeResultsDirectory="b472cc0f-36f9-4d44-865f-9d02daebf58a">
    </UnitTestResult>
    <UnitTestResult executionId="f253d954-fc8e-4396-8e98-68161515d8aa" testId="845a5988-fe07-f37a-ba6b-e712dc39166d" testName="GetUserHeaderSizeTest" computerName="WATSON1491" duration="00:00:00.0163709" startTime="2012-03-18T19:41:51.0600005-06:00" endTime="2012-03-18T19:41:51.0830019-06:00" testType="13cdc9d9-ddb5-4fa4-a97d-d965ccfc6d4b" outcome="Passed" testListId="8c84fa94-04c1-424b-9868-57a2d4851a1d" relativeResultsDirectory="f253d954-fc8e-4396-8e98-68161515d8aa">
    </UnitTestResult>
    <UnitTestResult executionId="1b6fee54-6c53-4a06-9ee4-c44c8a7a66f8" testId="846fd299-442f-a81b-5ff1-400c3a67c543" testName="FreeMergeBeforeTest" computerName="WATSON1491" duration="00:00:00.0168588" startTime="2012-03-18T19:41:51.0980027-06:00" endTime="2012-03-18T19:41:51.1210040-06:00" testType="13cdc9d9-ddb5-4fa4-a97d-d965ccfc6d4b" outcome="Passed" testListId="8c84fa94-04c1-424b-9868-57a2d4851a1d" relativeResultsDirectory="1b6fee54-6c53-4a06-9ee4-c44c8a7a66f8">
    </UnitTestResult>
    <UnitTestResult executionId="f222f406-3749-40e7-941a-618b07b74bbf" testId="86053b92-a17e-53c2-7d77-530c0fa14797" testName="NoArrayTest" computerName="WATSON1491" duration="00:00:00.0008221" startTime="2012-03-18T19:41:51.1360049-06:00" endTime="2012-03-18T19:41:51.1400051-06:00" testType="13cdc9d9-ddb5-4fa4-a97d-d965ccfc6d4b" outcome="Passed" testListId="8c84fa94-04c1-424b-9868-57a2d4851a1d" relativeResultsDirectory="f222f406-3749-40e7-941a-618b07b74bbf">
    </UnitTestResult>
    <UnitTestResult executionId="4fb81ade-e291-4062-bade-5cec8356390c" testId="864cd63c-625b-94c6-46c4-e84f8efb06a6" testName="UserSizeTest" computerName="WATSON1491" duration="00:00:00.0007699" startTime="2012-03-18T19:41:51.1610063-06:00" endTime="2012-03-18T19:41:51.1680067-06:00" testType="13cdc9d9-ddb5-4fa4-a97d-d965ccfc6d4b" outcome="Passed" testListId="8c84fa94-04c1-424b-9868-57a2d4851a1d" relativeResultsDirectory="4fb81ade-e291-4062-bade-5cec8356390c">
    </UnitTestResult>
    <UnitTestResult executionId="1adeaa5b-37f2-4b86-82fb-6870ae184fa1" testId="87c8f2b9-5e7b-9e82-cf24-bcc4c877b50d" testName="SubArrayTest" computerName="WATSON1491" duration="00:00:00.0015000" startTime="2012-03-18T19:41:51.2100091-06:00" endTime="2012-03-18T19:41:51.2140093-06:00" testType="13cdc9d9-ddb5-4fa4-a97d-d965ccfc6d4b" outcome="Passed" testListId="8c84fa94-04c1-424b-9868-57a2d4851a1d" relativeResultsDirectory="1adeaa5b-37f2-4b86-82fb-6870ae184fa1">
    </UnitTestResult>
    <UnitTestResult executionId="d0e95e57-749c-4eeb-9d4b-8db14f9ba189" testId="8bf66a88-08b1-206e-6e7a-07808be453b9" testName="UpdateTest" computerName="WATSON1491" duration="00:00:00.0092939" startTime="2012-03-18T19:41:51.2390108-06:00" endTime="2012-03-18T19:41:51.2520115-06:00" testType="13cdc9d9-ddb5-4fa4-a97d-d965ccfc6d4b" outcome="Passed" testListId="8c84fa94-04c1-424b-9868-57a2d4851a1d" relativeResultsDirectory="d0e95e57-749c-4eeb-9d4b-8db14f9ba189">
    </UnitTestResult>
    <UnitTestResult executionId="045db4d8-b3ea-4891-89e6-5ba1f3f3f734" testId="8d5355e8-963b-595b-8da8-04a7226498e8" testName="ReadFromStorageTest" computerName="WATSON1491" duration="00:00:00.0769923" startTime="2012-03-18T19:41:51.2740128-06:00" endTime="2012-03-18T19:41:51.3550174-06:00" testType="13cdc9d9-ddb5-4fa4-a97d-d965ccfc6d4b" outcome="Passed" testListId="8c84fa94-04c1-424b-9868-57a2d4851a1d" relativeResultsDirectory="045db4d8-b3ea-4891-89e6-5ba1f3f3f734">
    </UnitTestResult>
    <UnitTestResult executionId="4e23091d-8c79-425f-b38d-aebb9618e575" testId="9042f580-80d7-070e-6671-c783c7157c04" testName="Append2Test" computerName="WATSON1491" duration="00:00:00.0037494" startTime="2012-03-18T19:41:51.3740185-06:00" endTime="2012-03-18T19:41:51.3840191-06:00" testType="13cdc9d9-ddb5-4fa4-a97d-d965ccfc6d4b" outcome="Passed" testListId="8c84fa94-04c1-424b-9868-57a2d4851a1d" relativeResultsDirectory="4e23091d-8c79-425f-b38d-aebb9618e575">
    </UnitTestResult>
    <UnitTestResult executionId="6dac9d6c-41bf-4dd3-830b-36b362e10281" testId="920909e7-20b2-d96d-ce3c-d1b8d6e41092" testName="ReopenTest" computerName="WATSON1491" duration="00:00:00.0086889" startTime="2012-03-18T19:41:51.3990199-06:00" endTime="2012-03-18T19:41:51.4140208-06:00" testType="13cdc9d9-ddb5-4fa4-a97d-d965ccfc6d4b" outcome="Passed" testListId="8c84fa94-04c1-424b-9868-57a2d4851a1d" relativeResultsDirectory="6dac9d6c-41bf-4dd3-830b-36b362e10281">
    </UnitTestResult>
    <UnitTestResult executionId="c682f465-c218-42f2-ac32-1ef229b37525" testId="93695325-fb5b-b117-f5c2-6cdaee20d742" testName="FileDoesntExistTest" computerName="WATSON1491" duration="00:00:00.0012857" startTime="2012-03-18T19:41:51.4360220-06:00" endTime="2012-03-18T19:41:51.4400223-06:00" testType="13cdc9d9-ddb5-4fa4-a97d-d965ccfc6d4b" outcome="Passed" testListId="8c84fa94-04c1-424b-9868-57a2d4851a1d" relativeResultsDirectory="c682f465-c218-42f2-ac32-1ef229b37525">
    </UnitTestResult>
    <UnitTestResult executionId="07972fca-0149-47b1-be3c-288bda2083e8" testId="94000a80-807f-643f-04b5-3a8c67520adc" testName="PutGetUserHeaderTest" computerName="WATSON1491" duration="00:00:00.0591691" startTime="2012-03-18T19:41:51.4600234-06:00" endTime="2012-03-18T19:41:51.5250271-06:00" testType="13cdc9d9-ddb5-4fa4-a97d-d965ccfc6d4b" outcome="Passed" testListId="8c84fa94-04c1-424b-9868-57a2d4851a1d" relativeResultsDirectory="07972fca-0149-47b1-be3c-288bda2083e8">
    </UnitTestResult>
    <UnitTestResult executionId="e15fee59-d601-454f-9440-47ba157a1863" testId="94efce36-6787-804c-f9dd-d52e17e1c55e" testName="CloseTest" computerName="WATSON1491" duration="00:00:00.0082262" startTime="2012-03-18T19:41:51.5470284-06:00" endTime="2012-03-18T19:41:51.5590291-06:00" testType="13cdc9d9-ddb5-4fa4-a97d-d965ccfc6d4b" outcome="Passed" testListId="8c84fa94-04c1-424b-9868-57a2d4851a1d" relativeResultsDirectory="e15fee59-d601-454f-9440-47ba157a1863">
    </UnitTestResult>
    <UnitTestResult executionId="6dd2e0d9-a9a2-45a3-adcb-6976d6646aad" testId="965a56bb-5e93-1f41-fa3a-18161c642244" testName="ReadByteArrayTest" computerName="WATSON1491" duration="00:00:00.0097048" startTime="2012-03-18T19:41:51.5780302-06:00" endTime="2012-03-18T19:41:51.5960312-06:00" testType="13cdc9d9-ddb5-4fa4-a97d-d965ccfc6d4b" outcome="Passed" testListId="8c84fa94-04c1-424b-9868-57a2d4851a1d" relativeResultsDirectory="6dd2e0d9-a9a2-45a3-adcb-6976d6646aad">
    </UnitTestResult>
    <UnitTestResult executionId="1e31b51d-715d-44ee-ab0b-84530c3ed057" testId="9c153991-159a-b725-d7ba-010f61b98530" testName="RandomAccessFileConstructorTest" computerName="WATSON1491" duration="00:00:00.0011747" startTime="2012-03-18T19:41:51.6160323-06:00" endTime="2012-03-18T19:41:51.6420338-06:00" testType="13cdc9d9-ddb5-4fa4-a97d-d965ccfc6d4b" outcome="Passed" testListId="8c84fa94-04c1-424b-9868-57a2d4851a1d" relativeResultsDirectory="1e31b51d-715d-44ee-ab0b-84530c3ed057">
    </UnitTestResult>
    <UnitTestResult executionId="bd7e3b4f-50a6-417b-8704-c53f7efc2266" testId="9c490088-6ee6-56ec-8017-95f63def4429" testName="CtorTest" computerName="WATSON1491" duration="00:00:00.0068067" startTime="2012-03-18T19:41:51.6570347-06:00" endTime="2012-03-18T19:41:51.6700354-06:00" testType="13cdc9d9-ddb5-4fa4-a97d-d965ccfc6d4b" outcome="Passed" testListId="8c84fa94-04c1-424b-9868-57a2d4851a1d" relativeResultsDirectory="bd7e3b4f-50a6-417b-8704-c53f7efc2266">
    </UnitTestResult>
    <UnitTestResult executionId="8dc401e1-adfb-4a1d-a6de-5e4c3b0d7797" testId="9d779dd2-fb32-aae7-ec06-52a95bc58283" testName="FreeFirstSpaceTest" computerName="WATSON1491" duration="00:00:00.0075235" startTime="2012-03-18T19:41:51.6840362-06:00" endTime="2012-03-18T19:41:51.6980370-06:00" testType="13cdc9d9-ddb5-4fa4-a97d-d965ccfc6d4b" outcome="Passed" testListId="8c84fa94-04c1-424b-9868-57a2d4851a1d" relativeResultsDirectory="8dc401e1-adfb-4a1d-a6de-5e4c3b0d7797">
    </UnitTestResult>
    <UnitTestResult executionId="f73e2033-c7d6-4306-870d-f8da6941d483" testId="9d918454-2feb-95e0-4026-22b2c4e3a005" testName="FreeAddSpaceToEndOfFreeListTest" computerName="WATSON1491" duration="00:00:00.0076350" startTime="2012-03-18T19:41:51.7130379-06:00" endTime="2012-03-18T19:41:51.7250386-06:00" testType="13cdc9d9-ddb5-4fa4-a97d-d965ccfc6d4b" outcome="Passed" testListId="8c84fa94-04c1-424b-9868-57a2d4851a1d" relativeResultsDirectory="f73e2033-c7d6-4306-870d-f8da6941d483">
    </UnitTestResult>
    <UnitTestResult executionId="889ecc56-dac7-42f5-9468-d64fa3015905" testId="a1ae16c5-0695-b546-0d5a-01f95dae83d0" testName="GetFirstTest" computerName="WATSON1491" duration="00:00:00.0073764" startTime="2012-03-18T19:41:51.7510401-06:00" endTime="2012-03-18T19:41:51.7620407-06:00" testType="13cdc9d9-ddb5-4fa4-a97d-d965ccfc6d4b" outcome="Passed" testListId="8c84fa94-04c1-424b-9868-57a2d4851a1d" relativeResultsDirectory="889ecc56-dac7-42f5-9468-d64fa3015905">
    </UnitTestResult>
    <UnitTestResult executionId="2dd4035e-4b41-48ab-a407-47712578a582" testId="a1c72854-3dde-18e0-c9d8-83b07b0292f0" testName="StartIndexTest" computerName="WATSON1491" duration="00:00:00.0056377" startTime="2012-03-18T19:41:51.7810418-06:00" endTime="2012-03-18T19:41:51.7930425-06:00" testType="13cdc9d9-ddb5-4fa4-a97d-d965ccfc6d4b" outcome="Passed" testListId="8c84fa94-04c1-424b-9868-57a2d4851a1d" relativeResultsDirectory="2dd4035e-4b41-48ab-a407-47712578a582">
    </UnitTestResult>
    <UnitTestResult executionId="714b55a5-b18a-4325-b1e5-050398a4bdd8" testId="a2972d95-ef43-ab33-2113-41690f360353" testName="GetNextIndexTest" computerName="WATSON1491" duration="00:00:00.0089329" startTime="2012-03-18T19:41:51.8390451-06:00" endTime="2012-03-18T19:41:51.8530459-06:00" testType="13cdc9d9-ddb5-4fa4-a97d-d965ccfc6d4b" outcome="Passed" testListId="8c84fa94-04c1-424b-9868-57a2d4851a1d" relativeResultsDirectory="714b55a5-b18a-4325-b1e5-050398a4bdd8">
    </UnitTestResult>
    <UnitTestResult executionId="a723ba60-871a-4ee9-bedb-7a5dfa990d1f" testId="a4c6cc76-2922-41eb-a81b-35a8f1fc4233" testName="GetUserHeaderSizeTest" computerName="WATSON1491" duration="00:00:00.0058192" startTime="2012-03-18T19:41:51.8720470-06:00" endTime="2012-03-18T19:41:51.8830476-06:00" testType="13cdc9d9-ddb5-4fa4-a97d-d965ccfc6d4b" outcome="Passed" testListId="8c84fa94-04c1-424b-9868-57a2d4851a1d" relativeResultsDirectory="a723ba60-871a-4ee9-bedb-7a5dfa990d1f">
    </UnitTestResult>
    <UnitTestResult executionId="035f8807-65cc-411f-a9e6-bef41bdb993b" testId="a54f2629-8741-9051-67a0-e1a8c4b5ea10" testName="GetElementSizeTest" computerName="WATSON1491" duration="00:00:00.0094252" startTime="2012-03-18T19:41:51.9000486-06:00" endTime="2012-03-18T19:41:51.9130493-06:00" testType="13cdc9d9-ddb5-4fa4-a97d-d965ccfc6d4b" outcome="Passed" testListId="8c84fa94-04c1-424b-9868-57a2d4851a1d" relativeResultsDirectory="035f8807-65cc-411f-a9e6-bef41bdb993b">
    </UnitTestResult>
    <UnitTestResult executionId="aa43cf58-1582-49af-a84a-92d30adec69a" testId="a71a6b83-7f57-ce8c-0c72-5da1414dfef5" testName="WipeIndexTest" computerName="WATSON1491" duration="00:00:00.0112600" startTime="2012-03-18T19:41:51.9310504-06:00" endTime="2012-03-18T19:41:51.9530516-06:00" testType="13cdc9d9-ddb5-4fa4-a97d-d965ccfc6d4b" outcome="Passed" testListId="8c84fa94-04c1-424b-9868-57a2d4851a1d" relativeResultsDirectory="aa43cf58-1582-49af-a84a-92d30adec69a">
    </UnitTestResult>
    <UnitTestResult executionId="9ae3db80-c8b8-4e4d-b1f4-844e01b6e3ab" testId="a98f558f-9bab-5d3b-882a-663d5ff5ae97" testName="GetUserHeaderSizeTest" computerName="WATSON1491" duration="00:00:00.0115566" startTime="2012-03-18T19:41:51.9670524-06:00" endTime="2012-03-18T19:41:51.9830533-06:00" testType="13cdc9d9-ddb5-4fa4-a97d-d965ccfc6d4b" outcome="Passed" testListId="8c84fa94-04c1-424b-9868-57a2d4851a1d" relativeResultsDirectory="9ae3db80-c8b8-4e4d-b1f4-844e01b6e3ab">
    </UnitTestResult>
    <UnitTestResult executionId="a5f5fcd6-331c-4c9b-9586-b3d2043a3385" testId="a9ffaa5b-f9ae-7924-38fd-a4efa57e9554" testName="UserHeaderConstructorTest" computerName="WATSON1491" duration="00:00:00.0060680" startTime="2012-03-18T19:41:52.0020544-06:00" endTime="2012-03-18T19:41:52.0130550-06:00" testType="13cdc9d9-ddb5-4fa4-a97d-d965ccfc6d4b" outcome="Passed" testListId="8c84fa94-04c1-424b-9868-57a2d4851a1d" relativeResultsDirectory="a5f5fcd6-331c-4c9b-9586-b3d2043a3385">
    </UnitTestResult>
    <UnitTestResult executionId="06646154-e4a3-458d-8d7f-ab04db423d92" testId="ac390c29-8921-eb5c-8cbb-15dff0c6c040" testName="MoveToHeadTest" computerName="WATSON1491" duration="00:00:00.0093794" startTime="2012-03-18T19:41:52.0290560-06:00" endTime="2012-03-18T19:41:52.0520573-06:00" testType="13cdc9d9-ddb5-4fa4-a97d-d965ccfc6d4b" outcome="Passed" testListId="8c84fa94-04c1-424b-9868-57a2d4851a1d" relativeResultsDirectory="06646154-e4a3-458d-8d7f-ab04db423d92">
    </UnitTestResult>
    <UnitTestResult executionId="90a6fc5d-c186-4f66-a035-047ebb9e5381" testId="ae4afa1c-c8fc-91b6-80ab-c1099e1a8a46" testName="PutGetTest" computerName="WATSON1491" duration="00:00:00.0097708" startTime="2012-03-18T19:41:52.0690582-06:00" endTime="2012-03-18T19:41:52.0840591-06:00" testType="13cdc9d9-ddb5-4fa4-a97d-d965ccfc6d4b" outcome="Passed" testListId="8c84fa94-04c1-424b-9868-57a2d4851a1d" relativeResultsDirectory="90a6fc5d-c186-4f66-a035-047ebb9e5381">
    </UnitTestResult>
    <UnitTestResult executionId="d22b906f-dede-4e44-886d-989bd3cce896" testId="affe1ef8-a55d-611e-f219-a825233a32ae" testName="InsertTest" computerName="WATSON1491" duration="00:00:00.0407104" startTime="2012-03-18T19:41:52.1030602-06:00" endTime="2012-03-18T19:41:52.1490628-06:00" testType="13cdc9d9-ddb5-4fa4-a97d-d965ccfc6d4b" outcome="Passed" testListId="8c84fa94-04c1-424b-9868-57a2d4851a1d" relativeResultsDirectory="d22b906f-dede-4e44-886d-989bd3cce896">
    </UnitTestResult>
    <UnitTestResult executionId="fc79f420-a085-48c3-bad0-97a537a214ce" testId="b1842f56-d68c-936e-0289-fc1c1f6a341f" testName="WipeIndexTest" computerName="WATSON1491" duration="00:00:00.0063253" startTime="2012-03-18T19:41:52.1670639-06:00" endTime="2012-03-18T19:41:52.1940654-06:00" testType="13cdc9d9-ddb5-4fa4-a97d-d965ccfc6d4b" outcome="Passed" testListId="8c84fa94-04c1-424b-9868-57a2d4851a1d" relativeResultsDirectory="fc79f420-a085-48c3-bad0-97a537a214ce">
    </UnitTestResult>
    <UnitTestResult executionId="01c3524b-27f6-4ad1-9f80-507fc5285061" testId="b1852ad4-9275-e058-ea39-b89e2980d650" testName="PutTest" computerName="WATSON1491" duration="00:00:00.0093109" startTime="2012-03-18T19:41:52.2110664-06:00" endTime="2012-03-18T19:41:52.2270673-06:00" testType="13cdc9d9-ddb5-4fa4-a97d-d965ccfc6d4b" outcome="Passed" testListId="8c84fa94-04c1-424b-9868-57a2d4851a1d" relativeResultsDirectory="01c3524b-27f6-4ad1-9f80-507fc5285061">
    </UnitTestResult>
    <UnitTestResult executionId="94de37e3-d808-4c7b-97e3-2bab30e7f55c" testId="b1c5d96c-054d-4348-7a86-0ce106021a41" testName="NodeCtorTest" computerName="WATSON1491" duration="00:00:00.0011710" startTime="2012-03-18T19:41:52.2450683-06:00" endTime="2012-03-18T19:41:52.2540688-06:00" testType="13cdc9d9-ddb5-4fa4-a97d-d965ccfc6d4b" outcome="Passed" testListId="8c84fa94-04c1-424b-9868-57a2d4851a1d" relativeResultsDirectory="94de37e3-d808-4c7b-97e3-2bab30e7f55c">
    </UnitTestResult>
    <UnitTestResult executionId="be387717-b864-4140-970c-c53028536994" testId="b5c4ab9a-0762-76c8-cb39-93c09b1df71e" testName="FreeMergeBothTest" computerName="WATSON1491" duration="00:00:00.0079608" startTime="2012-03-18T19:41:52.2690697-06:00" endTime="2012-03-18T19:41:52.2820704-06:00" testType="13cdc9d9-ddb5-4fa4-a97d-d965ccfc6d4b" outcome="Passed" testListId="8c84fa94-04c1-424b-9868-57a2d4851a1d" relativeResultsDirectory="be387717-b864-4140-970c-c53028536994">
    </UnitTestResult>
    <UnitTestResult executionId="50e0e488-02ce-4257-bf6f-6918382b7531" testId="b63109c3-d21b-a6f8-7d7d-88020a21d390" testName="AllocateInARowTest" computerName="WATSON1491" duration="00:00:00.0085597" startTime="2012-03-18T19:41:52.3010715-06:00" endTime="2012-03-18T19:41:52.3140723-06:00" testType="13cdc9d9-ddb5-4fa4-a97d-d965ccfc6d4b" outcome="Passed" testListId="8c84fa94-04c1-424b-9868-57a2d4851a1d" relativeResultsDirectory="50e0e488-02ce-4257-bf6f-6918382b7531">
    </UnitTestResult>
    <UnitTestResult executionId="ed2db618-6c2a-46df-9311-dc30e0bcf256" testId="b87f554d-216c-d1a2-7ff8-323f1d9d0f4f" testName="CreateTooSmallTest" computerName="WATSON1491" duration="00:00:00.0054983" startTime="2012-03-18T19:41:52.3330734-06:00" endTime="2012-03-18T19:41:52.3430739-06:00" testType="13cdc9d9-ddb5-4fa4-a97d-d965ccfc6d4b" outcome="Passed" testListId="8c84fa94-04c1-424b-9868-57a2d4851a1d" relativeResultsDirectory="ed2db618-6c2a-46df-9311-dc30e0bcf256">
    </UnitTestResult>
    <UnitTestResult executionId="acda0bd4-2833-4002-9fcd-3dbccf93ef7a" testId="babca73d-0229-c679-426c-78953c0ec145" testName="AllocateTooSmallSize" computerName="WATSON1491" duration="00:00:00.0082918" startTime="2012-03-18T19:41:52.3660752-06:00" endTime="2012-03-18T19:41:52.3780759-06:00" testType="13cdc9d9-ddb5-4fa4-a97d-d965ccfc6d4b" outcome="Passed" testListId="8c84fa94-04c1-424b-9868-57a2d4851a1d" relativeResultsDirectory="acda0bd4-2833-4002-9fcd-3dbccf93ef7a">
    </UnitTestResult>
    <UnitTestResult executionId="0e4a26cd-59f4-4e4e-b8da-6f39c5f952ad" testId="bfb74228-802c-ebf9-5059-adacad2817c5" testName="PutGetTest" computerName="WATSON1491" duration="00:00:00.0059570" startTime="2012-03-18T19:41:52.4250786-06:00" endTime="2012-03-18T19:41:52.4370793-06:00" testType="13cdc9d9-ddb5-4fa4-a97d-d965ccfc6d4b" outcome="Passed" testListId="8c84fa94-04c1-424b-9868-57a2d4851a1d" relativeResultsDirectory="0e4a26cd-59f4-4e4e-b8da-6f39c5f952ad">
    </UnitTestResult>
    <UnitTestResult executionId="e21bfc72-6555-4d44-ba13-f111129173f4" testId="bfe87bac-e9fc-a821-d953-1eb8c9641d62" testName="ReopenTest" computerName="WATSON1491" duration="00:00:00.0707776" startTime="2012-03-18T19:41:57.0993460-06:00" endTime="2012-03-18T19:41:57.1773504-06:00" testType="13cdc9d9-ddb5-4fa4-a97d-d965ccfc6d4b" outcome="Passed" testListId="8c84fa94-04c1-424b-9868-57a2d4851a1d" relativeResultsDirectory="e21bfc72-6555-4d44-ba13-f111129173f4">
    </UnitTestResult>
    <UnitTestResult executionId="d48193b6-813a-4ae2-8a93-9a9fca8fb7c4" testId="c09c2c2c-bf97-afdf-a556-c8b4550bee5f" testName="EqualsBytesTest" computerName="WATSON1491" duration="00:00:00.0079077" startTime="2012-03-18T19:41:57.2193528-06:00" endTime="2012-03-18T19:41:57.2433542-06:00" testType="13cdc9d9-ddb5-4fa4-a97d-d965ccfc6d4b" outcome="Passed" testListId="8c84fa94-04c1-424b-9868-57a2d4851a1d" relativeResultsDirectory="d48193b6-813a-4ae2-8a93-9a9fca8fb7c4">
    </UnitTestResult>
    <UnitTestResult executionId="164b61ef-8e7e-4a8b-a72c-e2bc208e8b52" testId="c0ed1de9-8e4d-8e00-a4bf-c9b99057cab2" testName="GetUserHeaderSizeTest" computerName="WATSON1491" duration="00:00:00.0022205" startTime="2012-03-18T19:41:57.2573550-06:00" endTime="2012-03-18T19:41:57.2753560-06:00" testType="13cdc9d9-ddb5-4fa4-a97d-d965ccfc6d4b" outcome="Passed" testListId="8c84fa94-04c1-424b-9868-57a2d4851a1d" relativeResultsDirectory="164b61ef-8e7e-4a8b-a72c-e2bc208e8b52">
    </UnitTestResult>
    <UnitTestResult executionId="7de03304-13a3-4200-8109-21a8f1f8c0b7" testId="c1046ba7-0144-8813-1bc3-01566e1bbcb4" testName="CtorOpenTest" computerName="WATSON1491" duration="00:00:00.0031233" startTime="2012-03-18T19:41:57.2803563-06:00" endTime="2012-03-18T19:41:57.2883568-06:00" testType="13cdc9d9-ddb5-4fa4-a97d-d965ccfc6d4b" outcome="Passed" testListId="8c84fa94-04c1-424b-9868-57a2d4851a1d" relativeResultsDirectory="7de03304-13a3-4200-8109-21a8f1f8c0b7">
    </UnitTestResult>
    <UnitTestResult executionId="7847b515-d6d0-4a1e-ac06-9c0106474fa9" testId="c11c787c-4fca-cfaa-5d6d-7fdc4065163a" testName="FreeBlockTest" computerName="WATSON1491" duration="00:00:00.0036266" startTime="2012-03-18T19:41:57.2943571-06:00" endTime="2012-03-18T19:41:57.3033576-06:00" testType="13cdc9d9-ddb5-4fa4-a97d-d965ccfc6d4b" outcome="Passed" testListId="8c84fa94-04c1-424b-9868-57a2d4851a1d" relativeResultsDirectory="7847b515-d6d0-4a1e-ac06-9c0106474fa9">
    </UnitTestResult>
    <UnitTestResult executionId="15265680-08a3-4265-982f-57caa3769bea" testId="c198a53f-7d04-439f-1fbd-0b778727bf42" testName="PutGetCollisionsTest" computerName="WATSON1491" duration="00:00:00.0169362" startTime="2012-03-18T19:41:57.3093580-06:00" endTime="2012-03-18T19:41:57.3293591-06:00" testType="13cdc9d9-ddb5-4fa4-a97d-d965ccfc6d4b" outcome="Passed" testListId="8c84fa94-04c1-424b-9868-57a2d4851a1d" relativeResultsDirectory="15265680-08a3-4265-982f-57caa3769bea">
    </UnitTestResult>
    <UnitTestResult executionId="2c5a63e7-b266-4497-824b-dc80ba11a9cf" testId="c1b4ff73-548a-5879-276c-0c28ff414a1c" testName="MergeBeforeTest" computerName="WATSON1491" duration="00:00:00.0005616" startTime="2012-03-18T19:41:57.3343594-06:00" endTime="2012-03-18T19:41:57.3393597-06:00" testType="13cdc9d9-ddb5-4fa4-a97d-d965ccfc6d4b" outcome="Passed" testListId="8c84fa94-04c1-424b-9868-57a2d4851a1d" relativeResultsDirectory="2c5a63e7-b266-4497-824b-dc80ba11a9cf">
    </UnitTestResult>
    <UnitTestResult executionId="5e07fbc1-8926-4513-b1e8-c2025a9dbf4c" testId="c1c24e9f-1ef1-eaa1-585b-5748c70dad65" testName="CtorCreateTest" computerName="WATSON1491" duration="00:00:00.0038953" startTime="2012-03-18T19:41:57.3443600-06:00" endTime="2012-03-18T19:41:57.3533605-06:00" testType="13cdc9d9-ddb5-4fa4-a97d-d965ccfc6d4b" outcome="Passed" testListId="8c84fa94-04c1-424b-9868-57a2d4851a1d" relativeResultsDirectory="5e07fbc1-8926-4513-b1e8-c2025a9dbf4c">
    </UnitTestResult>
    <UnitTestResult executionId="698850b5-f2da-4bc0-8a2a-66fa05542c66" testId="c34800c1-01aa-78c5-5769-4dd04c7cc3d9" testName="FreeMergeAfterTest" computerName="WATSON1491" duration="00:00:00.0028729" startTime="2012-03-18T19:41:57.3593608-06:00" endTime="2012-03-18T19:41:57.3653612-06:00" testType="13cdc9d9-ddb5-4fa4-a97d-d965ccfc6d4b" outcome="Passed" testListId="8c84fa94-04c1-424b-9868-57a2d4851a1d" relativeResultsDirectory="698850b5-f2da-4bc0-8a2a-66fa05542c66">
    </UnitTestResult>
    <UnitTestResult executionId="c67e5fff-f2b3-4b32-ae05-f160946c41fc" testId="c3fc885b-06d0-19cb-a8e4-a4fc7aee2170" testName="WriteByteArrayTest" computerName="WATSON1491" duration="00:00:00.0053265" startTime="2012-03-18T19:41:57.3703615-06:00" endTime="2012-03-18T19:41:57.3813621-06:00" testType="13cdc9d9-ddb5-4fa4-a97d-d965ccfc6d4b" outcome="Passed" testListId="8c84fa94-04c1-424b-9868-57a2d4851a1d" relativeResultsDirectory="c67e5fff-f2b3-4b32-ae05-f160946c41fc">
    </UnitTestResult>
    <UnitTestResult executionId="81d6de98-7928-45e2-a8c4-2b3a75c257a4" testId="c574974e-922d-e123-cd45-263cf5bd394a" testName="DeserializeTest" computerName="WATSON1491" duration="00:00:00.0011386" startTime="2012-03-18T19:41:57.3883625-06:00" endTime="2012-03-18T19:41:57.4083636-06:00" testType="13cdc9d9-ddb5-4fa4-a97d-d965ccfc6d4b" outcome="Passed" testListId="8c84fa94-04c1-424b-9868-57a2d4851a1d" relativeResultsDirectory="81d6de98-7928-45e2-a8c4-2b3a75c257a4">
    </UnitTestResult>
    <UnitTestResult executionId="1b4ffa45-84a4-4eac-8d0e-0bbf1c282cbf" testId="c5e39726-deec-c4f7-824b-1e41432b6b87" testName="GetNextIndexTest" computerName="WATSON1491" duration="00:00:00.0022643" startTime="2012-03-18T19:41:57.4623667-06:00" endTime="2012-03-18T19:41:57.4693671-06:00" testType="13cdc9d9-ddb5-4fa4-a97d-d965ccfc6d4b" outcome="Passed" testListId="8c84fa94-04c1-424b-9868-57a2d4851a1d" relativeResultsDirectory="1b4ffa45-84a4-4eac-8d0e-0bbf1c282cbf">
    </UnitTestResult>
    <UnitTestResult executionId="be19efd4-48f3-4796-869f-e64ac8fad527" testId="cb9247b9-0e78-5318-b25e-4206d939f286" testName="AllocateAtEndOfFreeSpaceListTest" computerName="WATSON1491" duration="00:00:00.0037206" startTime="2012-03-18T19:41:57.4743674-06:00" endTime="2012-03-18T19:41:57.4833679-06:00" testType="13cdc9d9-ddb5-4fa4-a97d-d965ccfc6d4b" outcome="Passed" testListId="8c84fa94-04c1-424b-9868-57a2d4851a1d" relativeResultsDirectory="be19efd4-48f3-4796-869f-e64ac8fad527">
    </UnitTestResult>
    <UnitTestResult executionId="cc6960b2-46c3-4223-98c3-a96fffd68c15" testId="cc0dd485-3eb5-47cf-79f5-71c3014c459a" testName="ToIntTest" computerName="WATSON1491" duration="00:00:00.0002309" startTime="2012-03-18T19:41:57.4883682-06:00" endTime="2012-03-18T19:41:57.4923684-06:00" testType="13cdc9d9-ddb5-4fa4-a97d-d965ccfc6d4b" outcome="Passed" testListId="8c84fa94-04c1-424b-9868-57a2d4851a1d" relativeResultsDirectory="cc6960b2-46c3-4223-98c3-a96fffd68c15">
    </UnitTestResult>
    <UnitTestResult executionId="1bab29a6-4c3b-419e-8f96-03b8e4e737f7" testId="ceb208d4-f6b2-14ea-caab-c04abf814ed1" testName="SerializeTest" computerName="WATSON1491" duration="00:00:00.0003375" startTime="2012-03-18T19:41:57.4963687-06:00" endTime="2012-03-18T19:41:57.5003689-06:00" testType="13cdc9d9-ddb5-4fa4-a97d-d965ccfc6d4b" outcome="Passed" testListId="8c84fa94-04c1-424b-9868-57a2d4851a1d" relativeResultsDirectory="1bab29a6-4c3b-419e-8f96-03b8e4e737f7">
    </UnitTestResult>
    <UnitTestResult executionId="667acb98-c0f8-4680-91ce-248e41973ecb" testId="cf7f4ea5-e033-7c9e-2653-20e77c20a6bd" testName="CloseTest" computerName="WATSON1491" duration="00:00:00.0019425" startTime="2012-03-18T19:41:57.5053692-06:00" endTime="2012-03-18T19:41:57.5113695-06:00" testType="13cdc9d9-ddb5-4fa4-a97d-d965ccfc6d4b" outcome="Passed" testListId="8c84fa94-04c1-424b-9868-57a2d4851a1d" relativeResultsDirectory="667acb98-c0f8-4680-91ce-248e41973ecb">
    </UnitTestResult>
    <UnitTestResult executionId="ed21b73d-3f74-4a10-b220-06374d43726c" testId="d7a29e06-03fa-67e4-6f87-44c551f8b54e" testName="ElementCtorTest" computerName="WATSON1491" duration="00:00:00.0003715" startTime="2012-03-18T19:41:57.5163698-06:00" endTime="2012-03-18T19:41:57.5213701-06:00" testType="13cdc9d9-ddb5-4fa4-a97d-d965ccfc6d4b" outcome="Passed" testListId="8c84fa94-04c1-424b-9868-57a2d4851a1d" relativeResultsDirectory="ed21b73d-3f74-4a10-b220-06374d43726c">
    </UnitTestResult>
    <UnitTestResult executionId="09ee17c5-4875-4f95-9d16-de2e9c1be98e" testId="d7cc34f6-78d2-eecf-5b9f-ab76bb86da71" testName="GetPutUserHeaderTest" computerName="WATSON1491" duration="00:00:00.0549840" startTime="2012-03-18T19:41:57.5263704-06:00" endTime="2012-03-18T19:41:57.5873739-06:00" testType="13cdc9d9-ddb5-4fa4-a97d-d965ccfc6d4b" outcome="Passed" testListId="8c84fa94-04c1-424b-9868-57a2d4851a1d" relativeResultsDirectory="09ee17c5-4875-4f95-9d16-de2e9c1be98e">
    </UnitTestResult>
    <UnitTestResult executionId="9a384bf8-fa51-48f9-a0c5-ee7952c08300" testId="d87c9634-3232-495c-abe1-766a051a0ec6" testName="FreeLastSpaceTest" computerName="WATSON1491" duration="00:00:00.0023753" startTime="2012-03-18T19:41:57.5923742-06:00" endTime="2012-03-18T19:41:57.5983745-06:00" testType="13cdc9d9-ddb5-4fa4-a97d-d965ccfc6d4b" outcome="Passed" testListId="8c84fa94-04c1-424b-9868-57a2d4851a1d" relativeResultsDirectory="9a384bf8-fa51-48f9-a0c5-ee7952c08300">
    </UnitTestResult>
    <UnitTestResult executionId="8ae68480-33d2-4183-b84c-ded42382d805" testId="d917289d-258a-a478-26f6-a5a85e035c3f" testName="GetPathToNameTest" computerName="WATSON1491" duration="00:00:00.0004635" startTime="2012-03-18T19:41:57.6033748-06:00" endTime="2012-03-18T19:41:57.6113753-06:00" testType="13cdc9d9-ddb5-4fa4-a97d-d965ccfc6d4b" outcome="Passed" testListId="8c84fa94-04c1-424b-9868-57a2d4851a1d" relativeResultsDirectory="8ae68480-33d2-4183-b84c-ded42382d805">
    </UnitTestResult>
    <UnitTestResult executionId="14720ff7-1577-4809-b76f-cd5552764555" testId="da2c5789-69fe-8699-f9d7-9a2ec66b4c68" testName="CopyTest" computerName="WATSON1491" duration="00:00:00.0004388" startTime="2012-03-18T19:41:57.6163755-06:00" endTime="2012-03-18T19:41:57.6203758-06:00" testType="13cdc9d9-ddb5-4fa4-a97d-d965ccfc6d4b" outcome="Passed" testListId="8c84fa94-04c1-424b-9868-57a2d4851a1d" relativeResultsDirectory="14720ff7-1577-4809-b76f-cd5552764555">
    </UnitTestResult>
    <UnitTestResult executionId="cf570482-4906-4f9a-9f7f-16a250ad13f2" testId="dc59e212-85a1-3e76-d4aa-2b0731bd07f1" testName="CtorTest" computerName="WATSON1491" duration="00:00:00.0002034" startTime="2012-03-18T19:41:57.6253761-06:00" endTime="2012-03-18T19:41:57.6293763-06:00" testType="13cdc9d9-ddb5-4fa4-a97d-d965ccfc6d4b" outcome="Passed" testListId="8c84fa94-04c1-424b-9868-57a2d4851a1d" relativeResultsDirectory="cf570482-4906-4f9a-9f7f-16a250ad13f2">
    </UnitTestResult>
    <UnitTestResult executionId="60c302f2-163c-4904-b754-52139cff4f58" testId="dcd55a77-217b-2a2a-b734-243925f84d45" testName="SerializeTest" computerName="WATSON1491" duration="00:00:00.0003533" startTime="2012-03-18T19:41:57.6343766-06:00" endTime="2012-03-18T19:41:57.6373767-06:00" testType="13cdc9d9-ddb5-4fa4-a97d-d965ccfc6d4b" outcome="Passed" testListId="8c84fa94-04c1-424b-9868-57a2d4851a1d" relativeResultsDirectory="60c302f2-163c-4904-b754-52139cff4f58">
    </UnitTestResult>
    <UnitTestResult executionId="66eb0be4-42f3-44db-a941-0f28f504915b" testId="e09c5cb1-1c0e-6e77-1183-514f09126ef8" testName="FreeAddSpaceToStartOfFreeListTest" computerName="WATSON1491" duration="00:00:00.0029807" startTime="2012-03-18T19:41:57.6433771-06:00" endTime="2012-03-18T19:41:57.6503775-06:00" testType="13cdc9d9-ddb5-4fa4-a97d-d965ccfc6d4b" outcome="Passed" testListId="8c84fa94-04c1-424b-9868-57a2d4851a1d" relativeResultsDirectory="66eb0be4-42f3-44db-a941-0f28f504915b">
    </UnitTestResult>
    <UnitTestResult executionId="d91afb92-9870-44bf-a287-8ba1067a42e2" testId="e489bd92-1fdb-dce0-d50f-126dc15b0598" testName="Append1Test" computerName="WATSON1491" duration="00:00:00.0008825" startTime="2012-03-18T19:41:57.6593780-06:00" endTime="2012-03-18T19:41:57.6663784-06:00" testType="13cdc9d9-ddb5-4fa4-a97d-d965ccfc6d4b" outcome="Passed" testListId="8c84fa94-04c1-424b-9868-57a2d4851a1d" relativeResultsDirectory="d91afb92-9870-44bf-a287-8ba1067a42e2">
    </UnitTestResult>
    <UnitTestResult executionId="42e9c9a0-fd71-4a7d-a86d-af376aea0783" testId="e4d4bf05-87c5-ae25-1539-415c4a3fabe0" testName="MultitonTest" computerName="WATSON1491" duration="00:00:00.0014243" startTime="2012-03-18T19:41:57.7003803-06:00" endTime="2012-03-18T19:41:57.7063807-06:00" testType="13cdc9d9-ddb5-4fa4-a97d-d965ccfc6d4b" outcome="Passed" testListId="8c84fa94-04c1-424b-9868-57a2d4851a1d" relativeResultsDirectory="42e9c9a0-fd71-4a7d-a86d-af376aea0783">
    </UnitTestResult>
    <UnitTestResult executionId="d5df9d41-74d7-4c21-94ea-280d56e045c5" testId="e5f5eeb7-8767-c831-6700-d29e08cf89bb" testName="AddToEndTest" computerName="WATSON1491" duration="00:00:00.0038653" startTime="2012-03-18T19:41:57.7123810-06:00" endTime="2012-03-18T19:41:57.7193814-06:00" testType="13cdc9d9-ddb5-4fa4-a97d-d965ccfc6d4b" outcome="Passed" testListId="8c84fa94-04c1-424b-9868-57a2d4851a1d" relativeResultsDirectory="d5df9d41-74d7-4c21-94ea-280d56e045c5">
    </UnitTestResult>
    <UnitTestResult executionId="b86a7c31-176e-40b4-8820-0a5ce54792ed" testId="e7921d23-7b31-8b43-d930-5a3bc89a44b3" testName="LengthTest" computerName="WATSON1491" duration="00:00:00.0034353" startTime="2012-03-18T19:41:57.7253818-06:00" endTime="2012-03-18T19:41:57.7323822-06:00" testType="13cdc9d9-ddb5-4fa4-a97d-d965ccfc6d4b" outcome="Passed" testListId="8c84fa94-04c1-424b-9868-57a2d4851a1d" relativeResultsDirectory="b86a7c31-176e-40b4-8820-0a5ce54792ed">
    </UnitTestResult>
    <UnitTestResult executionId="638be647-6c2a-4e75-8933-abed87253bc1" testId="e7c5dfe9-6c85-ed21-1287-63d333e61256" testName="CreateTest" computerName="WATSON1491" duration="00:00:00.0045217" startTime="2012-03-18T19:41:57.7373825-06:00" endTime="2012-03-18T19:41:57.7463830-06:00" testType="13cdc9d9-ddb5-4fa4-a97d-d965ccfc6d4b" outcome="Passed" testListId="8c84fa94-04c1-424b-9868-57a2d4851a1d" relativeResultsDirectory="638be647-6c2a-4e75-8933-abed87253bc1">
    </UnitTestResult>
    <UnitTestResult executionId="6ca564ac-9381-48db-978e-632955c96eea" testId="ea353cbf-1840-4b47-9557-83373d54727c" testName="LRUDoublyLinkedListCtorTest" computerName="WATSON1491" duration="00:00:00.0001624" startTime="2012-03-18T19:41:57.7503832-06:00" endTime="2012-03-18T19:41:57.7543834-06:00" testType="13cdc9d9-ddb5-4fa4-a97d-d965ccfc6d4b" outcome="Passed" testListId="8c84fa94-04c1-424b-9868-57a2d4851a1d" relativeResultsDirectory="6ca564ac-9381-48db-978e-632955c96eea">
    </UnitTestResult>
    <UnitTestResult executionId="614de8d0-aa08-4338-bfa6-3f3257ffcc1f" testId="eba5dc6e-9bfa-ee02-4059-95270e8b548f" testName="PutGetUserHeaderTest" computerName="WATSON1491" duration="00:00:00.0029860" startTime="2012-03-18T19:41:57.7583837-06:00" endTime="2012-03-18T19:41:57.7663841-06:00" testType="13cdc9d9-ddb5-4fa4-a97d-d965ccfc6d4b" outcome="Passed" testListId="8c84fa94-04c1-424b-9868-57a2d4851a1d" relativeResultsDirectory="614de8d0-aa08-4338-bfa6-3f3257ffcc1f">
    </UnitTestResult>
    <UnitTestResult executionId="14d51034-4199-406c-9265-8e81ee6a3117" testId="ec103ee4-7d33-deea-fa5e-ea2ddfa162f6" testName="CloseTest" computerName="WATSON1491" duration="00:00:00.0044857" startTime="2012-03-18T19:41:57.7713844-06:00" endTime="2012-03-18T19:41:57.7793849-06:00" testType="13cdc9d9-ddb5-4fa4-a97d-d965ccfc6d4b" outcome="Passed" testListId="8c84fa94-04c1-424b-9868-57a2d4851a1d" relativeResultsDirectory="14d51034-4199-406c-9265-8e81ee6a3117">
    </UnitTestResult>
    <UnitTestResult executionId="f9ef5506-945f-427f-a7ed-0981c81c72ab" testId="f0820a20-bffa-aca4-73b6-cb5b10486dcd" testName="InsertLinksCorrectlyTest" computerName="WATSON1491" duration="00:00:00.0047985" startTime="2012-03-18T19:41:57.7843851-06:00" endTime="2012-03-18T19:41:57.7923856-06:00" testType="13cdc9d9-ddb5-4fa4-a97d-d965ccfc6d4b" outcome="Passed" testListId="8c84fa94-04c1-424b-9868-57a2d4851a1d" relativeResultsDirectory="f9ef5506-945f-427f-a7ed-0981c81c72ab">
    </UnitTestResult>
    <UnitTestResult executionId="40e5d340-d5db-4b4c-b867-7cdbf9055d92" testId="f173e7fc-49c9-6230-eca2-9afec5f70750" testName="SerializeTest" computerName="WATSON1491" duration="00:00:00.0002791" startTime="2012-03-18T19:41:57.7973859-06:00" endTime="2012-03-18T19:41:57.8023862-06:00" testType="13cdc9d9-ddb5-4fa4-a97d-d965ccfc6d4b" outcome="Passed" testListId="8c84fa94-04c1-424b-9868-57a2d4851a1d" relativeResultsDirectory="40e5d340-d5db-4b4c-b867-7cdbf9055d92">
    </UnitTestResult>
    <UnitTestResult executionId="0f678e70-ffd4-4660-946b-6a9909f9cc01" testId="f19b5895-b0f7-59f0-4036-17b6609c64da" testName="MergeAfterTest" computerName="WATSON1491" duration="00:00:00.0005255" startTime="2012-03-18T19:41:57.8083865-06:00" endTime="2012-03-18T19:41:57.8113867-06:00" testType="13cdc9d9-ddb5-4fa4-a97d-d965ccfc6d4b" outcome="Passed" testListId="8c84fa94-04c1-424b-9868-57a2d4851a1d" relativeResultsDirectory="0f678e70-ffd4-4660-946b-6a9909f9cc01">
    </UnitTestResult>
    <UnitTestResult executionId="e54dc7a2-82cf-4fc7-a7ca-d0f6ced98484" testId="f45fb43e-8e19-67de-faf5-292c20567a5c" testName="SerializeTest" computerName="WATSON1491" duration="00:00:00.0002893" startTime="2012-03-18T19:41:57.8163870-06:00" endTime="2012-03-18T19:41:57.8203872-06:00" testType="13cdc9d9-ddb5-4fa4-a97d-d965ccfc6d4b" outcome="Passed" testListId="8c84fa94-04c1-424b-9868-57a2d4851a1d" relativeResultsDirectory="e54dc7a2-82cf-4fc7-a7ca-d0f6ced98484">
    </UnitTestResult>
    <UnitTestResult executionId="424ef00e-a526-4a1d-a65a-8c8a17b3202b" testId="f8c986a1-4d49-6c57-695c-e57bd1d77a03" testName="CtorTest" computerName="WATSON1491" duration="00:00:00.0002175" startTime="2012-03-18T19:41:57.8243874-06:00" endTime="2012-03-18T19:41:57.8273876-06:00" testType="13cdc9d9-ddb5-4fa4-a97d-d965ccfc6d4b" outcome="Passed" testListId="8c84fa94-04c1-424b-9868-57a2d4851a1d" relativeResultsDirectory="424ef00e-a526-4a1d-a65a-8c8a17b3202b">
    </UnitTestResult>
    <UnitTestResult executionId="79e7e786-9477-44cf-a1b2-e2da03870568" testId="f8dab570-907f-9537-fb70-c2f0ade97939" testName="GetLastTest" computerName="WATSON1491" duration="00:00:00.0030394" startTime="2012-03-18T19:41:57.8323879-06:00" endTime="2012-03-18T19:41:57.8383882-06:00" testType="13cdc9d9-ddb5-4fa4-a97d-d965ccfc6d4b" outcome="Passed" testListId="8c84fa94-04c1-424b-9868-57a2d4851a1d" relativeResultsDirectory="79e7e786-9477-44cf-a1b2-e2da03870568">
    </UnitTestResult>
    <UnitTestResult executionId="c4eab657-4e18-4f76-b69e-d574846ea681" testId="fc01b55b-5936-8b78-9de3-822e7b824b5a" testName="GetElementSizeTest" computerName="WATSON1491" duration="00:00:00.0093340" startTime="2012-03-18T19:41:57.8453886-06:00" endTime="2012-03-18T19:41:57.8593894-06:00" testType="13cdc9d9-ddb5-4fa4-a97d-d965ccfc6d4b" outcome="Passed" testListId="8c84fa94-04c1-424b-9868-57a2d4851a1d" relativeResultsDirectory="c4eab657-4e18-4f76-b69e-d574846ea681">
    </UnitTestResult>
    <UnitTestResult executionId="b26a0f91-d38d-4927-a5b5-1bb6765fe03d" testId="fd2220b2-26eb-6999-62ad-4cbb765b850c" testName="CreateTest" computerName="WATSON1491" duration="00:00:00.0029625" startTime="2012-03-18T19:41:57.8643897-06:00" endTime="2012-03-18T19:41:57.8713901-06:00" testType="13cdc9d9-ddb5-4fa4-a97d-d965ccfc6d4b" outcome="Passed" testListId="8c84fa94-04c1-424b-9868-57a2d4851a1d" relativeResultsDirectory="b26a0f91-d38d-4927-a5b5-1bb6765fe03d">
    </UnitTestResult>
    <UnitTestResult executionId="2eb52912-c349-43bd-8ca6-d2bbe3ff3689" testId="ff3263d9-8c70-f60e-d721-c5d537b9f312" testName="SerializeTest" computerName="WATSON1491" duration="00:00:00.0003885" startTime="2012-03-18T19:41:57.8763904-06:00" endTime="2012-03-18T19:41:57.8793906-06:00" testType="13cdc9d9-ddb5-4fa4-a97d-d965ccfc6d4b" outcome="Passed" testListId="8c84fa94-04c1-424b-9868-57a2d4851a1d" relativeResultsDirectory="2eb52912-c349-43bd-8ca6-d2bbe3ff3689">
    </UnitTestResult>
    <UnitTestResult executionId="bf47e302-8607-4d70-82c9-38724b2c81ba" testId="ffe04048-3d0c-a00a-f497-66ad2a87b507" testName="GetNextTest" computerName="WATSON1491" duration="00:00:00.0034941" startTime="2012-03-18T19:41:57.8843909-06:00" endTime="2012-03-18T19:41:57.8923913-06:00" testType="13cdc9d9-ddb5-4fa4-a97d-d965ccfc6d4b" outcome="Passed" testListId="8c84fa94-04c1-424b-9868-57a2d4851a1d" relativeResultsDirectory="bf47e302-8607-4d70-82c9-38724b2c81ba">
    </UnitTestResult>
  </Results>
</TestRun>