<?xml version="1.0" encoding="UTF-8"?>
<TestRun id="2b5cbb3a-b2e5-4453-8186-b89f6634ecc2" name="gwatson (2012-03-18 19:04:17)" runUser="NUSTUDENT\gwatson" xmlns="http://microsoft.com/schemas/VisualStudio/TeamTest/2010">
  <TestSettings name="LocalCodeCoverage" id="ec93bdfa-e2b8-47a6-a2aa-09dc288ce4c8">
    <Description>These are default test settings for a local test run.</Description>
    <Deployment runDeploymentRoot="gwatson _2012-03-18 19_04_17_">
      <DeploymentItem filename="C:\Users\gwatson\Desktop\SA\PersistentArray\SADatabase\PA\bin\Debug\PA.dll" />
      <DeploymentItem filename="C:\Users\gwatson\Desktop\SA\PersistentArray\SADatabase\FilePersistence\bin\Debug\FilePersistence.dll" />
      <DeploymentItem filename="C:\Users\gwatson\Desktop\SA\PersistentArray\SADatabase\PersistentArrayUnitTest\bin\Debug\PAUnitTest.dll" />
      <DeploymentItem filename="C:\Users\gwatson\Desktop\SA\PersistentArray\SADatabase\Interfaces\bin\Debug\Interfaces.dll" />
      <DeploymentItem filename="C:\Users\gwatson\Desktop\SA\PersistentArray\SADatabase\ByteHelper\bin\Debug\ByteHelper.dll" />
      <DeploymentItem filename="C:\Users\gwatson\Desktop\SA\PersistentArray\SADatabase\CPA\bin\Debug\CPA.dll" />
      <DeploymentItem filename="C:\Users\gwatson\Desktop\SA\PersistentArray\SADatabase\Persistence\bin\Debug\Persistence.dll" />
      <DeploymentItem filename="C:\Users\gwatson\Desktop\SA\PersistentArray\SADatabase\ByteHelperUnitTest\bin\Debug\ByteHelperUnitTest.dll" />
      <DeploymentItem filename="C:\Users\gwatson\Desktop\SA\PersistentArray\SADatabase\PLL\bin\Debug\PLL.dll" />
      <DeploymentItem filename="C:\Users\gwatson\Desktop\SA\PersistentArray\SADatabase\PAFS\bin\Debug\PAFS.dll" />
      <DeploymentItem filename="C:\Users\gwatson\Desktop\SA\PersistentArray\SADatabase\PHM\bin\Debug\PHM.dll" />
      <DeploymentItem filename="C:\Users\gwatson\Desktop\SA\PersistentArray\SADatabase\PHT\bin\Debug\PHT.dll" />
    </Deployment>
    <NamingScheme baseName="gwatson" useDefault="false" />
    <Execution>
      <TestTypeSpecific>
        <UnitTestRunConfig testTypeId="13cdc9d9-ddb5-4fa4-a97d-d965ccfc6d4b">
          <AssemblyResolution>
            <TestDirectory useLoadContext="true" />
          </AssemblyResolution>
        </UnitTestRunConfig>
        <WebTestRunConfiguration testTypeId="4e7599fa-5ecb-43e9-a887-cd63cf72d207">
          <Browser name="Internet Explorer 7.0">
            <Headers>
              <Header name="User-Agent" value="Mozilla/4.0 (compatible; MSIE 7.0; Windows NT 5.1)" />
              <Header name="Accept" value="*/*" />
              <Header name="Accept-Language" value="{{$IEAcceptLanguage}}" />
              <Header name="Accept-Encoding" value="GZIP" />
            </Headers>
          </Browser>
        </WebTestRunConfiguration>
      </TestTypeSpecific>
      <AgentRule name="LocalMachineDefaultRole">
        <DataCollectors>
          <DataCollector uri="datacollector://microsoft/CodeCoverage/1.0" assemblyQualifiedName="Microsoft.VisualStudio.TestTools.CodeCoverage.CoveragePlugIn, Microsoft.VisualStudio.QualityTools.Plugins.CodeCoverage, Version=10.0.0.0, Culture=neutral, PublicKeyToken=b03f5f7f11d50a3a" friendlyName="Code Coverage" enabled="false">
            <Configuration>
              <CodeCoverage xmlns="">
                <Regular>
                  <CodeCoverageItem binaryFile="PLL\bin\Debug\PLL.dll" pdbFile="PLL\bin\Debug\PLL.pdb" instrumentInPlace="true" />
                  <CodeCoverageItem binaryFile="PAFS\bin\Debug\PAFS.dll" pdbFile="PAFS\bin\Debug\PAFS.pdb" instrumentInPlace="true" />
                  <CodeCoverageItem binaryFile="PA\bin\Debug\PA.dll" pdbFile="PA\bin\Debug\PA.pdb" instrumentInPlace="true" />
                  <CodeCoverageItem binaryFile="CPA\bin\Debug\CPA.dll" pdbFile="CPA\bin\Debug\CPA.pdb" instrumentInPlace="true" />
                </Regular>
              </CodeCoverage>
            </Configuration>
          </DataCollector>
        </DataCollectors>
      </AgentRule>
    </Execution>
  </TestSettings>
  <Times creation="2012-03-18T19:04:17.8961269-06:00" queuing="2012-03-18T19:04:23.3794406-06:00" start="2012-03-18T19:04:23.7124596-06:00" finish="2012-03-18T19:05:49.2213504-06:00" />
  <ResultSummary outcome="Error">
    <Counters total="160" executed="12" passed="11" error="0" failed="0" timeout="0" aborted="1" inconclusive="0" passedButRunAborted="0" notRunnable="0" notExecuted="148" disconnected="0" warning="0" completed="0" inProgress="0" pending="0" />
    <RunInfos>
      <RunInfo computerName="WATSON1491" outcome="Error" timestamp="2012-03-18T19:05:49.1823482-06:00">
        <Text>Test host process exited unexpectedly.</Text>
      </RunInfo>
    </RunInfos>
  </ResultSummary>
  <TestDefinitions>
    <UnitTest name="GetFirstTest" storage="c:\users\gwatson\desktop\sa\persistentarray\sadatabase\pllunittest\bin\debug\pllunittest.dll" id="a1ae16c5-0695-b546-0d5a-01f95dae83d0">
      <Execution id="2033f445-95ce-4d6b-9ed6-d455f2fe7112" />
      <TestMethod codeBase="C:\Users\gwatson\Desktop\SA\PersistentArray\SADatabase\PLLUnitTest\bin\Debug\PLLUnitTest.dll" adapterTypeName="Microsoft.VisualStudio.TestTools.TestTypes.Unit.UnitTestAdapter, Microsoft.VisualStudio.QualityTools.Tips.UnitTest.Adapter, Version=10.0.0.0, Culture=neutral, PublicKeyToken=b03f5f7f11d50a3a" className="PLLUnitTest.PersistentLinkedListTest, PLLUnitTest" name="GetFirstTest" />
    </UnitTest>
    <UnitTest name="WriteIntTest" storage="c:\users\gwatson\desktop\sa\persistentarray\sadatabase\persistenceunittest\bin\debug\persistenceunittest.dll" id="33bbef63-045e-f45c-4904-9d2f969572f1">
      <Execution id="29ea4894-cfc0-4c20-9e0a-1e999b08be6e" />
      <TestMethod codeBase="C:\Users\gwatson\Desktop\SA\PersistentArray\SADatabase\PersistenceUnitTest\bin\Debug\PersistenceUnitTest.dll" adapterTypeName="Microsoft.VisualStudio.TestTools.TestTypes.Unit.UnitTestAdapter, Microsoft.VisualStudio.QualityTools.Tips.UnitTest.Adapter, Version=10.0.0.0, Culture=neutral, PublicKeyToken=b03f5f7f11d50a3a" className="PersistenceUnitTest.RandomAccessFileTest, PersistenceUnitTest" name="WriteIntTest" />
    </UnitTest>
    <UnitTest name="CtorOpenTest" storage="c:\users\gwatson\desktop\sa\persistentarray\sadatabase\phmunittest\bin\debug\phmunittest.dll" id="c1046ba7-0144-8813-1bc3-01566e1bbcb4">
      <Execution id="93b58f8b-442a-45d7-88f1-2ae2879b6b61" />
      <TestMethod codeBase="C:\Users\gwatson\Desktop\SA\PersistentArray\SADatabase\PHMUnitTest\bin\Debug\PHMUnitTest.dll" adapterTypeName="Microsoft.VisualStudio.TestTools.TestTypes.Unit.UnitTestAdapter, Microsoft.VisualStudio.QualityTools.Tips.UnitTest.Adapter, Version=10.0.0.0, Culture=neutral, PublicKeyToken=b03f5f7f11d50a3a" className="PHMUnitTest.PersistentHeapTest, PHMUnitTest" name="CtorOpenTest" />
    </UnitTest>
    <UnitTest name="DeserializeTest" storage="c:\users\gwatson\desktop\sa\persistentarray\sadatabase\pllunittest\bin\debug\pllunittest.dll" id="c574974e-922d-e123-cd45-263cf5bd394a">
      <Execution id="0ac617fe-a024-4132-aeff-b9d20c528f50" />
      <TestMethod codeBase="C:\Users\gwatson\Desktop\SA\PersistentArray\SADatabase\PLLUnitTest\bin\Debug\PLLUnitTest.dll" adapterTypeName="Microsoft.VisualStudio.TestTools.TestTypes.Unit.UnitTestAdapter, Microsoft.VisualStudio.QualityTools.Tips.UnitTest.Adapter, Version=10.0.0.0, Culture=neutral, PublicKeyToken=b03f5f7f11d50a3a" className="PLLUnitTest.LinkedListElementTest, PLLUnitTest" name="DeserializeTest" />
    </UnitTest>
    <UnitTest name="StartIndexTest" storage="c:\users\gwatson\desktop\sa\persistentarray\sadatabase\phmunittest\bin\debug\phmunittest.dll" id="a1c72854-3dde-18e0-c9d8-83b07b0292f0">
      <Execution id="2fb2a21f-395a-49df-acfb-377d00f9c082" />
      <TestMethod codeBase="C:\Users\gwatson\Desktop\SA\PersistentArray\SADatabase\PHMUnitTest\bin\Debug\PHMUnitTest.dll" adapterTypeName="Microsoft.VisualStudio.TestTools.TestTypes.Unit.UnitTestAdapter, Microsoft.VisualStudio.QualityTools.Tips.UnitTest.Adapter, Version=10.0.0.0, Culture=neutral, PublicKeyToken=b03f5f7f11d50a3a" className="PHMUnitTest.PersistentHeapSpaceTest, PHMUnitTest" name="StartIndexTest" />
    </UnitTest>
    <UnitTest name="GetUserHeaderSizeTest" storage="c:\users\gwatson\desktop\sa\persistentarray\sadatabase\persistentarrayunittest\bin\debug\paunittest.dll" id="553e65a4-d49e-c86b-4f63-da6f1a61fced">
      <Execution id="04c4efff-dfcc-4d98-8264-96b20158c980" />
      <TestMethod codeBase="C:\Users\gwatson\Desktop\SA\PersistentArray\SADatabase\PersistentArrayUnitTest\bin\Debug\PAUnitTest.dll" adapterTypeName="Microsoft.VisualStudio.TestTools.TestTypes.Unit.UnitTestAdapter, Microsoft.VisualStudio.QualityTools.Tips.UnitTest.Adapter, Version=10.0.0.0, Culture=neutral, PublicKeyToken=b03f5f7f11d50a3a" className="PAUnitTest.IPersistentArrayTest, PAUnitTest" name="GetUserHeaderSizeTest" />
    </UnitTest>
    <UnitTest name="SplitTest" storage="c:\users\gwatson\desktop\sa\persistentarray\sadatabase\phmunittest\bin\debug\phmunittest.dll" id="2a736369-0faa-7bd0-3ec4-55591153ab35">
      <Execution id="01e9bcde-92b0-467a-818d-9bb329ca5a7b" />
      <TestMethod codeBase="C:\Users\gwatson\Desktop\SA\PersistentArray\SADatabase\PHMUnitTest\bin\Debug\PHMUnitTest.dll" adapterTypeName="Microsoft.VisualStudio.TestTools.TestTypes.Unit.UnitTestAdapter, Microsoft.VisualStudio.QualityTools.Tips.UnitTest.Adapter, Version=10.0.0.0, Culture=neutral, PublicKeyToken=b03f5f7f11d50a3a" className="PHMUnitTest.PersistentHeapFreeSpaceTest, PHMUnitTest" name="SplitTest" />
    </UnitTest>
    <UnitTest name="CloseTest" storage="c:\users\gwatson\desktop\sa\persistentarray\sadatabase\filepersistenceunittest\bin\debug\filepersistenceunittest.dll" id="ec103ee4-7d33-deea-fa5e-ea2ddfa162f6">
      <Execution id="0f346bc1-04c6-404b-af97-43aa6c77449a" />
      <TestMethod codeBase="C:\Users\gwatson\Desktop\SA\PersistentArray\SADatabase\FilePersistenceUnitTest\bin\Debug\FilePersistenceUnitTest.dll" adapterTypeName="Microsoft.VisualStudio.TestTools.TestTypes.Unit.UnitTestAdapter, Microsoft.VisualStudio.QualityTools.Tips.UnitTest.Adapter, Version=10.0.0.0, Culture=neutral, PublicKeyToken=b03f5f7f11d50a3a" className="FilePersistenceUnitTest.FileWithHeaderTest, FilePersistenceUnitTest" name="CloseTest" />
    </UnitTest>
    <UnitTest name="ReopenTest" storage="c:\users\gwatson\desktop\sa\persistentarray\sadatabase\cpaunittest\bin\debug\cpaunittest.dll" id="920909e7-20b2-d96d-ce3c-d1b8d6e41092">
      <Execution id="f5731ffb-50d8-4ede-bdd7-d3fff002990c" />
      <TestMethod codeBase="C:\Users\gwatson\Desktop\SA\PersistentArray\SADatabase\CPAUnitTest\bin\Debug\CPAUnitTest.dll" adapterTypeName="Microsoft.VisualStudio.TestTools.TestTypes.Unit.UnitTestAdapter, Microsoft.VisualStudio.QualityTools.Tips.UnitTest.Adapter, Version=10.0.0.0, Culture=neutral, PublicKeyToken=b03f5f7f11d50a3a" className="CPAUnitTest.CachedIArrayTest, CPAUnitTest" name="ReopenTest" />
    </UnitTest>
    <UnitTest name="PutGetAmountTest" storage="c:\users\gwatson\desktop\sa\persistentarray\sadatabase\filepersistenceunittest\bin\debug\filepersistenceunittest.dll" id="705d2900-5b96-0c7e-5674-f042b44cf3ba">
      <Execution id="99a42bb4-22df-44a9-b13b-2909482725a0" />
      <TestMethod codeBase="C:\Users\gwatson\Desktop\SA\PersistentArray\SADatabase\FilePersistenceUnitTest\bin\Debug\FilePersistenceUnitTest.dll" adapterTypeName="Microsoft.VisualStudio.TestTools.TestTypes.Unit.UnitTestAdapter, Microsoft.VisualStudio.QualityTools.Tips.UnitTest.Adapter, Version=10.0.0.0, Culture=neutral, PublicKeyToken=b03f5f7f11d50a3a" className="FilePersistenceUnitTest.FileWithHeaderTest, FilePersistenceUnitTest" name="PutGetAmountTest" />
    </UnitTest>
    <UnitTest name="SerializeTest" storage="c:\users\gwatson\desktop\sa\persistentarray\sadatabase\phmunittest\bin\debug\phmunittest.dll" id="21ea634d-ec3e-6f69-7865-3d6f41e7db9a">
      <Execution id="24b14791-8b4a-4f50-acb2-142ab70482ed" />
      <TestMethod codeBase="C:\Users\gwatson\Desktop\SA\PersistentArray\SADatabase\PHMUnitTest\bin\Debug\PHMUnitTest.dll" adapterTypeName="Microsoft.VisualStudio.TestTools.TestTypes.Unit.UnitTestAdapter, Microsoft.VisualStudio.QualityTools.Tips.UnitTest.Adapter, Version=10.0.0.0, Culture=neutral, PublicKeyToken=b03f5f7f11d50a3a" className="PHMUnitTest.PersistentHeapUsedSpaceTest, PHMUnitTest" name="SerializeTest" />
    </UnitTest>
    <UnitTest name="GetTest" storage="c:\users\gwatson\desktop\sa\persistentarray\sadatabase\cpaunittest\bin\debug\cpaunittest.dll" id="68db09fd-1e84-1d00-a06a-8d3d340b6754">
      <Execution id="2382bdb4-6b89-4be1-a1fa-893d51fb5f2c" />
      <TestMethod codeBase="C:\Users\gwatson\Desktop\SA\PersistentArray\SADatabase\CPAUnitTest\bin\Debug\CPAUnitTest.dll" adapterTypeName="Microsoft.VisualStudio.TestTools.TestTypes.Unit.UnitTestAdapter, Microsoft.VisualStudio.QualityTools.Tips.UnitTest.Adapter, Version=10.0.0.0, Culture=neutral, PublicKeyToken=b03f5f7f11d50a3a" className="CPAUnitTest.LRUDoubleLinkedListTest, CPAUnitTest" name="GetTest" />
    </UnitTest>
    <UnitTest name="GetUserHeaderSizeTest" storage="c:\users\gwatson\desktop\sa\persistentarray\sadatabase\cpaunittest\bin\debug\cpaunittest.dll" id="a98f558f-9bab-5d3b-882a-663d5ff5ae97">
      <Execution id="8e8c1b08-87cb-43c7-acc1-2044efcad813" />
      <TestMethod codeBase="C:\Users\gwatson\Desktop\SA\PersistentArray\SADatabase\CPAUnitTest\bin\Debug\CPAUnitTest.dll" adapterTypeName="Microsoft.VisualStudio.TestTools.TestTypes.Unit.UnitTestAdapter, Microsoft.VisualStudio.QualityTools.Tips.UnitTest.Adapter, Version=10.0.0.0, Culture=neutral, PublicKeyToken=b03f5f7f11d50a3a" className="CPAUnitTest.CachedIArrayTest, CPAUnitTest" name="GetUserHeaderSizeTest" />
    </UnitTest>
    <UnitTest name="AllocateFillAfterSplitTest" storage="c:\users\gwatson\desktop\sa\persistentarray\sadatabase\phmunittest\bin\debug\phmunittest.dll" id="011f0b4d-330b-80d4-eb98-3a291b4151c2">
      <Execution id="efa57988-2ff3-4e7c-8f28-4b1ec8dee080" />
      <TestMethod codeBase="C:\Users\gwatson\Desktop\SA\PersistentArray\SADatabase\PHMUnitTest\bin\Debug\PHMUnitTest.dll" adapterTypeName="Microsoft.VisualStudio.TestTools.TestTypes.Unit.UnitTestAdapter, Microsoft.VisualStudio.QualityTools.Tips.UnitTest.Adapter, Version=10.0.0.0, Culture=neutral, PublicKeyToken=b03f5f7f11d50a3a" className="PHMUnitTest.PersistentHeapTest, PHMUnitTest" name="AllocateFillAfterSplitTest" />
    </UnitTest>
    <UnitTest name="GetUserHeaderSizeTest" storage="c:\users\gwatson\desktop\sa\persistentarray\sadatabase\pafsunittest\bin\debug\pafsunittest.dll" id="845a5988-fe07-f37a-ba6b-e712dc39166d">
      <Execution id="0e9de68c-7772-4d9d-ae46-081e23d40f2c" />
      <TestMethod codeBase="C:\Users\gwatson\Desktop\SA\PersistentArray\SADatabase\PAFSUnitTest\bin\Debug\PAFSUnitTest.dll" adapterTypeName="Microsoft.VisualStudio.TestTools.TestTypes.Unit.UnitTestAdapter, Microsoft.VisualStudio.QualityTools.Tips.UnitTest.Adapter, Version=10.0.0.0, Culture=neutral, PublicKeyToken=b03f5f7f11d50a3a" className="PAFSUnitTest.IPersistentArraySpaceManagerTest, PAFSUnitTest" name="GetUserHeaderSizeTest" />
    </UnitTest>
    <UnitTest name="MoveToHeadTest" storage="c:\users\gwatson\desktop\sa\persistentarray\sadatabase\cpaunittest\bin\debug\cpaunittest.dll" id="ac390c29-8921-eb5c-8cbb-15dff0c6c040">
      <Execution id="a22505e7-cda6-431c-89d3-389d4fc38510" />
      <TestMethod codeBase="C:\Users\gwatson\Desktop\SA\PersistentArray\SADatabase\CPAUnitTest\bin\Debug\CPAUnitTest.dll" adapterTypeName="Microsoft.VisualStudio.TestTools.TestTypes.Unit.UnitTestAdapter, Microsoft.VisualStudio.QualityTools.Tips.UnitTest.Adapter, Version=10.0.0.0, Culture=neutral, PublicKeyToken=b03f5f7f11d50a3a" className="CPAUnitTest.LRUDoubleLinkedListTest, CPAUnitTest" name="MoveToHeadTest" />
    </UnitTest>
    <UnitTest name="CopyTest" storage="c:\users\gwatson\desktop\sa\persistentarray\sadatabase\bytehelperunittest\bin\debug\bytehelperunittest.dll" id="da2c5789-69fe-8699-f9d7-9a2ec66b4c68">
      <Execution id="0acf0197-692d-4b52-b936-84b19b44ab17" />
      <TestMethod codeBase="C:\Users\gwatson\Desktop\SA\PersistentArray\SADatabase\ByteHelperUnitTest\bin\Debug\ByteHelperUnitTest.dll" adapterTypeName="Microsoft.VisualStudio.TestTools.TestTypes.Unit.UnitTestAdapter, Microsoft.VisualStudio.QualityTools.Tips.UnitTest.Adapter, Version=10.0.0.0, Culture=neutral, PublicKeyToken=b03f5f7f11d50a3a" className="ByteHelperUnitTest.HelperTest, ByteHelperUnitTest" name="CopyTest" />
    </UnitTest>
    <UnitTest name="CopyIntoTest" storage="c:\users\gwatson\desktop\sa\persistentarray\sadatabase\bytehelperunittest\bin\debug\bytehelperunittest.dll" id="6e30047d-c126-9623-764e-d0d0dc18feb2">
      <Execution id="5aa93258-914d-4471-bad7-ccaa75b64c0c" />
      <TestMethod codeBase="C:\Users\gwatson\Desktop\SA\PersistentArray\SADatabase\ByteHelperUnitTest\bin\Debug\ByteHelperUnitTest.dll" adapterTypeName="Microsoft.VisualStudio.TestTools.TestTypes.Unit.UnitTestAdapter, Microsoft.VisualStudio.QualityTools.Tips.UnitTest.Adapter, Version=10.0.0.0, Culture=neutral, PublicKeyToken=b03f5f7f11d50a3a" className="ByteHelperUnitTest.HelperTest, ByteHelperUnitTest" name="CopyIntoTest" />
    </UnitTest>
    <UnitTest name="CloseTest" storage="c:\users\gwatson\desktop\sa\persistentarray\sadatabase\phtunittest\bin\debug\phtunittest.dll" id="94efce36-6787-804c-f9dd-d52e17e1c55e">
      <Execution id="db1eac65-d8ed-4ed9-80c5-0af07c5cc958" />
      <TestMethod codeBase="C:\Users\gwatson\Desktop\SA\PersistentArray\SADatabase\PHTUnitTest\bin\Debug\PHTUnitTest.dll" adapterTypeName="Microsoft.VisualStudio.TestTools.TestTypes.Unit.UnitTestAdapter, Microsoft.VisualStudio.QualityTools.Tips.UnitTest.Adapter, Version=10.0.0.0, Culture=neutral, PublicKeyToken=b03f5f7f11d50a3a" className="PHTUnitTest.PersistentHashTableTest, PHTUnitTest" name="CloseTest" />
    </UnitTest>
    <UnitTest name="ExtendToTest" storage="c:\users\gwatson\desktop\sa\persistentarray\sadatabase\bytehelperunittest\bin\debug\bytehelperunittest.dll" id="11b05b3f-8750-268f-48a2-a9f027b23597">
      <Execution id="7ba5b227-7b97-4d20-8750-ebd9233eabb3" />
      <TestMethod codeBase="C:\Users\gwatson\Desktop\SA\PersistentArray\SADatabase\ByteHelperUnitTest\bin\Debug\ByteHelperUnitTest.dll" adapterTypeName="Microsoft.VisualStudio.TestTools.TestTypes.Unit.UnitTestAdapter, Microsoft.VisualStudio.QualityTools.Tips.UnitTest.Adapter, Version=10.0.0.0, Culture=neutral, PublicKeyToken=b03f5f7f11d50a3a" className="ByteHelperUnitTest.HelperTest, ByteHelperUnitTest" name="ExtendToTest" />
    </UnitTest>
    <UnitTest name="ReopenTest" storage="c:\users\gwatson\desktop\sa\persistentarray\sadatabase\filepersistenceunittest\bin\debug\filepersistenceunittest.dll" id="61f14407-3f3d-9be6-e329-c0b10da1b351">
      <Execution id="adae9f4f-213d-428f-a522-4084b09b4703" />
      <TestMethod codeBase="C:\Users\gwatson\Desktop\SA\PersistentArray\SADatabase\FilePersistenceUnitTest\bin\Debug\FilePersistenceUnitTest.dll" adapterTypeName="Microsoft.VisualStudio.TestTools.TestTypes.Unit.UnitTestAdapter, Microsoft.VisualStudio.QualityTools.Tips.UnitTest.Adapter, Version=10.0.0.0, Culture=neutral, PublicKeyToken=b03f5f7f11d50a3a" className="FilePersistenceUnitTest.FileWithHeaderTest, FilePersistenceUnitTest" name="ReopenTest" />
    </UnitTest>
    <UnitTest name="SerializeTest" storage="c:\users\gwatson\desktop\sa\persistentarray\sadatabase\phmunittest\bin\debug\phmunittest.dll" id="00e17ed5-bd31-7476-2fee-eae2d73830e2">
      <Execution id="5481de67-0caf-4c82-8c72-cfcfda537a65" />
      <TestMethod codeBase="C:\Users\gwatson\Desktop\SA\PersistentArray\SADatabase\PHMUnitTest\bin\Debug\PHMUnitTest.dll" adapterTypeName="Microsoft.VisualStudio.TestTools.TestTypes.Unit.UnitTestAdapter, Microsoft.VisualStudio.QualityTools.Tips.UnitTest.Adapter, Version=10.0.0.0, Culture=neutral, PublicKeyToken=b03f5f7f11d50a3a" className="PHMUnitTest.PersistentHeapFreeSpaceTest, PHMUnitTest" name="SerializeTest" />
    </UnitTest>
    <UnitTest name="PutGetCollisionsTest" storage="c:\users\gwatson\desktop\sa\persistentarray\sadatabase\phtunittest\bin\debug\phtunittest.dll" id="c198a53f-7d04-439f-1fbd-0b778727bf42">
      <Execution id="3c2e05fd-34cd-46e9-982a-bd56c881be0f" />
      <TestMethod codeBase="C:\Users\gwatson\Desktop\SA\PersistentArray\SADatabase\PHTUnitTest\bin\Debug\PHTUnitTest.dll" adapterTypeName="Microsoft.VisualStudio.TestTools.TestTypes.Unit.UnitTestAdapter, Microsoft.VisualStudio.QualityTools.Tips.UnitTest.Adapter, Version=10.0.0.0, Culture=neutral, PublicKeyToken=b03f5f7f11d50a3a" className="PHTUnitTest.PersistentHashTableTest, PHTUnitTest" name="PutGetCollisionsTest" />
    </UnitTest>
    <UnitTest name="AllocateInMiddleTest" storage="c:\users\gwatson\desktop\sa\persistentarray\sadatabase\phmunittest\bin\debug\phmunittest.dll" id="0bf9df8d-121f-259e-67aa-905c5bb6c662">
      <Execution id="7633a47c-e9b5-4584-833d-a527bedc610b" />
      <TestMethod codeBase="C:\Users\gwatson\Desktop\SA\PersistentArray\SADatabase\PHMUnitTest\bin\Debug\PHMUnitTest.dll" adapterTypeName="Microsoft.VisualStudio.TestTools.TestTypes.Unit.UnitTestAdapter, Microsoft.VisualStudio.QualityTools.Tips.UnitTest.Adapter, Version=10.0.0.0, Culture=neutral, PublicKeyToken=b03f5f7f11d50a3a" className="PHMUnitTest.PersistentHeapTest, PHMUnitTest" name="AllocateInMiddleTest" />
    </UnitTest>
    <UnitTest name="WriteByteArrayTest" storage="c:\users\gwatson\desktop\sa\persistentarray\sadatabase\persistenceunittest\bin\debug\persistenceunittest.dll" id="c3fc885b-06d0-19cb-a8e4-a4fc7aee2170">
      <Execution id="bbdd15ce-152f-40d6-908d-519639bc0a0b" />
      <TestMethod codeBase="C:\Users\gwatson\Desktop\SA\PersistentArray\SADatabase\PersistenceUnitTest\bin\Debug\PersistenceUnitTest.dll" adapterTypeName="Microsoft.VisualStudio.TestTools.TestTypes.Unit.UnitTestAdapter, Microsoft.VisualStudio.QualityTools.Tips.UnitTest.Adapter, Version=10.0.0.0, Culture=neutral, PublicKeyToken=b03f5f7f11d50a3a" className="PersistenceUnitTest.RandomAccessFileTest, PersistenceUnitTest" name="WriteByteArrayTest" />
    </UnitTest>
    <UnitTest name="SerializeTest" storage="c:\users\gwatson\desktop\sa\persistentarray\sadatabase\pllunittest\bin\debug\pllunittest.dll" id="f45fb43e-8e19-67de-faf5-292c20567a5c">
      <Execution id="36ce1e27-ad0e-42a8-bdac-15e0a3fdd58a" />
      <TestMethod codeBase="C:\Users\gwatson\Desktop\SA\PersistentArray\SADatabase\PLLUnitTest\bin\Debug\PLLUnitTest.dll" adapterTypeName="Microsoft.VisualStudio.TestTools.TestTypes.Unit.UnitTestAdapter, Microsoft.VisualStudio.QualityTools.Tips.UnitTest.Adapter, Version=10.0.0.0, Culture=neutral, PublicKeyToken=b03f5f7f11d50a3a" className="PLLUnitTest.LinkedListElementTest, PLLUnitTest" name="SerializeTest" />
    </UnitTest>
    <UnitTest name="DeleteTest" storage="c:\users\gwatson\desktop\sa\persistentarray\sadatabase\pllunittest\bin\debug\pllunittest.dll" id="1d53293b-a39c-108d-e97e-8d3ed479d40d">
      <Execution id="0a9b6fe9-1ba6-400a-9d78-22b1e0e4191a" />
      <TestMethod codeBase="C:\Users\gwatson\Desktop\SA\PersistentArray\SADatabase\PLLUnitTest\bin\Debug\PLLUnitTest.dll" adapterTypeName="Microsoft.VisualStudio.TestTools.TestTypes.Unit.UnitTestAdapter, Microsoft.VisualStudio.QualityTools.Tips.UnitTest.Adapter, Version=10.0.0.0, Culture=neutral, PublicKeyToken=b03f5f7f11d50a3a" className="PLLUnitTest.PersistentLinkedListTest, PLLUnitTest" name="DeleteTest" />
    </UnitTest>
    <UnitTest name="CtorTest" storage="c:\users\gwatson\desktop\sa\persistentarray\sadatabase\phmunittest\bin\debug\phmunittest.dll" id="781a4d86-46c5-931f-9ce1-d470759c5ed1">
      <Execution id="e6123e52-aaa8-4da4-8231-e0ada103afd9" />
      <TestMethod codeBase="C:\Users\gwatson\Desktop\SA\PersistentArray\SADatabase\PHMUnitTest\bin\Debug\PHMUnitTest.dll" adapterTypeName="Microsoft.VisualStudio.TestTools.TestTypes.Unit.UnitTestAdapter, Microsoft.VisualStudio.QualityTools.Tips.UnitTest.Adapter, Version=10.0.0.0, Culture=neutral, PublicKeyToken=b03f5f7f11d50a3a" className="PHMUnitTest.PersistentHeapUsedSpaceTest, PHMUnitTest" name="CtorTest" />
    </UnitTest>
    <UnitTest name="FillUpTableTest" storage="c:\users\gwatson\desktop\sa\persistentarray\sadatabase\phtunittest\bin\debug\phtunittest.dll" id="6a96f9da-adcb-f7e2-df56-cae68513bb5e">
      <Execution id="60aae77b-8163-4afc-8342-6aceb6ab4154" />
      <TestMethod codeBase="C:\Users\gwatson\Desktop\SA\PersistentArray\SADatabase\PHTUnitTest\bin\Debug\PHTUnitTest.dll" adapterTypeName="Microsoft.VisualStudio.TestTools.TestTypes.Unit.UnitTestAdapter, Microsoft.VisualStudio.QualityTools.Tips.UnitTest.Adapter, Version=10.0.0.0, Culture=neutral, PublicKeyToken=b03f5f7f11d50a3a" className="PHTUnitTest.PersistentHashTableTest, PHTUnitTest" name="FillUpTableTest" />
    </UnitTest>
    <UnitTest name="SerializeTest" storage="c:\users\gwatson\desktop\sa\persistentarray\sadatabase\pllunittest\bin\debug\pllunittest.dll" id="ceb208d4-f6b2-14ea-caab-c04abf814ed1">
      <Execution id="6ade8adf-85f1-49b4-acc0-6cb38a87f1a1" />
      <TestMethod codeBase="C:\Users\gwatson\Desktop\SA\PersistentArray\SADatabase\PLLUnitTest\bin\Debug\PLLUnitTest.dll" adapterTypeName="Microsoft.VisualStudio.TestTools.TestTypes.Unit.UnitTestAdapter, Microsoft.VisualStudio.QualityTools.Tips.UnitTest.Adapter, Version=10.0.0.0, Culture=neutral, PublicKeyToken=b03f5f7f11d50a3a" className="PLLUnitTest.PLLHeaderTest, PLLUnitTest" name="SerializeTest" />
    </UnitTest>
    <UnitTest name="CreateTooSmallTest" storage="c:\users\gwatson\desktop\sa\persistentarray\sadatabase\pafsunittest\bin\debug\pafsunittest.dll" id="b87f554d-216c-d1a2-7ff8-323f1d9d0f4f">
      <Execution id="dd648b57-ee5c-40b0-86b5-69a62c35dc0f" />
      <TestMethod codeBase="C:\Users\gwatson\Desktop\SA\PersistentArray\SADatabase\PAFSUnitTest\bin\Debug\PAFSUnitTest.dll" adapterTypeName="Microsoft.VisualStudio.TestTools.TestTypes.Unit.UnitTestAdapter, Microsoft.VisualStudio.QualityTools.Tips.UnitTest.Adapter, Version=10.0.0.0, Culture=neutral, PublicKeyToken=b03f5f7f11d50a3a" className="PAFSUnitTest.IPersistentArraySpaceManagerTest, PAFSUnitTest" name="CreateTooSmallTest" />
    </UnitTest>
    <UnitTest name="EqualsBytesTest" storage="c:\users\gwatson\desktop\sa\persistentarray\sadatabase\bytehelperunittest\bin\debug\bytehelperunittest.dll" id="c09c2c2c-bf97-afdf-a556-c8b4550bee5f">
      <Execution id="328ebcae-baac-416e-acd7-66d9124ff62a" />
      <TestMethod codeBase="C:\Users\gwatson\Desktop\SA\PersistentArray\SADatabase\ByteHelperUnitTest\bin\Debug\ByteHelperUnitTest.dll" adapterTypeName="Microsoft.VisualStudio.TestTools.TestTypes.Unit.UnitTestAdapter, Microsoft.VisualStudio.QualityTools.Tips.UnitTest.Adapter, Version=10.0.0.0, Culture=neutral, PublicKeyToken=b03f5f7f11d50a3a" className="ByteHelperUnitTest.HelperTest, ByteHelperUnitTest" name="EqualsBytesTest" />
    </UnitTest>
    <UnitTest name="AllocateAtEndOfFreeSpaceListTest" storage="c:\users\gwatson\desktop\sa\persistentarray\sadatabase\phmunittest\bin\debug\phmunittest.dll" id="cb9247b9-0e78-5318-b25e-4206d939f286">
      <Execution id="028af0db-2c16-4ab3-9eec-b34a57af8623" />
      <TestMethod codeBase="C:\Users\gwatson\Desktop\SA\PersistentArray\SADatabase\PHMUnitTest\bin\Debug\PHMUnitTest.dll" adapterTypeName="Microsoft.VisualStudio.TestTools.TestTypes.Unit.UnitTestAdapter, Microsoft.VisualStudio.QualityTools.Tips.UnitTest.Adapter, Version=10.0.0.0, Culture=neutral, PublicKeyToken=b03f5f7f11d50a3a" className="PHMUnitTest.PersistentHeapTest, PHMUnitTest" name="AllocateAtEndOfFreeSpaceListTest" />
    </UnitTest>
    <UnitTest name="CreateTest" storage="c:\users\gwatson\desktop\sa\persistentarray\sadatabase\pafsunittest\bin\debug\pafsunittest.dll" id="e7c5dfe9-6c85-ed21-1287-63d333e61256">
      <Execution id="ca4555d7-0f61-445a-9f7b-40b0a5ace28f" />
      <TestMethod codeBase="C:\Users\gwatson\Desktop\SA\PersistentArray\SADatabase\PAFSUnitTest\bin\Debug\PAFSUnitTest.dll" adapterTypeName="Microsoft.VisualStudio.TestTools.TestTypes.Unit.UnitTestAdapter, Microsoft.VisualStudio.QualityTools.Tips.UnitTest.Adapter, Version=10.0.0.0, Culture=neutral, PublicKeyToken=b03f5f7f11d50a3a" className="PAFSUnitTest.IPersistentArraySpaceManagerTest, PAFSUnitTest" name="CreateTest" />
    </UnitTest>
    <UnitTest name="FreeAddSpaceToStartOfFreeListTest" storage="c:\users\gwatson\desktop\sa\persistentarray\sadatabase\phmunittest\bin\debug\phmunittest.dll" id="e09c5cb1-1c0e-6e77-1183-514f09126ef8">
      <Execution id="7ce2cd53-11e7-4e2d-9a95-8db194556d39" />
      <TestMethod codeBase="C:\Users\gwatson\Desktop\SA\PersistentArray\SADatabase\PHMUnitTest\bin\Debug\PHMUnitTest.dll" adapterTypeName="Microsoft.VisualStudio.TestTools.TestTypes.Unit.UnitTestAdapter, Microsoft.VisualStudio.QualityTools.Tips.UnitTest.Adapter, Version=10.0.0.0, Culture=neutral, PublicKeyToken=b03f5f7f11d50a3a" className="PHMUnitTest.PersistentHeapTest, PHMUnitTest" name="FreeAddSpaceToStartOfFreeListTest" />
    </UnitTest>
    <UnitTest name="UserSizeTest" storage="c:\users\gwatson\desktop\sa\persistentarray\sadatabase\phmunittest\bin\debug\phmunittest.dll" id="864cd63c-625b-94c6-46c4-e84f8efb06a6">
      <Execution id="052ed9f7-2f62-4f1e-a1b4-c9e066f237ca" />
      <TestMethod codeBase="C:\Users\gwatson\Desktop\SA\PersistentArray\SADatabase\PHMUnitTest\bin\Debug\PHMUnitTest.dll" adapterTypeName="Microsoft.VisualStudio.TestTools.TestTypes.Unit.UnitTestAdapter, Microsoft.VisualStudio.QualityTools.Tips.UnitTest.Adapter, Version=10.0.0.0, Culture=neutral, PublicKeyToken=b03f5f7f11d50a3a" className="PHMUnitTest.PersistentHeapSpaceTest, PHMUnitTest" name="UserSizeTest" />
    </UnitTest>
    <UnitTest name="FileDoesntExistTest" storage="c:\users\gwatson\desktop\sa\persistentarray\sadatabase\filepersistenceunittest\bin\debug\filepersistenceunittest.dll" id="93695325-fb5b-b117-f5c2-6cdaee20d742">
      <Execution id="56125820-2ac2-425c-b885-9d3876abe0d9" />
      <TestMethod codeBase="C:\Users\gwatson\Desktop\SA\PersistentArray\SADatabase\FilePersistenceUnitTest\bin\Debug\FilePersistenceUnitTest.dll" adapterTypeName="Microsoft.VisualStudio.TestTools.TestTypes.Unit.UnitTestAdapter, Microsoft.VisualStudio.QualityTools.Tips.UnitTest.Adapter, Version=10.0.0.0, Culture=neutral, PublicKeyToken=b03f5f7f11d50a3a" className="FilePersistenceUnitTest.FileWithHeaderTest, FilePersistenceUnitTest" name="FileDoesntExistTest" />
    </UnitTest>
    <UnitTest name="PutTest" storage="c:\users\gwatson\desktop\sa\persistentarray\sadatabase\cpaunittest\bin\debug\cpaunittest.dll" id="b1852ad4-9275-e058-ea39-b89e2980d650">
      <Execution id="14be93d8-aa28-4608-adf2-db6a109e4ac6" />
      <TestMethod codeBase="C:\Users\gwatson\Desktop\SA\PersistentArray\SADatabase\CPAUnitTest\bin\Debug\CPAUnitTest.dll" adapterTypeName="Microsoft.VisualStudio.TestTools.TestTypes.Unit.UnitTestAdapter, Microsoft.VisualStudio.QualityTools.Tips.UnitTest.Adapter, Version=10.0.0.0, Culture=neutral, PublicKeyToken=b03f5f7f11d50a3a" className="CPAUnitTest.CachedIArrayTest, CPAUnitTest" name="PutTest" />
    </UnitTest>
    <UnitTest name="GetElementSizeTest" storage="c:\users\gwatson\desktop\sa\persistentarray\sadatabase\cpaunittest\bin\debug\cpaunittest.dll" id="17c74e86-2a6c-cb27-d667-6f54dbf65bde">
      <Execution id="b735e61f-80ee-450d-8d01-00b24361302d" />
      <TestMethod codeBase="C:\Users\gwatson\Desktop\SA\PersistentArray\SADatabase\CPAUnitTest\bin\Debug\CPAUnitTest.dll" adapterTypeName="Microsoft.VisualStudio.TestTools.TestTypes.Unit.UnitTestAdapter, Microsoft.VisualStudio.QualityTools.Tips.UnitTest.Adapter, Version=10.0.0.0, Culture=neutral, PublicKeyToken=b03f5f7f11d50a3a" className="CPAUnitTest.CachedIArrayTest, CPAUnitTest" name="GetElementSizeTest" />
    </UnitTest>
    <UnitTest name="WipeIndexTest" storage="c:\users\gwatson\desktop\sa\persistentarray\sadatabase\pafsunittest\bin\debug\pafsunittest.dll" id="a71a6b83-7f57-ce8c-0c72-5da1414dfef5">
      <Execution id="dd302bd6-64ce-4c25-9535-957297b92ed0" />
      <TestMethod codeBase="C:\Users\gwatson\Desktop\SA\PersistentArray\SADatabase\PAFSUnitTest\bin\Debug\PAFSUnitTest.dll" adapterTypeName="Microsoft.VisualStudio.TestTools.TestTypes.Unit.UnitTestAdapter, Microsoft.VisualStudio.QualityTools.Tips.UnitTest.Adapter, Version=10.0.0.0, Culture=neutral, PublicKeyToken=b03f5f7f11d50a3a" className="PAFSUnitTest.IPersistentArraySpaceManagerTest, PAFSUnitTest" name="WipeIndexTest" />
    </UnitTest>
    <UnitTest name="ToIntTest" storage="c:\users\gwatson\desktop\sa\persistentarray\sadatabase\bytehelperunittest\bin\debug\bytehelperunittest.dll" id="cc0dd485-3eb5-47cf-79f5-71c3014c459a">
      <Execution id="7e56a910-2968-4eb4-8b84-3168228a7fae" />
      <TestMethod codeBase="C:\Users\gwatson\Desktop\SA\PersistentArray\SADatabase\ByteHelperUnitTest\bin\Debug\ByteHelperUnitTest.dll" adapterTypeName="Microsoft.VisualStudio.TestTools.TestTypes.Unit.UnitTestAdapter, Microsoft.VisualStudio.QualityTools.Tips.UnitTest.Adapter, Version=10.0.0.0, Culture=neutral, PublicKeyToken=b03f5f7f11d50a3a" className="ByteHelperUnitTest.HelperTest, ByteHelperUnitTest" name="ToIntTest" />
    </UnitTest>
    <UnitTest name="GetHashCodeTest" storage="c:\users\gwatson\desktop\sa\persistentarray\sadatabase\bytehelperunittest\bin\debug\bytehelperunittest.dll" id="01045d66-f1c1-b905-4f83-06fa33497a3c">
      <Execution id="bf170fda-c24a-4794-b702-c46643bcd37a" />
      <TestMethod codeBase="C:\Users\gwatson\Desktop\SA\PersistentArray\SADatabase\ByteHelperUnitTest\bin\Debug\ByteHelperUnitTest.dll" adapterTypeName="Microsoft.VisualStudio.TestTools.TestTypes.Unit.UnitTestAdapter, Microsoft.VisualStudio.QualityTools.Tips.UnitTest.Adapter, Version=10.0.0.0, Culture=neutral, PublicKeyToken=b03f5f7f11d50a3a" className="ByteHelperUnitTest.HelperTest, ByteHelperUnitTest" name="GetHashCodeTest" />
    </UnitTest>
    <UnitTest name="FileAlreadyExistsTest" storage="c:\users\gwatson\desktop\sa\persistentarray\sadatabase\filepersistenceunittest\bin\debug\filepersistenceunittest.dll" id="1232c426-0c7a-7827-61d6-db854aeef3be">
      <Execution id="d61503b3-781a-4775-b025-1bcd6451f250" />
      <TestMethod codeBase="C:\Users\gwatson\Desktop\SA\PersistentArray\SADatabase\FilePersistenceUnitTest\bin\Debug\FilePersistenceUnitTest.dll" adapterTypeName="Microsoft.VisualStudio.TestTools.TestTypes.Unit.UnitTestAdapter, Microsoft.VisualStudio.QualityTools.Tips.UnitTest.Adapter, Version=10.0.0.0, Culture=neutral, PublicKeyToken=b03f5f7f11d50a3a" className="FilePersistenceUnitTest.FileWithHeaderTest, FilePersistenceUnitTest" name="FileAlreadyExistsTest" />
    </UnitTest>
    <UnitTest name="GetFileNameTest" storage="c:\users\gwatson\desktop\sa\persistentarray\sadatabase\persistenceunittest\bin\debug\persistenceunittest.dll" id="344d8cb8-23f2-23e3-3ec1-bef1b12c809d">
      <Execution id="bd00071c-654b-4d09-b640-fc28eba1c618" />
      <TestMethod codeBase="C:\Users\gwatson\Desktop\SA\PersistentArray\SADatabase\PersistenceUnitTest\bin\Debug\PersistenceUnitTest.dll" adapterTypeName="Microsoft.VisualStudio.TestTools.TestTypes.Unit.UnitTestAdapter, Microsoft.VisualStudio.QualityTools.Tips.UnitTest.Adapter, Version=10.0.0.0, Culture=neutral, PublicKeyToken=b03f5f7f11d50a3a" className="PersistenceUnitTest.RandomAccessFileTest, PersistenceUnitTest" name="GetFileNameTest" />
    </UnitTest>
    <UnitTest name="CtorTest" storage="c:\users\gwatson\desktop\sa\persistentarray\sadatabase\phtunittest\bin\debug\phtunittest.dll" id="2b9a3f45-3c5e-f945-6521-ce395feda3cb">
      <Execution id="fa5004fe-13c7-45f4-b6e6-24e40b782a76" />
      <TestMethod codeBase="C:\Users\gwatson\Desktop\SA\PersistentArray\SADatabase\PHTUnitTest\bin\Debug\PHTUnitTest.dll" adapterTypeName="Microsoft.VisualStudio.TestTools.TestTypes.Unit.UnitTestAdapter, Microsoft.VisualStudio.QualityTools.Tips.UnitTest.Adapter, Version=10.0.0.0, Culture=neutral, PublicKeyToken=b03f5f7f11d50a3a" className="PHTUnitTest.HashTableHeaderTest, PHTUnitTest" name="CtorTest" />
    </UnitTest>
    <UnitTest name="AllocateSplitTest" storage="c:\users\gwatson\desktop\sa\persistentarray\sadatabase\phmunittest\bin\debug\phmunittest.dll" id="13b6656a-26f9-0ea8-7ea0-1310a5a1b2d4">
      <Execution id="96b482f7-5bfe-4479-9aa8-80965117eb86" />
      <TestMethod codeBase="C:\Users\gwatson\Desktop\SA\PersistentArray\SADatabase\PHMUnitTest\bin\Debug\PHMUnitTest.dll" adapterTypeName="Microsoft.VisualStudio.TestTools.TestTypes.Unit.UnitTestAdapter, Microsoft.VisualStudio.QualityTools.Tips.UnitTest.Adapter, Version=10.0.0.0, Culture=neutral, PublicKeyToken=b03f5f7f11d50a3a" className="PHMUnitTest.PersistentHeapTest, PHMUnitTest" name="AllocateSplitTest" />
    </UnitTest>
    <UnitTest name="PutGetTest" storage="c:\users\gwatson\desktop\sa\persistentarray\sadatabase\persistentarrayunittest\bin\debug\paunittest.dll" id="47e64445-4f51-07b5-3b92-f087a8ca68d5">
      <Execution id="e2e6f242-bd75-4603-a9d8-050f21006f45" />
      <TestMethod codeBase="C:\Users\gwatson\Desktop\SA\PersistentArray\SADatabase\PersistentArrayUnitTest\bin\Debug\PAUnitTest.dll" adapterTypeName="Microsoft.VisualStudio.TestTools.TestTypes.Unit.UnitTestAdapter, Microsoft.VisualStudio.QualityTools.Tips.UnitTest.Adapter, Version=10.0.0.0, Culture=neutral, PublicKeyToken=b03f5f7f11d50a3a" className="PAUnitTest.IPersistentArrayTest, PAUnitTest" name="PutGetTest" />
    </UnitTest>
    <UnitTest name="GetPreviousTest" storage="c:\users\gwatson\desktop\sa\persistentarray\sadatabase\pllunittest\bin\debug\pllunittest.dll" id="565a9370-80c9-3456-28b5-ca4466bce36c">
      <Execution id="a4a7fdbe-71f4-43cc-b17f-c9b0e2431091" />
      <TestMethod codeBase="C:\Users\gwatson\Desktop\SA\PersistentArray\SADatabase\PLLUnitTest\bin\Debug\PLLUnitTest.dll" adapterTypeName="Microsoft.VisualStudio.TestTools.TestTypes.Unit.UnitTestAdapter, Microsoft.VisualStudio.QualityTools.Tips.UnitTest.Adapter, Version=10.0.0.0, Culture=neutral, PublicKeyToken=b03f5f7f11d50a3a" className="PLLUnitTest.PersistentLinkedListTest, PLLUnitTest" name="GetPreviousTest" />
    </UnitTest>
    <UnitTest name="NoArrayTest" storage="c:\users\gwatson\desktop\sa\persistentarray\sadatabase\persistentarrayunittest\bin\debug\paunittest.dll" id="86053b92-a17e-53c2-7d77-530c0fa14797">
      <Execution id="99812648-195a-4674-88cb-25f0ca5ed908" />
      <TestMethod codeBase="C:\Users\gwatson\Desktop\SA\PersistentArray\SADatabase\PersistentArrayUnitTest\bin\Debug\PAUnitTest.dll" adapterTypeName="Microsoft.VisualStudio.TestTools.TestTypes.Unit.UnitTestAdapter, Microsoft.VisualStudio.QualityTools.Tips.UnitTest.Adapter, Version=10.0.0.0, Culture=neutral, PublicKeyToken=b03f5f7f11d50a3a" className="PAUnitTest.IPersistentArrayTest, PAUnitTest" name="NoArrayTest" />
    </UnitTest>
    <UnitTest name="DeserializeTest" storage="c:\users\gwatson\desktop\sa\persistentarray\sadatabase\phtunittest\bin\debug\phtunittest.dll" id="35a16e41-d355-d959-88ea-aa8f91cea11b">
      <Execution id="43c6ae86-70db-499b-ba11-e50537b7c984" />
      <TestMethod codeBase="C:\Users\gwatson\Desktop\SA\PersistentArray\SADatabase\PHTUnitTest\bin\Debug\PHTUnitTest.dll" adapterTypeName="Microsoft.VisualStudio.TestTools.TestTypes.Unit.UnitTestAdapter, Microsoft.VisualStudio.QualityTools.Tips.UnitTest.Adapter, Version=10.0.0.0, Culture=neutral, PublicKeyToken=b03f5f7f11d50a3a" className="PHTUnitTest.HashTableElementTest, PHTUnitTest" name="DeserializeTest" />
    </UnitTest>
    <UnitTest name="DeserializeTest" storage="c:\users\gwatson\desktop\sa\persistentarray\sadatabase\phmunittest\bin\debug\phmunittest.dll" id="636ae8bd-e313-1098-6c8a-b8c8ef7b79b2">
      <Execution id="27008496-4191-4d10-8b56-4a082616d89a" />
      <TestMethod codeBase="C:\Users\gwatson\Desktop\SA\PersistentArray\SADatabase\PHMUnitTest\bin\Debug\PHMUnitTest.dll" adapterTypeName="Microsoft.VisualStudio.TestTools.TestTypes.Unit.UnitTestAdapter, Microsoft.VisualStudio.QualityTools.Tips.UnitTest.Adapter, Version=10.0.0.0, Culture=neutral, PublicKeyToken=b03f5f7f11d50a3a" className="PHMUnitTest.PersistentHeapHeaderTest, PHMUnitTest" name="DeserializeTest" />
    </UnitTest>
    <UnitTest name="EmptyNameTest" storage="c:\users\gwatson\desktop\sa\persistentarray\sadatabase\persistentarrayunittest\bin\debug\paunittest.dll" id="5335332c-34c5-80ee-4a17-60db3bec8999">
      <Execution id="d3400a43-5bde-4072-aa9b-b9b0957665a7" />
      <TestMethod codeBase="C:\Users\gwatson\Desktop\SA\PersistentArray\SADatabase\PersistentArrayUnitTest\bin\Debug\PAUnitTest.dll" adapterTypeName="Microsoft.VisualStudio.TestTools.TestTypes.Unit.UnitTestAdapter, Microsoft.VisualStudio.QualityTools.Tips.UnitTest.Adapter, Version=10.0.0.0, Culture=neutral, PublicKeyToken=b03f5f7f11d50a3a" className="PAUnitTest.IPersistentArrayTest, PAUnitTest" name="EmptyNameTest" />
    </UnitTest>
    <UnitTest name="GetUserHeaderSizeTest" storage="c:\users\gwatson\desktop\sa\persistentarray\sadatabase\phtunittest\bin\debug\phtunittest.dll" id="1604b673-3185-b533-77b5-a1fcf04b160d">
      <Execution id="e6bf9055-a844-457b-b6b8-ae04af6f37a6" />
      <TestMethod codeBase="C:\Users\gwatson\Desktop\SA\PersistentArray\SADatabase\PHTUnitTest\bin\Debug\PHTUnitTest.dll" adapterTypeName="Microsoft.VisualStudio.TestTools.TestTypes.Unit.UnitTestAdapter, Microsoft.VisualStudio.QualityTools.Tips.UnitTest.Adapter, Version=10.0.0.0, Culture=neutral, PublicKeyToken=b03f5f7f11d50a3a" className="PHTUnitTest.PersistentHashTableTest, PHTUnitTest" name="GetUserHeaderSizeTest" />
    </UnitTest>
    <UnitTest name="RandomAccessFileConstructorTest" storage="c:\users\gwatson\desktop\sa\persistentarray\sadatabase\persistenceunittest\bin\debug\persistenceunittest.dll" id="9c153991-159a-b725-d7ba-010f61b98530">
      <Execution id="902a6639-e804-453f-896b-9310c2024aed" />
      <TestMethod codeBase="C:\Users\gwatson\Desktop\SA\PersistentArray\SADatabase\PersistenceUnitTest\bin\Debug\PersistenceUnitTest.dll" adapterTypeName="Microsoft.VisualStudio.TestTools.TestTypes.Unit.UnitTestAdapter, Microsoft.VisualStudio.QualityTools.Tips.UnitTest.Adapter, Version=10.0.0.0, Culture=neutral, PublicKeyToken=b03f5f7f11d50a3a" className="PersistenceUnitTest.RandomAccessFileTest, PersistenceUnitTest" name="RandomAccessFileConstructorTest" />
    </UnitTest>
    <UnitTest name="PutGetTest" storage="c:\users\gwatson\desktop\sa\persistentarray\sadatabase\phmunittest\bin\debug\phmunittest.dll" id="bfb74228-802c-ebf9-5059-adacad2817c5">
      <Execution id="8959bb3b-5ee2-4609-bf99-dfd4475d09c1" />
      <TestMethod codeBase="C:\Users\gwatson\Desktop\SA\PersistentArray\SADatabase\PHMUnitTest\bin\Debug\PHMUnitTest.dll" adapterTypeName="Microsoft.VisualStudio.TestTools.TestTypes.Unit.UnitTestAdapter, Microsoft.VisualStudio.QualityTools.Tips.UnitTest.Adapter, Version=10.0.0.0, Culture=neutral, PublicKeyToken=b03f5f7f11d50a3a" className="PHMUnitTest.PersistentHeapTest, PHMUnitTest" name="PutGetTest" />
    </UnitTest>
    <UnitTest name="ReopenTest" storage="c:\users\gwatson\desktop\sa\persistentarray\sadatabase\persistentarrayunittest\bin\debug\paunittest.dll" id="00a5a340-dd24-58d6-2c39-57102dd10a93">
      <Execution id="796eaa14-467d-4721-bd1d-e1ac714f762f" />
      <TestMethod codeBase="C:\Users\gwatson\Desktop\SA\PersistentArray\SADatabase\PersistentArrayUnitTest\bin\Debug\PAUnitTest.dll" adapterTypeName="Microsoft.VisualStudio.TestTools.TestTypes.Unit.UnitTestAdapter, Microsoft.VisualStudio.QualityTools.Tips.UnitTest.Adapter, Version=10.0.0.0, Culture=neutral, PublicKeyToken=b03f5f7f11d50a3a" className="PAUnitTest.IPersistentArrayTest, PAUnitTest" name="ReopenTest" />
    </UnitTest>
    <UnitTest name="WriteIntTest" storage="c:\users\gwatson\desktop\sa\persistentarray\sadatabase\persistenceunittest\bin\debug\persistenceunittest.dll" id="7f8205c8-b606-8c59-76b5-fbdb8f56ecd0">
      <Execution id="d3898754-64dc-460a-9f1f-d87f175c69e4" />
      <TestMethod codeBase="C:\Users\gwatson\Desktop\SA\PersistentArray\SADatabase\PersistenceUnitTest\bin\Debug\PersistenceUnitTest.dll" adapterTypeName="Microsoft.VisualStudio.TestTools.TestTypes.Unit.UnitTestAdapter, Microsoft.VisualStudio.QualityTools.Tips.UnitTest.Adapter, Version=10.0.0.0, Culture=neutral, PublicKeyToken=b03f5f7f11d50a3a" className="PersistenceUnitTest.SlowRAFTest, PersistenceUnitTest" name="WriteIntTest" />
    </UnitTest>
    <UnitTest name="AddToStartTest" storage="c:\users\gwatson\desktop\sa\persistentarray\sadatabase\pllunittest\bin\debug\pllunittest.dll" id="0ef3c0a1-e279-0642-068f-cf09f20b4b4e">
      <Execution id="81e826ec-efe2-45f7-82a5-9782ea2ef921" />
      <TestMethod codeBase="C:\Users\gwatson\Desktop\SA\PersistentArray\SADatabase\PLLUnitTest\bin\Debug\PLLUnitTest.dll" adapterTypeName="Microsoft.VisualStudio.TestTools.TestTypes.Unit.UnitTestAdapter, Microsoft.VisualStudio.QualityTools.Tips.UnitTest.Adapter, Version=10.0.0.0, Culture=neutral, PublicKeyToken=b03f5f7f11d50a3a" className="PLLUnitTest.PersistentLinkedListTest, PLLUnitTest" name="AddToStartTest" />
    </UnitTest>
    <UnitTest name="GetNextIndexTest" storage="c:\users\gwatson\desktop\sa\persistentarray\sadatabase\cpaunittest\bin\debug\cpaunittest.dll" id="c5e39726-deec-c4f7-824b-1e41432b6b87">
      <Execution id="0c07d7b0-0298-4bbd-a870-fb10ff9c5667" />
      <TestMethod codeBase="C:\Users\gwatson\Desktop\SA\PersistentArray\SADatabase\CPAUnitTest\bin\Debug\CPAUnitTest.dll" adapterTypeName="Microsoft.VisualStudio.TestTools.TestTypes.Unit.UnitTestAdapter, Microsoft.VisualStudio.QualityTools.Tips.UnitTest.Adapter, Version=10.0.0.0, Culture=neutral, PublicKeyToken=b03f5f7f11d50a3a" className="CPAUnitTest.CachedIArrayTest, CPAUnitTest" name="GetNextIndexTest" />
    </UnitTest>
    <UnitTest name="AddToEndTest" storage="c:\users\gwatson\desktop\sa\persistentarray\sadatabase\pllunittest\bin\debug\pllunittest.dll" id="e5f5eeb7-8767-c831-6700-d29e08cf89bb">
      <Execution id="e2b6d5d8-6515-4b27-b71d-3cc421ab57b0" />
      <TestMethod codeBase="C:\Users\gwatson\Desktop\SA\PersistentArray\SADatabase\PLLUnitTest\bin\Debug\PLLUnitTest.dll" adapterTypeName="Microsoft.VisualStudio.TestTools.TestTypes.Unit.UnitTestAdapter, Microsoft.VisualStudio.QualityTools.Tips.UnitTest.Adapter, Version=10.0.0.0, Culture=neutral, PublicKeyToken=b03f5f7f11d50a3a" className="PLLUnitTest.PersistentLinkedListTest, PLLUnitTest" name="AddToEndTest" />
    </UnitTest>
    <UnitTest name="GetPutUserHeaderTest" storage="c:\users\gwatson\desktop\sa\persistentarray\sadatabase\filepersistenceunittest\bin\debug\filepersistenceunittest.dll" id="119f0d26-abb3-b910-6e20-3eb2e8267f66">
      <Execution id="afae503e-a960-480d-bbe9-a630c63f010b" />
      <TestMethod codeBase="C:\Users\gwatson\Desktop\SA\PersistentArray\SADatabase\FilePersistenceUnitTest\bin\Debug\FilePersistenceUnitTest.dll" adapterTypeName="Microsoft.VisualStudio.TestTools.TestTypes.Unit.UnitTestAdapter, Microsoft.VisualStudio.QualityTools.Tips.UnitTest.Adapter, Version=10.0.0.0, Culture=neutral, PublicKeyToken=b03f5f7f11d50a3a" className="FilePersistenceUnitTest.FileWithHeaderTest, FilePersistenceUnitTest" name="GetPutUserHeaderTest" />
    </UnitTest>
    <UnitTest name="ReopenTest" storage="c:\users\gwatson\desktop\sa\persistentarray\sadatabase\pafsunittest\bin\debug\pafsunittest.dll" id="1af0c77b-4d3c-a3e7-21cb-37332222dd11">
      <Execution id="c2efd24a-6015-4497-b75a-6dc19ec478c3" />
      <TestMethod codeBase="C:\Users\gwatson\Desktop\SA\PersistentArray\SADatabase\PAFSUnitTest\bin\Debug\PAFSUnitTest.dll" adapterTypeName="Microsoft.VisualStudio.TestTools.TestTypes.Unit.UnitTestAdapter, Microsoft.VisualStudio.QualityTools.Tips.UnitTest.Adapter, Version=10.0.0.0, Culture=neutral, PublicKeyToken=b03f5f7f11d50a3a" className="PAFSUnitTest.IPersistentArraySpaceManagerTest, PAFSUnitTest" name="ReopenTest" />
    </UnitTest>
    <UnitTest name="FreeMergeBeforeTest" storage="c:\users\gwatson\desktop\sa\persistentarray\sadatabase\phmunittest\bin\debug\phmunittest.dll" id="846fd299-442f-a81b-5ff1-400c3a67c543">
      <Execution id="408a5a83-82b0-43d7-8817-bb200be6d228" />
      <TestMethod codeBase="C:\Users\gwatson\Desktop\SA\PersistentArray\SADatabase\PHMUnitTest\bin\Debug\PHMUnitTest.dll" adapterTypeName="Microsoft.VisualStudio.TestTools.TestTypes.Unit.UnitTestAdapter, Microsoft.VisualStudio.QualityTools.Tips.UnitTest.Adapter, Version=10.0.0.0, Culture=neutral, PublicKeyToken=b03f5f7f11d50a3a" className="PHMUnitTest.PersistentHeapTest, PHMUnitTest" name="FreeMergeBeforeTest" />
    </UnitTest>
    <UnitTest name="CloseTest" storage="c:\users\gwatson\desktop\sa\persistentarray\sadatabase\cpaunittest\bin\debug\cpaunittest.dll" id="71ffb975-3ee7-3930-0f3e-7889b95a130e">
      <Execution id="f4d7c5ed-28a8-4387-9dec-88cad9712941" />
      <TestMethod codeBase="C:\Users\gwatson\Desktop\SA\PersistentArray\SADatabase\CPAUnitTest\bin\Debug\CPAUnitTest.dll" adapterTypeName="Microsoft.VisualStudio.TestTools.TestTypes.Unit.UnitTestAdapter, Microsoft.VisualStudio.QualityTools.Tips.UnitTest.Adapter, Version=10.0.0.0, Culture=neutral, PublicKeyToken=b03f5f7f11d50a3a" className="CPAUnitTest.CachedIArrayTest, CPAUnitTest" name="CloseTest" />
    </UnitTest>
    <UnitTest name="NodeCtorTest" storage="c:\users\gwatson\desktop\sa\persistentarray\sadatabase\cpaunittest\bin\debug\cpaunittest.dll" id="b1c5d96c-054d-4348-7a86-0ce106021a41">
      <Execution id="80d0b33b-7bbb-4707-802b-b5b3c95b01c2" />
      <TestMethod codeBase="C:\Users\gwatson\Desktop\SA\PersistentArray\SADatabase\CPAUnitTest\bin\Debug\CPAUnitTest.dll" adapterTypeName="Microsoft.VisualStudio.TestTools.TestTypes.Unit.UnitTestAdapter, Microsoft.VisualStudio.QualityTools.Tips.UnitTest.Adapter, Version=10.0.0.0, Culture=neutral, PublicKeyToken=b03f5f7f11d50a3a" className="CPAUnitTest.NodeTest, CPAUnitTest" name="NodeCtorTest" />
    </UnitTest>
    <UnitTest name="Append2Test" storage="c:\users\gwatson\desktop\sa\persistentarray\sadatabase\bytehelperunittest\bin\debug\bytehelperunittest.dll" id="9042f580-80d7-070e-6671-c783c7157c04">
      <Execution id="b17d5063-d1ed-46b3-8d73-fd9d42699355" />
      <TestMethod codeBase="C:\Users\gwatson\Desktop\SA\PersistentArray\SADatabase\ByteHelperUnitTest\bin\Debug\ByteHelperUnitTest.dll" adapterTypeName="Microsoft.VisualStudio.TestTools.TestTypes.Unit.UnitTestAdapter, Microsoft.VisualStudio.QualityTools.Tips.UnitTest.Adapter, Version=10.0.0.0, Culture=neutral, PublicKeyToken=b03f5f7f11d50a3a" className="ByteHelperUnitTest.HelperTest, ByteHelperUnitTest" name="Append2Test" />
    </UnitTest>
    <UnitTest name="SeekTest" storage="c:\users\gwatson\desktop\sa\persistentarray\sadatabase\persistenceunittest\bin\debug\persistenceunittest.dll" id="610385d3-c2b5-eeb9-1ed4-86ca6ad846de">
      <Execution id="1b544cd7-7aab-49ef-8816-7efe072e4a34" />
      <TestMethod codeBase="C:\Users\gwatson\Desktop\SA\PersistentArray\SADatabase\PersistenceUnitTest\bin\Debug\PersistenceUnitTest.dll" adapterTypeName="Microsoft.VisualStudio.TestTools.TestTypes.Unit.UnitTestAdapter, Microsoft.VisualStudio.QualityTools.Tips.UnitTest.Adapter, Version=10.0.0.0, Culture=neutral, PublicKeyToken=b03f5f7f11d50a3a" className="PersistenceUnitTest.RandomAccessFileTest, PersistenceUnitTest" name="SeekTest" />
    </UnitTest>
    <UnitTest name="AssertNotBadNodeIndexTest" storage="c:\users\gwatson\desktop\sa\persistentarray\sadatabase\pllunittest\bin\debug\pllunittest.dll" id="63cc42b4-1dc6-41a3-f417-45c71de20956">
      <Execution id="7c48e855-ce12-4059-9dc2-81bfedb67b70" />
      <TestMethod codeBase="C:\Users\gwatson\Desktop\SA\PersistentArray\SADatabase\PLLUnitTest\bin\Debug\PLLUnitTest.dll" adapterTypeName="Microsoft.VisualStudio.TestTools.TestTypes.Unit.UnitTestAdapter, Microsoft.VisualStudio.QualityTools.Tips.UnitTest.Adapter, Version=10.0.0.0, Culture=neutral, PublicKeyToken=b03f5f7f11d50a3a" className="PLLUnitTest.PersistentLinkedListTest, PLLUnitTest" name="AssertNotBadNodeIndexTest" />
    </UnitTest>
    <UnitTest name="UserHeaderConstructorTest" storage="c:\users\gwatson\desktop\sa\persistentarray\sadatabase\filepersistenceunittest\bin\debug\filepersistenceunittest.dll" id="a9ffaa5b-f9ae-7924-38fd-a4efa57e9554">
      <Execution id="068347d2-225f-4871-b036-048b9e0c8eb2" />
      <TestMethod codeBase="C:\Users\gwatson\Desktop\SA\PersistentArray\SADatabase\FilePersistenceUnitTest\bin\Debug\FilePersistenceUnitTest.dll" adapterTypeName="Microsoft.VisualStudio.TestTools.TestTypes.Unit.UnitTestAdapter, Microsoft.VisualStudio.QualityTools.Tips.UnitTest.Adapter, Version=10.0.0.0, Culture=neutral, PublicKeyToken=b03f5f7f11d50a3a" className="FilePersistenceUnitTest.UserHeaderTest, FilePersistenceUnitTest" name="UserHeaderConstructorTest" />
    </UnitTest>
    <UnitTest name="GetNextTest" storage="c:\users\gwatson\desktop\sa\persistentarray\sadatabase\pllunittest\bin\debug\pllunittest.dll" id="ffe04048-3d0c-a00a-f497-66ad2a87b507">
      <Execution id="abd812dd-01de-4fa3-b477-5a6bbd588f43" />
      <TestMethod codeBase="C:\Users\gwatson\Desktop\SA\PersistentArray\SADatabase\PLLUnitTest\bin\Debug\PLLUnitTest.dll" adapterTypeName="Microsoft.VisualStudio.TestTools.TestTypes.Unit.UnitTestAdapter, Microsoft.VisualStudio.QualityTools.Tips.UnitTest.Adapter, Version=10.0.0.0, Culture=neutral, PublicKeyToken=b03f5f7f11d50a3a" className="PLLUnitTest.PersistentLinkedListTest, PLLUnitTest" name="GetNextTest" />
    </UnitTest>
    <UnitTest name="DeserializeTest" storage="c:\users\gwatson\desktop\sa\persistentarray\sadatabase\phtunittest\bin\debug\phtunittest.dll" id="5e1a90a3-2d69-9f23-3961-d8b82f54f7e7">
      <Execution id="9b0409e3-bc75-4b81-976f-879662aea4d7" />
      <TestMethod codeBase="C:\Users\gwatson\Desktop\SA\PersistentArray\SADatabase\PHTUnitTest\bin\Debug\PHTUnitTest.dll" adapterTypeName="Microsoft.VisualStudio.TestTools.TestTypes.Unit.UnitTestAdapter, Microsoft.VisualStudio.QualityTools.Tips.UnitTest.Adapter, Version=10.0.0.0, Culture=neutral, PublicKeyToken=b03f5f7f11d50a3a" className="PHTUnitTest.HashTableHeaderTest, PHTUnitTest" name="DeserializeTest" />
    </UnitTest>
    <UnitTest name="Append1Test" storage="c:\users\gwatson\desktop\sa\persistentarray\sadatabase\bytehelperunittest\bin\debug\bytehelperunittest.dll" id="e489bd92-1fdb-dce0-d50f-126dc15b0598">
      <Execution id="5c8f20c3-83ac-4206-9f9e-6d6ccc70d883" />
      <TestMethod codeBase="C:\Users\gwatson\Desktop\SA\PersistentArray\SADatabase\ByteHelperUnitTest\bin\Debug\ByteHelperUnitTest.dll" adapterTypeName="Microsoft.VisualStudio.TestTools.TestTypes.Unit.UnitTestAdapter, Microsoft.VisualStudio.QualityTools.Tips.UnitTest.Adapter, Version=10.0.0.0, Culture=neutral, PublicKeyToken=b03f5f7f11d50a3a" className="ByteHelperUnitTest.HelperTest, ByteHelperUnitTest" name="Append1Test" />
    </UnitTest>
    <UnitTest name="GetNextIndexTest" storage="c:\users\gwatson\desktop\sa\persistentarray\sadatabase\persistentarrayunittest\bin\debug\paunittest.dll" id="07414e15-0007-4d7b-15c6-ec13fc17ad8b">
      <Execution id="667c9598-28f5-46b6-ac22-2ab6255db1d7" />
      <TestMethod codeBase="C:\Users\gwatson\Desktop\SA\PersistentArray\SADatabase\PersistentArrayUnitTest\bin\Debug\PAUnitTest.dll" adapterTypeName="Microsoft.VisualStudio.TestTools.TestTypes.Unit.UnitTestAdapter, Microsoft.VisualStudio.QualityTools.Tips.UnitTest.Adapter, Version=10.0.0.0, Culture=neutral, PublicKeyToken=b03f5f7f11d50a3a" className="PAUnitTest.IPersistentArrayTest, PAUnitTest" name="GetNextIndexTest" />
    </UnitTest>
    <UnitTest name="SizeInBytesTest" storage="c:\users\gwatson\desktop\sa\persistentarray\sadatabase\phmunittest\bin\debug\phmunittest.dll" id="282879a0-7b32-ff9a-e44c-1a4579417208">
      <Execution id="d02f0f9f-ebe7-449f-821a-a10d148b71ee" />
      <TestMethod codeBase="C:\Users\gwatson\Desktop\SA\PersistentArray\SADatabase\PHMUnitTest\bin\Debug\PHMUnitTest.dll" adapterTypeName="Microsoft.VisualStudio.TestTools.TestTypes.Unit.UnitTestAdapter, Microsoft.VisualStudio.QualityTools.Tips.UnitTest.Adapter, Version=10.0.0.0, Culture=neutral, PublicKeyToken=b03f5f7f11d50a3a" className="PHMUnitTest.PersistentHeapSpaceTest, PHMUnitTest" name="SizeInBytesTest" />
    </UnitTest>
    <UnitTest name="CreateTest" storage="c:\users\gwatson\desktop\sa\persistentarray\sadatabase\pllunittest\bin\debug\pllunittest.dll" id="fd2220b2-26eb-6999-62ad-4cbb765b850c">
      <Execution id="1252908f-c376-44d5-8f5f-e48281569c88" />
      <TestMethod codeBase="C:\Users\gwatson\Desktop\SA\PersistentArray\SADatabase\PLLUnitTest\bin\Debug\PLLUnitTest.dll" adapterTypeName="Microsoft.VisualStudio.TestTools.TestTypes.Unit.UnitTestAdapter, Microsoft.VisualStudio.QualityTools.Tips.UnitTest.Adapter, Version=10.0.0.0, Culture=neutral, PublicKeyToken=b03f5f7f11d50a3a" className="PLLUnitTest.PersistentLinkedListTest, PLLUnitTest" name="CreateTest" />
    </UnitTest>
    <UnitTest name="InsertThrowsTest" storage="c:\users\gwatson\desktop\sa\persistentarray\sadatabase\pllunittest\bin\debug\pllunittest.dll" id="7256c121-b7a1-76a6-3a43-87fec1af02da">
      <Execution id="797aeb46-8ec9-4f54-992c-4528b55e4234" />
      <TestMethod codeBase="C:\Users\gwatson\Desktop\SA\PersistentArray\SADatabase\PLLUnitTest\bin\Debug\PLLUnitTest.dll" adapterTypeName="Microsoft.VisualStudio.TestTools.TestTypes.Unit.UnitTestAdapter, Microsoft.VisualStudio.QualityTools.Tips.UnitTest.Adapter, Version=10.0.0.0, Culture=neutral, PublicKeyToken=b03f5f7f11d50a3a" className="PLLUnitTest.PersistentLinkedListTest, PLLUnitTest" name="InsertThrowsTest" />
    </UnitTest>
    <UnitTest name="CreateCtorTest" storage="c:\users\gwatson\desktop\sa\persistentarray\sadatabase\cpaunittest\bin\debug\cpaunittest.dll" id="414c1d58-8de9-a775-6ff6-4a9efb4178ab">
      <Execution id="79c9accd-93be-40f4-80bc-e4a2be69c613" />
      <TestMethod codeBase="C:\Users\gwatson\Desktop\SA\PersistentArray\SADatabase\CPAUnitTest\bin\Debug\CPAUnitTest.dll" adapterTypeName="Microsoft.VisualStudio.TestTools.TestTypes.Unit.UnitTestAdapter, Microsoft.VisualStudio.QualityTools.Tips.UnitTest.Adapter, Version=10.0.0.0, Culture=neutral, PublicKeyToken=b03f5f7f11d50a3a" className="CPAUnitTest.CachedIArrayTest, CPAUnitTest" name="CreateCtorTest" />
    </UnitTest>
    <UnitTest name="CtorCreateTest" storage="c:\users\gwatson\desktop\sa\persistentarray\sadatabase\phmunittest\bin\debug\phmunittest.dll" id="c1c24e9f-1ef1-eaa1-585b-5748c70dad65">
      <Execution id="51482aaa-b36c-44e5-bf3f-9b99cbebd802" />
      <TestMethod codeBase="C:\Users\gwatson\Desktop\SA\PersistentArray\SADatabase\PHMUnitTest\bin\Debug\PHMUnitTest.dll" adapterTypeName="Microsoft.VisualStudio.TestTools.TestTypes.Unit.UnitTestAdapter, Microsoft.VisualStudio.QualityTools.Tips.UnitTest.Adapter, Version=10.0.0.0, Culture=neutral, PublicKeyToken=b03f5f7f11d50a3a" className="PHMUnitTest.PersistentHeapTest, PHMUnitTest" name="CtorCreateTest" />
    </UnitTest>
    <UnitTest name="GetUserHeaderTest" storage="c:\users\gwatson\desktop\sa\persistentarray\sadatabase\pafsunittest\bin\debug\pafsunittest.dll" id="5e51bd1e-dd26-d7ed-b6ba-6a8f01ee0f1b">
      <Execution id="7adc6cb0-5e1c-4788-93ee-1bd2ddc0bcee" />
      <TestMethod codeBase="C:\Users\gwatson\Desktop\SA\PersistentArray\SADatabase\PAFSUnitTest\bin\Debug\PAFSUnitTest.dll" adapterTypeName="Microsoft.VisualStudio.TestTools.TestTypes.Unit.UnitTestAdapter, Microsoft.VisualStudio.QualityTools.Tips.UnitTest.Adapter, Version=10.0.0.0, Culture=neutral, PublicKeyToken=b03f5f7f11d50a3a" className="PAFSUnitTest.IPersistentArraySpaceManagerTest, PAFSUnitTest" name="GetUserHeaderTest" />
    </UnitTest>
    <UnitTest name="LRUElementCacheCtorTest" storage="c:\users\gwatson\desktop\sa\persistentarray\sadatabase\cpaunittest\bin\debug\cpaunittest.dll" id="818a96ef-af23-e852-2659-31e5781f9e2c">
      <Execution id="2acebd9c-ed1b-4bc4-9986-6da2de87bf63" />
      <TestMethod codeBase="C:\Users\gwatson\Desktop\SA\PersistentArray\SADatabase\CPAUnitTest\bin\Debug\CPAUnitTest.dll" adapterTypeName="Microsoft.VisualStudio.TestTools.TestTypes.Unit.UnitTestAdapter, Microsoft.VisualStudio.QualityTools.Tips.UnitTest.Adapter, Version=10.0.0.0, Culture=neutral, PublicKeyToken=b03f5f7f11d50a3a" className="CPAUnitTest.LRUElementCacheTest, CPAUnitTest" name="LRUElementCacheCtorTest" />
    </UnitTest>
    <UnitTest name="CtorTest" storage="c:\users\gwatson\desktop\sa\persistentarray\sadatabase\phmunittest\bin\debug\phmunittest.dll" id="dc59e212-85a1-3e76-d4aa-2b0731bd07f1">
      <Execution id="cdb2804e-66d4-4397-84e2-786133a21a78" />
      <TestMethod codeBase="C:\Users\gwatson\Desktop\SA\PersistentArray\SADatabase\PHMUnitTest\bin\Debug\PHMUnitTest.dll" adapterTypeName="Microsoft.VisualStudio.TestTools.TestTypes.Unit.UnitTestAdapter, Microsoft.VisualStudio.QualityTools.Tips.UnitTest.Adapter, Version=10.0.0.0, Culture=neutral, PublicKeyToken=b03f5f7f11d50a3a" className="PHMUnitTest.PersistentHeapFreeSpaceTest, PHMUnitTest" name="CtorTest" />
    </UnitTest>
    <UnitTest name="GetTest" storage="c:\users\gwatson\desktop\sa\persistentarray\sadatabase\cpaunittest\bin\debug\cpaunittest.dll" id="4aeb4eda-2347-4daf-0915-85bd224c5d85">
      <Execution id="a0a77293-52ec-4b5e-94e9-87bdff4529e3" />
      <TestMethod codeBase="C:\Users\gwatson\Desktop\SA\PersistentArray\SADatabase\CPAUnitTest\bin\Debug\CPAUnitTest.dll" adapterTypeName="Microsoft.VisualStudio.TestTools.TestTypes.Unit.UnitTestAdapter, Microsoft.VisualStudio.QualityTools.Tips.UnitTest.Adapter, Version=10.0.0.0, Culture=neutral, PublicKeyToken=b03f5f7f11d50a3a" className="CPAUnitTest.CachedIArrayTest, CPAUnitTest" name="GetTest" />
    </UnitTest>
    <UnitTest name="CtorTest" storage="c:\users\gwatson\desktop\sa\persistentarray\sadatabase\phtunittest\bin\debug\phtunittest.dll" id="2ecace38-de69-65fe-78ba-795f763f7921">
      <Execution id="130b5d1a-ddd8-43a5-9f52-07ce5a964253" />
      <TestMethod codeBase="C:\Users\gwatson\Desktop\SA\PersistentArray\SADatabase\PHTUnitTest\bin\Debug\PHTUnitTest.dll" adapterTypeName="Microsoft.VisualStudio.TestTools.TestTypes.Unit.UnitTestAdapter, Microsoft.VisualStudio.QualityTools.Tips.UnitTest.Adapter, Version=10.0.0.0, Culture=neutral, PublicKeyToken=b03f5f7f11d50a3a" className="PHTUnitTest.PersistentHashTableTest, PHTUnitTest" name="CtorTest" />
    </UnitTest>
    <UnitTest name="WriteToStorageTest" storage="c:\users\gwatson\desktop\sa\persistentarray\sadatabase\filepersistenceunittest\bin\debug\filepersistenceunittest.dll" id="2053caf7-0cee-71a7-c0a3-31f51653539e">
      <Execution id="c7f17707-0045-4594-a3d5-0f14f6820d5c" />
      <TestMethod codeBase="C:\Users\gwatson\Desktop\SA\PersistentArray\SADatabase\FilePersistenceUnitTest\bin\Debug\FilePersistenceUnitTest.dll" adapterTypeName="Microsoft.VisualStudio.TestTools.TestTypes.Unit.UnitTestAdapter, Microsoft.VisualStudio.QualityTools.Tips.UnitTest.Adapter, Version=10.0.0.0, Culture=neutral, PublicKeyToken=b03f5f7f11d50a3a" className="FilePersistenceUnitTest.UserHeaderTest, FilePersistenceUnitTest" name="WriteToStorageTest" />
    </UnitTest>
    <UnitTest name="PutGetUserHeaderTest" storage="c:\users\gwatson\desktop\sa\persistentarray\sadatabase\cpaunittest\bin\debug\cpaunittest.dll" id="7ad6c21f-feaf-20c3-6794-ee2d02f21a1c">
      <Execution id="54df9cbf-74d0-4605-a26a-aa7841ee27a5" />
      <TestMethod codeBase="C:\Users\gwatson\Desktop\SA\PersistentArray\SADatabase\CPAUnitTest\bin\Debug\CPAUnitTest.dll" adapterTypeName="Microsoft.VisualStudio.TestTools.TestTypes.Unit.UnitTestAdapter, Microsoft.VisualStudio.QualityTools.Tips.UnitTest.Adapter, Version=10.0.0.0, Culture=neutral, PublicKeyToken=b03f5f7f11d50a3a" className="CPAUnitTest.CachedIArrayTest, CPAUnitTest" name="PutGetUserHeaderTest" />
    </UnitTest>
    <UnitTest name="InsertLinksCorrectlyTest" storage="c:\users\gwatson\desktop\sa\persistentarray\sadatabase\pllunittest\bin\debug\pllunittest.dll" id="f0820a20-bffa-aca4-73b6-cb5b10486dcd">
      <Execution id="e9cc712e-babb-4099-b815-7aac426185b3" />
      <TestMethod codeBase="C:\Users\gwatson\Desktop\SA\PersistentArray\SADatabase\PLLUnitTest\bin\Debug\PLLUnitTest.dll" adapterTypeName="Microsoft.VisualStudio.TestTools.TestTypes.Unit.UnitTestAdapter, Microsoft.VisualStudio.QualityTools.Tips.UnitTest.Adapter, Version=10.0.0.0, Culture=neutral, PublicKeyToken=b03f5f7f11d50a3a" className="PLLUnitTest.PersistentLinkedListTest, PLLUnitTest" name="InsertLinksCorrectlyTest" />
    </UnitTest>
    <UnitTest name="GetTest" storage="c:\users\gwatson\desktop\sa\persistentarray\sadatabase\cpaunittest\bin\debug\cpaunittest.dll" id="386c50f6-2d09-529c-8336-cdd485ffb439">
      <Execution id="1b321d0b-e78a-468a-be19-d0728570a10c" />
      <TestMethod codeBase="C:\Users\gwatson\Desktop\SA\PersistentArray\SADatabase\CPAUnitTest\bin\Debug\CPAUnitTest.dll" adapterTypeName="Microsoft.VisualStudio.TestTools.TestTypes.Unit.UnitTestAdapter, Microsoft.VisualStudio.QualityTools.Tips.UnitTest.Adapter, Version=10.0.0.0, Culture=neutral, PublicKeyToken=b03f5f7f11d50a3a" className="CPAUnitTest.LRUElementCacheTest, CPAUnitTest" name="GetTest" />
    </UnitTest>
    <UnitTest name="SerializeTest" storage="c:\users\gwatson\desktop\sa\persistentarray\sadatabase\pafsunittest\bin\debug\pafsunittest.dll" id="dcd55a77-217b-2a2a-b734-243925f84d45">
      <Execution id="f33b2065-9603-4f4a-8d07-b78b05fefc3b" />
      <TestMethod codeBase="C:\Users\gwatson\Desktop\SA\PersistentArray\SADatabase\PAFSUnitTest\bin\Debug\PAFSUnitTest.dll" adapterTypeName="Microsoft.VisualStudio.TestTools.TestTypes.Unit.UnitTestAdapter, Microsoft.VisualStudio.QualityTools.Tips.UnitTest.Adapter, Version=10.0.0.0, Culture=neutral, PublicKeyToken=b03f5f7f11d50a3a" className="PAFSUnitTest.PAFSHeaderTest, PAFSUnitTest" name="SerializeTest" />
    </UnitTest>
    <UnitTest name="ReadByteTest" storage="c:\users\gwatson\desktop\sa\persistentarray\sadatabase\persistenceunittest\bin\debug\persistenceunittest.dll" id="15eee5ec-03b7-2b3f-62ff-f766c0f78875">
      <Execution id="77fbd9fc-713d-4bcc-bc8c-211f0599511a" />
      <TestMethod codeBase="C:\Users\gwatson\Desktop\SA\PersistentArray\SADatabase\PersistenceUnitTest\bin\Debug\PersistenceUnitTest.dll" adapterTypeName="Microsoft.VisualStudio.TestTools.TestTypes.Unit.UnitTestAdapter, Microsoft.VisualStudio.QualityTools.Tips.UnitTest.Adapter, Version=10.0.0.0, Culture=neutral, PublicKeyToken=b03f5f7f11d50a3a" className="PersistenceUnitTest.RandomAccessFileTest, PersistenceUnitTest" name="ReadByteTest" />
    </UnitTest>
    <UnitTest name="GetNextIndexTest" storage="c:\users\gwatson\desktop\sa\persistentarray\sadatabase\filepersistenceunittest\bin\debug\filepersistenceunittest.dll" id="44b2bd84-c18b-ffc2-bf52-0bd4506adf9f">
      <Execution id="5db69246-811c-408f-a43d-22ea409fa22d" />
      <TestMethod codeBase="C:\Users\gwatson\Desktop\SA\PersistentArray\SADatabase\FilePersistenceUnitTest\bin\Debug\FilePersistenceUnitTest.dll" adapterTypeName="Microsoft.VisualStudio.TestTools.TestTypes.Unit.UnitTestAdapter, Microsoft.VisualStudio.QualityTools.Tips.UnitTest.Adapter, Version=10.0.0.0, Culture=neutral, PublicKeyToken=b03f5f7f11d50a3a" className="FilePersistenceUnitTest.FileWithHeaderTest, FilePersistenceUnitTest" name="GetNextIndexTest" />
    </UnitTest>
    <UnitTest name="ElementCtorTest" storage="c:\users\gwatson\desktop\sa\persistentarray\sadatabase\persistentarrayunittest\bin\debug\paunittest.dll" id="d7a29e06-03fa-67e4-6f87-44c551f8b54e">
      <Execution id="748776b1-17c3-40d5-9e60-440d29355336" />
      <TestMethod codeBase="C:\Users\gwatson\Desktop\SA\PersistentArray\SADatabase\PersistentArrayUnitTest\bin\Debug\PAUnitTest.dll" adapterTypeName="Microsoft.VisualStudio.TestTools.TestTypes.Unit.UnitTestAdapter, Microsoft.VisualStudio.QualityTools.Tips.UnitTest.Adapter, Version=10.0.0.0, Culture=neutral, PublicKeyToken=b03f5f7f11d50a3a" className="PAUnitTest.ElementTest, PAUnitTest" name="ElementCtorTest" />
    </UnitTest>
    <UnitTest name="PutGetUserHeaderTest" storage="c:\users\gwatson\desktop\sa\persistentarray\sadatabase\phtunittest\bin\debug\phtunittest.dll" id="eba5dc6e-9bfa-ee02-4059-95270e8b548f">
      <Execution id="fa45fa14-e34f-494b-adf5-07cb6fda066d" />
      <TestMethod codeBase="C:\Users\gwatson\Desktop\SA\PersistentArray\SADatabase\PHTUnitTest\bin\Debug\PHTUnitTest.dll" adapterTypeName="Microsoft.VisualStudio.TestTools.TestTypes.Unit.UnitTestAdapter, Microsoft.VisualStudio.QualityTools.Tips.UnitTest.Adapter, Version=10.0.0.0, Culture=neutral, PublicKeyToken=b03f5f7f11d50a3a" className="PHTUnitTest.PersistentHashTableTest, PHTUnitTest" name="PutGetUserHeaderTest" />
    </UnitTest>
    <UnitTest name="SerializeTest" storage="c:\users\gwatson\desktop\sa\persistentarray\sadatabase\phtunittest\bin\debug\phtunittest.dll" id="ff3263d9-8c70-f60e-d721-c5d537b9f312">
      <Execution id="7313a31f-2751-4cee-94e1-191588a087cc" />
      <TestMethod codeBase="C:\Users\gwatson\Desktop\SA\PersistentArray\SADatabase\PHTUnitTest\bin\Debug\PHTUnitTest.dll" adapterTypeName="Microsoft.VisualStudio.TestTools.TestTypes.Unit.UnitTestAdapter, Microsoft.VisualStudio.QualityTools.Tips.UnitTest.Adapter, Version=10.0.0.0, Culture=neutral, PublicKeyToken=b03f5f7f11d50a3a" className="PHTUnitTest.HashTableElementTest, PHTUnitTest" name="SerializeTest" />
    </UnitTest>
    <UnitTest name="ReadByteArrayTest" storage="c:\users\gwatson\desktop\sa\persistentarray\sadatabase\persistenceunittest\bin\debug\persistenceunittest.dll" id="965a56bb-5e93-1f41-fa3a-18161c642244">
      <Execution id="25201bab-ba1d-48fd-a629-c8b92e432c6f" />
      <TestMethod codeBase="C:\Users\gwatson\Desktop\SA\PersistentArray\SADatabase\PersistenceUnitTest\bin\Debug\PersistenceUnitTest.dll" adapterTypeName="Microsoft.VisualStudio.TestTools.TestTypes.Unit.UnitTestAdapter, Microsoft.VisualStudio.QualityTools.Tips.UnitTest.Adapter, Version=10.0.0.0, Culture=neutral, PublicKeyToken=b03f5f7f11d50a3a" className="PersistenceUnitTest.RandomAccessFileTest, PersistenceUnitTest" name="ReadByteArrayTest" />
    </UnitTest>
    <UnitTest name="SerializeTest" storage="c:\users\gwatson\desktop\sa\persistentarray\sadatabase\phmunittest\bin\debug\phmunittest.dll" id="f173e7fc-49c9-6230-eca2-9afec5f70750">
      <Execution id="efe17f3d-245a-45ed-94ed-00cdc3696a1a" />
      <TestMethod codeBase="C:\Users\gwatson\Desktop\SA\PersistentArray\SADatabase\PHMUnitTest\bin\Debug\PHMUnitTest.dll" adapterTypeName="Microsoft.VisualStudio.TestTools.TestTypes.Unit.UnitTestAdapter, Microsoft.VisualStudio.QualityTools.Tips.UnitTest.Adapter, Version=10.0.0.0, Culture=neutral, PublicKeyToken=b03f5f7f11d50a3a" className="PHMUnitTest.PersistentHeapHeaderTest, PHMUnitTest" name="SerializeTest" />
    </UnitTest>
    <UnitTest name="FreeAddSpaceToEndOfFreeListTest" storage="c:\users\gwatson\desktop\sa\persistentarray\sadatabase\phmunittest\bin\debug\phmunittest.dll" id="9d918454-2feb-95e0-4026-22b2c4e3a005">
      <Execution id="82b774c9-ebcf-48cb-9ff0-d4bfc7a119f2" />
      <TestMethod codeBase="C:\Users\gwatson\Desktop\SA\PersistentArray\SADatabase\PHMUnitTest\bin\Debug\PHMUnitTest.dll" adapterTypeName="Microsoft.VisualStudio.TestTools.TestTypes.Unit.UnitTestAdapter, Microsoft.VisualStudio.QualityTools.Tips.UnitTest.Adapter, Version=10.0.0.0, Culture=neutral, PublicKeyToken=b03f5f7f11d50a3a" className="PHMUnitTest.PersistentHeapTest, PHMUnitTest" name="FreeAddSpaceToEndOfFreeListTest" />
    </UnitTest>
    <UnitTest name="PutGetUserHeaderTest" storage="c:\users\gwatson\desktop\sa\persistentarray\sadatabase\phmunittest\bin\debug\phmunittest.dll" id="94000a80-807f-643f-04b5-3a8c67520adc">
      <Execution id="460626be-fafb-4c15-b925-3f3fed255faf" />
      <TestMethod codeBase="C:\Users\gwatson\Desktop\SA\PersistentArray\SADatabase\PHMUnitTest\bin\Debug\PHMUnitTest.dll" adapterTypeName="Microsoft.VisualStudio.TestTools.TestTypes.Unit.UnitTestAdapter, Microsoft.VisualStudio.QualityTools.Tips.UnitTest.Adapter, Version=10.0.0.0, Culture=neutral, PublicKeyToken=b03f5f7f11d50a3a" className="PHMUnitTest.PersistentHeapTest, PHMUnitTest" name="PutGetUserHeaderTest" />
    </UnitTest>
    <UnitTest name="FreeMiddleSpaceTest" storage="c:\users\gwatson\desktop\sa\persistentarray\sadatabase\phmunittest\bin\debug\phmunittest.dll" id="07fd6071-5ad6-8ae1-19db-6f86b098fff4">
      <Execution id="fa016b86-049d-46e2-8fc1-2699a5cf7873" />
      <TestMethod codeBase="C:\Users\gwatson\Desktop\SA\PersistentArray\SADatabase\PHMUnitTest\bin\Debug\PHMUnitTest.dll" adapterTypeName="Microsoft.VisualStudio.TestTools.TestTypes.Unit.UnitTestAdapter, Microsoft.VisualStudio.QualityTools.Tips.UnitTest.Adapter, Version=10.0.0.0, Culture=neutral, PublicKeyToken=b03f5f7f11d50a3a" className="PHMUnitTest.PersistentHeapTest, PHMUnitTest" name="FreeMiddleSpaceTest" />
    </UnitTest>
    <UnitTest name="ReopenTest" storage="c:\users\gwatson\desktop\sa\persistentarray\sadatabase\phtunittest\bin\debug\phtunittest.dll" id="bfe87bac-e9fc-a821-d953-1eb8c9641d62">
      <Execution id="5f46078b-a6ee-4b97-aa6f-80b84d3c7928" />
      <TestMethod codeBase="C:\Users\gwatson\Desktop\SA\PersistentArray\SADatabase\PHTUnitTest\bin\Debug\PHTUnitTest.dll" adapterTypeName="Microsoft.VisualStudio.TestTools.TestTypes.Unit.UnitTestAdapter, Microsoft.VisualStudio.QualityTools.Tips.UnitTest.Adapter, Version=10.0.0.0, Culture=neutral, PublicKeyToken=b03f5f7f11d50a3a" className="PHTUnitTest.PersistentHashTableTest, PHTUnitTest" name="ReopenTest" />
    </UnitTest>
    <UnitTest name="WriteReadStorageTest" storage="c:\users\gwatson\desktop\sa\persistentarray\sadatabase\persistentarrayunittest\bin\debug\paunittest.dll" id="402330e1-95b7-447a-93a7-af95d05ae424">
      <Execution id="ee9511cf-af5a-449c-916f-ffaf400d7a3c" />
      <TestMethod codeBase="C:\Users\gwatson\Desktop\SA\PersistentArray\SADatabase\PersistentArrayUnitTest\bin\Debug\PAUnitTest.dll" adapterTypeName="Microsoft.VisualStudio.TestTools.TestTypes.Unit.UnitTestAdapter, Microsoft.VisualStudio.QualityTools.Tips.UnitTest.Adapter, Version=10.0.0.0, Culture=neutral, PublicKeyToken=b03f5f7f11d50a3a" className="PAUnitTest.ElementTest, PAUnitTest" name="WriteReadStorageTest" />
    </UnitTest>
    <UnitTest name="InsertTest" storage="c:\users\gwatson\desktop\sa\persistentarray\sadatabase\cpaunittest\bin\debug\cpaunittest.dll" id="affe1ef8-a55d-611e-f219-a825233a32ae">
      <Execution id="3af7273b-12c4-48ca-bad5-35eb33ad25cf" />
      <TestMethod codeBase="C:\Users\gwatson\Desktop\SA\PersistentArray\SADatabase\CPAUnitTest\bin\Debug\CPAUnitTest.dll" adapterTypeName="Microsoft.VisualStudio.TestTools.TestTypes.Unit.UnitTestAdapter, Microsoft.VisualStudio.QualityTools.Tips.UnitTest.Adapter, Version=10.0.0.0, Culture=neutral, PublicKeyToken=b03f5f7f11d50a3a" className="CPAUnitTest.LRUDoubleLinkedListTest, CPAUnitTest" name="InsertTest" />
    </UnitTest>
    <UnitTest name="FreeLastSpaceTest" storage="c:\users\gwatson\desktop\sa\persistentarray\sadatabase\phmunittest\bin\debug\phmunittest.dll" id="d87c9634-3232-495c-abe1-766a051a0ec6">
      <Execution id="e0d8301b-66ab-4761-8306-b96306b37052" />
      <TestMethod codeBase="C:\Users\gwatson\Desktop\SA\PersistentArray\SADatabase\PHMUnitTest\bin\Debug\PHMUnitTest.dll" adapterTypeName="Microsoft.VisualStudio.TestTools.TestTypes.Unit.UnitTestAdapter, Microsoft.VisualStudio.QualityTools.Tips.UnitTest.Adapter, Version=10.0.0.0, Culture=neutral, PublicKeyToken=b03f5f7f11d50a3a" className="PHMUnitTest.PersistentHeapTest, PHMUnitTest" name="FreeLastSpaceTest" />
    </UnitTest>
    <UnitTest name="DeserializeTest" storage="c:\users\gwatson\desktop\sa\persistentarray\sadatabase\pafsunittest\bin\debug\pafsunittest.dll" id="082e8e55-223e-051e-386f-e304fa6d81fc">
      <Execution id="8733dc12-e18f-4d93-adb3-6ec09b8fdf14" />
      <TestMethod codeBase="C:\Users\gwatson\Desktop\SA\PersistentArray\SADatabase\PAFSUnitTest\bin\Debug\PAFSUnitTest.dll" adapterTypeName="Microsoft.VisualStudio.TestTools.TestTypes.Unit.UnitTestAdapter, Microsoft.VisualStudio.QualityTools.Tips.UnitTest.Adapter, Version=10.0.0.0, Culture=neutral, PublicKeyToken=b03f5f7f11d50a3a" className="PAFSUnitTest.PAFSHeaderTest, PAFSUnitTest" name="DeserializeTest" />
    </UnitTest>
    <UnitTest name="GetPutUserHeaderTest" storage="c:\users\gwatson\desktop\sa\persistentarray\sadatabase\persistentarrayunittest\bin\debug\paunittest.dll" id="d7cc34f6-78d2-eecf-5b9f-ab76bb86da71">
      <Execution id="3c4d62d5-7ea9-4921-b149-a0dbf49ba110" />
      <TestMethod codeBase="C:\Users\gwatson\Desktop\SA\PersistentArray\SADatabase\PersistentArrayUnitTest\bin\Debug\PAUnitTest.dll" adapterTypeName="Microsoft.VisualStudio.TestTools.TestTypes.Unit.UnitTestAdapter, Microsoft.VisualStudio.QualityTools.Tips.UnitTest.Adapter, Version=10.0.0.0, Culture=neutral, PublicKeyToken=b03f5f7f11d50a3a" className="PAUnitTest.IPersistentArrayTest, PAUnitTest" name="GetPutUserHeaderTest" />
    </UnitTest>
    <UnitTest name="CloseTest" storage="c:\users\gwatson\desktop\sa\persistentarray\sadatabase\persistenceunittest\bin\debug\persistenceunittest.dll" id="77c4d4bd-5fbe-4bd1-86c3-f6e38810414b">
      <Execution id="21db3c0c-499d-4cba-b8a9-e9ffe573dfa6" />
      <TestMethod codeBase="C:\Users\gwatson\Desktop\SA\PersistentArray\SADatabase\PersistenceUnitTest\bin\Debug\PersistenceUnitTest.dll" adapterTypeName="Microsoft.VisualStudio.TestTools.TestTypes.Unit.UnitTestAdapter, Microsoft.VisualStudio.QualityTools.Tips.UnitTest.Adapter, Version=10.0.0.0, Culture=neutral, PublicKeyToken=b03f5f7f11d50a3a" className="PersistenceUnitTest.RandomAccessFileTest, PersistenceUnitTest" name="CloseTest" />
    </UnitTest>
    <UnitTest name="LRUDoublyLinkedListCtorTest" storage="c:\users\gwatson\desktop\sa\persistentarray\sadatabase\cpaunittest\bin\debug\cpaunittest.dll" id="ea353cbf-1840-4b47-9557-83373d54727c">
      <Execution id="c0100d3a-dd3f-4f22-bbb6-e54d992d3d10" />
      <TestMethod codeBase="C:\Users\gwatson\Desktop\SA\PersistentArray\SADatabase\CPAUnitTest\bin\Debug\CPAUnitTest.dll" adapterTypeName="Microsoft.VisualStudio.TestTools.TestTypes.Unit.UnitTestAdapter, Microsoft.VisualStudio.QualityTools.Tips.UnitTest.Adapter, Version=10.0.0.0, Culture=neutral, PublicKeyToken=b03f5f7f11d50a3a" className="CPAUnitTest.LRUDoubleLinkedListTest, CPAUnitTest" name="LRUDoublyLinkedListCtorTest" />
    </UnitTest>
    <UnitTest name="FreeAddSpaceToMiddleOfFreeListTest" storage="c:\users\gwatson\desktop\sa\persistentarray\sadatabase\phmunittest\bin\debug\phmunittest.dll" id="39634d81-9688-20c8-d77f-ba195db41378">
      <Execution id="73515066-4893-4e9e-b906-990f8a5ac58b" />
      <TestMethod codeBase="C:\Users\gwatson\Desktop\SA\PersistentArray\SADatabase\PHMUnitTest\bin\Debug\PHMUnitTest.dll" adapterTypeName="Microsoft.VisualStudio.TestTools.TestTypes.Unit.UnitTestAdapter, Microsoft.VisualStudio.QualityTools.Tips.UnitTest.Adapter, Version=10.0.0.0, Culture=neutral, PublicKeyToken=b03f5f7f11d50a3a" className="PHMUnitTest.PersistentHeapTest, PHMUnitTest" name="FreeAddSpaceToMiddleOfFreeListTest" />
    </UnitTest>
    <UnitTest name="AddAfterTest" storage="c:\users\gwatson\desktop\sa\persistentarray\sadatabase\pllunittest\bin\debug\pllunittest.dll" id="0f7dd13b-d69f-2fef-8f8e-80f7ee7968ec">
      <Execution id="6fb6b562-30cf-4b95-92d2-3061cbef16b0" />
      <TestMethod codeBase="C:\Users\gwatson\Desktop\SA\PersistentArray\SADatabase\PLLUnitTest\bin\Debug\PLLUnitTest.dll" adapterTypeName="Microsoft.VisualStudio.TestTools.TestTypes.Unit.UnitTestAdapter, Microsoft.VisualStudio.QualityTools.Tips.UnitTest.Adapter, Version=10.0.0.0, Culture=neutral, PublicKeyToken=b03f5f7f11d50a3a" className="PLLUnitTest.PersistentLinkedListTest, PLLUnitTest" name="AddAfterTest" />
    </UnitTest>
    <UnitTest name="CtorTest" storage="c:\users\gwatson\desktop\sa\persistentarray\sadatabase\phmunittest\bin\debug\phmunittest.dll" id="9c490088-6ee6-56ec-8017-95f63def4429">
      <Execution id="19869c28-423f-493b-b525-05aff82d8c83" />
      <TestMethod codeBase="C:\Users\gwatson\Desktop\SA\PersistentArray\SADatabase\PHMUnitTest\bin\Debug\PHMUnitTest.dll" adapterTypeName="Microsoft.VisualStudio.TestTools.TestTypes.Unit.UnitTestAdapter, Microsoft.VisualStudio.QualityTools.Tips.UnitTest.Adapter, Version=10.0.0.0, Culture=neutral, PublicKeyToken=b03f5f7f11d50a3a" className="PHMUnitTest.PersistentHeapSpaceTest, PHMUnitTest" name="CtorTest" />
    </UnitTest>
    <UnitTest name="RemoveEndTest" storage="c:\users\gwatson\desktop\sa\persistentarray\sadatabase\cpaunittest\bin\debug\cpaunittest.dll" id="2034f3b2-84ce-b459-b009-777707c460e9">
      <Execution id="d68c684b-12d1-4109-bb2c-e8318584b1dc" />
      <TestMethod codeBase="C:\Users\gwatson\Desktop\SA\PersistentArray\SADatabase\CPAUnitTest\bin\Debug\CPAUnitTest.dll" adapterTypeName="Microsoft.VisualStudio.TestTools.TestTypes.Unit.UnitTestAdapter, Microsoft.VisualStudio.QualityTools.Tips.UnitTest.Adapter, Version=10.0.0.0, Culture=neutral, PublicKeyToken=b03f5f7f11d50a3a" className="CPAUnitTest.LRUDoubleLinkedListTest, CPAUnitTest" name="RemoveEndTest" />
    </UnitTest>
    <UnitTest name="GetDataTest" storage="c:\users\gwatson\desktop\sa\persistentarray\sadatabase\pllunittest\bin\debug\pllunittest.dll" id="45dc2f0e-4af7-fb97-54f6-bad15d2a2da4">
      <Execution id="2c17b9da-edda-4e56-8005-7cc286a2d7de" />
      <TestMethod codeBase="C:\Users\gwatson\Desktop\SA\PersistentArray\SADatabase\PLLUnitTest\bin\Debug\PLLUnitTest.dll" adapterTypeName="Microsoft.VisualStudio.TestTools.TestTypes.Unit.UnitTestAdapter, Microsoft.VisualStudio.QualityTools.Tips.UnitTest.Adapter, Version=10.0.0.0, Culture=neutral, PublicKeyToken=b03f5f7f11d50a3a" className="PLLUnitTest.PersistentLinkedListTest, PLLUnitTest" name="GetDataTest" />
    </UnitTest>
    <UnitTest name="ToBytesTest" storage="c:\users\gwatson\desktop\sa\persistentarray\sadatabase\bytehelperunittest\bin\debug\bytehelperunittest.dll" id="1a92d4c6-be2c-ef6c-e2d4-ccc5f0564285">
      <Execution id="801ccd49-0473-4c3f-827c-9daa7aabe409" />
      <TestMethod codeBase="C:\Users\gwatson\Desktop\SA\PersistentArray\SADatabase\ByteHelperUnitTest\bin\Debug\ByteHelperUnitTest.dll" adapterTypeName="Microsoft.VisualStudio.TestTools.TestTypes.Unit.UnitTestAdapter, Microsoft.VisualStudio.QualityTools.Tips.UnitTest.Adapter, Version=10.0.0.0, Culture=neutral, PublicKeyToken=b03f5f7f11d50a3a" className="ByteHelperUnitTest.HelperTest, ByteHelperUnitTest" name="ToBytesTest" />
    </UnitTest>
    <UnitTest name="GetRangeTest" storage="c:\users\gwatson\desktop\sa\persistentarray\sadatabase\filepersistenceunittest\bin\debug\filepersistenceunittest.dll" id="15446eac-e5d1-8f0a-f744-cb3cd9c641c7">
      <Execution id="4e0b3015-cf4b-482d-a536-218a6afe180f" />
      <TestMethod codeBase="C:\Users\gwatson\Desktop\SA\PersistentArray\SADatabase\FilePersistenceUnitTest\bin\Debug\FilePersistenceUnitTest.dll" adapterTypeName="Microsoft.VisualStudio.TestTools.TestTypes.Unit.UnitTestAdapter, Microsoft.VisualStudio.QualityTools.Tips.UnitTest.Adapter, Version=10.0.0.0, Culture=neutral, PublicKeyToken=b03f5f7f11d50a3a" className="FilePersistenceUnitTest.FileWithHeaderTest, FilePersistenceUnitTest" name="GetRangeTest" />
    </UnitTest>
    <UnitTest name="CtorTest" storage="c:\users\gwatson\desktop\sa\persistentarray\sadatabase\pllunittest\bin\debug\pllunittest.dll" id="51fbe3ee-5d05-0bea-05a3-3f4776bc717b">
      <Execution id="6bf6d06e-858e-42b9-9542-d5823f62b293" />
      <TestMethod codeBase="C:\Users\gwatson\Desktop\SA\PersistentArray\SADatabase\PLLUnitTest\bin\Debug\PLLUnitTest.dll" adapterTypeName="Microsoft.VisualStudio.TestTools.TestTypes.Unit.UnitTestAdapter, Microsoft.VisualStudio.QualityTools.Tips.UnitTest.Adapter, Version=10.0.0.0, Culture=neutral, PublicKeyToken=b03f5f7f11d50a3a" className="PLLUnitTest.LinkedListElementTest, PLLUnitTest" name="CtorTest" />
    </UnitTest>
    <UnitTest name="AllocateTooSmallSize" storage="c:\users\gwatson\desktop\sa\persistentarray\sadatabase\phmunittest\bin\debug\phmunittest.dll" id="babca73d-0229-c679-426c-78953c0ec145">
      <Execution id="42e1aace-75c2-4b4e-a283-43084ff207d6" />
      <TestMethod codeBase="C:\Users\gwatson\Desktop\SA\PersistentArray\SADatabase\PHMUnitTest\bin\Debug\PHMUnitTest.dll" adapterTypeName="Microsoft.VisualStudio.TestTools.TestTypes.Unit.UnitTestAdapter, Microsoft.VisualStudio.QualityTools.Tips.UnitTest.Adapter, Version=10.0.0.0, Culture=neutral, PublicKeyToken=b03f5f7f11d50a3a" className="PHMUnitTest.PersistentHeapTest, PHMUnitTest" name="AllocateTooSmallSize" />
    </UnitTest>
    <UnitTest name="AllocateInARowTest" storage="c:\users\gwatson\desktop\sa\persistentarray\sadatabase\phmunittest\bin\debug\phmunittest.dll" id="b63109c3-d21b-a6f8-7d7d-88020a21d390">
      <Execution id="25ed31ba-5d29-438d-a4ff-f8d9a5d0e678" />
      <TestMethod codeBase="C:\Users\gwatson\Desktop\SA\PersistentArray\SADatabase\PHMUnitTest\bin\Debug\PHMUnitTest.dll" adapterTypeName="Microsoft.VisualStudio.TestTools.TestTypes.Unit.UnitTestAdapter, Microsoft.VisualStudio.QualityTools.Tips.UnitTest.Adapter, Version=10.0.0.0, Culture=neutral, PublicKeyToken=b03f5f7f11d50a3a" className="PHMUnitTest.PersistentHeapTest, PHMUnitTest" name="AllocateInARowTest" />
    </UnitTest>
    <UnitTest name="RemoveCollisionTest" storage="c:\users\gwatson\desktop\sa\persistentarray\sadatabase\phtunittest\bin\debug\phtunittest.dll" id="1510b5de-0adc-d68f-397e-304b14d0d872">
      <Execution id="eacaf814-e554-420d-b672-4b9febb81b12" />
      <TestMethod codeBase="C:\Users\gwatson\Desktop\SA\PersistentArray\SADatabase\PHTUnitTest\bin\Debug\PHTUnitTest.dll" adapterTypeName="Microsoft.VisualStudio.TestTools.TestTypes.Unit.UnitTestAdapter, Microsoft.VisualStudio.QualityTools.Tips.UnitTest.Adapter, Version=10.0.0.0, Culture=neutral, PublicKeyToken=b03f5f7f11d50a3a" className="PHTUnitTest.PersistentHashTableTest, PHTUnitTest" name="RemoveCollisionTest" />
    </UnitTest>
    <UnitTest name="LengthTest" storage="c:\users\gwatson\desktop\sa\persistentarray\sadatabase\pllunittest\bin\debug\pllunittest.dll" id="e7921d23-7b31-8b43-d930-5a3bc89a44b3">
      <Execution id="697533a0-7b34-4aa0-9e5e-b5d918a2b834" />
      <TestMethod codeBase="C:\Users\gwatson\Desktop\SA\PersistentArray\SADatabase\PLLUnitTest\bin\Debug\PLLUnitTest.dll" adapterTypeName="Microsoft.VisualStudio.TestTools.TestTypes.Unit.UnitTestAdapter, Microsoft.VisualStudio.QualityTools.Tips.UnitTest.Adapter, Version=10.0.0.0, Culture=neutral, PublicKeyToken=b03f5f7f11d50a3a" className="PLLUnitTest.PersistentLinkedListTest, PLLUnitTest" name="LengthTest" />
    </UnitTest>
    <UnitTest name="GetElementSizeTest" storage="c:\users\gwatson\desktop\sa\persistentarray\sadatabase\pllunittest\bin\debug\pllunittest.dll" id="a54f2629-8741-9051-67a0-e1a8c4b5ea10">
      <Execution id="04a69ab9-1e14-420e-b311-902258415382" />
      <TestMethod codeBase="C:\Users\gwatson\Desktop\SA\PersistentArray\SADatabase\PLLUnitTest\bin\Debug\PLLUnitTest.dll" adapterTypeName="Microsoft.VisualStudio.TestTools.TestTypes.Unit.UnitTestAdapter, Microsoft.VisualStudio.QualityTools.Tips.UnitTest.Adapter, Version=10.0.0.0, Culture=neutral, PublicKeyToken=b03f5f7f11d50a3a" className="PLLUnitTest.PersistentLinkedListTest, PLLUnitTest" name="GetElementSizeTest" />
    </UnitTest>
    <UnitTest name="GetUserHeaderSizeTest" storage="c:\users\gwatson\desktop\sa\persistentarray\sadatabase\pllunittest\bin\debug\pllunittest.dll" id="c0ed1de9-8e4d-8e00-a4bf-c9b99057cab2">
      <Execution id="06e47d18-be97-443d-b797-a29b60c8a836" />
      <TestMethod codeBase="C:\Users\gwatson\Desktop\SA\PersistentArray\SADatabase\PLLUnitTest\bin\Debug\PLLUnitTest.dll" adapterTypeName="Microsoft.VisualStudio.TestTools.TestTypes.Unit.UnitTestAdapter, Microsoft.VisualStudio.QualityTools.Tips.UnitTest.Adapter, Version=10.0.0.0, Culture=neutral, PublicKeyToken=b03f5f7f11d50a3a" className="PLLUnitTest.PersistentLinkedListTest, PLLUnitTest" name="GetUserHeaderSizeTest" />
    </UnitTest>
    <UnitTest name="GetLastTest" storage="c:\users\gwatson\desktop\sa\persistentarray\sadatabase\pllunittest\bin\debug\pllunittest.dll" id="f8dab570-907f-9537-fb70-c2f0ade97939">
      <Execution id="0f904acb-1e2a-4ff0-8b98-0b37a7b49939" />
      <TestMethod codeBase="C:\Users\gwatson\Desktop\SA\PersistentArray\SADatabase\PLLUnitTest\bin\Debug\PLLUnitTest.dll" adapterTypeName="Microsoft.VisualStudio.TestTools.TestTypes.Unit.UnitTestAdapter, Microsoft.VisualStudio.QualityTools.Tips.UnitTest.Adapter, Version=10.0.0.0, Culture=neutral, PublicKeyToken=b03f5f7f11d50a3a" className="PLLUnitTest.PersistentLinkedListTest, PLLUnitTest" name="GetLastTest" />
    </UnitTest>
    <UnitTest name="FreeFirstSpaceTest" storage="c:\users\gwatson\desktop\sa\persistentarray\sadatabase\phmunittest\bin\debug\phmunittest.dll" id="9d779dd2-fb32-aae7-ec06-52a95bc58283">
      <Execution id="08522a31-8de9-4fc9-8480-1420aed7373d" />
      <TestMethod codeBase="C:\Users\gwatson\Desktop\SA\PersistentArray\SADatabase\PHMUnitTest\bin\Debug\PHMUnitTest.dll" adapterTypeName="Microsoft.VisualStudio.TestTools.TestTypes.Unit.UnitTestAdapter, Microsoft.VisualStudio.QualityTools.Tips.UnitTest.Adapter, Version=10.0.0.0, Culture=neutral, PublicKeyToken=b03f5f7f11d50a3a" className="PHMUnitTest.PersistentHeapTest, PHMUnitTest" name="FreeFirstSpaceTest" />
    </UnitTest>
    <UnitTest name="FreeMergeAfterTest" storage="c:\users\gwatson\desktop\sa\persistentarray\sadatabase\phmunittest\bin\debug\phmunittest.dll" id="c34800c1-01aa-78c5-5769-4dd04c7cc3d9">
      <Execution id="df2d8325-d3de-4ead-8c70-e7c6118a4cf7" />
      <TestMethod codeBase="C:\Users\gwatson\Desktop\SA\PersistentArray\SADatabase\PHMUnitTest\bin\Debug\PHMUnitTest.dll" adapterTypeName="Microsoft.VisualStudio.TestTools.TestTypes.Unit.UnitTestAdapter, Microsoft.VisualStudio.QualityTools.Tips.UnitTest.Adapter, Version=10.0.0.0, Culture=neutral, PublicKeyToken=b03f5f7f11d50a3a" className="PHMUnitTest.PersistentHeapTest, PHMUnitTest" name="FreeMergeAfterTest" />
    </UnitTest>
    <UnitTest name="CtorTest" storage="c:\users\gwatson\desktop\sa\persistentarray\sadatabase\phmunittest\bin\debug\phmunittest.dll" id="4cca534d-1656-b797-40e9-49330488cbbd">
      <Execution id="43ea813a-0d41-40f9-a718-6ccb50cacb76" />
      <TestMethod codeBase="C:\Users\gwatson\Desktop\SA\PersistentArray\SADatabase\PHMUnitTest\bin\Debug\PHMUnitTest.dll" adapterTypeName="Microsoft.VisualStudio.TestTools.TestTypes.Unit.UnitTestAdapter, Microsoft.VisualStudio.QualityTools.Tips.UnitTest.Adapter, Version=10.0.0.0, Culture=neutral, PublicKeyToken=b03f5f7f11d50a3a" className="PHMUnitTest.PersistentHeapHeaderTest, PHMUnitTest" name="CtorTest" />
    </UnitTest>
    <UnitTest name="PutGetTest" storage="c:\users\gwatson\desktop\sa\persistentarray\sadatabase\phtunittest\bin\debug\phtunittest.dll" id="ae4afa1c-c8fc-91b6-80ab-c1099e1a8a46">
      <Execution id="e29d40d1-1b36-4958-adbc-b3aa2af42887" />
      <TestMethod codeBase="C:\Users\gwatson\Desktop\SA\PersistentArray\SADatabase\PHTUnitTest\bin\Debug\PHTUnitTest.dll" adapterTypeName="Microsoft.VisualStudio.TestTools.TestTypes.Unit.UnitTestAdapter, Microsoft.VisualStudio.QualityTools.Tips.UnitTest.Adapter, Version=10.0.0.0, Culture=neutral, PublicKeyToken=b03f5f7f11d50a3a" className="PHTUnitTest.PersistentHashTableTest, PHTUnitTest" name="PutGetTest" />
    </UnitTest>
    <UnitTest name="ReadIntTest" storage="c:\users\gwatson\desktop\sa\persistentarray\sadatabase\persistenceunittest\bin\debug\persistenceunittest.dll" id="7a09d037-6583-9dab-921a-9e399b5c9547">
      <Execution id="154f016c-8595-444a-9a88-52e79d48dca2" />
      <TestMethod codeBase="C:\Users\gwatson\Desktop\SA\PersistentArray\SADatabase\PersistenceUnitTest\bin\Debug\PersistenceUnitTest.dll" adapterTypeName="Microsoft.VisualStudio.TestTools.TestTypes.Unit.UnitTestAdapter, Microsoft.VisualStudio.QualityTools.Tips.UnitTest.Adapter, Version=10.0.0.0, Culture=neutral, PublicKeyToken=b03f5f7f11d50a3a" className="PersistenceUnitTest.RandomAccessFileTest, PersistenceUnitTest" name="ReadIntTest" />
    </UnitTest>
    <UnitTest name="DataTest" storage="c:\users\gwatson\desktop\sa\persistentarray\sadatabase\filepersistenceunittest\bin\debug\filepersistenceunittest.dll" id="01bc45a5-2d07-66b6-930e-fc2b22c4f6e2">
      <Execution id="56be0b84-1ba0-42b7-82be-5e524232e3ee" />
      <TestMethod codeBase="C:\Users\gwatson\Desktop\SA\PersistentArray\SADatabase\FilePersistenceUnitTest\bin\Debug\FilePersistenceUnitTest.dll" adapterTypeName="Microsoft.VisualStudio.TestTools.TestTypes.Unit.UnitTestAdapter, Microsoft.VisualStudio.QualityTools.Tips.UnitTest.Adapter, Version=10.0.0.0, Culture=neutral, PublicKeyToken=b03f5f7f11d50a3a" className="FilePersistenceUnitTest.UserHeaderTest, FilePersistenceUnitTest" name="DataTest" />
    </UnitTest>
    <UnitTest name="PutGetUserHeaderTest" storage="c:\users\gwatson\desktop\sa\persistentarray\sadatabase\pllunittest\bin\debug\pllunittest.dll" id="11201bbf-151b-a78e-02fa-23b7cbfebd28">
      <Execution id="ddaec3ef-7e19-49c2-835b-e1418e7f760c" />
      <TestMethod codeBase="C:\Users\gwatson\Desktop\SA\PersistentArray\SADatabase\PLLUnitTest\bin\Debug\PLLUnitTest.dll" adapterTypeName="Microsoft.VisualStudio.TestTools.TestTypes.Unit.UnitTestAdapter, Microsoft.VisualStudio.QualityTools.Tips.UnitTest.Adapter, Version=10.0.0.0, Culture=neutral, PublicKeyToken=b03f5f7f11d50a3a" className="PLLUnitTest.PersistentLinkedListTest, PLLUnitTest" name="PutGetUserHeaderTest" />
    </UnitTest>
    <UnitTest name="GetHeaderSizeTest" storage="c:\users\gwatson\desktop\sa\persistentarray\sadatabase\pafsunittest\bin\debug\pafsunittest.dll" id="13caa2ac-a8f6-fd8d-092b-4da64a664c5a">
      <Execution id="cc23ac0d-08eb-495c-a361-b729817e4f53" />
      <TestMethod codeBase="C:\Users\gwatson\Desktop\SA\PersistentArray\SADatabase\PAFSUnitTest\bin\Debug\PAFSUnitTest.dll" adapterTypeName="Microsoft.VisualStudio.TestTools.TestTypes.Unit.UnitTestAdapter, Microsoft.VisualStudio.QualityTools.Tips.UnitTest.Adapter, Version=10.0.0.0, Culture=neutral, PublicKeyToken=b03f5f7f11d50a3a" className="PAFSUnitTest.PAFSHeaderTest, PAFSUnitTest" name="GetHeaderSizeTest" />
    </UnitTest>
    <UnitTest name="MultitonTest" storage="c:\users\gwatson\desktop\sa\persistentarray\sadatabase\filepersistenceunittest\bin\debug\filepersistenceunittest.dll" id="e4d4bf05-87c5-ae25-1539-415c4a3fabe0">
      <Execution id="ca6b7bdf-3333-4b9f-a331-67ecaf43814c" />
      <TestMethod codeBase="C:\Users\gwatson\Desktop\SA\PersistentArray\SADatabase\FilePersistenceUnitTest\bin\Debug\FilePersistenceUnitTest.dll" adapterTypeName="Microsoft.VisualStudio.TestTools.TestTypes.Unit.UnitTestAdapter, Microsoft.VisualStudio.QualityTools.Tips.UnitTest.Adapter, Version=10.0.0.0, Culture=neutral, PublicKeyToken=b03f5f7f11d50a3a" className="FilePersistenceUnitTest.StorageMultitonTest, FilePersistenceUnitTest" name="MultitonTest" />
    </UnitTest>
    <UnitTest name="CtorTest" storage="c:\users\gwatson\desktop\sa\persistentarray\sadatabase\pafsunittest\bin\debug\pafsunittest.dll" id="1fbff0c8-5e86-4d43-10de-791509c0db36">
      <Execution id="7647cd67-b33a-4d0f-8206-49387b236d2b" />
      <TestMethod codeBase="C:\Users\gwatson\Desktop\SA\PersistentArray\SADatabase\PAFSUnitTest\bin\Debug\PAFSUnitTest.dll" adapterTypeName="Microsoft.VisualStudio.TestTools.TestTypes.Unit.UnitTestAdapter, Microsoft.VisualStudio.QualityTools.Tips.UnitTest.Adapter, Version=10.0.0.0, Culture=neutral, PublicKeyToken=b03f5f7f11d50a3a" className="PAFSUnitTest.PAFSHeaderTest, PAFSUnitTest" name="CtorTest" />
    </UnitTest>
    <UnitTest name="AllocateBlockTest" storage="c:\users\gwatson\desktop\sa\persistentarray\sadatabase\pafsunittest\bin\debug\pafsunittest.dll" id="56a5f4f5-9d87-5588-a513-0fe0d7c30e0a">
      <Execution id="5b325935-4802-4e1a-889f-e421f5ed7ded" />
      <TestMethod codeBase="C:\Users\gwatson\Desktop\SA\PersistentArray\SADatabase\PAFSUnitTest\bin\Debug\PAFSUnitTest.dll" adapterTypeName="Microsoft.VisualStudio.TestTools.TestTypes.Unit.UnitTestAdapter, Microsoft.VisualStudio.QualityTools.Tips.UnitTest.Adapter, Version=10.0.0.0, Culture=neutral, PublicKeyToken=b03f5f7f11d50a3a" className="PAFSUnitTest.IPersistentArraySpaceManagerTest, PAFSUnitTest" name="AllocateBlockTest" />
    </UnitTest>
    <UnitTest name="RemoveTest" storage="c:\users\gwatson\desktop\sa\persistentarray\sadatabase\phtunittest\bin\debug\phtunittest.dll" id="00175a47-f5ac-5833-baf2-7cf7b4a44a19">
      <Execution id="06d48802-56bd-4993-8834-d75ce1d999f8" />
      <TestMethod codeBase="C:\Users\gwatson\Desktop\SA\PersistentArray\SADatabase\PHTUnitTest\bin\Debug\PHTUnitTest.dll" adapterTypeName="Microsoft.VisualStudio.TestTools.TestTypes.Unit.UnitTestAdapter, Microsoft.VisualStudio.QualityTools.Tips.UnitTest.Adapter, Version=10.0.0.0, Culture=neutral, PublicKeyToken=b03f5f7f11d50a3a" className="PHTUnitTest.PersistentHashTableTest, PHTUnitTest" name="RemoveTest" />
    </UnitTest>
    <UnitTest name="UpdateTest" storage="c:\users\gwatson\desktop\sa\persistentarray\sadatabase\pllunittest\bin\debug\pllunittest.dll" id="8bf66a88-08b1-206e-6e7a-07808be453b9">
      <Execution id="d1bf6695-4b2d-4a32-a97f-ae215ba9988d" />
      <TestMethod codeBase="C:\Users\gwatson\Desktop\SA\PersistentArray\SADatabase\PLLUnitTest\bin\Debug\PLLUnitTest.dll" adapterTypeName="Microsoft.VisualStudio.TestTools.TestTypes.Unit.UnitTestAdapter, Microsoft.VisualStudio.QualityTools.Tips.UnitTest.Adapter, Version=10.0.0.0, Culture=neutral, PublicKeyToken=b03f5f7f11d50a3a" className="PLLUnitTest.PersistentLinkedListTest, PLLUnitTest" name="UpdateTest" />
    </UnitTest>
    <UnitTest name="GetUserHeaderSizeTest" storage="c:\users\gwatson\desktop\sa\persistentarray\sadatabase\phmunittest\bin\debug\phmunittest.dll" id="a4c6cc76-2922-41eb-a81b-35a8f1fc4233">
      <Execution id="953ea243-8363-4027-ad35-d02bac9edbda" />
      <TestMethod codeBase="C:\Users\gwatson\Desktop\SA\PersistentArray\SADatabase\PHMUnitTest\bin\Debug\PHMUnitTest.dll" adapterTypeName="Microsoft.VisualStudio.TestTools.TestTypes.Unit.UnitTestAdapter, Microsoft.VisualStudio.QualityTools.Tips.UnitTest.Adapter, Version=10.0.0.0, Culture=neutral, PublicKeyToken=b03f5f7f11d50a3a" className="PHMUnitTest.PersistentHeapTest, PHMUnitTest" name="GetUserHeaderSizeTest" />
    </UnitTest>
    <UnitTest name="ReopenTest" storage="c:\users\gwatson\desktop\sa\persistentarray\sadatabase\pllunittest\bin\debug\pllunittest.dll" id="30fb22e9-f40e-bfdf-14ab-ef764bec1747">
      <Execution id="5b5e6c8a-e577-4050-a938-e7c12f1ed614" />
      <TestMethod codeBase="C:\Users\gwatson\Desktop\SA\PersistentArray\SADatabase\PLLUnitTest\bin\Debug\PLLUnitTest.dll" adapterTypeName="Microsoft.VisualStudio.TestTools.TestTypes.Unit.UnitTestAdapter, Microsoft.VisualStudio.QualityTools.Tips.UnitTest.Adapter, Version=10.0.0.0, Culture=neutral, PublicKeyToken=b03f5f7f11d50a3a" className="PLLUnitTest.PersistentLinkedListTest, PLLUnitTest" name="ReopenTest" />
    </UnitTest>
    <UnitTest name="RemoveTest" storage="c:\users\gwatson\desktop\sa\persistentarray\sadatabase\pllunittest\bin\debug\pllunittest.dll" id="4bbd3904-7ad8-7f8b-c8e4-fd552740646a">
      <Execution id="8f2fb8dd-6683-4668-97da-8315c4dd0bb4" />
      <TestMethod codeBase="C:\Users\gwatson\Desktop\SA\PersistentArray\SADatabase\PLLUnitTest\bin\Debug\PLLUnitTest.dll" adapterTypeName="Microsoft.VisualStudio.TestTools.TestTypes.Unit.UnitTestAdapter, Microsoft.VisualStudio.QualityTools.Tips.UnitTest.Adapter, Version=10.0.0.0, Culture=neutral, PublicKeyToken=b03f5f7f11d50a3a" className="PLLUnitTest.PersistentLinkedListTest, PLLUnitTest" name="RemoveTest" />
    </UnitTest>
    <UnitTest name="DeserializeTest" storage="c:\users\gwatson\desktop\sa\persistentarray\sadatabase\pllunittest\bin\debug\pllunittest.dll" id="04f7cef3-5dd1-279a-9290-195c67f3eb10">
      <Execution id="a94d0eea-7caa-41ec-9ca9-e38bdc07fdf9" />
      <TestMethod codeBase="C:\Users\gwatson\Desktop\SA\PersistentArray\SADatabase\PLLUnitTest\bin\Debug\PLLUnitTest.dll" adapterTypeName="Microsoft.VisualStudio.TestTools.TestTypes.Unit.UnitTestAdapter, Microsoft.VisualStudio.QualityTools.Tips.UnitTest.Adapter, Version=10.0.0.0, Culture=neutral, PublicKeyToken=b03f5f7f11d50a3a" className="PLLUnitTest.PLLHeaderTest, PLLUnitTest" name="DeserializeTest" />
    </UnitTest>
    <UnitTest name="GetElementSizeTest" storage="c:\users\gwatson\desktop\sa\persistentarray\sadatabase\persistentarrayunittest\bin\debug\paunittest.dll" id="fc01b55b-5936-8b78-9de3-822e7b824b5a">
      <Execution id="81bbe617-ec27-4f00-909a-76526b679160" />
      <TestMethod codeBase="C:\Users\gwatson\Desktop\SA\PersistentArray\SADatabase\PersistentArrayUnitTest\bin\Debug\PAUnitTest.dll" adapterTypeName="Microsoft.VisualStudio.TestTools.TestTypes.Unit.UnitTestAdapter, Microsoft.VisualStudio.QualityTools.Tips.UnitTest.Adapter, Version=10.0.0.0, Culture=neutral, PublicKeyToken=b03f5f7f11d50a3a" className="PAUnitTest.IPersistentArrayTest, PAUnitTest" name="GetElementSizeTest" />
    </UnitTest>
    <UnitTest name="GetPathToNameTest" storage="c:\users\gwatson\desktop\sa\persistentarray\sadatabase\filepersistenceunittest\bin\debug\filepersistenceunittest.dll" id="d917289d-258a-a478-26f6-a5a85e035c3f">
      <Execution id="466d95f4-3cb5-4b3f-b337-ed46c67ce69e" />
      <TestMethod codeBase="C:\Users\gwatson\Desktop\SA\PersistentArray\SADatabase\FilePersistenceUnitTest\bin\Debug\FilePersistenceUnitTest.dll" adapterTypeName="Microsoft.VisualStudio.TestTools.TestTypes.Unit.UnitTestAdapter, Microsoft.VisualStudio.QualityTools.Tips.UnitTest.Adapter, Version=10.0.0.0, Culture=neutral, PublicKeyToken=b03f5f7f11d50a3a" className="FilePersistenceUnitTest.FileWithHeaderTest, FilePersistenceUnitTest" name="GetPathToNameTest" />
    </UnitTest>
    <UnitTest name="FreeMergeBothTest" storage="c:\users\gwatson\desktop\sa\persistentarray\sadatabase\phmunittest\bin\debug\phmunittest.dll" id="b5c4ab9a-0762-76c8-cb39-93c09b1df71e">
      <Execution id="221012c6-0605-4360-a2e0-ab6a690b322b" />
      <TestMethod codeBase="C:\Users\gwatson\Desktop\SA\PersistentArray\SADatabase\PHMUnitTest\bin\Debug\PHMUnitTest.dll" adapterTypeName="Microsoft.VisualStudio.TestTools.TestTypes.Unit.UnitTestAdapter, Microsoft.VisualStudio.QualityTools.Tips.UnitTest.Adapter, Version=10.0.0.0, Culture=neutral, PublicKeyToken=b03f5f7f11d50a3a" className="PHMUnitTest.PersistentHeapTest, PHMUnitTest" name="FreeMergeBothTest" />
    </UnitTest>
    <UnitTest name="CtorTest" storage="c:\users\gwatson\desktop\sa\persistentarray\sadatabase\pllunittest\bin\debug\pllunittest.dll" id="f8c986a1-4d49-6c57-695c-e57bd1d77a03">
      <Execution id="261c496c-9a71-40f4-a9e7-ab1b61c45172" />
      <TestMethod codeBase="C:\Users\gwatson\Desktop\SA\PersistentArray\SADatabase\PLLUnitTest\bin\Debug\PLLUnitTest.dll" adapterTypeName="Microsoft.VisualStudio.TestTools.TestTypes.Unit.UnitTestAdapter, Microsoft.VisualStudio.QualityTools.Tips.UnitTest.Adapter, Version=10.0.0.0, Culture=neutral, PublicKeyToken=b03f5f7f11d50a3a" className="PLLUnitTest.PLLHeaderTest, PLLUnitTest" name="CtorTest" />
    </UnitTest>
    <UnitTest name="WipeIndexTest" storage="c:\users\gwatson\desktop\sa\persistentarray\sadatabase\cpaunittest\bin\debug\cpaunittest.dll" id="b1842f56-d68c-936e-0289-fc1c1f6a341f">
      <Execution id="8ab203ef-a101-4119-9fac-36520764860f" />
      <TestMethod codeBase="C:\Users\gwatson\Desktop\SA\PersistentArray\SADatabase\CPAUnitTest\bin\Debug\CPAUnitTest.dll" adapterTypeName="Microsoft.VisualStudio.TestTools.TestTypes.Unit.UnitTestAdapter, Microsoft.VisualStudio.QualityTools.Tips.UnitTest.Adapter, Version=10.0.0.0, Culture=neutral, PublicKeyToken=b03f5f7f11d50a3a" className="CPAUnitTest.CachedIArrayTest, CPAUnitTest" name="WipeIndexTest" />
    </UnitTest>
    <UnitTest name="WriteByteTest" storage="c:\users\gwatson\desktop\sa\persistentarray\sadatabase\persistenceunittest\bin\debug\persistenceunittest.dll" id="798de980-a2f0-6011-fdc6-e140e662baa9">
      <Execution id="60d138f9-d8f9-408f-9b14-7e2cf4fd75de" />
      <TestMethod codeBase="C:\Users\gwatson\Desktop\SA\PersistentArray\SADatabase\PersistenceUnitTest\bin\Debug\PersistenceUnitTest.dll" adapterTypeName="Microsoft.VisualStudio.TestTools.TestTypes.Unit.UnitTestAdapter, Microsoft.VisualStudio.QualityTools.Tips.UnitTest.Adapter, Version=10.0.0.0, Culture=neutral, PublicKeyToken=b03f5f7f11d50a3a" className="PersistenceUnitTest.RandomAccessFileTest, PersistenceUnitTest" name="WriteByteTest" />
    </UnitTest>
    <UnitTest name="MergeBeforeTest" storage="c:\users\gwatson\desktop\sa\persistentarray\sadatabase\phmunittest\bin\debug\phmunittest.dll" id="c1b4ff73-548a-5879-276c-0c28ff414a1c">
      <Execution id="2b819353-9c5b-4146-8f03-486049466081" />
      <TestMethod codeBase="C:\Users\gwatson\Desktop\SA\PersistentArray\SADatabase\PHMUnitTest\bin\Debug\PHMUnitTest.dll" adapterTypeName="Microsoft.VisualStudio.TestTools.TestTypes.Unit.UnitTestAdapter, Microsoft.VisualStudio.QualityTools.Tips.UnitTest.Adapter, Version=10.0.0.0, Culture=neutral, PublicKeyToken=b03f5f7f11d50a3a" className="PHMUnitTest.PersistentHeapFreeSpaceTest, PHMUnitTest" name="MergeBeforeTest" />
    </UnitTest>
    <UnitTest name="CloseTest" storage="c:\users\gwatson\desktop\sa\persistentarray\sadatabase\persistentarrayunittest\bin\debug\paunittest.dll" id="cf7f4ea5-e033-7c9e-2653-20e77c20a6bd">
      <Execution id="62fd0d6e-fdb9-48ec-bd50-414661d011b9" />
      <TestMethod codeBase="C:\Users\gwatson\Desktop\SA\PersistentArray\SADatabase\PersistentArrayUnitTest\bin\Debug\PAUnitTest.dll" adapterTypeName="Microsoft.VisualStudio.TestTools.TestTypes.Unit.UnitTestAdapter, Microsoft.VisualStudio.QualityTools.Tips.UnitTest.Adapter, Version=10.0.0.0, Culture=neutral, PublicKeyToken=b03f5f7f11d50a3a" className="PAUnitTest.IPersistentArrayTest, PAUnitTest" name="CloseTest" />
    </UnitTest>
    <UnitTest name="CtorTest" storage="c:\users\gwatson\desktop\sa\persistentarray\sadatabase\phtunittest\bin\debug\phtunittest.dll" id="78b45b03-89ec-7f9c-ccf6-a39587c81578">
      <Execution id="66c2fd9a-01e5-4be9-bab1-935cb5d17bff" />
      <TestMethod codeBase="C:\Users\gwatson\Desktop\SA\PersistentArray\SADatabase\PHTUnitTest\bin\Debug\PHTUnitTest.dll" adapterTypeName="Microsoft.VisualStudio.TestTools.TestTypes.Unit.UnitTestAdapter, Microsoft.VisualStudio.QualityTools.Tips.UnitTest.Adapter, Version=10.0.0.0, Culture=neutral, PublicKeyToken=b03f5f7f11d50a3a" className="PHTUnitTest.HashTableElementTest, PHTUnitTest" name="CtorTest" />
    </UnitTest>
    <UnitTest name="SingletonTest" storage="c:\users\gwatson\desktop\sa\persistentarray\sadatabase\filepersistenceunittest\bin\debug\filepersistenceunittest.dll" id="77659b17-3c06-332d-dd10-83bcb0b96f9d">
      <Execution id="ae3e204d-14ad-427c-b6df-ee819c7051b0" />
      <TestMethod codeBase="C:\Users\gwatson\Desktop\SA\PersistentArray\SADatabase\FilePersistenceUnitTest\bin\Debug\FilePersistenceUnitTest.dll" adapterTypeName="Microsoft.VisualStudio.TestTools.TestTypes.Unit.UnitTestAdapter, Microsoft.VisualStudio.QualityTools.Tips.UnitTest.Adapter, Version=10.0.0.0, Culture=neutral, PublicKeyToken=b03f5f7f11d50a3a" className="FilePersistenceUnitTest.StorageMultitonTest, FilePersistenceUnitTest" name="SingletonTest" />
    </UnitTest>
    <UnitTest name="SerializeTest" storage="c:\users\gwatson\desktop\sa\persistentarray\sadatabase\phtunittest\bin\debug\phtunittest.dll" id="161a504d-52d4-787a-3837-47cb7fdc172b">
      <Execution id="630b1df2-b7fe-4ac1-a77c-8469800021b8" />
      <TestMethod codeBase="C:\Users\gwatson\Desktop\SA\PersistentArray\SADatabase\PHTUnitTest\bin\Debug\PHTUnitTest.dll" adapterTypeName="Microsoft.VisualStudio.TestTools.TestTypes.Unit.UnitTestAdapter, Microsoft.VisualStudio.QualityTools.Tips.UnitTest.Adapter, Version=10.0.0.0, Culture=neutral, PublicKeyToken=b03f5f7f11d50a3a" className="PHTUnitTest.HashTableHeaderTest, PHTUnitTest" name="SerializeTest" />
    </UnitTest>
    <UnitTest name="SetChildTest" storage="c:\users\gwatson\desktop\sa\persistentarray\sadatabase\cpaunittest\bin\debug\cpaunittest.dll" id="715794aa-fc77-0689-abff-ac88adbeef1b">
      <Execution id="5df98c50-c671-4de1-8441-ed3d453decd3" />
      <TestMethod codeBase="C:\Users\gwatson\Desktop\SA\PersistentArray\SADatabase\CPAUnitTest\bin\Debug\CPAUnitTest.dll" adapterTypeName="Microsoft.VisualStudio.TestTools.TestTypes.Unit.UnitTestAdapter, Microsoft.VisualStudio.QualityTools.Tips.UnitTest.Adapter, Version=10.0.0.0, Culture=neutral, PublicKeyToken=b03f5f7f11d50a3a" className="CPAUnitTest.NodeTest, CPAUnitTest" name="SetChildTest" />
    </UnitTest>
    <UnitTest name="SetParentTest" storage="c:\users\gwatson\desktop\sa\persistentarray\sadatabase\cpaunittest\bin\debug\cpaunittest.dll" id="81c26981-166a-e776-7c32-8b14e45e71af">
      <Execution id="e01b87ce-44b7-4fce-8b5b-dad20dbf3c64" />
      <TestMethod codeBase="C:\Users\gwatson\Desktop\SA\PersistentArray\SADatabase\CPAUnitTest\bin\Debug\CPAUnitTest.dll" adapterTypeName="Microsoft.VisualStudio.TestTools.TestTypes.Unit.UnitTestAdapter, Microsoft.VisualStudio.QualityTools.Tips.UnitTest.Adapter, Version=10.0.0.0, Culture=neutral, PublicKeyToken=b03f5f7f11d50a3a" className="CPAUnitTest.NodeTest, CPAUnitTest" name="SetParentTest" />
    </UnitTest>
    <UnitTest name="GetHeaderTest" storage="c:\users\gwatson\desktop\sa\persistentarray\sadatabase\pafsunittest\bin\debug\pafsunittest.dll" id="13d4ab95-1414-7811-03e7-8823a1d3b6d1">
      <Execution id="fdfdb3a4-1c28-46a5-8f77-191873d28d0b" />
      <TestMethod codeBase="C:\Users\gwatson\Desktop\SA\PersistentArray\SADatabase\PAFSUnitTest\bin\Debug\PAFSUnitTest.dll" adapterTypeName="Microsoft.VisualStudio.TestTools.TestTypes.Unit.UnitTestAdapter, Microsoft.VisualStudio.QualityTools.Tips.UnitTest.Adapter, Version=10.0.0.0, Culture=neutral, PublicKeyToken=b03f5f7f11d50a3a" className="PAFSUnitTest.IPersistentArraySpaceManagerTest, PAFSUnitTest" name="GetHeaderTest" />
    </UnitTest>
    <UnitTest name="ReadFromStorageTest" storage="c:\users\gwatson\desktop\sa\persistentarray\sadatabase\filepersistenceunittest\bin\debug\filepersistenceunittest.dll" id="8d5355e8-963b-595b-8da8-04a7226498e8">
      <Execution id="cf1da7b5-a6c3-41e7-9670-8bbf6cf3302f" />
      <TestMethod codeBase="C:\Users\gwatson\Desktop\SA\PersistentArray\SADatabase\FilePersistenceUnitTest\bin\Debug\FilePersistenceUnitTest.dll" adapterTypeName="Microsoft.VisualStudio.TestTools.TestTypes.Unit.UnitTestAdapter, Microsoft.VisualStudio.QualityTools.Tips.UnitTest.Adapter, Version=10.0.0.0, Culture=neutral, PublicKeyToken=b03f5f7f11d50a3a" className="FilePersistenceUnitTest.UserHeaderTest, FilePersistenceUnitTest" name="ReadFromStorageTest" />
    </UnitTest>
    <UnitTest name="AddBeforeTest" storage="c:\users\gwatson\desktop\sa\persistentarray\sadatabase\pllunittest\bin\debug\pllunittest.dll" id="6e6c95ba-db7f-0ed9-f253-6c4e917c2d37">
      <Execution id="a2646578-250f-4002-88ed-e3df382a387d" />
      <TestMethod codeBase="C:\Users\gwatson\Desktop\SA\PersistentArray\SADatabase\PLLUnitTest\bin\Debug\PLLUnitTest.dll" adapterTypeName="Microsoft.VisualStudio.TestTools.TestTypes.Unit.UnitTestAdapter, Microsoft.VisualStudio.QualityTools.Tips.UnitTest.Adapter, Version=10.0.0.0, Culture=neutral, PublicKeyToken=b03f5f7f11d50a3a" className="PLLUnitTest.PersistentLinkedListTest, PLLUnitTest" name="AddBeforeTest" />
    </UnitTest>
    <UnitTest name="GetUserHeaderSizeTest" storage="c:\users\gwatson\desktop\sa\persistentarray\sadatabase\filepersistenceunittest\bin\debug\filepersistenceunittest.dll" id="83312457-8852-ca77-37d0-bc2152068b12">
      <Execution id="a41e9863-3369-4662-bf44-6ad17d12a69f" />
      <TestMethod codeBase="C:\Users\gwatson\Desktop\SA\PersistentArray\SADatabase\FilePersistenceUnitTest\bin\Debug\FilePersistenceUnitTest.dll" adapterTypeName="Microsoft.VisualStudio.TestTools.TestTypes.Unit.UnitTestAdapter, Microsoft.VisualStudio.QualityTools.Tips.UnitTest.Adapter, Version=10.0.0.0, Culture=neutral, PublicKeyToken=b03f5f7f11d50a3a" className="FilePersistenceUnitTest.FileWithHeaderTest, FilePersistenceUnitTest" name="GetUserHeaderSizeTest" />
    </UnitTest>
    <UnitTest name="GetNextIndexTest" storage="c:\users\gwatson\desktop\sa\persistentarray\sadatabase\pafsunittest\bin\debug\pafsunittest.dll" id="a2972d95-ef43-ab33-2113-41690f360353">
      <Execution id="bf494129-eb09-49b3-840e-f487ecba4f8d" />
      <TestMethod codeBase="C:\Users\gwatson\Desktop\SA\PersistentArray\SADatabase\PAFSUnitTest\bin\Debug\PAFSUnitTest.dll" adapterTypeName="Microsoft.VisualStudio.TestTools.TestTypes.Unit.UnitTestAdapter, Microsoft.VisualStudio.QualityTools.Tips.UnitTest.Adapter, Version=10.0.0.0, Culture=neutral, PublicKeyToken=b03f5f7f11d50a3a" className="PAFSUnitTest.IPersistentArraySpaceManagerTest, PAFSUnitTest" name="GetNextIndexTest" />
    </UnitTest>
    <UnitTest name="SubArrayTest" storage="c:\users\gwatson\desktop\sa\persistentarray\sadatabase\bytehelperunittest\bin\debug\bytehelperunittest.dll" id="87c8f2b9-5e7b-9e82-cf24-bcc4c877b50d">
      <Execution id="9985a63a-4596-429e-8ccd-638bd699d55e" />
      <TestMethod codeBase="C:\Users\gwatson\Desktop\SA\PersistentArray\SADatabase\ByteHelperUnitTest\bin\Debug\ByteHelperUnitTest.dll" adapterTypeName="Microsoft.VisualStudio.TestTools.TestTypes.Unit.UnitTestAdapter, Microsoft.VisualStudio.QualityTools.Tips.UnitTest.Adapter, Version=10.0.0.0, Culture=neutral, PublicKeyToken=b03f5f7f11d50a3a" className="ByteHelperUnitTest.HelperTest, ByteHelperUnitTest" name="SubArrayTest" />
    </UnitTest>
    <UnitTest name="MergeAfterTest" storage="c:\users\gwatson\desktop\sa\persistentarray\sadatabase\phmunittest\bin\debug\phmunittest.dll" id="f19b5895-b0f7-59f0-4036-17b6609c64da">
      <Execution id="3d13a1a7-66c9-439e-85ff-1689f05da7e3" />
      <TestMethod codeBase="C:\Users\gwatson\Desktop\SA\PersistentArray\SADatabase\PHMUnitTest\bin\Debug\PHMUnitTest.dll" adapterTypeName="Microsoft.VisualStudio.TestTools.TestTypes.Unit.UnitTestAdapter, Microsoft.VisualStudio.QualityTools.Tips.UnitTest.Adapter, Version=10.0.0.0, Culture=neutral, PublicKeyToken=b03f5f7f11d50a3a" className="PHMUnitTest.PersistentHeapFreeSpaceTest, PHMUnitTest" name="MergeAfterTest" />
    </UnitTest>
    <UnitTest name="GetPutTest" storage="c:\users\gwatson\desktop\sa\persistentarray\sadatabase\filepersistenceunittest\bin\debug\filepersistenceunittest.dll" id="2ba6a0e8-4d4a-7fae-c756-beed24e76cc7">
      <Execution id="86e4f66a-5387-4ae8-bebc-5f9221bfeffa" />
      <TestMethod codeBase="C:\Users\gwatson\Desktop\SA\PersistentArray\SADatabase\FilePersistenceUnitTest\bin\Debug\FilePersistenceUnitTest.dll" adapterTypeName="Microsoft.VisualStudio.TestTools.TestTypes.Unit.UnitTestAdapter, Microsoft.VisualStudio.QualityTools.Tips.UnitTest.Adapter, Version=10.0.0.0, Culture=neutral, PublicKeyToken=b03f5f7f11d50a3a" className="FilePersistenceUnitTest.FileWithHeaderTest, FilePersistenceUnitTest" name="GetPutTest" />
    </UnitTest>
    <UnitTest name="FreeBlockTest" storage="c:\users\gwatson\desktop\sa\persistentarray\sadatabase\pafsunittest\bin\debug\pafsunittest.dll" id="c11c787c-4fca-cfaa-5d6d-7fdc4065163a">
      <Execution id="2f118cf9-9afe-4d7f-b54a-5f142a9172da" />
      <TestMethod codeBase="C:\Users\gwatson\Desktop\SA\PersistentArray\SADatabase\PAFSUnitTest\bin\Debug\PAFSUnitTest.dll" adapterTypeName="Microsoft.VisualStudio.TestTools.TestTypes.Unit.UnitTestAdapter, Microsoft.VisualStudio.QualityTools.Tips.UnitTest.Adapter, Version=10.0.0.0, Culture=neutral, PublicKeyToken=b03f5f7f11d50a3a" className="PAFSUnitTest.IPersistentArraySpaceManagerTest, PAFSUnitTest" name="FreeBlockTest" />
    </UnitTest>
  </TestDefinitions>
  <TestLists>
    <TestList name="Results Not in a List" id="8c84fa94-04c1-424b-9868-57a2d4851a1d" />
    <TestList name="All Loaded Results" id="19431567-8539-422a-85d7-44ee4e166bda" />
  </TestLists>
  <TestEntries>
    <TestEntry testId="00175a47-f5ac-5833-baf2-7cf7b4a44a19" executionId="06d48802-56bd-4993-8834-d75ce1d999f8" testListId="8c84fa94-04c1-424b-9868-57a2d4851a1d" />
    <TestEntry testId="00a5a340-dd24-58d6-2c39-57102dd10a93" executionId="796eaa14-467d-4721-bd1d-e1ac714f762f" testListId="8c84fa94-04c1-424b-9868-57a2d4851a1d" />
    <TestEntry testId="00e17ed5-bd31-7476-2fee-eae2d73830e2" executionId="5481de67-0caf-4c82-8c72-cfcfda537a65" testListId="8c84fa94-04c1-424b-9868-57a2d4851a1d" />
    <TestEntry testId="01045d66-f1c1-b905-4f83-06fa33497a3c" executionId="bf170fda-c24a-4794-b702-c46643bcd37a" testListId="8c84fa94-04c1-424b-9868-57a2d4851a1d" />
    <TestEntry testId="011f0b4d-330b-80d4-eb98-3a291b4151c2" executionId="efa57988-2ff3-4e7c-8f28-4b1ec8dee080" testListId="8c84fa94-04c1-424b-9868-57a2d4851a1d" />
    <TestEntry testId="01bc45a5-2d07-66b6-930e-fc2b22c4f6e2" executionId="56be0b84-1ba0-42b7-82be-5e524232e3ee" testListId="8c84fa94-04c1-424b-9868-57a2d4851a1d" />
    <TestEntry testId="04f7cef3-5dd1-279a-9290-195c67f3eb10" executionId="a94d0eea-7caa-41ec-9ca9-e38bdc07fdf9" testListId="8c84fa94-04c1-424b-9868-57a2d4851a1d" />
    <TestEntry testId="07414e15-0007-4d7b-15c6-ec13fc17ad8b" executionId="667c9598-28f5-46b6-ac22-2ab6255db1d7" testListId="8c84fa94-04c1-424b-9868-57a2d4851a1d" />
    <TestEntry testId="07fd6071-5ad6-8ae1-19db-6f86b098fff4" executionId="fa016b86-049d-46e2-8fc1-2699a5cf7873" testListId="8c84fa94-04c1-424b-9868-57a2d4851a1d" />
    <TestEntry testId="082e8e55-223e-051e-386f-e304fa6d81fc" executionId="8733dc12-e18f-4d93-adb3-6ec09b8fdf14" testListId="8c84fa94-04c1-424b-9868-57a2d4851a1d" />
    <TestEntry testId="0bf9df8d-121f-259e-67aa-905c5bb6c662" executionId="7633a47c-e9b5-4584-833d-a527bedc610b" testListId="8c84fa94-04c1-424b-9868-57a2d4851a1d" />
    <TestEntry testId="0ef3c0a1-e279-0642-068f-cf09f20b4b4e" executionId="81e826ec-efe2-45f7-82a5-9782ea2ef921" testListId="8c84fa94-04c1-424b-9868-57a2d4851a1d" />
    <TestEntry testId="0f7dd13b-d69f-2fef-8f8e-80f7ee7968ec" executionId="6fb6b562-30cf-4b95-92d2-3061cbef16b0" testListId="8c84fa94-04c1-424b-9868-57a2d4851a1d" />
    <TestEntry testId="11201bbf-151b-a78e-02fa-23b7cbfebd28" executionId="ddaec3ef-7e19-49c2-835b-e1418e7f760c" testListId="8c84fa94-04c1-424b-9868-57a2d4851a1d" />
    <TestEntry testId="119f0d26-abb3-b910-6e20-3eb2e8267f66" executionId="afae503e-a960-480d-bbe9-a630c63f010b" testListId="8c84fa94-04c1-424b-9868-57a2d4851a1d" />
    <TestEntry testId="11b05b3f-8750-268f-48a2-a9f027b23597" executionId="7ba5b227-7b97-4d20-8750-ebd9233eabb3" testListId="8c84fa94-04c1-424b-9868-57a2d4851a1d" />
    <TestEntry testId="1232c426-0c7a-7827-61d6-db854aeef3be" executionId="d61503b3-781a-4775-b025-1bcd6451f250" testListId="8c84fa94-04c1-424b-9868-57a2d4851a1d" />
    <TestEntry testId="13b6656a-26f9-0ea8-7ea0-1310a5a1b2d4" executionId="96b482f7-5bfe-4479-9aa8-80965117eb86" testListId="8c84fa94-04c1-424b-9868-57a2d4851a1d" />
    <TestEntry testId="13caa2ac-a8f6-fd8d-092b-4da64a664c5a" executionId="cc23ac0d-08eb-495c-a361-b729817e4f53" testListId="8c84fa94-04c1-424b-9868-57a2d4851a1d" />
    <TestEntry testId="13d4ab95-1414-7811-03e7-8823a1d3b6d1" executionId="fdfdb3a4-1c28-46a5-8f77-191873d28d0b" testListId="8c84fa94-04c1-424b-9868-57a2d4851a1d" />
    <TestEntry testId="1510b5de-0adc-d68f-397e-304b14d0d872" executionId="eacaf814-e554-420d-b672-4b9febb81b12" testListId="8c84fa94-04c1-424b-9868-57a2d4851a1d" />
    <TestEntry testId="15446eac-e5d1-8f0a-f744-cb3cd9c641c7" executionId="4e0b3015-cf4b-482d-a536-218a6afe180f" testListId="8c84fa94-04c1-424b-9868-57a2d4851a1d" />
    <TestEntry testId="15eee5ec-03b7-2b3f-62ff-f766c0f78875" executionId="77fbd9fc-713d-4bcc-bc8c-211f0599511a" testListId="8c84fa94-04c1-424b-9868-57a2d4851a1d" />
    <TestEntry testId="1604b673-3185-b533-77b5-a1fcf04b160d" executionId="e6bf9055-a844-457b-b6b8-ae04af6f37a6" testListId="8c84fa94-04c1-424b-9868-57a2d4851a1d" />
    <TestEntry testId="161a504d-52d4-787a-3837-47cb7fdc172b" executionId="630b1df2-b7fe-4ac1-a77c-8469800021b8" testListId="8c84fa94-04c1-424b-9868-57a2d4851a1d" />
    <TestEntry testId="17c74e86-2a6c-cb27-d667-6f54dbf65bde" executionId="b735e61f-80ee-450d-8d01-00b24361302d" testListId="8c84fa94-04c1-424b-9868-57a2d4851a1d" />
    <TestEntry testId="1a92d4c6-be2c-ef6c-e2d4-ccc5f0564285" executionId="801ccd49-0473-4c3f-827c-9daa7aabe409" testListId="8c84fa94-04c1-424b-9868-57a2d4851a1d" />
    <TestEntry testId="1af0c77b-4d3c-a3e7-21cb-37332222dd11" executionId="c2efd24a-6015-4497-b75a-6dc19ec478c3" testListId="8c84fa94-04c1-424b-9868-57a2d4851a1d" />
    <TestEntry testId="1d53293b-a39c-108d-e97e-8d3ed479d40d" executionId="0a9b6fe9-1ba6-400a-9d78-22b1e0e4191a" testListId="8c84fa94-04c1-424b-9868-57a2d4851a1d" />
    <TestEntry testId="1fbff0c8-5e86-4d43-10de-791509c0db36" executionId="7647cd67-b33a-4d0f-8206-49387b236d2b" testListId="8c84fa94-04c1-424b-9868-57a2d4851a1d" />
    <TestEntry testId="2034f3b2-84ce-b459-b009-777707c460e9" executionId="d68c684b-12d1-4109-bb2c-e8318584b1dc" testListId="8c84fa94-04c1-424b-9868-57a2d4851a1d" />
    <TestEntry testId="2053caf7-0cee-71a7-c0a3-31f51653539e" executionId="c7f17707-0045-4594-a3d5-0f14f6820d5c" testListId="8c84fa94-04c1-424b-9868-57a2d4851a1d" />
    <TestEntry testId="21ea634d-ec3e-6f69-7865-3d6f41e7db9a" executionId="24b14791-8b4a-4f50-acb2-142ab70482ed" testListId="8c84fa94-04c1-424b-9868-57a2d4851a1d" />
    <TestEntry testId="282879a0-7b32-ff9a-e44c-1a4579417208" executionId="d02f0f9f-ebe7-449f-821a-a10d148b71ee" testListId="8c84fa94-04c1-424b-9868-57a2d4851a1d" />
    <TestEntry testId="2a736369-0faa-7bd0-3ec4-55591153ab35" executionId="01e9bcde-92b0-467a-818d-9bb329ca5a7b" testListId="8c84fa94-04c1-424b-9868-57a2d4851a1d" />
    <TestEntry testId="2b9a3f45-3c5e-f945-6521-ce395feda3cb" executionId="fa5004fe-13c7-45f4-b6e6-24e40b782a76" testListId="8c84fa94-04c1-424b-9868-57a2d4851a1d" />
    <TestEntry testId="2ba6a0e8-4d4a-7fae-c756-beed24e76cc7" executionId="86e4f66a-5387-4ae8-bebc-5f9221bfeffa" testListId="8c84fa94-04c1-424b-9868-57a2d4851a1d" />
    <TestEntry testId="2ecace38-de69-65fe-78ba-795f763f7921" executionId="130b5d1a-ddd8-43a5-9f52-07ce5a964253" testListId="8c84fa94-04c1-424b-9868-57a2d4851a1d" />
    <TestEntry testId="30fb22e9-f40e-bfdf-14ab-ef764bec1747" executionId="5b5e6c8a-e577-4050-a938-e7c12f1ed614" testListId="8c84fa94-04c1-424b-9868-57a2d4851a1d" />
    <TestEntry testId="33bbef63-045e-f45c-4904-9d2f969572f1" executionId="29ea4894-cfc0-4c20-9e0a-1e999b08be6e" testListId="8c84fa94-04c1-424b-9868-57a2d4851a1d" />
    <TestEntry testId="344d8cb8-23f2-23e3-3ec1-bef1b12c809d" executionId="bd00071c-654b-4d09-b640-fc28eba1c618" testListId="8c84fa94-04c1-424b-9868-57a2d4851a1d" />
    <TestEntry testId="35a16e41-d355-d959-88ea-aa8f91cea11b" executionId="43c6ae86-70db-499b-ba11-e50537b7c984" testListId="8c84fa94-04c1-424b-9868-57a2d4851a1d" />
    <TestEntry testId="386c50f6-2d09-529c-8336-cdd485ffb439" executionId="1b321d0b-e78a-468a-be19-d0728570a10c" testListId="8c84fa94-04c1-424b-9868-57a2d4851a1d" />
    <TestEntry testId="39634d81-9688-20c8-d77f-ba195db41378" executionId="73515066-4893-4e9e-b906-990f8a5ac58b" testListId="8c84fa94-04c1-424b-9868-57a2d4851a1d" />
    <TestEntry testId="402330e1-95b7-447a-93a7-af95d05ae424" executionId="ee9511cf-af5a-449c-916f-ffaf400d7a3c" testListId="8c84fa94-04c1-424b-9868-57a2d4851a1d" />
    <TestEntry testId="414c1d58-8de9-a775-6ff6-4a9efb4178ab" executionId="79c9accd-93be-40f4-80bc-e4a2be69c613" testListId="8c84fa94-04c1-424b-9868-57a2d4851a1d" />
    <TestEntry testId="44b2bd84-c18b-ffc2-bf52-0bd4506adf9f" executionId="5db69246-811c-408f-a43d-22ea409fa22d" testListId="8c84fa94-04c1-424b-9868-57a2d4851a1d" />
    <TestEntry testId="45dc2f0e-4af7-fb97-54f6-bad15d2a2da4" executionId="2c17b9da-edda-4e56-8005-7cc286a2d7de" testListId="8c84fa94-04c1-424b-9868-57a2d4851a1d" />
    <TestEntry testId="47e64445-4f51-07b5-3b92-f087a8ca68d5" executionId="e2e6f242-bd75-4603-a9d8-050f21006f45" testListId="8c84fa94-04c1-424b-9868-57a2d4851a1d" />
    <TestEntry testId="4aeb4eda-2347-4daf-0915-85bd224c5d85" executionId="a0a77293-52ec-4b5e-94e9-87bdff4529e3" testListId="8c84fa94-04c1-424b-9868-57a2d4851a1d" />
    <TestEntry testId="4bbd3904-7ad8-7f8b-c8e4-fd552740646a" executionId="8f2fb8dd-6683-4668-97da-8315c4dd0bb4" testListId="8c84fa94-04c1-424b-9868-57a2d4851a1d" />
    <TestEntry testId="4cca534d-1656-b797-40e9-49330488cbbd" executionId="43ea813a-0d41-40f9-a718-6ccb50cacb76" testListId="8c84fa94-04c1-424b-9868-57a2d4851a1d" />
    <TestEntry testId="51fbe3ee-5d05-0bea-05a3-3f4776bc717b" executionId="6bf6d06e-858e-42b9-9542-d5823f62b293" testListId="8c84fa94-04c1-424b-9868-57a2d4851a1d" />
    <TestEntry testId="5335332c-34c5-80ee-4a17-60db3bec8999" executionId="d3400a43-5bde-4072-aa9b-b9b0957665a7" testListId="8c84fa94-04c1-424b-9868-57a2d4851a1d" />
    <TestEntry testId="553e65a4-d49e-c86b-4f63-da6f1a61fced" executionId="04c4efff-dfcc-4d98-8264-96b20158c980" testListId="8c84fa94-04c1-424b-9868-57a2d4851a1d" />
    <TestEntry testId="565a9370-80c9-3456-28b5-ca4466bce36c" executionId="a4a7fdbe-71f4-43cc-b17f-c9b0e2431091" testListId="8c84fa94-04c1-424b-9868-57a2d4851a1d" />
    <TestEntry testId="56a5f4f5-9d87-5588-a513-0fe0d7c30e0a" executionId="5b325935-4802-4e1a-889f-e421f5ed7ded" testListId="8c84fa94-04c1-424b-9868-57a2d4851a1d" />
    <TestEntry testId="5e1a90a3-2d69-9f23-3961-d8b82f54f7e7" executionId="9b0409e3-bc75-4b81-976f-879662aea4d7" testListId="8c84fa94-04c1-424b-9868-57a2d4851a1d" />
    <TestEntry testId="5e51bd1e-dd26-d7ed-b6ba-6a8f01ee0f1b" executionId="7adc6cb0-5e1c-4788-93ee-1bd2ddc0bcee" testListId="8c84fa94-04c1-424b-9868-57a2d4851a1d" />
    <TestEntry testId="610385d3-c2b5-eeb9-1ed4-86ca6ad846de" executionId="1b544cd7-7aab-49ef-8816-7efe072e4a34" testListId="8c84fa94-04c1-424b-9868-57a2d4851a1d" />
    <TestEntry testId="61f14407-3f3d-9be6-e329-c0b10da1b351" executionId="adae9f4f-213d-428f-a522-4084b09b4703" testListId="8c84fa94-04c1-424b-9868-57a2d4851a1d" />
    <TestEntry testId="636ae8bd-e313-1098-6c8a-b8c8ef7b79b2" executionId="27008496-4191-4d10-8b56-4a082616d89a" testListId="8c84fa94-04c1-424b-9868-57a2d4851a1d" />
    <TestEntry testId="63cc42b4-1dc6-41a3-f417-45c71de20956" executionId="7c48e855-ce12-4059-9dc2-81bfedb67b70" testListId="8c84fa94-04c1-424b-9868-57a2d4851a1d" />
    <TestEntry testId="68db09fd-1e84-1d00-a06a-8d3d340b6754" executionId="2382bdb4-6b89-4be1-a1fa-893d51fb5f2c" testListId="8c84fa94-04c1-424b-9868-57a2d4851a1d" />
    <TestEntry testId="6a96f9da-adcb-f7e2-df56-cae68513bb5e" executionId="60aae77b-8163-4afc-8342-6aceb6ab4154" testListId="8c84fa94-04c1-424b-9868-57a2d4851a1d" />
    <TestEntry testId="6e30047d-c126-9623-764e-d0d0dc18feb2" executionId="5aa93258-914d-4471-bad7-ccaa75b64c0c" testListId="8c84fa94-04c1-424b-9868-57a2d4851a1d" />
    <TestEntry testId="6e6c95ba-db7f-0ed9-f253-6c4e917c2d37" executionId="a2646578-250f-4002-88ed-e3df382a387d" testListId="8c84fa94-04c1-424b-9868-57a2d4851a1d" />
    <TestEntry testId="705d2900-5b96-0c7e-5674-f042b44cf3ba" executionId="99a42bb4-22df-44a9-b13b-2909482725a0" testListId="8c84fa94-04c1-424b-9868-57a2d4851a1d" />
    <TestEntry testId="715794aa-fc77-0689-abff-ac88adbeef1b" executionId="5df98c50-c671-4de1-8441-ed3d453decd3" testListId="8c84fa94-04c1-424b-9868-57a2d4851a1d" />
    <TestEntry testId="71ffb975-3ee7-3930-0f3e-7889b95a130e" executionId="f4d7c5ed-28a8-4387-9dec-88cad9712941" testListId="8c84fa94-04c1-424b-9868-57a2d4851a1d" />
    <TestEntry testId="7256c121-b7a1-76a6-3a43-87fec1af02da" executionId="797aeb46-8ec9-4f54-992c-4528b55e4234" testListId="8c84fa94-04c1-424b-9868-57a2d4851a1d" />
    <TestEntry testId="77659b17-3c06-332d-dd10-83bcb0b96f9d" executionId="ae3e204d-14ad-427c-b6df-ee819c7051b0" testListId="8c84fa94-04c1-424b-9868-57a2d4851a1d" />
    <TestEntry testId="77c4d4bd-5fbe-4bd1-86c3-f6e38810414b" executionId="21db3c0c-499d-4cba-b8a9-e9ffe573dfa6" testListId="8c84fa94-04c1-424b-9868-57a2d4851a1d" />
    <TestEntry testId="781a4d86-46c5-931f-9ce1-d470759c5ed1" executionId="e6123e52-aaa8-4da4-8231-e0ada103afd9" testListId="8c84fa94-04c1-424b-9868-57a2d4851a1d" />
    <TestEntry testId="78b45b03-89ec-7f9c-ccf6-a39587c81578" executionId="66c2fd9a-01e5-4be9-bab1-935cb5d17bff" testListId="8c84fa94-04c1-424b-9868-57a2d4851a1d" />
    <TestEntry testId="798de980-a2f0-6011-fdc6-e140e662baa9" executionId="60d138f9-d8f9-408f-9b14-7e2cf4fd75de" testListId="8c84fa94-04c1-424b-9868-57a2d4851a1d" />
    <TestEntry testId="7a09d037-6583-9dab-921a-9e399b5c9547" executionId="154f016c-8595-444a-9a88-52e79d48dca2" testListId="8c84fa94-04c1-424b-9868-57a2d4851a1d" />
    <TestEntry testId="7ad6c21f-feaf-20c3-6794-ee2d02f21a1c" executionId="54df9cbf-74d0-4605-a26a-aa7841ee27a5" testListId="8c84fa94-04c1-424b-9868-57a2d4851a1d" />
    <TestEntry testId="7f8205c8-b606-8c59-76b5-fbdb8f56ecd0" executionId="d3898754-64dc-460a-9f1f-d87f175c69e4" testListId="8c84fa94-04c1-424b-9868-57a2d4851a1d" />
    <TestEntry testId="818a96ef-af23-e852-2659-31e5781f9e2c" executionId="2acebd9c-ed1b-4bc4-9986-6da2de87bf63" testListId="8c84fa94-04c1-424b-9868-57a2d4851a1d" />
    <TestEntry testId="81c26981-166a-e776-7c32-8b14e45e71af" executionId="e01b87ce-44b7-4fce-8b5b-dad20dbf3c64" testListId="8c84fa94-04c1-424b-9868-57a2d4851a1d" />
    <TestEntry testId="83312457-8852-ca77-37d0-bc2152068b12" executionId="a41e9863-3369-4662-bf44-6ad17d12a69f" testListId="8c84fa94-04c1-424b-9868-57a2d4851a1d" />
    <TestEntry testId="845a5988-fe07-f37a-ba6b-e712dc39166d" executionId="0e9de68c-7772-4d9d-ae46-081e23d40f2c" testListId="8c84fa94-04c1-424b-9868-57a2d4851a1d" />
    <TestEntry testId="846fd299-442f-a81b-5ff1-400c3a67c543" executionId="408a5a83-82b0-43d7-8817-bb200be6d228" testListId="8c84fa94-04c1-424b-9868-57a2d4851a1d" />
    <TestEntry testId="86053b92-a17e-53c2-7d77-530c0fa14797" executionId="99812648-195a-4674-88cb-25f0ca5ed908" testListId="8c84fa94-04c1-424b-9868-57a2d4851a1d" />
    <TestEntry testId="864cd63c-625b-94c6-46c4-e84f8efb06a6" executionId="052ed9f7-2f62-4f1e-a1b4-c9e066f237ca" testListId="8c84fa94-04c1-424b-9868-57a2d4851a1d" />
    <TestEntry testId="87c8f2b9-5e7b-9e82-cf24-bcc4c877b50d" executionId="9985a63a-4596-429e-8ccd-638bd699d55e" testListId="8c84fa94-04c1-424b-9868-57a2d4851a1d" />
    <TestEntry testId="8bf66a88-08b1-206e-6e7a-07808be453b9" executionId="d1bf6695-4b2d-4a32-a97f-ae215ba9988d" testListId="8c84fa94-04c1-424b-9868-57a2d4851a1d" />
    <TestEntry testId="8d5355e8-963b-595b-8da8-04a7226498e8" executionId="cf1da7b5-a6c3-41e7-9670-8bbf6cf3302f" testListId="8c84fa94-04c1-424b-9868-57a2d4851a1d" />
    <TestEntry testId="9042f580-80d7-070e-6671-c783c7157c04" executionId="b17d5063-d1ed-46b3-8d73-fd9d42699355" testListId="8c84fa94-04c1-424b-9868-57a2d4851a1d" />
    <TestEntry testId="920909e7-20b2-d96d-ce3c-d1b8d6e41092" executionId="f5731ffb-50d8-4ede-bdd7-d3fff002990c" testListId="8c84fa94-04c1-424b-9868-57a2d4851a1d" />
    <TestEntry testId="93695325-fb5b-b117-f5c2-6cdaee20d742" executionId="56125820-2ac2-425c-b885-9d3876abe0d9" testListId="8c84fa94-04c1-424b-9868-57a2d4851a1d" />
    <TestEntry testId="94000a80-807f-643f-04b5-3a8c67520adc" executionId="460626be-fafb-4c15-b925-3f3fed255faf" testListId="8c84fa94-04c1-424b-9868-57a2d4851a1d" />
    <TestEntry testId="94efce36-6787-804c-f9dd-d52e17e1c55e" executionId="db1eac65-d8ed-4ed9-80c5-0af07c5cc958" testListId="8c84fa94-04c1-424b-9868-57a2d4851a1d" />
    <TestEntry testId="965a56bb-5e93-1f41-fa3a-18161c642244" executionId="25201bab-ba1d-48fd-a629-c8b92e432c6f" testListId="8c84fa94-04c1-424b-9868-57a2d4851a1d" />
    <TestEntry testId="9c153991-159a-b725-d7ba-010f61b98530" executionId="902a6639-e804-453f-896b-9310c2024aed" testListId="8c84fa94-04c1-424b-9868-57a2d4851a1d" />
    <TestEntry testId="9c490088-6ee6-56ec-8017-95f63def4429" executionId="19869c28-423f-493b-b525-05aff82d8c83" testListId="8c84fa94-04c1-424b-9868-57a2d4851a1d" />
    <TestEntry testId="9d779dd2-fb32-aae7-ec06-52a95bc58283" executionId="08522a31-8de9-4fc9-8480-1420aed7373d" testListId="8c84fa94-04c1-424b-9868-57a2d4851a1d" />
    <TestEntry testId="9d918454-2feb-95e0-4026-22b2c4e3a005" executionId="82b774c9-ebcf-48cb-9ff0-d4bfc7a119f2" testListId="8c84fa94-04c1-424b-9868-57a2d4851a1d" />
    <TestEntry testId="a1ae16c5-0695-b546-0d5a-01f95dae83d0" executionId="2033f445-95ce-4d6b-9ed6-d455f2fe7112" testListId="8c84fa94-04c1-424b-9868-57a2d4851a1d" />
    <TestEntry testId="a1c72854-3dde-18e0-c9d8-83b07b0292f0" executionId="2fb2a21f-395a-49df-acfb-377d00f9c082" testListId="8c84fa94-04c1-424b-9868-57a2d4851a1d" />
    <TestEntry testId="a2972d95-ef43-ab33-2113-41690f360353" executionId="bf494129-eb09-49b3-840e-f487ecba4f8d" testListId="8c84fa94-04c1-424b-9868-57a2d4851a1d" />
    <TestEntry testId="a4c6cc76-2922-41eb-a81b-35a8f1fc4233" executionId="953ea243-8363-4027-ad35-d02bac9edbda" testListId="8c84fa94-04c1-424b-9868-57a2d4851a1d" />
    <TestEntry testId="a54f2629-8741-9051-67a0-e1a8c4b5ea10" executionId="04a69ab9-1e14-420e-b311-902258415382" testListId="8c84fa94-04c1-424b-9868-57a2d4851a1d" />
    <TestEntry testId="a71a6b83-7f57-ce8c-0c72-5da1414dfef5" executionId="dd302bd6-64ce-4c25-9535-957297b92ed0" testListId="8c84fa94-04c1-424b-9868-57a2d4851a1d" />
    <TestEntry testId="a98f558f-9bab-5d3b-882a-663d5ff5ae97" executionId="8e8c1b08-87cb-43c7-acc1-2044efcad813" testListId="8c84fa94-04c1-424b-9868-57a2d4851a1d" />
    <TestEntry testId="a9ffaa5b-f9ae-7924-38fd-a4efa57e9554" executionId="068347d2-225f-4871-b036-048b9e0c8eb2" testListId="8c84fa94-04c1-424b-9868-57a2d4851a1d" />
    <TestEntry testId="ac390c29-8921-eb5c-8cbb-15dff0c6c040" executionId="a22505e7-cda6-431c-89d3-389d4fc38510" testListId="8c84fa94-04c1-424b-9868-57a2d4851a1d" />
    <TestEntry testId="ae4afa1c-c8fc-91b6-80ab-c1099e1a8a46" executionId="e29d40d1-1b36-4958-adbc-b3aa2af42887" testListId="8c84fa94-04c1-424b-9868-57a2d4851a1d" />
    <TestEntry testId="affe1ef8-a55d-611e-f219-a825233a32ae" executionId="3af7273b-12c4-48ca-bad5-35eb33ad25cf" testListId="8c84fa94-04c1-424b-9868-57a2d4851a1d" />
    <TestEntry testId="b1842f56-d68c-936e-0289-fc1c1f6a341f" executionId="8ab203ef-a101-4119-9fac-36520764860f" testListId="8c84fa94-04c1-424b-9868-57a2d4851a1d" />
    <TestEntry testId="b1852ad4-9275-e058-ea39-b89e2980d650" executionId="14be93d8-aa28-4608-adf2-db6a109e4ac6" testListId="8c84fa94-04c1-424b-9868-57a2d4851a1d" />
    <TestEntry testId="b1c5d96c-054d-4348-7a86-0ce106021a41" executionId="80d0b33b-7bbb-4707-802b-b5b3c95b01c2" testListId="8c84fa94-04c1-424b-9868-57a2d4851a1d" />
    <TestEntry testId="b5c4ab9a-0762-76c8-cb39-93c09b1df71e" executionId="221012c6-0605-4360-a2e0-ab6a690b322b" testListId="8c84fa94-04c1-424b-9868-57a2d4851a1d" />
    <TestEntry testId="b63109c3-d21b-a6f8-7d7d-88020a21d390" executionId="25ed31ba-5d29-438d-a4ff-f8d9a5d0e678" testListId="8c84fa94-04c1-424b-9868-57a2d4851a1d" />
    <TestEntry testId="b87f554d-216c-d1a2-7ff8-323f1d9d0f4f" executionId="dd648b57-ee5c-40b0-86b5-69a62c35dc0f" testListId="8c84fa94-04c1-424b-9868-57a2d4851a1d" />
    <TestEntry testId="babca73d-0229-c679-426c-78953c0ec145" executionId="42e1aace-75c2-4b4e-a283-43084ff207d6" testListId="8c84fa94-04c1-424b-9868-57a2d4851a1d" />
    <TestEntry testId="bfb74228-802c-ebf9-5059-adacad2817c5" executionId="8959bb3b-5ee2-4609-bf99-dfd4475d09c1" testListId="8c84fa94-04c1-424b-9868-57a2d4851a1d" />
    <TestEntry testId="bfe87bac-e9fc-a821-d953-1eb8c9641d62" executionId="5f46078b-a6ee-4b97-aa6f-80b84d3c7928" testListId="8c84fa94-04c1-424b-9868-57a2d4851a1d" />
    <TestEntry testId="c09c2c2c-bf97-afdf-a556-c8b4550bee5f" executionId="328ebcae-baac-416e-acd7-66d9124ff62a" testListId="8c84fa94-04c1-424b-9868-57a2d4851a1d" />
    <TestEntry testId="c0ed1de9-8e4d-8e00-a4bf-c9b99057cab2" executionId="06e47d18-be97-443d-b797-a29b60c8a836" testListId="8c84fa94-04c1-424b-9868-57a2d4851a1d" />
    <TestEntry testId="c1046ba7-0144-8813-1bc3-01566e1bbcb4" executionId="93b58f8b-442a-45d7-88f1-2ae2879b6b61" testListId="8c84fa94-04c1-424b-9868-57a2d4851a1d" />
    <TestEntry testId="c11c787c-4fca-cfaa-5d6d-7fdc4065163a" executionId="2f118cf9-9afe-4d7f-b54a-5f142a9172da" testListId="8c84fa94-04c1-424b-9868-57a2d4851a1d" />
    <TestEntry testId="c198a53f-7d04-439f-1fbd-0b778727bf42" executionId="3c2e05fd-34cd-46e9-982a-bd56c881be0f" testListId="8c84fa94-04c1-424b-9868-57a2d4851a1d" />
    <TestEntry testId="c1b4ff73-548a-5879-276c-0c28ff414a1c" executionId="2b819353-9c5b-4146-8f03-486049466081" testListId="8c84fa94-04c1-424b-9868-57a2d4851a1d" />
    <TestEntry testId="c1c24e9f-1ef1-eaa1-585b-5748c70dad65" executionId="51482aaa-b36c-44e5-bf3f-9b99cbebd802" testListId="8c84fa94-04c1-424b-9868-57a2d4851a1d" />
    <TestEntry testId="c34800c1-01aa-78c5-5769-4dd04c7cc3d9" executionId="df2d8325-d3de-4ead-8c70-e7c6118a4cf7" testListId="8c84fa94-04c1-424b-9868-57a2d4851a1d" />
    <TestEntry testId="c3fc885b-06d0-19cb-a8e4-a4fc7aee2170" executionId="bbdd15ce-152f-40d6-908d-519639bc0a0b" testListId="8c84fa94-04c1-424b-9868-57a2d4851a1d" />
    <TestEntry testId="c574974e-922d-e123-cd45-263cf5bd394a" executionId="0ac617fe-a024-4132-aeff-b9d20c528f50" testListId="8c84fa94-04c1-424b-9868-57a2d4851a1d" />
    <TestEntry testId="c5e39726-deec-c4f7-824b-1e41432b6b87" executionId="0c07d7b0-0298-4bbd-a870-fb10ff9c5667" testListId="8c84fa94-04c1-424b-9868-57a2d4851a1d" />
    <TestEntry testId="cb9247b9-0e78-5318-b25e-4206d939f286" executionId="028af0db-2c16-4ab3-9eec-b34a57af8623" testListId="8c84fa94-04c1-424b-9868-57a2d4851a1d" />
    <TestEntry testId="cc0dd485-3eb5-47cf-79f5-71c3014c459a" executionId="7e56a910-2968-4eb4-8b84-3168228a7fae" testListId="8c84fa94-04c1-424b-9868-57a2d4851a1d" />
    <TestEntry testId="ceb208d4-f6b2-14ea-caab-c04abf814ed1" executionId="6ade8adf-85f1-49b4-acc0-6cb38a87f1a1" testListId="8c84fa94-04c1-424b-9868-57a2d4851a1d" />
    <TestEntry testId="cf7f4ea5-e033-7c9e-2653-20e77c20a6bd" executionId="62fd0d6e-fdb9-48ec-bd50-414661d011b9" testListId="8c84fa94-04c1-424b-9868-57a2d4851a1d" />
    <TestEntry testId="d7a29e06-03fa-67e4-6f87-44c551f8b54e" executionId="748776b1-17c3-40d5-9e60-440d29355336" testListId="8c84fa94-04c1-424b-9868-57a2d4851a1d" />
    <TestEntry testId="d7cc34f6-78d2-eecf-5b9f-ab76bb86da71" executionId="3c4d62d5-7ea9-4921-b149-a0dbf49ba110" testListId="8c84fa94-04c1-424b-9868-57a2d4851a1d" />
    <TestEntry testId="d87c9634-3232-495c-abe1-766a051a0ec6" executionId="e0d8301b-66ab-4761-8306-b96306b37052" testListId="8c84fa94-04c1-424b-9868-57a2d4851a1d" />
    <TestEntry testId="d917289d-258a-a478-26f6-a5a85e035c3f" executionId="466d95f4-3cb5-4b3f-b337-ed46c67ce69e" testListId="8c84fa94-04c1-424b-9868-57a2d4851a1d" />
    <TestEntry testId="da2c5789-69fe-8699-f9d7-9a2ec66b4c68" executionId="0acf0197-692d-4b52-b936-84b19b44ab17" testListId="8c84fa94-04c1-424b-9868-57a2d4851a1d" />
    <TestEntry testId="dc59e212-85a1-3e76-d4aa-2b0731bd07f1" executionId="cdb2804e-66d4-4397-84e2-786133a21a78" testListId="8c84fa94-04c1-424b-9868-57a2d4851a1d" />
    <TestEntry testId="dcd55a77-217b-2a2a-b734-243925f84d45" executionId="f33b2065-9603-4f4a-8d07-b78b05fefc3b" testListId="8c84fa94-04c1-424b-9868-57a2d4851a1d" />
    <TestEntry testId="e09c5cb1-1c0e-6e77-1183-514f09126ef8" executionId="7ce2cd53-11e7-4e2d-9a95-8db194556d39" testListId="8c84fa94-04c1-424b-9868-57a2d4851a1d" />
    <TestEntry testId="e489bd92-1fdb-dce0-d50f-126dc15b0598" executionId="5c8f20c3-83ac-4206-9f9e-6d6ccc70d883" testListId="8c84fa94-04c1-424b-9868-57a2d4851a1d" />
    <TestEntry testId="e4d4bf05-87c5-ae25-1539-415c4a3fabe0" executionId="ca6b7bdf-3333-4b9f-a331-67ecaf43814c" testListId="8c84fa94-04c1-424b-9868-57a2d4851a1d" />
    <TestEntry testId="e5f5eeb7-8767-c831-6700-d29e08cf89bb" executionId="e2b6d5d8-6515-4b27-b71d-3cc421ab57b0" testListId="8c84fa94-04c1-424b-9868-57a2d4851a1d" />
    <TestEntry testId="e7921d23-7b31-8b43-d930-5a3bc89a44b3" executionId="697533a0-7b34-4aa0-9e5e-b5d918a2b834" testListId="8c84fa94-04c1-424b-9868-57a2d4851a1d" />
    <TestEntry testId="e7c5dfe9-6c85-ed21-1287-63d333e61256" executionId="ca4555d7-0f61-445a-9f7b-40b0a5ace28f" testListId="8c84fa94-04c1-424b-9868-57a2d4851a1d" />
    <TestEntry testId="ea353cbf-1840-4b47-9557-83373d54727c" executionId="c0100d3a-dd3f-4f22-bbb6-e54d992d3d10" testListId="8c84fa94-04c1-424b-9868-57a2d4851a1d" />
    <TestEntry testId="eba5dc6e-9bfa-ee02-4059-95270e8b548f" executionId="fa45fa14-e34f-494b-adf5-07cb6fda066d" testListId="8c84fa94-04c1-424b-9868-57a2d4851a1d" />
    <TestEntry testId="ec103ee4-7d33-deea-fa5e-ea2ddfa162f6" executionId="0f346bc1-04c6-404b-af97-43aa6c77449a" testListId="8c84fa94-04c1-424b-9868-57a2d4851a1d" />
    <TestEntry testId="f0820a20-bffa-aca4-73b6-cb5b10486dcd" executionId="e9cc712e-babb-4099-b815-7aac426185b3" testListId="8c84fa94-04c1-424b-9868-57a2d4851a1d" />
    <TestEntry testId="f173e7fc-49c9-6230-eca2-9afec5f70750" executionId="efe17f3d-245a-45ed-94ed-00cdc3696a1a" testListId="8c84fa94-04c1-424b-9868-57a2d4851a1d" />
    <TestEntry testId="f19b5895-b0f7-59f0-4036-17b6609c64da" executionId="3d13a1a7-66c9-439e-85ff-1689f05da7e3" testListId="8c84fa94-04c1-424b-9868-57a2d4851a1d" />
    <TestEntry testId="f45fb43e-8e19-67de-faf5-292c20567a5c" executionId="36ce1e27-ad0e-42a8-bdac-15e0a3fdd58a" testListId="8c84fa94-04c1-424b-9868-57a2d4851a1d" />
    <TestEntry testId="f8c986a1-4d49-6c57-695c-e57bd1d77a03" executionId="261c496c-9a71-40f4-a9e7-ab1b61c45172" testListId="8c84fa94-04c1-424b-9868-57a2d4851a1d" />
    <TestEntry testId="f8dab570-907f-9537-fb70-c2f0ade97939" executionId="0f904acb-1e2a-4ff0-8b98-0b37a7b49939" testListId="8c84fa94-04c1-424b-9868-57a2d4851a1d" />
    <TestEntry testId="fc01b55b-5936-8b78-9de3-822e7b824b5a" executionId="81bbe617-ec27-4f00-909a-76526b679160" testListId="8c84fa94-04c1-424b-9868-57a2d4851a1d" />
    <TestEntry testId="fd2220b2-26eb-6999-62ad-4cbb765b850c" executionId="1252908f-c376-44d5-8f5f-e48281569c88" testListId="8c84fa94-04c1-424b-9868-57a2d4851a1d" />
    <TestEntry testId="ff3263d9-8c70-f60e-d721-c5d537b9f312" executionId="7313a31f-2751-4cee-94e1-191588a087cc" testListId="8c84fa94-04c1-424b-9868-57a2d4851a1d" />
    <TestEntry testId="ffe04048-3d0c-a00a-f497-66ad2a87b507" executionId="abd812dd-01de-4fa3-b477-5a6bbd588f43" testListId="8c84fa94-04c1-424b-9868-57a2d4851a1d" />
  </TestEntries>
  <Results>
    <UnitTestResult executionId="06d48802-56bd-4993-8834-d75ce1d999f8" testId="00175a47-f5ac-5833-baf2-7cf7b4a44a19" testName="RemoveTest" computerName="WATSON1491" duration="00:00:00.2057498" startTime="2012-03-18T19:04:23.9484731-06:00" endTime="2012-03-18T19:04:27.0776521-06:00" testType="13cdc9d9-ddb5-4fa4-a97d-d965ccfc6d4b" outcome="Passed" testListId="8c84fa94-04c1-424b-9868-57a2d4851a1d" relativeResultsDirectory="06d48802-56bd-4993-8834-d75ce1d999f8">
    </UnitTestResult>
    <UnitTestResult executionId="796eaa14-467d-4721-bd1d-e1ac714f762f" testId="00a5a340-dd24-58d6-2c39-57102dd10a93" testName="ReopenTest" computerName="WATSON1491" duration="00:00:00.0609589" startTime="2012-03-18T19:04:27.1006534-06:00" endTime="2012-03-18T19:04:29.2647772-06:00" testType="13cdc9d9-ddb5-4fa4-a97d-d965ccfc6d4b" outcome="Passed" testListId="8c84fa94-04c1-424b-9868-57a2d4851a1d" relativeResultsDirectory="796eaa14-467d-4721-bd1d-e1ac714f762f">
    </UnitTestResult>
    <UnitTestResult executionId="5481de67-0caf-4c82-8c72-cfcfda537a65" testId="00e17ed5-bd31-7476-2fee-eae2d73830e2" testName="SerializeTest" computerName="WATSON1491" duration="00:00:00.0333368" startTime="2012-03-18T19:04:29.2897786-06:00" endTime="2012-03-18T19:04:31.6809154-06:00" testType="13cdc9d9-ddb5-4fa4-a97d-d965ccfc6d4b" outcome="Passed" testListId="8c84fa94-04c1-424b-9868-57a2d4851a1d" relativeResultsDirectory="5481de67-0caf-4c82-8c72-cfcfda537a65">
    </UnitTestResult>
    <UnitTestResult executionId="bf170fda-c24a-4794-b702-c46643bcd37a" testId="01045d66-f1c1-b905-4f83-06fa33497a3c" testName="GetHashCodeTest" computerName="WATSON1491" duration="00:00:00.0205155" startTime="2012-03-18T19:04:31.7899216-06:00" endTime="2012-03-18T19:04:33.8340385-06:00" testType="13cdc9d9-ddb5-4fa4-a97d-d965ccfc6d4b" outcome="Passed" testListId="8c84fa94-04c1-424b-9868-57a2d4851a1d" relativeResultsDirectory="bf170fda-c24a-4794-b702-c46643bcd37a">
    </UnitTestResult>
    <UnitTestResult executionId="efa57988-2ff3-4e7c-8f28-4b1ec8dee080" testId="011f0b4d-330b-80d4-eb98-3a291b4151c2" testName="AllocateFillAfterSplitTest" computerName="WATSON1491" duration="00:00:00.0409677" startTime="2012-03-18T19:04:33.8610401-06:00" endTime="2012-03-18T19:04:33.9210435-06:00" testType="13cdc9d9-ddb5-4fa4-a97d-d965ccfc6d4b" outcome="Passed" testListId="8c84fa94-04c1-424b-9868-57a2d4851a1d" relativeResultsDirectory="efa57988-2ff3-4e7c-8f28-4b1ec8dee080">
    </UnitTestResult>
    <UnitTestResult executionId="56be0b84-1ba0-42b7-82be-5e524232e3ee" testId="01bc45a5-2d07-66b6-930e-fc2b22c4f6e2" testName="DataTest" computerName="WATSON1491" duration="00:00:00.0472639" startTime="2012-03-18T19:04:33.9330442-06:00" endTime="2012-03-18T19:04:35.9951621-06:00" testType="13cdc9d9-ddb5-4fa4-a97d-d965ccfc6d4b" outcome="Passed" testListId="8c84fa94-04c1-424b-9868-57a2d4851a1d" relativeResultsDirectory="56be0b84-1ba0-42b7-82be-5e524232e3ee">
    </UnitTestResult>
    <UnitTestResult executionId="a94d0eea-7caa-41ec-9ca9-e38bdc07fdf9" testId="04f7cef3-5dd1-279a-9290-195c67f3eb10" testName="DeserializeTest" computerName="WATSON1491" duration="00:00:00.3067628" startTime="2012-03-18T19:04:36.0111631-06:00" endTime="2012-03-18T19:04:38.4323015-06:00" testType="13cdc9d9-ddb5-4fa4-a97d-d965ccfc6d4b" outcome="Passed" testListId="8c84fa94-04c1-424b-9868-57a2d4851a1d" relativeResultsDirectory="a94d0eea-7caa-41ec-9ca9-e38bdc07fdf9">
    </UnitTestResult>
    <UnitTestResult executionId="667c9598-28f5-46b6-ac22-2ab6255db1d7" testId="07414e15-0007-4d7b-15c6-ec13fc17ad8b" testName="GetNextIndexTest" computerName="WATSON1491" duration="00:00:00.1263444" startTime="2012-03-18T19:04:38.5163063-06:00" endTime="2012-03-18T19:04:38.6623147-06:00" testType="13cdc9d9-ddb5-4fa4-a97d-d965ccfc6d4b" outcome="Passed" testListId="8c84fa94-04c1-424b-9868-57a2d4851a1d" relativeResultsDirectory="667c9598-28f5-46b6-ac22-2ab6255db1d7">
    </UnitTestResult>
    <UnitTestResult executionId="fa016b86-049d-46e2-8fc1-2699a5cf7873" testId="07fd6071-5ad6-8ae1-19db-6f86b098fff4" testName="FreeMiddleSpaceTest" computerName="WATSON1491" duration="00:00:00.0016508" startTime="2012-03-18T19:04:38.6823158-06:00" endTime="2012-03-18T19:04:38.6933165-06:00" testType="13cdc9d9-ddb5-4fa4-a97d-d965ccfc6d4b" outcome="Passed" testListId="8c84fa94-04c1-424b-9868-57a2d4851a1d" relativeResultsDirectory="fa016b86-049d-46e2-8fc1-2699a5cf7873">
    </UnitTestResult>
    <UnitTestResult executionId="8733dc12-e18f-4d93-adb3-6ec09b8fdf14" testId="082e8e55-223e-051e-386f-e304fa6d81fc" testName="DeserializeTest" computerName="WATSON1491" duration="00:00:00.0484062" startTime="2012-03-18T19:04:38.7063172-06:00" endTime="2012-03-18T19:04:40.7804358-06:00" testType="13cdc9d9-ddb5-4fa4-a97d-d965ccfc6d4b" outcome="Passed" testListId="8c84fa94-04c1-424b-9868-57a2d4851a1d" relativeResultsDirectory="8733dc12-e18f-4d93-adb3-6ec09b8fdf14">
    </UnitTestResult>
    <UnitTestResult executionId="7633a47c-e9b5-4584-833d-a527bedc610b" testId="0bf9df8d-121f-259e-67aa-905c5bb6c662" testName="AllocateInMiddleTest" computerName="WATSON1491" duration="00:00:00.0020730" startTime="2012-03-18T19:04:40.8134377-06:00" endTime="2012-03-18T19:04:40.8304387-06:00" testType="13cdc9d9-ddb5-4fa4-a97d-d965ccfc6d4b" outcome="Passed" testListId="8c84fa94-04c1-424b-9868-57a2d4851a1d" relativeResultsDirectory="7633a47c-e9b5-4584-833d-a527bedc610b">
    </UnitTestResult>
    <UnitTestResult executionId="81e826ec-efe2-45f7-82a5-9782ea2ef921" testId="0ef3c0a1-e279-0642-068f-cf09f20b4b4e" testName="AddToStartTest" computerName="WATSON1491" duration="00:01:08.3569098" startTime="2012-03-18T19:04:40.8464396-06:00" endTime="2012-03-18T19:05:49.2033494-06:00" testType="13cdc9d9-ddb5-4fa4-a97d-d965ccfc6d4b" outcome="Aborted" testListId="8c84fa94-04c1-424b-9868-57a2d4851a1d" relativeResultsDirectory="81e826ec-efe2-45f7-82a5-9782ea2ef921">
    </UnitTestResult>
    <UnitTestResult executionId="6fb6b562-30cf-4b95-92d2-3061cbef16b0" testId="0f7dd13b-d69f-2fef-8f8e-80f7ee7968ec" testName="AddAfterTest" computerName="WATSON1491" testType="13cdc9d9-ddb5-4fa4-a97d-d965ccfc6d4b" outcome="NotExecuted" testListId="8c84fa94-04c1-424b-9868-57a2d4851a1d" relativeResultsDirectory="6fb6b562-30cf-4b95-92d2-3061cbef16b0">
    </UnitTestResult>
    <UnitTestResult executionId="ddaec3ef-7e19-49c2-835b-e1418e7f760c" testId="11201bbf-151b-a78e-02fa-23b7cbfebd28" testName="PutGetUserHeaderTest" computerName="WATSON1491" testType="13cdc9d9-ddb5-4fa4-a97d-d965ccfc6d4b" outcome="NotExecuted" testListId="8c84fa94-04c1-424b-9868-57a2d4851a1d" relativeResultsDirectory="ddaec3ef-7e19-49c2-835b-e1418e7f760c">
    </UnitTestResult>
    <UnitTestResult executionId="afae503e-a960-480d-bbe9-a630c63f010b" testId="119f0d26-abb3-b910-6e20-3eb2e8267f66" testName="GetPutUserHeaderTest" computerName="WATSON1491" testType="13cdc9d9-ddb5-4fa4-a97d-d965ccfc6d4b" outcome="NotExecuted" testListId="8c84fa94-04c1-424b-9868-57a2d4851a1d" relativeResultsDirectory="afae503e-a960-480d-bbe9-a630c63f010b">
    </UnitTestResult>
    <UnitTestResult executionId="7ba5b227-7b97-4d20-8750-ebd9233eabb3" testId="11b05b3f-8750-268f-48a2-a9f027b23597" testName="ExtendToTest" computerName="WATSON1491" testType="13cdc9d9-ddb5-4fa4-a97d-d965ccfc6d4b" outcome="NotExecuted" testListId="8c84fa94-04c1-424b-9868-57a2d4851a1d" relativeResultsDirectory="7ba5b227-7b97-4d20-8750-ebd9233eabb3">
    </UnitTestResult>
    <UnitTestResult executionId="d61503b3-781a-4775-b025-1bcd6451f250" testId="1232c426-0c7a-7827-61d6-db854aeef3be" testName="FileAlreadyExistsTest" computerName="WATSON1491" testType="13cdc9d9-ddb5-4fa4-a97d-d965ccfc6d4b" outcome="NotExecuted" testListId="8c84fa94-04c1-424b-9868-57a2d4851a1d" relativeResultsDirectory="d61503b3-781a-4775-b025-1bcd6451f250">
    </UnitTestResult>
    <UnitTestResult executionId="96b482f7-5bfe-4479-9aa8-80965117eb86" testId="13b6656a-26f9-0ea8-7ea0-1310a5a1b2d4" testName="AllocateSplitTest" computerName="WATSON1491" testType="13cdc9d9-ddb5-4fa4-a97d-d965ccfc6d4b" outcome="NotExecuted" testListId="8c84fa94-04c1-424b-9868-57a2d4851a1d" relativeResultsDirectory="96b482f7-5bfe-4479-9aa8-80965117eb86">
    </UnitTestResult>
    <UnitTestResult executionId="cc23ac0d-08eb-495c-a361-b729817e4f53" testId="13caa2ac-a8f6-fd8d-092b-4da64a664c5a" testName="GetHeaderSizeTest" computerName="WATSON1491" testType="13cdc9d9-ddb5-4fa4-a97d-d965ccfc6d4b" outcome="NotExecuted" testListId="8c84fa94-04c1-424b-9868-57a2d4851a1d" relativeResultsDirectory="cc23ac0d-08eb-495c-a361-b729817e4f53">
    </UnitTestResult>
    <UnitTestResult executionId="fdfdb3a4-1c28-46a5-8f77-191873d28d0b" testId="13d4ab95-1414-7811-03e7-8823a1d3b6d1" testName="GetHeaderTest" computerName="WATSON1491" testType="13cdc9d9-ddb5-4fa4-a97d-d965ccfc6d4b" outcome="NotExecuted" testListId="8c84fa94-04c1-424b-9868-57a2d4851a1d" relativeResultsDirectory="fdfdb3a4-1c28-46a5-8f77-191873d28d0b">
    </UnitTestResult>
    <UnitTestResult executionId="eacaf814-e554-420d-b672-4b9febb81b12" testId="1510b5de-0adc-d68f-397e-304b14d0d872" testName="RemoveCollisionTest" computerName="WATSON1491" testType="13cdc9d9-ddb5-4fa4-a97d-d965ccfc6d4b" outcome="NotExecuted" testListId="8c84fa94-04c1-424b-9868-57a2d4851a1d" relativeResultsDirectory="eacaf814-e554-420d-b672-4b9febb81b12">
    </UnitTestResult>
    <UnitTestResult executionId="4e0b3015-cf4b-482d-a536-218a6afe180f" testId="15446eac-e5d1-8f0a-f744-cb3cd9c641c7" testName="GetRangeTest" computerName="WATSON1491" testType="13cdc9d9-ddb5-4fa4-a97d-d965ccfc6d4b" outcome="NotExecuted" testListId="8c84fa94-04c1-424b-9868-57a2d4851a1d" relativeResultsDirectory="4e0b3015-cf4b-482d-a536-218a6afe180f">
    </UnitTestResult>
    <UnitTestResult executionId="77fbd9fc-713d-4bcc-bc8c-211f0599511a" testId="15eee5ec-03b7-2b3f-62ff-f766c0f78875" testName="ReadByteTest" computerName="WATSON1491" testType="13cdc9d9-ddb5-4fa4-a97d-d965ccfc6d4b" outcome="NotExecuted" testListId="8c84fa94-04c1-424b-9868-57a2d4851a1d" relativeResultsDirectory="77fbd9fc-713d-4bcc-bc8c-211f0599511a">
    </UnitTestResult>
    <UnitTestResult executionId="e6bf9055-a844-457b-b6b8-ae04af6f37a6" testId="1604b673-3185-b533-77b5-a1fcf04b160d" testName="GetUserHeaderSizeTest" computerName="WATSON1491" testType="13cdc9d9-ddb5-4fa4-a97d-d965ccfc6d4b" outcome="NotExecuted" testListId="8c84fa94-04c1-424b-9868-57a2d4851a1d" relativeResultsDirectory="e6bf9055-a844-457b-b6b8-ae04af6f37a6">
    </UnitTestResult>
    <UnitTestResult executionId="630b1df2-b7fe-4ac1-a77c-8469800021b8" testId="161a504d-52d4-787a-3837-47cb7fdc172b" testName="SerializeTest" computerName="WATSON1491" testType="13cdc9d9-ddb5-4fa4-a97d-d965ccfc6d4b" outcome="NotExecuted" testListId="8c84fa94-04c1-424b-9868-57a2d4851a1d" relativeResultsDirectory="630b1df2-b7fe-4ac1-a77c-8469800021b8">
    </UnitTestResult>
    <UnitTestResult executionId="b735e61f-80ee-450d-8d01-00b24361302d" testId="17c74e86-2a6c-cb27-d667-6f54dbf65bde" testName="GetElementSizeTest" computerName="WATSON1491" testType="13cdc9d9-ddb5-4fa4-a97d-d965ccfc6d4b" outcome="NotExecuted" testListId="8c84fa94-04c1-424b-9868-57a2d4851a1d" relativeResultsDirectory="b735e61f-80ee-450d-8d01-00b24361302d">
    </UnitTestResult>
    <UnitTestResult executionId="801ccd49-0473-4c3f-827c-9daa7aabe409" testId="1a92d4c6-be2c-ef6c-e2d4-ccc5f0564285" testName="ToBytesTest" computerName="WATSON1491" testType="13cdc9d9-ddb5-4fa4-a97d-d965ccfc6d4b" outcome="NotExecuted" testListId="8c84fa94-04c1-424b-9868-57a2d4851a1d" relativeResultsDirectory="801ccd49-0473-4c3f-827c-9daa7aabe409">
    </UnitTestResult>
    <UnitTestResult executionId="c2efd24a-6015-4497-b75a-6dc19ec478c3" testId="1af0c77b-4d3c-a3e7-21cb-37332222dd11" testName="ReopenTest" computerName="WATSON1491" testType="13cdc9d9-ddb5-4fa4-a97d-d965ccfc6d4b" outcome="NotExecuted" testListId="8c84fa94-04c1-424b-9868-57a2d4851a1d" relativeResultsDirectory="c2efd24a-6015-4497-b75a-6dc19ec478c3">
    </UnitTestResult>
    <UnitTestResult executionId="0a9b6fe9-1ba6-400a-9d78-22b1e0e4191a" testId="1d53293b-a39c-108d-e97e-8d3ed479d40d" testName="DeleteTest" computerName="WATSON1491" testType="13cdc9d9-ddb5-4fa4-a97d-d965ccfc6d4b" outcome="NotExecuted" testListId="8c84fa94-04c1-424b-9868-57a2d4851a1d" relativeResultsDirectory="0a9b6fe9-1ba6-400a-9d78-22b1e0e4191a">
    </UnitTestResult>
    <UnitTestResult executionId="7647cd67-b33a-4d0f-8206-49387b236d2b" testId="1fbff0c8-5e86-4d43-10de-791509c0db36" testName="CtorTest" computerName="WATSON1491" testType="13cdc9d9-ddb5-4fa4-a97d-d965ccfc6d4b" outcome="NotExecuted" testListId="8c84fa94-04c1-424b-9868-57a2d4851a1d" relativeResultsDirectory="7647cd67-b33a-4d0f-8206-49387b236d2b">
    </UnitTestResult>
    <UnitTestResult executionId="d68c684b-12d1-4109-bb2c-e8318584b1dc" testId="2034f3b2-84ce-b459-b009-777707c460e9" testName="RemoveEndTest" computerName="WATSON1491" testType="13cdc9d9-ddb5-4fa4-a97d-d965ccfc6d4b" outcome="NotExecuted" testListId="8c84fa94-04c1-424b-9868-57a2d4851a1d" relativeResultsDirectory="d68c684b-12d1-4109-bb2c-e8318584b1dc">
    </UnitTestResult>
    <UnitTestResult executionId="c7f17707-0045-4594-a3d5-0f14f6820d5c" testId="2053caf7-0cee-71a7-c0a3-31f51653539e" testName="WriteToStorageTest" computerName="WATSON1491" testType="13cdc9d9-ddb5-4fa4-a97d-d965ccfc6d4b" outcome="NotExecuted" testListId="8c84fa94-04c1-424b-9868-57a2d4851a1d" relativeResultsDirectory="c7f17707-0045-4594-a3d5-0f14f6820d5c">
    </UnitTestResult>
    <UnitTestResult executionId="24b14791-8b4a-4f50-acb2-142ab70482ed" testId="21ea634d-ec3e-6f69-7865-3d6f41e7db9a" testName="SerializeTest" computerName="WATSON1491" testType="13cdc9d9-ddb5-4fa4-a97d-d965ccfc6d4b" outcome="NotExecuted" testListId="8c84fa94-04c1-424b-9868-57a2d4851a1d" relativeResultsDirectory="24b14791-8b4a-4f50-acb2-142ab70482ed">
    </UnitTestResult>
    <UnitTestResult executionId="d02f0f9f-ebe7-449f-821a-a10d148b71ee" testId="282879a0-7b32-ff9a-e44c-1a4579417208" testName="SizeInBytesTest" computerName="WATSON1491" testType="13cdc9d9-ddb5-4fa4-a97d-d965ccfc6d4b" outcome="NotExecuted" testListId="8c84fa94-04c1-424b-9868-57a2d4851a1d" relativeResultsDirectory="d02f0f9f-ebe7-449f-821a-a10d148b71ee">
    </UnitTestResult>
    <UnitTestResult executionId="01e9bcde-92b0-467a-818d-9bb329ca5a7b" testId="2a736369-0faa-7bd0-3ec4-55591153ab35" testName="SplitTest" computerName="WATSON1491" testType="13cdc9d9-ddb5-4fa4-a97d-d965ccfc6d4b" outcome="NotExecuted" testListId="8c84fa94-04c1-424b-9868-57a2d4851a1d" relativeResultsDirectory="01e9bcde-92b0-467a-818d-9bb329ca5a7b">
    </UnitTestResult>
    <UnitTestResult executionId="fa5004fe-13c7-45f4-b6e6-24e40b782a76" testId="2b9a3f45-3c5e-f945-6521-ce395feda3cb" testName="CtorTest" computerName="WATSON1491" testType="13cdc9d9-ddb5-4fa4-a97d-d965ccfc6d4b" outcome="NotExecuted" testListId="8c84fa94-04c1-424b-9868-57a2d4851a1d" relativeResultsDirectory="fa5004fe-13c7-45f4-b6e6-24e40b782a76">
    </UnitTestResult>
    <UnitTestResult executionId="86e4f66a-5387-4ae8-bebc-5f9221bfeffa" testId="2ba6a0e8-4d4a-7fae-c756-beed24e76cc7" testName="GetPutTest" computerName="WATSON1491" testType="13cdc9d9-ddb5-4fa4-a97d-d965ccfc6d4b" outcome="NotExecuted" testListId="8c84fa94-04c1-424b-9868-57a2d4851a1d" relativeResultsDirectory="86e4f66a-5387-4ae8-bebc-5f9221bfeffa">
    </UnitTestResult>
    <UnitTestResult executionId="130b5d1a-ddd8-43a5-9f52-07ce5a964253" testId="2ecace38-de69-65fe-78ba-795f763f7921" testName="CtorTest" computerName="WATSON1491" testType="13cdc9d9-ddb5-4fa4-a97d-d965ccfc6d4b" outcome="NotExecuted" testListId="8c84fa94-04c1-424b-9868-57a2d4851a1d" relativeResultsDirectory="130b5d1a-ddd8-43a5-9f52-07ce5a964253">
    </UnitTestResult>
    <UnitTestResult executionId="5b5e6c8a-e577-4050-a938-e7c12f1ed614" testId="30fb22e9-f40e-bfdf-14ab-ef764bec1747" testName="ReopenTest" computerName="WATSON1491" testType="13cdc9d9-ddb5-4fa4-a97d-d965ccfc6d4b" outcome="NotExecuted" testListId="8c84fa94-04c1-424b-9868-57a2d4851a1d" relativeResultsDirectory="5b5e6c8a-e577-4050-a938-e7c12f1ed614">
    </UnitTestResult>
    <UnitTestResult executionId="29ea4894-cfc0-4c20-9e0a-1e999b08be6e" testId="33bbef63-045e-f45c-4904-9d2f969572f1" testName="WriteIntTest" computerName="WATSON1491" testType="13cdc9d9-ddb5-4fa4-a97d-d965ccfc6d4b" outcome="NotExecuted" testListId="8c84fa94-04c1-424b-9868-57a2d4851a1d" relativeResultsDirectory="29ea4894-cfc0-4c20-9e0a-1e999b08be6e">
    </UnitTestResult>
    <UnitTestResult executionId="bd00071c-654b-4d09-b640-fc28eba1c618" testId="344d8cb8-23f2-23e3-3ec1-bef1b12c809d" testName="GetFileNameTest" computerName="WATSON1491" testType="13cdc9d9-ddb5-4fa4-a97d-d965ccfc6d4b" outcome="NotExecuted" testListId="8c84fa94-04c1-424b-9868-57a2d4851a1d" relativeResultsDirectory="bd00071c-654b-4d09-b640-fc28eba1c618">
    </UnitTestResult>
    <UnitTestResult executionId="43c6ae86-70db-499b-ba11-e50537b7c984" testId="35a16e41-d355-d959-88ea-aa8f91cea11b" testName="DeserializeTest" computerName="WATSON1491" testType="13cdc9d9-ddb5-4fa4-a97d-d965ccfc6d4b" outcome="NotExecuted" testListId="8c84fa94-04c1-424b-9868-57a2d4851a1d" relativeResultsDirectory="43c6ae86-70db-499b-ba11-e50537b7c984">
    </UnitTestResult>
    <UnitTestResult executionId="1b321d0b-e78a-468a-be19-d0728570a10c" testId="386c50f6-2d09-529c-8336-cdd485ffb439" testName="GetTest" computerName="WATSON1491" testType="13cdc9d9-ddb5-4fa4-a97d-d965ccfc6d4b" outcome="NotExecuted" testListId="8c84fa94-04c1-424b-9868-57a2d4851a1d" relativeResultsDirectory="1b321d0b-e78a-468a-be19-d0728570a10c">
    </UnitTestResult>
    <UnitTestResult executionId="73515066-4893-4e9e-b906-990f8a5ac58b" testId="39634d81-9688-20c8-d77f-ba195db41378" testName="FreeAddSpaceToMiddleOfFreeListTest" computerName="WATSON1491" testType="13cdc9d9-ddb5-4fa4-a97d-d965ccfc6d4b" outcome="NotExecuted" testListId="8c84fa94-04c1-424b-9868-57a2d4851a1d" relativeResultsDirectory="73515066-4893-4e9e-b906-990f8a5ac58b">
    </UnitTestResult>
    <UnitTestResult executionId="ee9511cf-af5a-449c-916f-ffaf400d7a3c" testId="402330e1-95b7-447a-93a7-af95d05ae424" testName="WriteReadStorageTest" computerName="WATSON1491" testType="13cdc9d9-ddb5-4fa4-a97d-d965ccfc6d4b" outcome="NotExecuted" testListId="8c84fa94-04c1-424b-9868-57a2d4851a1d" relativeResultsDirectory="ee9511cf-af5a-449c-916f-ffaf400d7a3c">
    </UnitTestResult>
    <UnitTestResult executionId="79c9accd-93be-40f4-80bc-e4a2be69c613" testId="414c1d58-8de9-a775-6ff6-4a9efb4178ab" testName="CreateCtorTest" computerName="WATSON1491" testType="13cdc9d9-ddb5-4fa4-a97d-d965ccfc6d4b" outcome="NotExecuted" testListId="8c84fa94-04c1-424b-9868-57a2d4851a1d" relativeResultsDirectory="79c9accd-93be-40f4-80bc-e4a2be69c613">
    </UnitTestResult>
    <UnitTestResult executionId="5db69246-811c-408f-a43d-22ea409fa22d" testId="44b2bd84-c18b-ffc2-bf52-0bd4506adf9f" testName="GetNextIndexTest" computerName="WATSON1491" testType="13cdc9d9-ddb5-4fa4-a97d-d965ccfc6d4b" outcome="NotExecuted" testListId="8c84fa94-04c1-424b-9868-57a2d4851a1d" relativeResultsDirectory="5db69246-811c-408f-a43d-22ea409fa22d">
    </UnitTestResult>
    <UnitTestResult executionId="2c17b9da-edda-4e56-8005-7cc286a2d7de" testId="45dc2f0e-4af7-fb97-54f6-bad15d2a2da4" testName="GetDataTest" computerName="WATSON1491" testType="13cdc9d9-ddb5-4fa4-a97d-d965ccfc6d4b" outcome="NotExecuted" testListId="8c84fa94-04c1-424b-9868-57a2d4851a1d" relativeResultsDirectory="2c17b9da-edda-4e56-8005-7cc286a2d7de">
    </UnitTestResult>
    <UnitTestResult executionId="e2e6f242-bd75-4603-a9d8-050f21006f45" testId="47e64445-4f51-07b5-3b92-f087a8ca68d5" testName="PutGetTest" computerName="WATSON1491" testType="13cdc9d9-ddb5-4fa4-a97d-d965ccfc6d4b" outcome="NotExecuted" testListId="8c84fa94-04c1-424b-9868-57a2d4851a1d" relativeResultsDirectory="e2e6f242-bd75-4603-a9d8-050f21006f45">
    </UnitTestResult>
    <UnitTestResult executionId="a0a77293-52ec-4b5e-94e9-87bdff4529e3" testId="4aeb4eda-2347-4daf-0915-85bd224c5d85" testName="GetTest" computerName="WATSON1491" testType="13cdc9d9-ddb5-4fa4-a97d-d965ccfc6d4b" outcome="NotExecuted" testListId="8c84fa94-04c1-424b-9868-57a2d4851a1d" relativeResultsDirectory="a0a77293-52ec-4b5e-94e9-87bdff4529e3">
    </UnitTestResult>
    <UnitTestResult executionId="8f2fb8dd-6683-4668-97da-8315c4dd0bb4" testId="4bbd3904-7ad8-7f8b-c8e4-fd552740646a" testName="RemoveTest" computerName="WATSON1491" testType="13cdc9d9-ddb5-4fa4-a97d-d965ccfc6d4b" outcome="NotExecuted" testListId="8c84fa94-04c1-424b-9868-57a2d4851a1d" relativeResultsDirectory="8f2fb8dd-6683-4668-97da-8315c4dd0bb4">
    </UnitTestResult>
    <UnitTestResult executionId="43ea813a-0d41-40f9-a718-6ccb50cacb76" testId="4cca534d-1656-b797-40e9-49330488cbbd" testName="CtorTest" computerName="WATSON1491" testType="13cdc9d9-ddb5-4fa4-a97d-d965ccfc6d4b" outcome="NotExecuted" testListId="8c84fa94-04c1-424b-9868-57a2d4851a1d" relativeResultsDirectory="43ea813a-0d41-40f9-a718-6ccb50cacb76">
    </UnitTestResult>
    <UnitTestResult executionId="6bf6d06e-858e-42b9-9542-d5823f62b293" testId="51fbe3ee-5d05-0bea-05a3-3f4776bc717b" testName="CtorTest" computerName="WATSON1491" testType="13cdc9d9-ddb5-4fa4-a97d-d965ccfc6d4b" outcome="NotExecuted" testListId="8c84fa94-04c1-424b-9868-57a2d4851a1d" relativeResultsDirectory="6bf6d06e-858e-42b9-9542-d5823f62b293">
    </UnitTestResult>
    <UnitTestResult executionId="d3400a43-5bde-4072-aa9b-b9b0957665a7" testId="5335332c-34c5-80ee-4a17-60db3bec8999" testName="EmptyNameTest" computerName="WATSON1491" testType="13cdc9d9-ddb5-4fa4-a97d-d965ccfc6d4b" outcome="NotExecuted" testListId="8c84fa94-04c1-424b-9868-57a2d4851a1d" relativeResultsDirectory="d3400a43-5bde-4072-aa9b-b9b0957665a7">
    </UnitTestResult>
    <UnitTestResult executionId="04c4efff-dfcc-4d98-8264-96b20158c980" testId="553e65a4-d49e-c86b-4f63-da6f1a61fced" testName="GetUserHeaderSizeTest" computerName="WATSON1491" testType="13cdc9d9-ddb5-4fa4-a97d-d965ccfc6d4b" outcome="NotExecuted" testListId="8c84fa94-04c1-424b-9868-57a2d4851a1d" relativeResultsDirectory="04c4efff-dfcc-4d98-8264-96b20158c980">
    </UnitTestResult>
    <UnitTestResult executionId="a4a7fdbe-71f4-43cc-b17f-c9b0e2431091" testId="565a9370-80c9-3456-28b5-ca4466bce36c" testName="GetPreviousTest" computerName="WATSON1491" testType="13cdc9d9-ddb5-4fa4-a97d-d965ccfc6d4b" outcome="NotExecuted" testListId="8c84fa94-04c1-424b-9868-57a2d4851a1d" relativeResultsDirectory="a4a7fdbe-71f4-43cc-b17f-c9b0e2431091">
    </UnitTestResult>
    <UnitTestResult executionId="5b325935-4802-4e1a-889f-e421f5ed7ded" testId="56a5f4f5-9d87-5588-a513-0fe0d7c30e0a" testName="AllocateBlockTest" computerName="WATSON1491" testType="13cdc9d9-ddb5-4fa4-a97d-d965ccfc6d4b" outcome="NotExecuted" testListId="8c84fa94-04c1-424b-9868-57a2d4851a1d" relativeResultsDirectory="5b325935-4802-4e1a-889f-e421f5ed7ded">
    </UnitTestResult>
    <UnitTestResult executionId="9b0409e3-bc75-4b81-976f-879662aea4d7" testId="5e1a90a3-2d69-9f23-3961-d8b82f54f7e7" testName="DeserializeTest" computerName="WATSON1491" testType="13cdc9d9-ddb5-4fa4-a97d-d965ccfc6d4b" outcome="NotExecuted" testListId="8c84fa94-04c1-424b-9868-57a2d4851a1d" relativeResultsDirectory="9b0409e3-bc75-4b81-976f-879662aea4d7">
    </UnitTestResult>
    <UnitTestResult executionId="7adc6cb0-5e1c-4788-93ee-1bd2ddc0bcee" testId="5e51bd1e-dd26-d7ed-b6ba-6a8f01ee0f1b" testName="GetUserHeaderTest" computerName="WATSON1491" testType="13cdc9d9-ddb5-4fa4-a97d-d965ccfc6d4b" outcome="NotExecuted" testListId="8c84fa94-04c1-424b-9868-57a2d4851a1d" relativeResultsDirectory="7adc6cb0-5e1c-4788-93ee-1bd2ddc0bcee">
    </UnitTestResult>
    <UnitTestResult executionId="1b544cd7-7aab-49ef-8816-7efe072e4a34" testId="610385d3-c2b5-eeb9-1ed4-86ca6ad846de" testName="SeekTest" computerName="WATSON1491" testType="13cdc9d9-ddb5-4fa4-a97d-d965ccfc6d4b" outcome="NotExecuted" testListId="8c84fa94-04c1-424b-9868-57a2d4851a1d" relativeResultsDirectory="1b544cd7-7aab-49ef-8816-7efe072e4a34">
    </UnitTestResult>
    <UnitTestResult executionId="adae9f4f-213d-428f-a522-4084b09b4703" testId="61f14407-3f3d-9be6-e329-c0b10da1b351" testName="ReopenTest" computerName="WATSON1491" testType="13cdc9d9-ddb5-4fa4-a97d-d965ccfc6d4b" outcome="NotExecuted" testListId="8c84fa94-04c1-424b-9868-57a2d4851a1d" relativeResultsDirectory="adae9f4f-213d-428f-a522-4084b09b4703">
    </UnitTestResult>
    <UnitTestResult executionId="27008496-4191-4d10-8b56-4a082616d89a" testId="636ae8bd-e313-1098-6c8a-b8c8ef7b79b2" testName="DeserializeTest" computerName="WATSON1491" testType="13cdc9d9-ddb5-4fa4-a97d-d965ccfc6d4b" outcome="NotExecuted" testListId="8c84fa94-04c1-424b-9868-57a2d4851a1d" relativeResultsDirectory="27008496-4191-4d10-8b56-4a082616d89a">
    </UnitTestResult>
    <UnitTestResult executionId="7c48e855-ce12-4059-9dc2-81bfedb67b70" testId="63cc42b4-1dc6-41a3-f417-45c71de20956" testName="AssertNotBadNodeIndexTest" computerName="WATSON1491" testType="13cdc9d9-ddb5-4fa4-a97d-d965ccfc6d4b" outcome="NotExecuted" testListId="8c84fa94-04c1-424b-9868-57a2d4851a1d" relativeResultsDirectory="7c48e855-ce12-4059-9dc2-81bfedb67b70">
    </UnitTestResult>
    <UnitTestResult executionId="2382bdb4-6b89-4be1-a1fa-893d51fb5f2c" testId="68db09fd-1e84-1d00-a06a-8d3d340b6754" testName="GetTest" computerName="WATSON1491" testType="13cdc9d9-ddb5-4fa4-a97d-d965ccfc6d4b" outcome="NotExecuted" testListId="8c84fa94-04c1-424b-9868-57a2d4851a1d" relativeResultsDirectory="2382bdb4-6b89-4be1-a1fa-893d51fb5f2c">
    </UnitTestResult>
    <UnitTestResult executionId="60aae77b-8163-4afc-8342-6aceb6ab4154" testId="6a96f9da-adcb-f7e2-df56-cae68513bb5e" testName="FillUpTableTest" computerName="WATSON1491" testType="13cdc9d9-ddb5-4fa4-a97d-d965ccfc6d4b" outcome="NotExecuted" testListId="8c84fa94-04c1-424b-9868-57a2d4851a1d" relativeResultsDirectory="60aae77b-8163-4afc-8342-6aceb6ab4154">
    </UnitTestResult>
    <UnitTestResult executionId="5aa93258-914d-4471-bad7-ccaa75b64c0c" testId="6e30047d-c126-9623-764e-d0d0dc18feb2" testName="CopyIntoTest" computerName="WATSON1491" testType="13cdc9d9-ddb5-4fa4-a97d-d965ccfc6d4b" outcome="NotExecuted" testListId="8c84fa94-04c1-424b-9868-57a2d4851a1d" relativeResultsDirectory="5aa93258-914d-4471-bad7-ccaa75b64c0c">
    </UnitTestResult>
    <UnitTestResult executionId="a2646578-250f-4002-88ed-e3df382a387d" testId="6e6c95ba-db7f-0ed9-f253-6c4e917c2d37" testName="AddBeforeTest" computerName="WATSON1491" testType="13cdc9d9-ddb5-4fa4-a97d-d965ccfc6d4b" outcome="NotExecuted" testListId="8c84fa94-04c1-424b-9868-57a2d4851a1d" relativeResultsDirectory="a2646578-250f-4002-88ed-e3df382a387d">
    </UnitTestResult>
    <UnitTestResult executionId="99a42bb4-22df-44a9-b13b-2909482725a0" testId="705d2900-5b96-0c7e-5674-f042b44cf3ba" testName="PutGetAmountTest" computerName="WATSON1491" testType="13cdc9d9-ddb5-4fa4-a97d-d965ccfc6d4b" outcome="NotExecuted" testListId="8c84fa94-04c1-424b-9868-57a2d4851a1d" relativeResultsDirectory="99a42bb4-22df-44a9-b13b-2909482725a0">
    </UnitTestResult>
    <UnitTestResult executionId="5df98c50-c671-4de1-8441-ed3d453decd3" testId="715794aa-fc77-0689-abff-ac88adbeef1b" testName="SetChildTest" computerName="WATSON1491" testType="13cdc9d9-ddb5-4fa4-a97d-d965ccfc6d4b" outcome="NotExecuted" testListId="8c84fa94-04c1-424b-9868-57a2d4851a1d" relativeResultsDirectory="5df98c50-c671-4de1-8441-ed3d453decd3">
    </UnitTestResult>
    <UnitTestResult executionId="f4d7c5ed-28a8-4387-9dec-88cad9712941" testId="71ffb975-3ee7-3930-0f3e-7889b95a130e" testName="CloseTest" computerName="WATSON1491" testType="13cdc9d9-ddb5-4fa4-a97d-d965ccfc6d4b" outcome="NotExecuted" testListId="8c84fa94-04c1-424b-9868-57a2d4851a1d" relativeResultsDirectory="f4d7c5ed-28a8-4387-9dec-88cad9712941">
    </UnitTestResult>
    <UnitTestResult executionId="797aeb46-8ec9-4f54-992c-4528b55e4234" testId="7256c121-b7a1-76a6-3a43-87fec1af02da" testName="InsertThrowsTest" computerName="WATSON1491" testType="13cdc9d9-ddb5-4fa4-a97d-d965ccfc6d4b" outcome="NotExecuted" testListId="8c84fa94-04c1-424b-9868-57a2d4851a1d" relativeResultsDirectory="797aeb46-8ec9-4f54-992c-4528b55e4234">
    </UnitTestResult>
    <UnitTestResult executionId="ae3e204d-14ad-427c-b6df-ee819c7051b0" testId="77659b17-3c06-332d-dd10-83bcb0b96f9d" testName="SingletonTest" computerName="WATSON1491" testType="13cdc9d9-ddb5-4fa4-a97d-d965ccfc6d4b" outcome="NotExecuted" testListId="8c84fa94-04c1-424b-9868-57a2d4851a1d" relativeResultsDirectory="ae3e204d-14ad-427c-b6df-ee819c7051b0">
    </UnitTestResult>
    <UnitTestResult executionId="21db3c0c-499d-4cba-b8a9-e9ffe573dfa6" testId="77c4d4bd-5fbe-4bd1-86c3-f6e38810414b" testName="CloseTest" computerName="WATSON1491" testType="13cdc9d9-ddb5-4fa4-a97d-d965ccfc6d4b" outcome="NotExecuted" testListId="8c84fa94-04c1-424b-9868-57a2d4851a1d" relativeResultsDirectory="21db3c0c-499d-4cba-b8a9-e9ffe573dfa6">
    </UnitTestResult>
    <UnitTestResult executionId="e6123e52-aaa8-4da4-8231-e0ada103afd9" testId="781a4d86-46c5-931f-9ce1-d470759c5ed1" testName="CtorTest" computerName="WATSON1491" testType="13cdc9d9-ddb5-4fa4-a97d-d965ccfc6d4b" outcome="NotExecuted" testListId="8c84fa94-04c1-424b-9868-57a2d4851a1d" relativeResultsDirectory="e6123e52-aaa8-4da4-8231-e0ada103afd9">
    </UnitTestResult>
    <UnitTestResult executionId="66c2fd9a-01e5-4be9-bab1-935cb5d17bff" testId="78b45b03-89ec-7f9c-ccf6-a39587c81578" testName="CtorTest" computerName="WATSON1491" testType="13cdc9d9-ddb5-4fa4-a97d-d965ccfc6d4b" outcome="NotExecuted" testListId="8c84fa94-04c1-424b-9868-57a2d4851a1d" relativeResultsDirectory="66c2fd9a-01e5-4be9-bab1-935cb5d17bff">
    </UnitTestResult>
    <UnitTestResult executionId="60d138f9-d8f9-408f-9b14-7e2cf4fd75de" testId="798de980-a2f0-6011-fdc6-e140e662baa9" testName="WriteByteTest" computerName="WATSON1491" testType="13cdc9d9-ddb5-4fa4-a97d-d965ccfc6d4b" outcome="NotExecuted" testListId="8c84fa94-04c1-424b-9868-57a2d4851a1d" relativeResultsDirectory="60d138f9-d8f9-408f-9b14-7e2cf4fd75de">
    </UnitTestResult>
    <UnitTestResult executionId="154f016c-8595-444a-9a88-52e79d48dca2" testId="7a09d037-6583-9dab-921a-9e399b5c9547" testName="ReadIntTest" computerName="WATSON1491" testType="13cdc9d9-ddb5-4fa4-a97d-d965ccfc6d4b" outcome="NotExecuted" testListId="8c84fa94-04c1-424b-9868-57a2d4851a1d" relativeResultsDirectory="154f016c-8595-444a-9a88-52e79d48dca2">
    </UnitTestResult>
    <UnitTestResult executionId="54df9cbf-74d0-4605-a26a-aa7841ee27a5" testId="7ad6c21f-feaf-20c3-6794-ee2d02f21a1c" testName="PutGetUserHeaderTest" computerName="WATSON1491" testType="13cdc9d9-ddb5-4fa4-a97d-d965ccfc6d4b" outcome="NotExecuted" testListId="8c84fa94-04c1-424b-9868-57a2d4851a1d" relativeResultsDirectory="54df9cbf-74d0-4605-a26a-aa7841ee27a5">
    </UnitTestResult>
    <UnitTestResult executionId="d3898754-64dc-460a-9f1f-d87f175c69e4" testId="7f8205c8-b606-8c59-76b5-fbdb8f56ecd0" testName="WriteIntTest" computerName="WATSON1491" testType="13cdc9d9-ddb5-4fa4-a97d-d965ccfc6d4b" outcome="NotExecuted" testListId="8c84fa94-04c1-424b-9868-57a2d4851a1d" relativeResultsDirectory="d3898754-64dc-460a-9f1f-d87f175c69e4">
    </UnitTestResult>
    <UnitTestResult executionId="2acebd9c-ed1b-4bc4-9986-6da2de87bf63" testId="818a96ef-af23-e852-2659-31e5781f9e2c" testName="LRUElementCacheCtorTest" computerName="WATSON1491" testType="13cdc9d9-ddb5-4fa4-a97d-d965ccfc6d4b" outcome="NotExecuted" testListId="8c84fa94-04c1-424b-9868-57a2d4851a1d" relativeResultsDirectory="2acebd9c-ed1b-4bc4-9986-6da2de87bf63">
    </UnitTestResult>
    <UnitTestResult executionId="e01b87ce-44b7-4fce-8b5b-dad20dbf3c64" testId="81c26981-166a-e776-7c32-8b14e45e71af" testName="SetParentTest" computerName="WATSON1491" testType="13cdc9d9-ddb5-4fa4-a97d-d965ccfc6d4b" outcome="NotExecuted" testListId="8c84fa94-04c1-424b-9868-57a2d4851a1d" relativeResultsDirectory="e01b87ce-44b7-4fce-8b5b-dad20dbf3c64">
    </UnitTestResult>
    <UnitTestResult executionId="a41e9863-3369-4662-bf44-6ad17d12a69f" testId="83312457-8852-ca77-37d0-bc2152068b12" testName="GetUserHeaderSizeTest" computerName="WATSON1491" testType="13cdc9d9-ddb5-4fa4-a97d-d965ccfc6d4b" outcome="NotExecuted" testListId="8c84fa94-04c1-424b-9868-57a2d4851a1d" relativeResultsDirectory="a41e9863-3369-4662-bf44-6ad17d12a69f">
    </UnitTestResult>
    <UnitTestResult executionId="0e9de68c-7772-4d9d-ae46-081e23d40f2c" testId="845a5988-fe07-f37a-ba6b-e712dc39166d" testName="GetUserHeaderSizeTest" computerName="WATSON1491" testType="13cdc9d9-ddb5-4fa4-a97d-d965ccfc6d4b" outcome="NotExecuted" testListId="8c84fa94-04c1-424b-9868-57a2d4851a1d" relativeResultsDirectory="0e9de68c-7772-4d9d-ae46-081e23d40f2c">
    </UnitTestResult>
    <UnitTestResult executionId="408a5a83-82b0-43d7-8817-bb200be6d228" testId="846fd299-442f-a81b-5ff1-400c3a67c543" testName="FreeMergeBeforeTest" computerName="WATSON1491" testType="13cdc9d9-ddb5-4fa4-a97d-d965ccfc6d4b" outcome="NotExecuted" testListId="8c84fa94-04c1-424b-9868-57a2d4851a1d" relativeResultsDirectory="408a5a83-82b0-43d7-8817-bb200be6d228">
    </UnitTestResult>
    <UnitTestResult executionId="99812648-195a-4674-88cb-25f0ca5ed908" testId="86053b92-a17e-53c2-7d77-530c0fa14797" testName="NoArrayTest" computerName="WATSON1491" testType="13cdc9d9-ddb5-4fa4-a97d-d965ccfc6d4b" outcome="NotExecuted" testListId="8c84fa94-04c1-424b-9868-57a2d4851a1d" relativeResultsDirectory="99812648-195a-4674-88cb-25f0ca5ed908">
    </UnitTestResult>
    <UnitTestResult executionId="052ed9f7-2f62-4f1e-a1b4-c9e066f237ca" testId="864cd63c-625b-94c6-46c4-e84f8efb06a6" testName="UserSizeTest" computerName="WATSON1491" testType="13cdc9d9-ddb5-4fa4-a97d-d965ccfc6d4b" outcome="NotExecuted" testListId="8c84fa94-04c1-424b-9868-57a2d4851a1d" relativeResultsDirectory="052ed9f7-2f62-4f1e-a1b4-c9e066f237ca">
    </UnitTestResult>
    <UnitTestResult executionId="9985a63a-4596-429e-8ccd-638bd699d55e" testId="87c8f2b9-5e7b-9e82-cf24-bcc4c877b50d" testName="SubArrayTest" computerName="WATSON1491" testType="13cdc9d9-ddb5-4fa4-a97d-d965ccfc6d4b" outcome="NotExecuted" testListId="8c84fa94-04c1-424b-9868-57a2d4851a1d" relativeResultsDirectory="9985a63a-4596-429e-8ccd-638bd699d55e">
    </UnitTestResult>
    <UnitTestResult executionId="d1bf6695-4b2d-4a32-a97f-ae215ba9988d" testId="8bf66a88-08b1-206e-6e7a-07808be453b9" testName="UpdateTest" computerName="WATSON1491" testType="13cdc9d9-ddb5-4fa4-a97d-d965ccfc6d4b" outcome="NotExecuted" testListId="8c84fa94-04c1-424b-9868-57a2d4851a1d" relativeResultsDirectory="d1bf6695-4b2d-4a32-a97f-ae215ba9988d">
    </UnitTestResult>
    <UnitTestResult executionId="cf1da7b5-a6c3-41e7-9670-8bbf6cf3302f" testId="8d5355e8-963b-595b-8da8-04a7226498e8" testName="ReadFromStorageTest" computerName="WATSON1491" testType="13cdc9d9-ddb5-4fa4-a97d-d965ccfc6d4b" outcome="NotExecuted" testListId="8c84fa94-04c1-424b-9868-57a2d4851a1d" relativeResultsDirectory="cf1da7b5-a6c3-41e7-9670-8bbf6cf3302f">
    </UnitTestResult>
    <UnitTestResult executionId="b17d5063-d1ed-46b3-8d73-fd9d42699355" testId="9042f580-80d7-070e-6671-c783c7157c04" testName="Append2Test" computerName="WATSON1491" testType="13cdc9d9-ddb5-4fa4-a97d-d965ccfc6d4b" outcome="NotExecuted" testListId="8c84fa94-04c1-424b-9868-57a2d4851a1d" relativeResultsDirectory="b17d5063-d1ed-46b3-8d73-fd9d42699355">
    </UnitTestResult>
    <UnitTestResult executionId="f5731ffb-50d8-4ede-bdd7-d3fff002990c" testId="920909e7-20b2-d96d-ce3c-d1b8d6e41092" testName="ReopenTest" computerName="WATSON1491" testType="13cdc9d9-ddb5-4fa4-a97d-d965ccfc6d4b" outcome="NotExecuted" testListId="8c84fa94-04c1-424b-9868-57a2d4851a1d" relativeResultsDirectory="f5731ffb-50d8-4ede-bdd7-d3fff002990c">
    </UnitTestResult>
    <UnitTestResult executionId="56125820-2ac2-425c-b885-9d3876abe0d9" testId="93695325-fb5b-b117-f5c2-6cdaee20d742" testName="FileDoesntExistTest" computerName="WATSON1491" testType="13cdc9d9-ddb5-4fa4-a97d-d965ccfc6d4b" outcome="NotExecuted" testListId="8c84fa94-04c1-424b-9868-57a2d4851a1d" relativeResultsDirectory="56125820-2ac2-425c-b885-9d3876abe0d9">
    </UnitTestResult>
    <UnitTestResult executionId="460626be-fafb-4c15-b925-3f3fed255faf" testId="94000a80-807f-643f-04b5-3a8c67520adc" testName="PutGetUserHeaderTest" computerName="WATSON1491" testType="13cdc9d9-ddb5-4fa4-a97d-d965ccfc6d4b" outcome="NotExecuted" testListId="8c84fa94-04c1-424b-9868-57a2d4851a1d" relativeResultsDirectory="460626be-fafb-4c15-b925-3f3fed255faf">
    </UnitTestResult>
    <UnitTestResult executionId="db1eac65-d8ed-4ed9-80c5-0af07c5cc958" testId="94efce36-6787-804c-f9dd-d52e17e1c55e" testName="CloseTest" computerName="WATSON1491" testType="13cdc9d9-ddb5-4fa4-a97d-d965ccfc6d4b" outcome="NotExecuted" testListId="8c84fa94-04c1-424b-9868-57a2d4851a1d" relativeResultsDirectory="db1eac65-d8ed-4ed9-80c5-0af07c5cc958">
    </UnitTestResult>
    <UnitTestResult executionId="25201bab-ba1d-48fd-a629-c8b92e432c6f" testId="965a56bb-5e93-1f41-fa3a-18161c642244" testName="ReadByteArrayTest" computerName="WATSON1491" testType="13cdc9d9-ddb5-4fa4-a97d-d965ccfc6d4b" outcome="NotExecuted" testListId="8c84fa94-04c1-424b-9868-57a2d4851a1d" relativeResultsDirectory="25201bab-ba1d-48fd-a629-c8b92e432c6f">
    </UnitTestResult>
    <UnitTestResult executionId="902a6639-e804-453f-896b-9310c2024aed" testId="9c153991-159a-b725-d7ba-010f61b98530" testName="RandomAccessFileConstructorTest" computerName="WATSON1491" testType="13cdc9d9-ddb5-4fa4-a97d-d965ccfc6d4b" outcome="NotExecuted" testListId="8c84fa94-04c1-424b-9868-57a2d4851a1d" relativeResultsDirectory="902a6639-e804-453f-896b-9310c2024aed">
    </UnitTestResult>
    <UnitTestResult executionId="19869c28-423f-493b-b525-05aff82d8c83" testId="9c490088-6ee6-56ec-8017-95f63def4429" testName="CtorTest" computerName="WATSON1491" testType="13cdc9d9-ddb5-4fa4-a97d-d965ccfc6d4b" outcome="NotExecuted" testListId="8c84fa94-04c1-424b-9868-57a2d4851a1d" relativeResultsDirectory="19869c28-423f-493b-b525-05aff82d8c83">
    </UnitTestResult>
    <UnitTestResult executionId="08522a31-8de9-4fc9-8480-1420aed7373d" testId="9d779dd2-fb32-aae7-ec06-52a95bc58283" testName="FreeFirstSpaceTest" computerName="WATSON1491" testType="13cdc9d9-ddb5-4fa4-a97d-d965ccfc6d4b" outcome="NotExecuted" testListId="8c84fa94-04c1-424b-9868-57a2d4851a1d" relativeResultsDirectory="08522a31-8de9-4fc9-8480-1420aed7373d">
    </UnitTestResult>
    <UnitTestResult executionId="82b774c9-ebcf-48cb-9ff0-d4bfc7a119f2" testId="9d918454-2feb-95e0-4026-22b2c4e3a005" testName="FreeAddSpaceToEndOfFreeListTest" computerName="WATSON1491" testType="13cdc9d9-ddb5-4fa4-a97d-d965ccfc6d4b" outcome="NotExecuted" testListId="8c84fa94-04c1-424b-9868-57a2d4851a1d" relativeResultsDirectory="82b774c9-ebcf-48cb-9ff0-d4bfc7a119f2">
    </UnitTestResult>
    <UnitTestResult executionId="2033f445-95ce-4d6b-9ed6-d455f2fe7112" testId="a1ae16c5-0695-b546-0d5a-01f95dae83d0" testName="GetFirstTest" computerName="WATSON1491" testType="13cdc9d9-ddb5-4fa4-a97d-d965ccfc6d4b" outcome="NotExecuted" testListId="8c84fa94-04c1-424b-9868-57a2d4851a1d" relativeResultsDirectory="2033f445-95ce-4d6b-9ed6-d455f2fe7112">
    </UnitTestResult>
    <UnitTestResult executionId="2fb2a21f-395a-49df-acfb-377d00f9c082" testId="a1c72854-3dde-18e0-c9d8-83b07b0292f0" testName="StartIndexTest" computerName="WATSON1491" testType="13cdc9d9-ddb5-4fa4-a97d-d965ccfc6d4b" outcome="NotExecuted" testListId="8c84fa94-04c1-424b-9868-57a2d4851a1d" relativeResultsDirectory="2fb2a21f-395a-49df-acfb-377d00f9c082">
    </UnitTestResult>
    <UnitTestResult executionId="bf494129-eb09-49b3-840e-f487ecba4f8d" testId="a2972d95-ef43-ab33-2113-41690f360353" testName="GetNextIndexTest" computerName="WATSON1491" testType="13cdc9d9-ddb5-4fa4-a97d-d965ccfc6d4b" outcome="NotExecuted" testListId="8c84fa94-04c1-424b-9868-57a2d4851a1d" relativeResultsDirectory="bf494129-eb09-49b3-840e-f487ecba4f8d">
    </UnitTestResult>
    <UnitTestResult executionId="953ea243-8363-4027-ad35-d02bac9edbda" testId="a4c6cc76-2922-41eb-a81b-35a8f1fc4233" testName="GetUserHeaderSizeTest" computerName="WATSON1491" testType="13cdc9d9-ddb5-4fa4-a97d-d965ccfc6d4b" outcome="NotExecuted" testListId="8c84fa94-04c1-424b-9868-57a2d4851a1d" relativeResultsDirectory="953ea243-8363-4027-ad35-d02bac9edbda">
    </UnitTestResult>
    <UnitTestResult executionId="04a69ab9-1e14-420e-b311-902258415382" testId="a54f2629-8741-9051-67a0-e1a8c4b5ea10" testName="GetElementSizeTest" computerName="WATSON1491" testType="13cdc9d9-ddb5-4fa4-a97d-d965ccfc6d4b" outcome="NotExecuted" testListId="8c84fa94-04c1-424b-9868-57a2d4851a1d" relativeResultsDirectory="04a69ab9-1e14-420e-b311-902258415382">
    </UnitTestResult>
    <UnitTestResult executionId="dd302bd6-64ce-4c25-9535-957297b92ed0" testId="a71a6b83-7f57-ce8c-0c72-5da1414dfef5" testName="WipeIndexTest" computerName="WATSON1491" testType="13cdc9d9-ddb5-4fa4-a97d-d965ccfc6d4b" outcome="NotExecuted" testListId="8c84fa94-04c1-424b-9868-57a2d4851a1d" relativeResultsDirectory="dd302bd6-64ce-4c25-9535-957297b92ed0">
    </UnitTestResult>
    <UnitTestResult executionId="8e8c1b08-87cb-43c7-acc1-2044efcad813" testId="a98f558f-9bab-5d3b-882a-663d5ff5ae97" testName="GetUserHeaderSizeTest" computerName="WATSON1491" testType="13cdc9d9-ddb5-4fa4-a97d-d965ccfc6d4b" outcome="NotExecuted" testListId="8c84fa94-04c1-424b-9868-57a2d4851a1d" relativeResultsDirectory="8e8c1b08-87cb-43c7-acc1-2044efcad813">
    </UnitTestResult>
    <UnitTestResult executionId="068347d2-225f-4871-b036-048b9e0c8eb2" testId="a9ffaa5b-f9ae-7924-38fd-a4efa57e9554" testName="UserHeaderConstructorTest" computerName="WATSON1491" testType="13cdc9d9-ddb5-4fa4-a97d-d965ccfc6d4b" outcome="NotExecuted" testListId="8c84fa94-04c1-424b-9868-57a2d4851a1d" relativeResultsDirectory="068347d2-225f-4871-b036-048b9e0c8eb2">
    </UnitTestResult>
    <UnitTestResult executionId="a22505e7-cda6-431c-89d3-389d4fc38510" testId="ac390c29-8921-eb5c-8cbb-15dff0c6c040" testName="MoveToHeadTest" computerName="WATSON1491" testType="13cdc9d9-ddb5-4fa4-a97d-d965ccfc6d4b" outcome="NotExecuted" testListId="8c84fa94-04c1-424b-9868-57a2d4851a1d" relativeResultsDirectory="a22505e7-cda6-431c-89d3-389d4fc38510">
    </UnitTestResult>
    <UnitTestResult executionId="e29d40d1-1b36-4958-adbc-b3aa2af42887" testId="ae4afa1c-c8fc-91b6-80ab-c1099e1a8a46" testName="PutGetTest" computerName="WATSON1491" testType="13cdc9d9-ddb5-4fa4-a97d-d965ccfc6d4b" outcome="NotExecuted" testListId="8c84fa94-04c1-424b-9868-57a2d4851a1d" relativeResultsDirectory="e29d40d1-1b36-4958-adbc-b3aa2af42887">
    </UnitTestResult>
    <UnitTestResult executionId="3af7273b-12c4-48ca-bad5-35eb33ad25cf" testId="affe1ef8-a55d-611e-f219-a825233a32ae" testName="InsertTest" computerName="WATSON1491" testType="13cdc9d9-ddb5-4fa4-a97d-d965ccfc6d4b" outcome="NotExecuted" testListId="8c84fa94-04c1-424b-9868-57a2d4851a1d" relativeResultsDirectory="3af7273b-12c4-48ca-bad5-35eb33ad25cf">
    </UnitTestResult>
    <UnitTestResult executionId="8ab203ef-a101-4119-9fac-36520764860f" testId="b1842f56-d68c-936e-0289-fc1c1f6a341f" testName="WipeIndexTest" computerName="WATSON1491" testType="13cdc9d9-ddb5-4fa4-a97d-d965ccfc6d4b" outcome="NotExecuted" testListId="8c84fa94-04c1-424b-9868-57a2d4851a1d" relativeResultsDirectory="8ab203ef-a101-4119-9fac-36520764860f">
    </UnitTestResult>
    <UnitTestResult executionId="14be93d8-aa28-4608-adf2-db6a109e4ac6" testId="b1852ad4-9275-e058-ea39-b89e2980d650" testName="PutTest" computerName="WATSON1491" testType="13cdc9d9-ddb5-4fa4-a97d-d965ccfc6d4b" outcome="NotExecuted" testListId="8c84fa94-04c1-424b-9868-57a2d4851a1d" relativeResultsDirectory="14be93d8-aa28-4608-adf2-db6a109e4ac6">
    </UnitTestResult>
    <UnitTestResult executionId="80d0b33b-7bbb-4707-802b-b5b3c95b01c2" testId="b1c5d96c-054d-4348-7a86-0ce106021a41" testName="NodeCtorTest" computerName="WATSON1491" testType="13cdc9d9-ddb5-4fa4-a97d-d965ccfc6d4b" outcome="NotExecuted" testListId="8c84fa94-04c1-424b-9868-57a2d4851a1d" relativeResultsDirectory="80d0b33b-7bbb-4707-802b-b5b3c95b01c2">
    </UnitTestResult>
    <UnitTestResult executionId="221012c6-0605-4360-a2e0-ab6a690b322b" testId="b5c4ab9a-0762-76c8-cb39-93c09b1df71e" testName="FreeMergeBothTest" computerName="WATSON1491" testType="13cdc9d9-ddb5-4fa4-a97d-d965ccfc6d4b" outcome="NotExecuted" testListId="8c84fa94-04c1-424b-9868-57a2d4851a1d" relativeResultsDirectory="221012c6-0605-4360-a2e0-ab6a690b322b">
    </UnitTestResult>
    <UnitTestResult executionId="25ed31ba-5d29-438d-a4ff-f8d9a5d0e678" testId="b63109c3-d21b-a6f8-7d7d-88020a21d390" testName="AllocateInARowTest" computerName="WATSON1491" testType="13cdc9d9-ddb5-4fa4-a97d-d965ccfc6d4b" outcome="NotExecuted" testListId="8c84fa94-04c1-424b-9868-57a2d4851a1d" relativeResultsDirectory="25ed31ba-5d29-438d-a4ff-f8d9a5d0e678">
    </UnitTestResult>
    <UnitTestResult executionId="dd648b57-ee5c-40b0-86b5-69a62c35dc0f" testId="b87f554d-216c-d1a2-7ff8-323f1d9d0f4f" testName="CreateTooSmallTest" computerName="WATSON1491" testType="13cdc9d9-ddb5-4fa4-a97d-d965ccfc6d4b" outcome="NotExecuted" testListId="8c84fa94-04c1-424b-9868-57a2d4851a1d" relativeResultsDirectory="dd648b57-ee5c-40b0-86b5-69a62c35dc0f">
    </UnitTestResult>
    <UnitTestResult executionId="42e1aace-75c2-4b4e-a283-43084ff207d6" testId="babca73d-0229-c679-426c-78953c0ec145" testName="AllocateTooSmallSize" computerName="WATSON1491" testType="13cdc9d9-ddb5-4fa4-a97d-d965ccfc6d4b" outcome="NotExecuted" testListId="8c84fa94-04c1-424b-9868-57a2d4851a1d" relativeResultsDirectory="42e1aace-75c2-4b4e-a283-43084ff207d6">
    </UnitTestResult>
    <UnitTestResult executionId="8959bb3b-5ee2-4609-bf99-dfd4475d09c1" testId="bfb74228-802c-ebf9-5059-adacad2817c5" testName="PutGetTest" computerName="WATSON1491" testType="13cdc9d9-ddb5-4fa4-a97d-d965ccfc6d4b" outcome="NotExecuted" testListId="8c84fa94-04c1-424b-9868-57a2d4851a1d" relativeResultsDirectory="8959bb3b-5ee2-4609-bf99-dfd4475d09c1">
    </UnitTestResult>
    <UnitTestResult executionId="5f46078b-a6ee-4b97-aa6f-80b84d3c7928" testId="bfe87bac-e9fc-a821-d953-1eb8c9641d62" testName="ReopenTest" computerName="WATSON1491" testType="13cdc9d9-ddb5-4fa4-a97d-d965ccfc6d4b" outcome="NotExecuted" testListId="8c84fa94-04c1-424b-9868-57a2d4851a1d" relativeResultsDirectory="5f46078b-a6ee-4b97-aa6f-80b84d3c7928">
    </UnitTestResult>
    <UnitTestResult executionId="328ebcae-baac-416e-acd7-66d9124ff62a" testId="c09c2c2c-bf97-afdf-a556-c8b4550bee5f" testName="EqualsBytesTest" computerName="WATSON1491" testType="13cdc9d9-ddb5-4fa4-a97d-d965ccfc6d4b" outcome="NotExecuted" testListId="8c84fa94-04c1-424b-9868-57a2d4851a1d" relativeResultsDirectory="328ebcae-baac-416e-acd7-66d9124ff62a">
    </UnitTestResult>
    <UnitTestResult executionId="06e47d18-be97-443d-b797-a29b60c8a836" testId="c0ed1de9-8e4d-8e00-a4bf-c9b99057cab2" testName="GetUserHeaderSizeTest" computerName="WATSON1491" testType="13cdc9d9-ddb5-4fa4-a97d-d965ccfc6d4b" outcome="NotExecuted" testListId="8c84fa94-04c1-424b-9868-57a2d4851a1d" relativeResultsDirectory="06e47d18-be97-443d-b797-a29b60c8a836">
    </UnitTestResult>
    <UnitTestResult executionId="93b58f8b-442a-45d7-88f1-2ae2879b6b61" testId="c1046ba7-0144-8813-1bc3-01566e1bbcb4" testName="CtorOpenTest" computerName="WATSON1491" testType="13cdc9d9-ddb5-4fa4-a97d-d965ccfc6d4b" outcome="NotExecuted" testListId="8c84fa94-04c1-424b-9868-57a2d4851a1d" relativeResultsDirectory="93b58f8b-442a-45d7-88f1-2ae2879b6b61">
    </UnitTestResult>
    <UnitTestResult executionId="2f118cf9-9afe-4d7f-b54a-5f142a9172da" testId="c11c787c-4fca-cfaa-5d6d-7fdc4065163a" testName="FreeBlockTest" computerName="WATSON1491" testType="13cdc9d9-ddb5-4fa4-a97d-d965ccfc6d4b" outcome="NotExecuted" testListId="8c84fa94-04c1-424b-9868-57a2d4851a1d" relativeResultsDirectory="2f118cf9-9afe-4d7f-b54a-5f142a9172da">
    </UnitTestResult>
    <UnitTestResult executionId="3c2e05fd-34cd-46e9-982a-bd56c881be0f" testId="c198a53f-7d04-439f-1fbd-0b778727bf42" testName="PutGetCollisionsTest" computerName="WATSON1491" testType="13cdc9d9-ddb5-4fa4-a97d-d965ccfc6d4b" outcome="NotExecuted" testListId="8c84fa94-04c1-424b-9868-57a2d4851a1d" relativeResultsDirectory="3c2e05fd-34cd-46e9-982a-bd56c881be0f">
    </UnitTestResult>
    <UnitTestResult executionId="2b819353-9c5b-4146-8f03-486049466081" testId="c1b4ff73-548a-5879-276c-0c28ff414a1c" testName="MergeBeforeTest" computerName="WATSON1491" testType="13cdc9d9-ddb5-4fa4-a97d-d965ccfc6d4b" outcome="NotExecuted" testListId="8c84fa94-04c1-424b-9868-57a2d4851a1d" relativeResultsDirectory="2b819353-9c5b-4146-8f03-486049466081">
    </UnitTestResult>
    <UnitTestResult executionId="51482aaa-b36c-44e5-bf3f-9b99cbebd802" testId="c1c24e9f-1ef1-eaa1-585b-5748c70dad65" testName="CtorCreateTest" computerName="WATSON1491" testType="13cdc9d9-ddb5-4fa4-a97d-d965ccfc6d4b" outcome="NotExecuted" testListId="8c84fa94-04c1-424b-9868-57a2d4851a1d" relativeResultsDirectory="51482aaa-b36c-44e5-bf3f-9b99cbebd802">
    </UnitTestResult>
    <UnitTestResult executionId="df2d8325-d3de-4ead-8c70-e7c6118a4cf7" testId="c34800c1-01aa-78c5-5769-4dd04c7cc3d9" testName="FreeMergeAfterTest" computerName="WATSON1491" testType="13cdc9d9-ddb5-4fa4-a97d-d965ccfc6d4b" outcome="NotExecuted" testListId="8c84fa94-04c1-424b-9868-57a2d4851a1d" relativeResultsDirectory="df2d8325-d3de-4ead-8c70-e7c6118a4cf7">
    </UnitTestResult>
    <UnitTestResult executionId="bbdd15ce-152f-40d6-908d-519639bc0a0b" testId="c3fc885b-06d0-19cb-a8e4-a4fc7aee2170" testName="WriteByteArrayTest" computerName="WATSON1491" testType="13cdc9d9-ddb5-4fa4-a97d-d965ccfc6d4b" outcome="NotExecuted" testListId="8c84fa94-04c1-424b-9868-57a2d4851a1d" relativeResultsDirectory="bbdd15ce-152f-40d6-908d-519639bc0a0b">
    </UnitTestResult>
    <UnitTestResult executionId="0ac617fe-a024-4132-aeff-b9d20c528f50" testId="c574974e-922d-e123-cd45-263cf5bd394a" testName="DeserializeTest" computerName="WATSON1491" testType="13cdc9d9-ddb5-4fa4-a97d-d965ccfc6d4b" outcome="NotExecuted" testListId="8c84fa94-04c1-424b-9868-57a2d4851a1d" relativeResultsDirectory="0ac617fe-a024-4132-aeff-b9d20c528f50">
    </UnitTestResult>
    <UnitTestResult executionId="0c07d7b0-0298-4bbd-a870-fb10ff9c5667" testId="c5e39726-deec-c4f7-824b-1e41432b6b87" testName="GetNextIndexTest" computerName="WATSON1491" testType="13cdc9d9-ddb5-4fa4-a97d-d965ccfc6d4b" outcome="NotExecuted" testListId="8c84fa94-04c1-424b-9868-57a2d4851a1d" relativeResultsDirectory="0c07d7b0-0298-4bbd-a870-fb10ff9c5667">
    </UnitTestResult>
    <UnitTestResult executionId="028af0db-2c16-4ab3-9eec-b34a57af8623" testId="cb9247b9-0e78-5318-b25e-4206d939f286" testName="AllocateAtEndOfFreeSpaceListTest" computerName="WATSON1491" testType="13cdc9d9-ddb5-4fa4-a97d-d965ccfc6d4b" outcome="NotExecuted" testListId="8c84fa94-04c1-424b-9868-57a2d4851a1d" relativeResultsDirectory="028af0db-2c16-4ab3-9eec-b34a57af8623">
    </UnitTestResult>
    <UnitTestResult executionId="7e56a910-2968-4eb4-8b84-3168228a7fae" testId="cc0dd485-3eb5-47cf-79f5-71c3014c459a" testName="ToIntTest" computerName="WATSON1491" testType="13cdc9d9-ddb5-4fa4-a97d-d965ccfc6d4b" outcome="NotExecuted" testListId="8c84fa94-04c1-424b-9868-57a2d4851a1d" relativeResultsDirectory="7e56a910-2968-4eb4-8b84-3168228a7fae">
    </UnitTestResult>
    <UnitTestResult executionId="6ade8adf-85f1-49b4-acc0-6cb38a87f1a1" testId="ceb208d4-f6b2-14ea-caab-c04abf814ed1" testName="SerializeTest" computerName="WATSON1491" testType="13cdc9d9-ddb5-4fa4-a97d-d965ccfc6d4b" outcome="NotExecuted" testListId="8c84fa94-04c1-424b-9868-57a2d4851a1d" relativeResultsDirectory="6ade8adf-85f1-49b4-acc0-6cb38a87f1a1">
    </UnitTestResult>
    <UnitTestResult executionId="62fd0d6e-fdb9-48ec-bd50-414661d011b9" testId="cf7f4ea5-e033-7c9e-2653-20e77c20a6bd" testName="CloseTest" computerName="WATSON1491" testType="13cdc9d9-ddb5-4fa4-a97d-d965ccfc6d4b" outcome="NotExecuted" testListId="8c84fa94-04c1-424b-9868-57a2d4851a1d" relativeResultsDirectory="62fd0d6e-fdb9-48ec-bd50-414661d011b9">
    </UnitTestResult>
    <UnitTestResult executionId="748776b1-17c3-40d5-9e60-440d29355336" testId="d7a29e06-03fa-67e4-6f87-44c551f8b54e" testName="ElementCtorTest" computerName="WATSON1491" testType="13cdc9d9-ddb5-4fa4-a97d-d965ccfc6d4b" outcome="NotExecuted" testListId="8c84fa94-04c1-424b-9868-57a2d4851a1d" relativeResultsDirectory="748776b1-17c3-40d5-9e60-440d29355336">
    </UnitTestResult>
    <UnitTestResult executionId="3c4d62d5-7ea9-4921-b149-a0dbf49ba110" testId="d7cc34f6-78d2-eecf-5b9f-ab76bb86da71" testName="GetPutUserHeaderTest" computerName="WATSON1491" testType="13cdc9d9-ddb5-4fa4-a97d-d965ccfc6d4b" outcome="NotExecuted" testListId="8c84fa94-04c1-424b-9868-57a2d4851a1d" relativeResultsDirectory="3c4d62d5-7ea9-4921-b149-a0dbf49ba110">
    </UnitTestResult>
    <UnitTestResult executionId="e0d8301b-66ab-4761-8306-b96306b37052" testId="d87c9634-3232-495c-abe1-766a051a0ec6" testName="FreeLastSpaceTest" computerName="WATSON1491" testType="13cdc9d9-ddb5-4fa4-a97d-d965ccfc6d4b" outcome="NotExecuted" testListId="8c84fa94-04c1-424b-9868-57a2d4851a1d" relativeResultsDirectory="e0d8301b-66ab-4761-8306-b96306b37052">
    </UnitTestResult>
    <UnitTestResult executionId="466d95f4-3cb5-4b3f-b337-ed46c67ce69e" testId="d917289d-258a-a478-26f6-a5a85e035c3f" testName="GetPathToNameTest" computerName="WATSON1491" testType="13cdc9d9-ddb5-4fa4-a97d-d965ccfc6d4b" outcome="NotExecuted" testListId="8c84fa94-04c1-424b-9868-57a2d4851a1d" relativeResultsDirectory="466d95f4-3cb5-4b3f-b337-ed46c67ce69e">
    </UnitTestResult>
    <UnitTestResult executionId="0acf0197-692d-4b52-b936-84b19b44ab17" testId="da2c5789-69fe-8699-f9d7-9a2ec66b4c68" testName="CopyTest" computerName="WATSON1491" testType="13cdc9d9-ddb5-4fa4-a97d-d965ccfc6d4b" outcome="NotExecuted" testListId="8c84fa94-04c1-424b-9868-57a2d4851a1d" relativeResultsDirectory="0acf0197-692d-4b52-b936-84b19b44ab17">
    </UnitTestResult>
    <UnitTestResult executionId="cdb2804e-66d4-4397-84e2-786133a21a78" testId="dc59e212-85a1-3e76-d4aa-2b0731bd07f1" testName="CtorTest" computerName="WATSON1491" testType="13cdc9d9-ddb5-4fa4-a97d-d965ccfc6d4b" outcome="NotExecuted" testListId="8c84fa94-04c1-424b-9868-57a2d4851a1d" relativeResultsDirectory="cdb2804e-66d4-4397-84e2-786133a21a78">
    </UnitTestResult>
    <UnitTestResult executionId="f33b2065-9603-4f4a-8d07-b78b05fefc3b" testId="dcd55a77-217b-2a2a-b734-243925f84d45" testName="SerializeTest" computerName="WATSON1491" testType="13cdc9d9-ddb5-4fa4-a97d-d965ccfc6d4b" outcome="NotExecuted" testListId="8c84fa94-04c1-424b-9868-57a2d4851a1d" relativeResultsDirectory="f33b2065-9603-4f4a-8d07-b78b05fefc3b">
    </UnitTestResult>
    <UnitTestResult executionId="7ce2cd53-11e7-4e2d-9a95-8db194556d39" testId="e09c5cb1-1c0e-6e77-1183-514f09126ef8" testName="FreeAddSpaceToStartOfFreeListTest" computerName="WATSON1491" testType="13cdc9d9-ddb5-4fa4-a97d-d965ccfc6d4b" outcome="NotExecuted" testListId="8c84fa94-04c1-424b-9868-57a2d4851a1d" relativeResultsDirectory="7ce2cd53-11e7-4e2d-9a95-8db194556d39">
    </UnitTestResult>
    <UnitTestResult executionId="5c8f20c3-83ac-4206-9f9e-6d6ccc70d883" testId="e489bd92-1fdb-dce0-d50f-126dc15b0598" testName="Append1Test" computerName="WATSON1491" testType="13cdc9d9-ddb5-4fa4-a97d-d965ccfc6d4b" outcome="NotExecuted" testListId="8c84fa94-04c1-424b-9868-57a2d4851a1d" relativeResultsDirectory="5c8f20c3-83ac-4206-9f9e-6d6ccc70d883">
    </UnitTestResult>
    <UnitTestResult executionId="ca6b7bdf-3333-4b9f-a331-67ecaf43814c" testId="e4d4bf05-87c5-ae25-1539-415c4a3fabe0" testName="MultitonTest" computerName="WATSON1491" testType="13cdc9d9-ddb5-4fa4-a97d-d965ccfc6d4b" outcome="NotExecuted" testListId="8c84fa94-04c1-424b-9868-57a2d4851a1d" relativeResultsDirectory="ca6b7bdf-3333-4b9f-a331-67ecaf43814c">
    </UnitTestResult>
    <UnitTestResult executionId="e2b6d5d8-6515-4b27-b71d-3cc421ab57b0" testId="e5f5eeb7-8767-c831-6700-d29e08cf89bb" testName="AddToEndTest" computerName="WATSON1491" testType="13cdc9d9-ddb5-4fa4-a97d-d965ccfc6d4b" outcome="NotExecuted" testListId="8c84fa94-04c1-424b-9868-57a2d4851a1d" relativeResultsDirectory="e2b6d5d8-6515-4b27-b71d-3cc421ab57b0">
    </UnitTestResult>
    <UnitTestResult executionId="697533a0-7b34-4aa0-9e5e-b5d918a2b834" testId="e7921d23-7b31-8b43-d930-5a3bc89a44b3" testName="LengthTest" computerName="WATSON1491" testType="13cdc9d9-ddb5-4fa4-a97d-d965ccfc6d4b" outcome="NotExecuted" testListId="8c84fa94-04c1-424b-9868-57a2d4851a1d" relativeResultsDirectory="697533a0-7b34-4aa0-9e5e-b5d918a2b834">
    </UnitTestResult>
    <UnitTestResult executionId="ca4555d7-0f61-445a-9f7b-40b0a5ace28f" testId="e7c5dfe9-6c85-ed21-1287-63d333e61256" testName="CreateTest" computerName="WATSON1491" testType="13cdc9d9-ddb5-4fa4-a97d-d965ccfc6d4b" outcome="NotExecuted" testListId="8c84fa94-04c1-424b-9868-57a2d4851a1d" relativeResultsDirectory="ca4555d7-0f61-445a-9f7b-40b0a5ace28f">
    </UnitTestResult>
    <UnitTestResult executionId="c0100d3a-dd3f-4f22-bbb6-e54d992d3d10" testId="ea353cbf-1840-4b47-9557-83373d54727c" testName="LRUDoublyLinkedListCtorTest" computerName="WATSON1491" testType="13cdc9d9-ddb5-4fa4-a97d-d965ccfc6d4b" outcome="NotExecuted" testListId="8c84fa94-04c1-424b-9868-57a2d4851a1d" relativeResultsDirectory="c0100d3a-dd3f-4f22-bbb6-e54d992d3d10">
    </UnitTestResult>
    <UnitTestResult executionId="fa45fa14-e34f-494b-adf5-07cb6fda066d" testId="eba5dc6e-9bfa-ee02-4059-95270e8b548f" testName="PutGetUserHeaderTest" computerName="WATSON1491" testType="13cdc9d9-ddb5-4fa4-a97d-d965ccfc6d4b" outcome="NotExecuted" testListId="8c84fa94-04c1-424b-9868-57a2d4851a1d" relativeResultsDirectory="fa45fa14-e34f-494b-adf5-07cb6fda066d">
    </UnitTestResult>
    <UnitTestResult executionId="0f346bc1-04c6-404b-af97-43aa6c77449a" testId="ec103ee4-7d33-deea-fa5e-ea2ddfa162f6" testName="CloseTest" computerName="WATSON1491" testType="13cdc9d9-ddb5-4fa4-a97d-d965ccfc6d4b" outcome="NotExecuted" testListId="8c84fa94-04c1-424b-9868-57a2d4851a1d" relativeResultsDirectory="0f346bc1-04c6-404b-af97-43aa6c77449a">
    </UnitTestResult>
    <UnitTestResult executionId="e9cc712e-babb-4099-b815-7aac426185b3" testId="f0820a20-bffa-aca4-73b6-cb5b10486dcd" testName="InsertLinksCorrectlyTest" computerName="WATSON1491" testType="13cdc9d9-ddb5-4fa4-a97d-d965ccfc6d4b" outcome="NotExecuted" testListId="8c84fa94-04c1-424b-9868-57a2d4851a1d" relativeResultsDirectory="e9cc712e-babb-4099-b815-7aac426185b3">
    </UnitTestResult>
    <UnitTestResult executionId="efe17f3d-245a-45ed-94ed-00cdc3696a1a" testId="f173e7fc-49c9-6230-eca2-9afec5f70750" testName="SerializeTest" computerName="WATSON1491" testType="13cdc9d9-ddb5-4fa4-a97d-d965ccfc6d4b" outcome="NotExecuted" testListId="8c84fa94-04c1-424b-9868-57a2d4851a1d" relativeResultsDirectory="efe17f3d-245a-45ed-94ed-00cdc3696a1a">
    </UnitTestResult>
    <UnitTestResult executionId="3d13a1a7-66c9-439e-85ff-1689f05da7e3" testId="f19b5895-b0f7-59f0-4036-17b6609c64da" testName="MergeAfterTest" computerName="WATSON1491" testType="13cdc9d9-ddb5-4fa4-a97d-d965ccfc6d4b" outcome="NotExecuted" testListId="8c84fa94-04c1-424b-9868-57a2d4851a1d" relativeResultsDirectory="3d13a1a7-66c9-439e-85ff-1689f05da7e3">
    </UnitTestResult>
    <UnitTestResult executionId="36ce1e27-ad0e-42a8-bdac-15e0a3fdd58a" testId="f45fb43e-8e19-67de-faf5-292c20567a5c" testName="SerializeTest" computerName="WATSON1491" testType="13cdc9d9-ddb5-4fa4-a97d-d965ccfc6d4b" outcome="NotExecuted" testListId="8c84fa94-04c1-424b-9868-57a2d4851a1d" relativeResultsDirectory="36ce1e27-ad0e-42a8-bdac-15e0a3fdd58a">
    </UnitTestResult>
    <UnitTestResult executionId="261c496c-9a71-40f4-a9e7-ab1b61c45172" testId="f8c986a1-4d49-6c57-695c-e57bd1d77a03" testName="CtorTest" computerName="WATSON1491" testType="13cdc9d9-ddb5-4fa4-a97d-d965ccfc6d4b" outcome="NotExecuted" testListId="8c84fa94-04c1-424b-9868-57a2d4851a1d" relativeResultsDirectory="261c496c-9a71-40f4-a9e7-ab1b61c45172">
    </UnitTestResult>
    <UnitTestResult executionId="0f904acb-1e2a-4ff0-8b98-0b37a7b49939" testId="f8dab570-907f-9537-fb70-c2f0ade97939" testName="GetLastTest" computerName="WATSON1491" testType="13cdc9d9-ddb5-4fa4-a97d-d965ccfc6d4b" outcome="NotExecuted" testListId="8c84fa94-04c1-424b-9868-57a2d4851a1d" relativeResultsDirectory="0f904acb-1e2a-4ff0-8b98-0b37a7b49939">
    </UnitTestResult>
    <UnitTestResult executionId="81bbe617-ec27-4f00-909a-76526b679160" testId="fc01b55b-5936-8b78-9de3-822e7b824b5a" testName="GetElementSizeTest" computerName="WATSON1491" testType="13cdc9d9-ddb5-4fa4-a97d-d965ccfc6d4b" outcome="NotExecuted" testListId="8c84fa94-04c1-424b-9868-57a2d4851a1d" relativeResultsDirectory="81bbe617-ec27-4f00-909a-76526b679160">
    </UnitTestResult>
    <UnitTestResult executionId="1252908f-c376-44d5-8f5f-e48281569c88" testId="fd2220b2-26eb-6999-62ad-4cbb765b850c" testName="CreateTest" computerName="WATSON1491" testType="13cdc9d9-ddb5-4fa4-a97d-d965ccfc6d4b" outcome="NotExecuted" testListId="8c84fa94-04c1-424b-9868-57a2d4851a1d" relativeResultsDirectory="1252908f-c376-44d5-8f5f-e48281569c88">
    </UnitTestResult>
    <UnitTestResult executionId="7313a31f-2751-4cee-94e1-191588a087cc" testId="ff3263d9-8c70-f60e-d721-c5d537b9f312" testName="SerializeTest" computerName="WATSON1491" testType="13cdc9d9-ddb5-4fa4-a97d-d965ccfc6d4b" outcome="NotExecuted" testListId="8c84fa94-04c1-424b-9868-57a2d4851a1d" relativeResultsDirectory="7313a31f-2751-4cee-94e1-191588a087cc">
    </UnitTestResult>
    <UnitTestResult executionId="abd812dd-01de-4fa3-b477-5a6bbd588f43" testId="ffe04048-3d0c-a00a-f497-66ad2a87b507" testName="GetNextTest" computerName="WATSON1491" testType="13cdc9d9-ddb5-4fa4-a97d-d965ccfc6d4b" outcome="NotExecuted" testListId="8c84fa94-04c1-424b-9868-57a2d4851a1d" relativeResultsDirectory="abd812dd-01de-4fa3-b477-5a6bbd588f43">
    </UnitTestResult>
  </Results>
</TestRun>