<?xml version="1.0" encoding="UTF-8"?>
<TestRun id="76b673fa-d862-48a5-b6f2-49feb8dc824d" name="gwatson (2012-03-18 19:41:02)" runUser="NUSTUDENT\gwatson" xmlns="http://microsoft.com/schemas/VisualStudio/TeamTest/2010">
  <TestSettings name="LocalCodeCoverage" id="ec93bdfa-e2b8-47a6-a2aa-09dc288ce4c8">
    <Description>These are default test settings for a local test run.</Description>
    <Deployment runDeploymentRoot="gwatson _2012-03-18 19_41_02_">
      <DeploymentItem filename="C:\Users\gwatson\Desktop\SA\PersistentArray\SADatabase\PA\bin\Debug\PA.dll" />
      <DeploymentItem filename="C:\Users\gwatson\Desktop\SA\PersistentArray\SADatabase\FilePersistence\bin\Debug\FilePersistence.dll" />
      <DeploymentItem filename="C:\Users\gwatson\Desktop\SA\PersistentArray\SADatabase\PersistentArrayUnitTest\bin\Debug\PAUnitTest.dll" />
      <DeploymentItem filename="C:\Users\gwatson\Desktop\SA\PersistentArray\SADatabase\Interfaces\bin\Debug\Interfaces.dll" />
      <DeploymentItem filename="C:\Users\gwatson\Desktop\SA\PersistentArray\SADatabase\ByteHelper\bin\Debug\ByteHelper.dll" />
      <DeploymentItem filename="C:\Users\gwatson\Desktop\SA\PersistentArray\SADatabase\CPA\bin\Debug\CPA.dll" />
      <DeploymentItem filename="C:\Users\gwatson\Desktop\SA\PersistentArray\SADatabase\Persistence\bin\Debug\Persistence.dll" />
      <DeploymentItem filename="C:\Users\gwatson\Desktop\SA\PersistentArray\SADatabase\ByteHelperUnitTest\bin\Debug\ByteHelperUnitTest.dll" />
      <DeploymentItem filename="C:\Users\gwatson\Desktop\SA\PersistentArray\SADatabase\PLL\bin\Debug\PLL.dll" />
      <DeploymentItem filename="C:\Users\gwatson\Desktop\SA\PersistentArray\SADatabase\PAFS\bin\Debug\PAFS.dll" />
      <DeploymentItem filename="C:\Users\gwatson\Desktop\SA\PersistentArray\SADatabase\PHM\bin\Debug\PHM.dll" />
      <DeploymentItem filename="C:\Users\gwatson\Desktop\SA\PersistentArray\SADatabase\PHT\bin\Debug\PHT.dll" />
    </Deployment>
    <NamingScheme baseName="gwatson" useDefault="false" />
    <Execution>
      <TestTypeSpecific>
        <UnitTestRunConfig testTypeId="13cdc9d9-ddb5-4fa4-a97d-d965ccfc6d4b">
          <AssemblyResolution>
            <TestDirectory useLoadContext="true" />
          </AssemblyResolution>
        </UnitTestRunConfig>
        <WebTestRunConfiguration testTypeId="4e7599fa-5ecb-43e9-a887-cd63cf72d207">
          <Browser name="Internet Explorer 7.0">
            <Headers>
              <Header name="User-Agent" value="Mozilla/4.0 (compatible; MSIE 7.0; Windows NT 5.1)" />
              <Header name="Accept" value="*/*" />
              <Header name="Accept-Language" value="{{$IEAcceptLanguage}}" />
              <Header name="Accept-Encoding" value="GZIP" />
            </Headers>
          </Browser>
        </WebTestRunConfiguration>
      </TestTypeSpecific>
      <AgentRule name="LocalMachineDefaultRole">
        <DataCollectors>
          <DataCollector uri="datacollector://microsoft/CodeCoverage/1.0" assemblyQualifiedName="Microsoft.VisualStudio.TestTools.CodeCoverage.CoveragePlugIn, Microsoft.VisualStudio.QualityTools.Plugins.CodeCoverage, Version=10.0.0.0, Culture=neutral, PublicKeyToken=b03f5f7f11d50a3a" friendlyName="Code Coverage">
            <Configuration>
              <CodeCoverage xmlns="">
                <Regular>
                  <CodeCoverageItem binaryFile="C:\Users\gwatson\Desktop\SA\PersistentArray\SADatabase\PLL\bin\Debug\PLL.dll" pdbFile="C:\Users\gwatson\Desktop\SA\PersistentArray\SADatabase\PLL\bin\Debug\PLL.instr.pdb" instrumentInPlace="true" />
                  <CodeCoverageItem binaryFile="C:\Users\gwatson\Desktop\SA\PersistentArray\SADatabase\PAFS\bin\Debug\PAFS.dll" pdbFile="C:\Users\gwatson\Desktop\SA\PersistentArray\SADatabase\PAFS\bin\Debug\PAFS.instr.pdb" instrumentInPlace="true" />
                  <CodeCoverageItem binaryFile="C:\Users\gwatson\Desktop\SA\PersistentArray\SADatabase\PA\bin\Debug\PA.dll" pdbFile="C:\Users\gwatson\Desktop\SA\PersistentArray\SADatabase\PA\bin\Debug\PA.instr.pdb" instrumentInPlace="true" />
                  <CodeCoverageItem binaryFile="C:\Users\gwatson\Desktop\SA\PersistentArray\SADatabase\CPA\bin\Debug\CPA.dll" pdbFile="C:\Users\gwatson\Desktop\SA\PersistentArray\SADatabase\CPA\bin\Debug\CPA.instr.pdb" instrumentInPlace="true" />
                </Regular>
              </CodeCoverage>
            </Configuration>
          </DataCollector>
        </DataCollectors>
      </AgentRule>
    </Execution>
  </TestSettings>
  <Times creation="2012-03-18T19:41:02.2222072-06:00" queuing="2012-03-18T19:41:08.0355397-06:00" start="2012-03-18T19:41:08.2145499-06:00" finish="2012-03-18T19:41:25.5295403-06:00" />
  <ResultSummary outcome="Completed">
    <Counters total="160" executed="160" passed="160" error="0" failed="0" timeout="0" aborted="0" inconclusive="0" passedButRunAborted="0" notRunnable="0" notExecuted="0" disconnected="0" warning="0" completed="0" inProgress="0" pending="0" />
    <ResultFiles>
      <ResultFile path="WATSON1491\data.coverage" />
    </ResultFiles>
  </ResultSummary>
  <TestDefinitions>
    <UnitTest name="GetFirstTest" storage="c:\users\gwatson\desktop\sa\persistentarray\sadatabase\pllunittest\bin\debug\pllunittest.dll" id="a1ae16c5-0695-b546-0d5a-01f95dae83d0">
      <Execution id="06116881-fdac-4540-98e0-de34fdd55030" />
      <TestMethod codeBase="C:\Users\gwatson\Desktop\SA\PersistentArray\SADatabase\PLLUnitTest\bin\Debug\PLLUnitTest.dll" adapterTypeName="Microsoft.VisualStudio.TestTools.TestTypes.Unit.UnitTestAdapter, Microsoft.VisualStudio.QualityTools.Tips.UnitTest.Adapter, Version=10.0.0.0, Culture=neutral, PublicKeyToken=b03f5f7f11d50a3a" className="PLLUnitTest.PersistentLinkedListTest, PLLUnitTest" name="GetFirstTest" />
    </UnitTest>
    <UnitTest name="WriteIntTest" storage="c:\users\gwatson\desktop\sa\persistentarray\sadatabase\persistenceunittest\bin\debug\persistenceunittest.dll" id="33bbef63-045e-f45c-4904-9d2f969572f1">
      <Execution id="5f8f4f17-5f87-4f52-bcf1-b09970119e58" />
      <TestMethod codeBase="C:\Users\gwatson\Desktop\SA\PersistentArray\SADatabase\PersistenceUnitTest\bin\Debug\PersistenceUnitTest.dll" adapterTypeName="Microsoft.VisualStudio.TestTools.TestTypes.Unit.UnitTestAdapter, Microsoft.VisualStudio.QualityTools.Tips.UnitTest.Adapter, Version=10.0.0.0, Culture=neutral, PublicKeyToken=b03f5f7f11d50a3a" className="PersistenceUnitTest.RandomAccessFileTest, PersistenceUnitTest" name="WriteIntTest" />
    </UnitTest>
    <UnitTest name="CtorOpenTest" storage="c:\users\gwatson\desktop\sa\persistentarray\sadatabase\phmunittest\bin\debug\phmunittest.dll" id="c1046ba7-0144-8813-1bc3-01566e1bbcb4">
      <Execution id="9c1d7547-a4f3-4f1a-99e1-e4f8b246f37a" />
      <TestMethod codeBase="C:\Users\gwatson\Desktop\SA\PersistentArray\SADatabase\PHMUnitTest\bin\Debug\PHMUnitTest.dll" adapterTypeName="Microsoft.VisualStudio.TestTools.TestTypes.Unit.UnitTestAdapter, Microsoft.VisualStudio.QualityTools.Tips.UnitTest.Adapter, Version=10.0.0.0, Culture=neutral, PublicKeyToken=b03f5f7f11d50a3a" className="PHMUnitTest.PersistentHeapTest, PHMUnitTest" name="CtorOpenTest" />
    </UnitTest>
    <UnitTest name="DeserializeTest" storage="c:\users\gwatson\desktop\sa\persistentarray\sadatabase\pllunittest\bin\debug\pllunittest.dll" id="c574974e-922d-e123-cd45-263cf5bd394a">
      <Execution id="37c757df-1c9e-4a32-9f05-fd112561634b" />
      <TestMethod codeBase="C:\Users\gwatson\Desktop\SA\PersistentArray\SADatabase\PLLUnitTest\bin\Debug\PLLUnitTest.dll" adapterTypeName="Microsoft.VisualStudio.TestTools.TestTypes.Unit.UnitTestAdapter, Microsoft.VisualStudio.QualityTools.Tips.UnitTest.Adapter, Version=10.0.0.0, Culture=neutral, PublicKeyToken=b03f5f7f11d50a3a" className="PLLUnitTest.LinkedListElementTest, PLLUnitTest" name="DeserializeTest" />
    </UnitTest>
    <UnitTest name="StartIndexTest" storage="c:\users\gwatson\desktop\sa\persistentarray\sadatabase\phmunittest\bin\debug\phmunittest.dll" id="a1c72854-3dde-18e0-c9d8-83b07b0292f0">
      <Execution id="e61da023-9f05-4c0d-b4f9-f680487162aa" />
      <TestMethod codeBase="C:\Users\gwatson\Desktop\SA\PersistentArray\SADatabase\PHMUnitTest\bin\Debug\PHMUnitTest.dll" adapterTypeName="Microsoft.VisualStudio.TestTools.TestTypes.Unit.UnitTestAdapter, Microsoft.VisualStudio.QualityTools.Tips.UnitTest.Adapter, Version=10.0.0.0, Culture=neutral, PublicKeyToken=b03f5f7f11d50a3a" className="PHMUnitTest.PersistentHeapSpaceTest, PHMUnitTest" name="StartIndexTest" />
    </UnitTest>
    <UnitTest name="GetUserHeaderSizeTest" storage="c:\users\gwatson\desktop\sa\persistentarray\sadatabase\persistentarrayunittest\bin\debug\paunittest.dll" id="553e65a4-d49e-c86b-4f63-da6f1a61fced">
      <Execution id="230fa6e8-e8f7-4a83-bdba-54bb257a3cd5" />
      <TestMethod codeBase="C:\Users\gwatson\Desktop\SA\PersistentArray\SADatabase\PersistentArrayUnitTest\bin\Debug\PAUnitTest.dll" adapterTypeName="Microsoft.VisualStudio.TestTools.TestTypes.Unit.UnitTestAdapter, Microsoft.VisualStudio.QualityTools.Tips.UnitTest.Adapter, Version=10.0.0.0, Culture=neutral, PublicKeyToken=b03f5f7f11d50a3a" className="PAUnitTest.IPersistentArrayTest, PAUnitTest" name="GetUserHeaderSizeTest" />
    </UnitTest>
    <UnitTest name="SplitTest" storage="c:\users\gwatson\desktop\sa\persistentarray\sadatabase\phmunittest\bin\debug\phmunittest.dll" id="2a736369-0faa-7bd0-3ec4-55591153ab35">
      <Execution id="64d4cce1-7278-4793-a333-8d001fd4038f" />
      <TestMethod codeBase="C:\Users\gwatson\Desktop\SA\PersistentArray\SADatabase\PHMUnitTest\bin\Debug\PHMUnitTest.dll" adapterTypeName="Microsoft.VisualStudio.TestTools.TestTypes.Unit.UnitTestAdapter, Microsoft.VisualStudio.QualityTools.Tips.UnitTest.Adapter, Version=10.0.0.0, Culture=neutral, PublicKeyToken=b03f5f7f11d50a3a" className="PHMUnitTest.PersistentHeapFreeSpaceTest, PHMUnitTest" name="SplitTest" />
    </UnitTest>
    <UnitTest name="CloseTest" storage="c:\users\gwatson\desktop\sa\persistentarray\sadatabase\filepersistenceunittest\bin\debug\filepersistenceunittest.dll" id="ec103ee4-7d33-deea-fa5e-ea2ddfa162f6">
      <Execution id="f4784789-7345-4f96-bd24-0b617489af14" />
      <TestMethod codeBase="C:\Users\gwatson\Desktop\SA\PersistentArray\SADatabase\FilePersistenceUnitTest\bin\Debug\FilePersistenceUnitTest.dll" adapterTypeName="Microsoft.VisualStudio.TestTools.TestTypes.Unit.UnitTestAdapter, Microsoft.VisualStudio.QualityTools.Tips.UnitTest.Adapter, Version=10.0.0.0, Culture=neutral, PublicKeyToken=b03f5f7f11d50a3a" className="FilePersistenceUnitTest.FileWithHeaderTest, FilePersistenceUnitTest" name="CloseTest" />
    </UnitTest>
    <UnitTest name="ReopenTest" storage="c:\users\gwatson\desktop\sa\persistentarray\sadatabase\cpaunittest\bin\debug\cpaunittest.dll" id="920909e7-20b2-d96d-ce3c-d1b8d6e41092">
      <Execution id="3659443c-a6ee-4ff3-8f1d-ff03a53d7b79" />
      <TestMethod codeBase="C:\Users\gwatson\Desktop\SA\PersistentArray\SADatabase\CPAUnitTest\bin\Debug\CPAUnitTest.dll" adapterTypeName="Microsoft.VisualStudio.TestTools.TestTypes.Unit.UnitTestAdapter, Microsoft.VisualStudio.QualityTools.Tips.UnitTest.Adapter, Version=10.0.0.0, Culture=neutral, PublicKeyToken=b03f5f7f11d50a3a" className="CPAUnitTest.CachedIArrayTest, CPAUnitTest" name="ReopenTest" />
    </UnitTest>
    <UnitTest name="PutGetAmountTest" storage="c:\users\gwatson\desktop\sa\persistentarray\sadatabase\filepersistenceunittest\bin\debug\filepersistenceunittest.dll" id="705d2900-5b96-0c7e-5674-f042b44cf3ba">
      <Execution id="5eb1f948-9b3e-435c-b33d-1cdd2477ef51" />
      <TestMethod codeBase="C:\Users\gwatson\Desktop\SA\PersistentArray\SADatabase\FilePersistenceUnitTest\bin\Debug\FilePersistenceUnitTest.dll" adapterTypeName="Microsoft.VisualStudio.TestTools.TestTypes.Unit.UnitTestAdapter, Microsoft.VisualStudio.QualityTools.Tips.UnitTest.Adapter, Version=10.0.0.0, Culture=neutral, PublicKeyToken=b03f5f7f11d50a3a" className="FilePersistenceUnitTest.FileWithHeaderTest, FilePersistenceUnitTest" name="PutGetAmountTest" />
    </UnitTest>
    <UnitTest name="SerializeTest" storage="c:\users\gwatson\desktop\sa\persistentarray\sadatabase\phmunittest\bin\debug\phmunittest.dll" id="21ea634d-ec3e-6f69-7865-3d6f41e7db9a">
      <Execution id="d725cd6b-6127-4091-8768-6c5ebd73acab" />
      <TestMethod codeBase="C:\Users\gwatson\Desktop\SA\PersistentArray\SADatabase\PHMUnitTest\bin\Debug\PHMUnitTest.dll" adapterTypeName="Microsoft.VisualStudio.TestTools.TestTypes.Unit.UnitTestAdapter, Microsoft.VisualStudio.QualityTools.Tips.UnitTest.Adapter, Version=10.0.0.0, Culture=neutral, PublicKeyToken=b03f5f7f11d50a3a" className="PHMUnitTest.PersistentHeapUsedSpaceTest, PHMUnitTest" name="SerializeTest" />
    </UnitTest>
    <UnitTest name="GetTest" storage="c:\users\gwatson\desktop\sa\persistentarray\sadatabase\cpaunittest\bin\debug\cpaunittest.dll" id="68db09fd-1e84-1d00-a06a-8d3d340b6754">
      <Execution id="b97e5caf-ffe5-4b82-963e-cbf423b0553e" />
      <TestMethod codeBase="C:\Users\gwatson\Desktop\SA\PersistentArray\SADatabase\CPAUnitTest\bin\Debug\CPAUnitTest.dll" adapterTypeName="Microsoft.VisualStudio.TestTools.TestTypes.Unit.UnitTestAdapter, Microsoft.VisualStudio.QualityTools.Tips.UnitTest.Adapter, Version=10.0.0.0, Culture=neutral, PublicKeyToken=b03f5f7f11d50a3a" className="CPAUnitTest.LRUDoubleLinkedListTest, CPAUnitTest" name="GetTest" />
    </UnitTest>
    <UnitTest name="GetUserHeaderSizeTest" storage="c:\users\gwatson\desktop\sa\persistentarray\sadatabase\cpaunittest\bin\debug\cpaunittest.dll" id="a98f558f-9bab-5d3b-882a-663d5ff5ae97">
      <Execution id="2eeb03f1-9ebb-4daa-939e-4936852ea59f" />
      <TestMethod codeBase="C:\Users\gwatson\Desktop\SA\PersistentArray\SADatabase\CPAUnitTest\bin\Debug\CPAUnitTest.dll" adapterTypeName="Microsoft.VisualStudio.TestTools.TestTypes.Unit.UnitTestAdapter, Microsoft.VisualStudio.QualityTools.Tips.UnitTest.Adapter, Version=10.0.0.0, Culture=neutral, PublicKeyToken=b03f5f7f11d50a3a" className="CPAUnitTest.CachedIArrayTest, CPAUnitTest" name="GetUserHeaderSizeTest" />
    </UnitTest>
    <UnitTest name="AllocateFillAfterSplitTest" storage="c:\users\gwatson\desktop\sa\persistentarray\sadatabase\phmunittest\bin\debug\phmunittest.dll" id="011f0b4d-330b-80d4-eb98-3a291b4151c2">
      <Execution id="bba4d9fd-b239-4b65-b83d-4281e2e0a86c" />
      <TestMethod codeBase="C:\Users\gwatson\Desktop\SA\PersistentArray\SADatabase\PHMUnitTest\bin\Debug\PHMUnitTest.dll" adapterTypeName="Microsoft.VisualStudio.TestTools.TestTypes.Unit.UnitTestAdapter, Microsoft.VisualStudio.QualityTools.Tips.UnitTest.Adapter, Version=10.0.0.0, Culture=neutral, PublicKeyToken=b03f5f7f11d50a3a" className="PHMUnitTest.PersistentHeapTest, PHMUnitTest" name="AllocateFillAfterSplitTest" />
    </UnitTest>
    <UnitTest name="GetUserHeaderSizeTest" storage="c:\users\gwatson\desktop\sa\persistentarray\sadatabase\pafsunittest\bin\debug\pafsunittest.dll" id="845a5988-fe07-f37a-ba6b-e712dc39166d">
      <Execution id="874a745b-76fa-4bbf-993d-6005dc313b97" />
      <TestMethod codeBase="C:\Users\gwatson\Desktop\SA\PersistentArray\SADatabase\PAFSUnitTest\bin\Debug\PAFSUnitTest.dll" adapterTypeName="Microsoft.VisualStudio.TestTools.TestTypes.Unit.UnitTestAdapter, Microsoft.VisualStudio.QualityTools.Tips.UnitTest.Adapter, Version=10.0.0.0, Culture=neutral, PublicKeyToken=b03f5f7f11d50a3a" className="PAFSUnitTest.IPersistentArraySpaceManagerTest, PAFSUnitTest" name="GetUserHeaderSizeTest" />
    </UnitTest>
    <UnitTest name="MoveToHeadTest" storage="c:\users\gwatson\desktop\sa\persistentarray\sadatabase\cpaunittest\bin\debug\cpaunittest.dll" id="ac390c29-8921-eb5c-8cbb-15dff0c6c040">
      <Execution id="b845d207-ed6f-406e-8eeb-8a944a423fa7" />
      <TestMethod codeBase="C:\Users\gwatson\Desktop\SA\PersistentArray\SADatabase\CPAUnitTest\bin\Debug\CPAUnitTest.dll" adapterTypeName="Microsoft.VisualStudio.TestTools.TestTypes.Unit.UnitTestAdapter, Microsoft.VisualStudio.QualityTools.Tips.UnitTest.Adapter, Version=10.0.0.0, Culture=neutral, PublicKeyToken=b03f5f7f11d50a3a" className="CPAUnitTest.LRUDoubleLinkedListTest, CPAUnitTest" name="MoveToHeadTest" />
    </UnitTest>
    <UnitTest name="CopyTest" storage="c:\users\gwatson\desktop\sa\persistentarray\sadatabase\bytehelperunittest\bin\debug\bytehelperunittest.dll" id="da2c5789-69fe-8699-f9d7-9a2ec66b4c68">
      <Execution id="9f73758c-79e9-478a-9880-a0c2fcf73640" />
      <TestMethod codeBase="C:\Users\gwatson\Desktop\SA\PersistentArray\SADatabase\ByteHelperUnitTest\bin\Debug\ByteHelperUnitTest.dll" adapterTypeName="Microsoft.VisualStudio.TestTools.TestTypes.Unit.UnitTestAdapter, Microsoft.VisualStudio.QualityTools.Tips.UnitTest.Adapter, Version=10.0.0.0, Culture=neutral, PublicKeyToken=b03f5f7f11d50a3a" className="ByteHelperUnitTest.HelperTest, ByteHelperUnitTest" name="CopyTest" />
    </UnitTest>
    <UnitTest name="CopyIntoTest" storage="c:\users\gwatson\desktop\sa\persistentarray\sadatabase\bytehelperunittest\bin\debug\bytehelperunittest.dll" id="6e30047d-c126-9623-764e-d0d0dc18feb2">
      <Execution id="2bb9258e-1df6-4ff4-9963-fcce30dc8ca2" />
      <TestMethod codeBase="C:\Users\gwatson\Desktop\SA\PersistentArray\SADatabase\ByteHelperUnitTest\bin\Debug\ByteHelperUnitTest.dll" adapterTypeName="Microsoft.VisualStudio.TestTools.TestTypes.Unit.UnitTestAdapter, Microsoft.VisualStudio.QualityTools.Tips.UnitTest.Adapter, Version=10.0.0.0, Culture=neutral, PublicKeyToken=b03f5f7f11d50a3a" className="ByteHelperUnitTest.HelperTest, ByteHelperUnitTest" name="CopyIntoTest" />
    </UnitTest>
    <UnitTest name="CloseTest" storage="c:\users\gwatson\desktop\sa\persistentarray\sadatabase\phtunittest\bin\debug\phtunittest.dll" id="94efce36-6787-804c-f9dd-d52e17e1c55e">
      <Execution id="b7c3a8e8-6034-498c-9eb9-7f39ce59294c" />
      <TestMethod codeBase="C:\Users\gwatson\Desktop\SA\PersistentArray\SADatabase\PHTUnitTest\bin\Debug\PHTUnitTest.dll" adapterTypeName="Microsoft.VisualStudio.TestTools.TestTypes.Unit.UnitTestAdapter, Microsoft.VisualStudio.QualityTools.Tips.UnitTest.Adapter, Version=10.0.0.0, Culture=neutral, PublicKeyToken=b03f5f7f11d50a3a" className="PHTUnitTest.PersistentHashTableTest, PHTUnitTest" name="CloseTest" />
    </UnitTest>
    <UnitTest name="ExtendToTest" storage="c:\users\gwatson\desktop\sa\persistentarray\sadatabase\bytehelperunittest\bin\debug\bytehelperunittest.dll" id="11b05b3f-8750-268f-48a2-a9f027b23597">
      <Execution id="f7490641-9611-44a3-93c1-04e93cebfce3" />
      <TestMethod codeBase="C:\Users\gwatson\Desktop\SA\PersistentArray\SADatabase\ByteHelperUnitTest\bin\Debug\ByteHelperUnitTest.dll" adapterTypeName="Microsoft.VisualStudio.TestTools.TestTypes.Unit.UnitTestAdapter, Microsoft.VisualStudio.QualityTools.Tips.UnitTest.Adapter, Version=10.0.0.0, Culture=neutral, PublicKeyToken=b03f5f7f11d50a3a" className="ByteHelperUnitTest.HelperTest, ByteHelperUnitTest" name="ExtendToTest" />
    </UnitTest>
    <UnitTest name="ReopenTest" storage="c:\users\gwatson\desktop\sa\persistentarray\sadatabase\filepersistenceunittest\bin\debug\filepersistenceunittest.dll" id="61f14407-3f3d-9be6-e329-c0b10da1b351">
      <Execution id="950e9084-3eb9-46fa-86ba-763c414426ae" />
      <TestMethod codeBase="C:\Users\gwatson\Desktop\SA\PersistentArray\SADatabase\FilePersistenceUnitTest\bin\Debug\FilePersistenceUnitTest.dll" adapterTypeName="Microsoft.VisualStudio.TestTools.TestTypes.Unit.UnitTestAdapter, Microsoft.VisualStudio.QualityTools.Tips.UnitTest.Adapter, Version=10.0.0.0, Culture=neutral, PublicKeyToken=b03f5f7f11d50a3a" className="FilePersistenceUnitTest.FileWithHeaderTest, FilePersistenceUnitTest" name="ReopenTest" />
    </UnitTest>
    <UnitTest name="SerializeTest" storage="c:\users\gwatson\desktop\sa\persistentarray\sadatabase\phmunittest\bin\debug\phmunittest.dll" id="00e17ed5-bd31-7476-2fee-eae2d73830e2">
      <Execution id="3fa00d06-ae73-4418-8bc2-65a1138d64c0" />
      <TestMethod codeBase="C:\Users\gwatson\Desktop\SA\PersistentArray\SADatabase\PHMUnitTest\bin\Debug\PHMUnitTest.dll" adapterTypeName="Microsoft.VisualStudio.TestTools.TestTypes.Unit.UnitTestAdapter, Microsoft.VisualStudio.QualityTools.Tips.UnitTest.Adapter, Version=10.0.0.0, Culture=neutral, PublicKeyToken=b03f5f7f11d50a3a" className="PHMUnitTest.PersistentHeapFreeSpaceTest, PHMUnitTest" name="SerializeTest" />
    </UnitTest>
    <UnitTest name="PutGetCollisionsTest" storage="c:\users\gwatson\desktop\sa\persistentarray\sadatabase\phtunittest\bin\debug\phtunittest.dll" id="c198a53f-7d04-439f-1fbd-0b778727bf42">
      <Execution id="097b1bdc-e7af-4f41-95fa-fb568f3d8e31" />
      <TestMethod codeBase="C:\Users\gwatson\Desktop\SA\PersistentArray\SADatabase\PHTUnitTest\bin\Debug\PHTUnitTest.dll" adapterTypeName="Microsoft.VisualStudio.TestTools.TestTypes.Unit.UnitTestAdapter, Microsoft.VisualStudio.QualityTools.Tips.UnitTest.Adapter, Version=10.0.0.0, Culture=neutral, PublicKeyToken=b03f5f7f11d50a3a" className="PHTUnitTest.PersistentHashTableTest, PHTUnitTest" name="PutGetCollisionsTest" />
    </UnitTest>
    <UnitTest name="AllocateInMiddleTest" storage="c:\users\gwatson\desktop\sa\persistentarray\sadatabase\phmunittest\bin\debug\phmunittest.dll" id="0bf9df8d-121f-259e-67aa-905c5bb6c662">
      <Execution id="db870d81-df05-47bf-b054-2c614d41cec3" />
      <TestMethod codeBase="C:\Users\gwatson\Desktop\SA\PersistentArray\SADatabase\PHMUnitTest\bin\Debug\PHMUnitTest.dll" adapterTypeName="Microsoft.VisualStudio.TestTools.TestTypes.Unit.UnitTestAdapter, Microsoft.VisualStudio.QualityTools.Tips.UnitTest.Adapter, Version=10.0.0.0, Culture=neutral, PublicKeyToken=b03f5f7f11d50a3a" className="PHMUnitTest.PersistentHeapTest, PHMUnitTest" name="AllocateInMiddleTest" />
    </UnitTest>
    <UnitTest name="WriteByteArrayTest" storage="c:\users\gwatson\desktop\sa\persistentarray\sadatabase\persistenceunittest\bin\debug\persistenceunittest.dll" id="c3fc885b-06d0-19cb-a8e4-a4fc7aee2170">
      <Execution id="1e386a80-4234-40f0-9016-946cf57720c3" />
      <TestMethod codeBase="C:\Users\gwatson\Desktop\SA\PersistentArray\SADatabase\PersistenceUnitTest\bin\Debug\PersistenceUnitTest.dll" adapterTypeName="Microsoft.VisualStudio.TestTools.TestTypes.Unit.UnitTestAdapter, Microsoft.VisualStudio.QualityTools.Tips.UnitTest.Adapter, Version=10.0.0.0, Culture=neutral, PublicKeyToken=b03f5f7f11d50a3a" className="PersistenceUnitTest.RandomAccessFileTest, PersistenceUnitTest" name="WriteByteArrayTest" />
    </UnitTest>
    <UnitTest name="SerializeTest" storage="c:\users\gwatson\desktop\sa\persistentarray\sadatabase\pllunittest\bin\debug\pllunittest.dll" id="f45fb43e-8e19-67de-faf5-292c20567a5c">
      <Execution id="b084c073-44a5-498f-a852-67dfc61cff01" />
      <TestMethod codeBase="C:\Users\gwatson\Desktop\SA\PersistentArray\SADatabase\PLLUnitTest\bin\Debug\PLLUnitTest.dll" adapterTypeName="Microsoft.VisualStudio.TestTools.TestTypes.Unit.UnitTestAdapter, Microsoft.VisualStudio.QualityTools.Tips.UnitTest.Adapter, Version=10.0.0.0, Culture=neutral, PublicKeyToken=b03f5f7f11d50a3a" className="PLLUnitTest.LinkedListElementTest, PLLUnitTest" name="SerializeTest" />
    </UnitTest>
    <UnitTest name="DeleteTest" storage="c:\users\gwatson\desktop\sa\persistentarray\sadatabase\pllunittest\bin\debug\pllunittest.dll" id="1d53293b-a39c-108d-e97e-8d3ed479d40d">
      <Execution id="a481eb1c-085e-4109-83e3-9abfae1a8a6d" />
      <TestMethod codeBase="C:\Users\gwatson\Desktop\SA\PersistentArray\SADatabase\PLLUnitTest\bin\Debug\PLLUnitTest.dll" adapterTypeName="Microsoft.VisualStudio.TestTools.TestTypes.Unit.UnitTestAdapter, Microsoft.VisualStudio.QualityTools.Tips.UnitTest.Adapter, Version=10.0.0.0, Culture=neutral, PublicKeyToken=b03f5f7f11d50a3a" className="PLLUnitTest.PersistentLinkedListTest, PLLUnitTest" name="DeleteTest" />
    </UnitTest>
    <UnitTest name="CtorTest" storage="c:\users\gwatson\desktop\sa\persistentarray\sadatabase\phmunittest\bin\debug\phmunittest.dll" id="781a4d86-46c5-931f-9ce1-d470759c5ed1">
      <Execution id="2d9191cc-dc22-4543-84ed-f54fbe620d97" />
      <TestMethod codeBase="C:\Users\gwatson\Desktop\SA\PersistentArray\SADatabase\PHMUnitTest\bin\Debug\PHMUnitTest.dll" adapterTypeName="Microsoft.VisualStudio.TestTools.TestTypes.Unit.UnitTestAdapter, Microsoft.VisualStudio.QualityTools.Tips.UnitTest.Adapter, Version=10.0.0.0, Culture=neutral, PublicKeyToken=b03f5f7f11d50a3a" className="PHMUnitTest.PersistentHeapUsedSpaceTest, PHMUnitTest" name="CtorTest" />
    </UnitTest>
    <UnitTest name="FillUpTableTest" storage="c:\users\gwatson\desktop\sa\persistentarray\sadatabase\phtunittest\bin\debug\phtunittest.dll" id="6a96f9da-adcb-f7e2-df56-cae68513bb5e">
      <Execution id="b64c3808-1b53-4671-90e7-525c6fe94840" />
      <TestMethod codeBase="C:\Users\gwatson\Desktop\SA\PersistentArray\SADatabase\PHTUnitTest\bin\Debug\PHTUnitTest.dll" adapterTypeName="Microsoft.VisualStudio.TestTools.TestTypes.Unit.UnitTestAdapter, Microsoft.VisualStudio.QualityTools.Tips.UnitTest.Adapter, Version=10.0.0.0, Culture=neutral, PublicKeyToken=b03f5f7f11d50a3a" className="PHTUnitTest.PersistentHashTableTest, PHTUnitTest" name="FillUpTableTest" />
    </UnitTest>
    <UnitTest name="SerializeTest" storage="c:\users\gwatson\desktop\sa\persistentarray\sadatabase\pllunittest\bin\debug\pllunittest.dll" id="ceb208d4-f6b2-14ea-caab-c04abf814ed1">
      <Execution id="06e1e8b1-797c-4142-a9fc-7a3e8b0e77ac" />
      <TestMethod codeBase="C:\Users\gwatson\Desktop\SA\PersistentArray\SADatabase\PLLUnitTest\bin\Debug\PLLUnitTest.dll" adapterTypeName="Microsoft.VisualStudio.TestTools.TestTypes.Unit.UnitTestAdapter, Microsoft.VisualStudio.QualityTools.Tips.UnitTest.Adapter, Version=10.0.0.0, Culture=neutral, PublicKeyToken=b03f5f7f11d50a3a" className="PLLUnitTest.PLLHeaderTest, PLLUnitTest" name="SerializeTest" />
    </UnitTest>
    <UnitTest name="CreateTooSmallTest" storage="c:\users\gwatson\desktop\sa\persistentarray\sadatabase\pafsunittest\bin\debug\pafsunittest.dll" id="b87f554d-216c-d1a2-7ff8-323f1d9d0f4f">
      <Execution id="028880bc-b47d-4463-805a-dccf29d0cc3f" />
      <TestMethod codeBase="C:\Users\gwatson\Desktop\SA\PersistentArray\SADatabase\PAFSUnitTest\bin\Debug\PAFSUnitTest.dll" adapterTypeName="Microsoft.VisualStudio.TestTools.TestTypes.Unit.UnitTestAdapter, Microsoft.VisualStudio.QualityTools.Tips.UnitTest.Adapter, Version=10.0.0.0, Culture=neutral, PublicKeyToken=b03f5f7f11d50a3a" className="PAFSUnitTest.IPersistentArraySpaceManagerTest, PAFSUnitTest" name="CreateTooSmallTest" />
    </UnitTest>
    <UnitTest name="EqualsBytesTest" storage="c:\users\gwatson\desktop\sa\persistentarray\sadatabase\bytehelperunittest\bin\debug\bytehelperunittest.dll" id="c09c2c2c-bf97-afdf-a556-c8b4550bee5f">
      <Execution id="eb1435ad-ead4-43f0-8029-99fc00414613" />
      <TestMethod codeBase="C:\Users\gwatson\Desktop\SA\PersistentArray\SADatabase\ByteHelperUnitTest\bin\Debug\ByteHelperUnitTest.dll" adapterTypeName="Microsoft.VisualStudio.TestTools.TestTypes.Unit.UnitTestAdapter, Microsoft.VisualStudio.QualityTools.Tips.UnitTest.Adapter, Version=10.0.0.0, Culture=neutral, PublicKeyToken=b03f5f7f11d50a3a" className="ByteHelperUnitTest.HelperTest, ByteHelperUnitTest" name="EqualsBytesTest" />
    </UnitTest>
    <UnitTest name="AllocateAtEndOfFreeSpaceListTest" storage="c:\users\gwatson\desktop\sa\persistentarray\sadatabase\phmunittest\bin\debug\phmunittest.dll" id="cb9247b9-0e78-5318-b25e-4206d939f286">
      <Execution id="bf8ae3e4-bfbb-4f2e-9546-4288213e5882" />
      <TestMethod codeBase="C:\Users\gwatson\Desktop\SA\PersistentArray\SADatabase\PHMUnitTest\bin\Debug\PHMUnitTest.dll" adapterTypeName="Microsoft.VisualStudio.TestTools.TestTypes.Unit.UnitTestAdapter, Microsoft.VisualStudio.QualityTools.Tips.UnitTest.Adapter, Version=10.0.0.0, Culture=neutral, PublicKeyToken=b03f5f7f11d50a3a" className="PHMUnitTest.PersistentHeapTest, PHMUnitTest" name="AllocateAtEndOfFreeSpaceListTest" />
    </UnitTest>
    <UnitTest name="CreateTest" storage="c:\users\gwatson\desktop\sa\persistentarray\sadatabase\pafsunittest\bin\debug\pafsunittest.dll" id="e7c5dfe9-6c85-ed21-1287-63d333e61256">
      <Execution id="a9b90f08-acdf-44db-88bc-c3ab97dc2b55" />
      <TestMethod codeBase="C:\Users\gwatson\Desktop\SA\PersistentArray\SADatabase\PAFSUnitTest\bin\Debug\PAFSUnitTest.dll" adapterTypeName="Microsoft.VisualStudio.TestTools.TestTypes.Unit.UnitTestAdapter, Microsoft.VisualStudio.QualityTools.Tips.UnitTest.Adapter, Version=10.0.0.0, Culture=neutral, PublicKeyToken=b03f5f7f11d50a3a" className="PAFSUnitTest.IPersistentArraySpaceManagerTest, PAFSUnitTest" name="CreateTest" />
    </UnitTest>
    <UnitTest name="FreeAddSpaceToStartOfFreeListTest" storage="c:\users\gwatson\desktop\sa\persistentarray\sadatabase\phmunittest\bin\debug\phmunittest.dll" id="e09c5cb1-1c0e-6e77-1183-514f09126ef8">
      <Execution id="f5b22a94-ac9d-4edc-9ff4-427f4f66aa96" />
      <TestMethod codeBase="C:\Users\gwatson\Desktop\SA\PersistentArray\SADatabase\PHMUnitTest\bin\Debug\PHMUnitTest.dll" adapterTypeName="Microsoft.VisualStudio.TestTools.TestTypes.Unit.UnitTestAdapter, Microsoft.VisualStudio.QualityTools.Tips.UnitTest.Adapter, Version=10.0.0.0, Culture=neutral, PublicKeyToken=b03f5f7f11d50a3a" className="PHMUnitTest.PersistentHeapTest, PHMUnitTest" name="FreeAddSpaceToStartOfFreeListTest" />
    </UnitTest>
    <UnitTest name="UserSizeTest" storage="c:\users\gwatson\desktop\sa\persistentarray\sadatabase\phmunittest\bin\debug\phmunittest.dll" id="864cd63c-625b-94c6-46c4-e84f8efb06a6">
      <Execution id="87049010-2ece-4b33-b958-75bd99da9997" />
      <TestMethod codeBase="C:\Users\gwatson\Desktop\SA\PersistentArray\SADatabase\PHMUnitTest\bin\Debug\PHMUnitTest.dll" adapterTypeName="Microsoft.VisualStudio.TestTools.TestTypes.Unit.UnitTestAdapter, Microsoft.VisualStudio.QualityTools.Tips.UnitTest.Adapter, Version=10.0.0.0, Culture=neutral, PublicKeyToken=b03f5f7f11d50a3a" className="PHMUnitTest.PersistentHeapSpaceTest, PHMUnitTest" name="UserSizeTest" />
    </UnitTest>
    <UnitTest name="FileDoesntExistTest" storage="c:\users\gwatson\desktop\sa\persistentarray\sadatabase\filepersistenceunittest\bin\debug\filepersistenceunittest.dll" id="93695325-fb5b-b117-f5c2-6cdaee20d742">
      <Execution id="13f9c113-1509-4ddc-8e8e-c272e7f84072" />
      <TestMethod codeBase="C:\Users\gwatson\Desktop\SA\PersistentArray\SADatabase\FilePersistenceUnitTest\bin\Debug\FilePersistenceUnitTest.dll" adapterTypeName="Microsoft.VisualStudio.TestTools.TestTypes.Unit.UnitTestAdapter, Microsoft.VisualStudio.QualityTools.Tips.UnitTest.Adapter, Version=10.0.0.0, Culture=neutral, PublicKeyToken=b03f5f7f11d50a3a" className="FilePersistenceUnitTest.FileWithHeaderTest, FilePersistenceUnitTest" name="FileDoesntExistTest" />
    </UnitTest>
    <UnitTest name="PutTest" storage="c:\users\gwatson\desktop\sa\persistentarray\sadatabase\cpaunittest\bin\debug\cpaunittest.dll" id="b1852ad4-9275-e058-ea39-b89e2980d650">
      <Execution id="23defa2a-dbe0-40e5-89d3-0a3f2a4fcee2" />
      <TestMethod codeBase="C:\Users\gwatson\Desktop\SA\PersistentArray\SADatabase\CPAUnitTest\bin\Debug\CPAUnitTest.dll" adapterTypeName="Microsoft.VisualStudio.TestTools.TestTypes.Unit.UnitTestAdapter, Microsoft.VisualStudio.QualityTools.Tips.UnitTest.Adapter, Version=10.0.0.0, Culture=neutral, PublicKeyToken=b03f5f7f11d50a3a" className="CPAUnitTest.CachedIArrayTest, CPAUnitTest" name="PutTest" />
    </UnitTest>
    <UnitTest name="GetElementSizeTest" storage="c:\users\gwatson\desktop\sa\persistentarray\sadatabase\cpaunittest\bin\debug\cpaunittest.dll" id="17c74e86-2a6c-cb27-d667-6f54dbf65bde">
      <Execution id="064c191e-9a41-4da6-aa7e-60753ab57896" />
      <TestMethod codeBase="C:\Users\gwatson\Desktop\SA\PersistentArray\SADatabase\CPAUnitTest\bin\Debug\CPAUnitTest.dll" adapterTypeName="Microsoft.VisualStudio.TestTools.TestTypes.Unit.UnitTestAdapter, Microsoft.VisualStudio.QualityTools.Tips.UnitTest.Adapter, Version=10.0.0.0, Culture=neutral, PublicKeyToken=b03f5f7f11d50a3a" className="CPAUnitTest.CachedIArrayTest, CPAUnitTest" name="GetElementSizeTest" />
    </UnitTest>
    <UnitTest name="WipeIndexTest" storage="c:\users\gwatson\desktop\sa\persistentarray\sadatabase\pafsunittest\bin\debug\pafsunittest.dll" id="a71a6b83-7f57-ce8c-0c72-5da1414dfef5">
      <Execution id="658b96df-5f76-4d6a-b951-b413b47f309a" />
      <TestMethod codeBase="C:\Users\gwatson\Desktop\SA\PersistentArray\SADatabase\PAFSUnitTest\bin\Debug\PAFSUnitTest.dll" adapterTypeName="Microsoft.VisualStudio.TestTools.TestTypes.Unit.UnitTestAdapter, Microsoft.VisualStudio.QualityTools.Tips.UnitTest.Adapter, Version=10.0.0.0, Culture=neutral, PublicKeyToken=b03f5f7f11d50a3a" className="PAFSUnitTest.IPersistentArraySpaceManagerTest, PAFSUnitTest" name="WipeIndexTest" />
    </UnitTest>
    <UnitTest name="ToIntTest" storage="c:\users\gwatson\desktop\sa\persistentarray\sadatabase\bytehelperunittest\bin\debug\bytehelperunittest.dll" id="cc0dd485-3eb5-47cf-79f5-71c3014c459a">
      <Execution id="5ac802d1-68b8-4ca5-b74d-a5e411be8ca4" />
      <TestMethod codeBase="C:\Users\gwatson\Desktop\SA\PersistentArray\SADatabase\ByteHelperUnitTest\bin\Debug\ByteHelperUnitTest.dll" adapterTypeName="Microsoft.VisualStudio.TestTools.TestTypes.Unit.UnitTestAdapter, Microsoft.VisualStudio.QualityTools.Tips.UnitTest.Adapter, Version=10.0.0.0, Culture=neutral, PublicKeyToken=b03f5f7f11d50a3a" className="ByteHelperUnitTest.HelperTest, ByteHelperUnitTest" name="ToIntTest" />
    </UnitTest>
    <UnitTest name="GetHashCodeTest" storage="c:\users\gwatson\desktop\sa\persistentarray\sadatabase\bytehelperunittest\bin\debug\bytehelperunittest.dll" id="01045d66-f1c1-b905-4f83-06fa33497a3c">
      <Execution id="28182eb2-cb70-44dd-8452-9f027921f335" />
      <TestMethod codeBase="C:\Users\gwatson\Desktop\SA\PersistentArray\SADatabase\ByteHelperUnitTest\bin\Debug\ByteHelperUnitTest.dll" adapterTypeName="Microsoft.VisualStudio.TestTools.TestTypes.Unit.UnitTestAdapter, Microsoft.VisualStudio.QualityTools.Tips.UnitTest.Adapter, Version=10.0.0.0, Culture=neutral, PublicKeyToken=b03f5f7f11d50a3a" className="ByteHelperUnitTest.HelperTest, ByteHelperUnitTest" name="GetHashCodeTest" />
    </UnitTest>
    <UnitTest name="FileAlreadyExistsTest" storage="c:\users\gwatson\desktop\sa\persistentarray\sadatabase\filepersistenceunittest\bin\debug\filepersistenceunittest.dll" id="1232c426-0c7a-7827-61d6-db854aeef3be">
      <Execution id="6bf4d7b3-ae32-452c-9469-2f985b6ad7d3" />
      <TestMethod codeBase="C:\Users\gwatson\Desktop\SA\PersistentArray\SADatabase\FilePersistenceUnitTest\bin\Debug\FilePersistenceUnitTest.dll" adapterTypeName="Microsoft.VisualStudio.TestTools.TestTypes.Unit.UnitTestAdapter, Microsoft.VisualStudio.QualityTools.Tips.UnitTest.Adapter, Version=10.0.0.0, Culture=neutral, PublicKeyToken=b03f5f7f11d50a3a" className="FilePersistenceUnitTest.FileWithHeaderTest, FilePersistenceUnitTest" name="FileAlreadyExistsTest" />
    </UnitTest>
    <UnitTest name="GetFileNameTest" storage="c:\users\gwatson\desktop\sa\persistentarray\sadatabase\persistenceunittest\bin\debug\persistenceunittest.dll" id="344d8cb8-23f2-23e3-3ec1-bef1b12c809d">
      <Execution id="0016d62b-2483-4ff2-8277-93b8bf453ddc" />
      <TestMethod codeBase="C:\Users\gwatson\Desktop\SA\PersistentArray\SADatabase\PersistenceUnitTest\bin\Debug\PersistenceUnitTest.dll" adapterTypeName="Microsoft.VisualStudio.TestTools.TestTypes.Unit.UnitTestAdapter, Microsoft.VisualStudio.QualityTools.Tips.UnitTest.Adapter, Version=10.0.0.0, Culture=neutral, PublicKeyToken=b03f5f7f11d50a3a" className="PersistenceUnitTest.RandomAccessFileTest, PersistenceUnitTest" name="GetFileNameTest" />
    </UnitTest>
    <UnitTest name="CtorTest" storage="c:\users\gwatson\desktop\sa\persistentarray\sadatabase\phtunittest\bin\debug\phtunittest.dll" id="2b9a3f45-3c5e-f945-6521-ce395feda3cb">
      <Execution id="acfc6b31-c86a-4143-bff1-b1782a368c27" />
      <TestMethod codeBase="C:\Users\gwatson\Desktop\SA\PersistentArray\SADatabase\PHTUnitTest\bin\Debug\PHTUnitTest.dll" adapterTypeName="Microsoft.VisualStudio.TestTools.TestTypes.Unit.UnitTestAdapter, Microsoft.VisualStudio.QualityTools.Tips.UnitTest.Adapter, Version=10.0.0.0, Culture=neutral, PublicKeyToken=b03f5f7f11d50a3a" className="PHTUnitTest.HashTableHeaderTest, PHTUnitTest" name="CtorTest" />
    </UnitTest>
    <UnitTest name="AllocateSplitTest" storage="c:\users\gwatson\desktop\sa\persistentarray\sadatabase\phmunittest\bin\debug\phmunittest.dll" id="13b6656a-26f9-0ea8-7ea0-1310a5a1b2d4">
      <Execution id="245c5b10-cd44-40ac-ab59-fc09eaa9ea0e" />
      <TestMethod codeBase="C:\Users\gwatson\Desktop\SA\PersistentArray\SADatabase\PHMUnitTest\bin\Debug\PHMUnitTest.dll" adapterTypeName="Microsoft.VisualStudio.TestTools.TestTypes.Unit.UnitTestAdapter, Microsoft.VisualStudio.QualityTools.Tips.UnitTest.Adapter, Version=10.0.0.0, Culture=neutral, PublicKeyToken=b03f5f7f11d50a3a" className="PHMUnitTest.PersistentHeapTest, PHMUnitTest" name="AllocateSplitTest" />
    </UnitTest>
    <UnitTest name="PutGetTest" storage="c:\users\gwatson\desktop\sa\persistentarray\sadatabase\persistentarrayunittest\bin\debug\paunittest.dll" id="47e64445-4f51-07b5-3b92-f087a8ca68d5">
      <Execution id="138d9d75-318c-40e0-a4ed-3c6ea0becd89" />
      <TestMethod codeBase="C:\Users\gwatson\Desktop\SA\PersistentArray\SADatabase\PersistentArrayUnitTest\bin\Debug\PAUnitTest.dll" adapterTypeName="Microsoft.VisualStudio.TestTools.TestTypes.Unit.UnitTestAdapter, Microsoft.VisualStudio.QualityTools.Tips.UnitTest.Adapter, Version=10.0.0.0, Culture=neutral, PublicKeyToken=b03f5f7f11d50a3a" className="PAUnitTest.IPersistentArrayTest, PAUnitTest" name="PutGetTest" />
    </UnitTest>
    <UnitTest name="GetPreviousTest" storage="c:\users\gwatson\desktop\sa\persistentarray\sadatabase\pllunittest\bin\debug\pllunittest.dll" id="565a9370-80c9-3456-28b5-ca4466bce36c">
      <Execution id="afd6867e-f88b-4ce3-8a73-b1616286cffc" />
      <TestMethod codeBase="C:\Users\gwatson\Desktop\SA\PersistentArray\SADatabase\PLLUnitTest\bin\Debug\PLLUnitTest.dll" adapterTypeName="Microsoft.VisualStudio.TestTools.TestTypes.Unit.UnitTestAdapter, Microsoft.VisualStudio.QualityTools.Tips.UnitTest.Adapter, Version=10.0.0.0, Culture=neutral, PublicKeyToken=b03f5f7f11d50a3a" className="PLLUnitTest.PersistentLinkedListTest, PLLUnitTest" name="GetPreviousTest" />
    </UnitTest>
    <UnitTest name="NoArrayTest" storage="c:\users\gwatson\desktop\sa\persistentarray\sadatabase\persistentarrayunittest\bin\debug\paunittest.dll" id="86053b92-a17e-53c2-7d77-530c0fa14797">
      <Execution id="0d95bbef-2d74-4701-b8f9-b06fe2897ca6" />
      <TestMethod codeBase="C:\Users\gwatson\Desktop\SA\PersistentArray\SADatabase\PersistentArrayUnitTest\bin\Debug\PAUnitTest.dll" adapterTypeName="Microsoft.VisualStudio.TestTools.TestTypes.Unit.UnitTestAdapter, Microsoft.VisualStudio.QualityTools.Tips.UnitTest.Adapter, Version=10.0.0.0, Culture=neutral, PublicKeyToken=b03f5f7f11d50a3a" className="PAUnitTest.IPersistentArrayTest, PAUnitTest" name="NoArrayTest" />
    </UnitTest>
    <UnitTest name="DeserializeTest" storage="c:\users\gwatson\desktop\sa\persistentarray\sadatabase\phtunittest\bin\debug\phtunittest.dll" id="35a16e41-d355-d959-88ea-aa8f91cea11b">
      <Execution id="c3e32354-828f-40dd-8276-6a37f3601aee" />
      <TestMethod codeBase="C:\Users\gwatson\Desktop\SA\PersistentArray\SADatabase\PHTUnitTest\bin\Debug\PHTUnitTest.dll" adapterTypeName="Microsoft.VisualStudio.TestTools.TestTypes.Unit.UnitTestAdapter, Microsoft.VisualStudio.QualityTools.Tips.UnitTest.Adapter, Version=10.0.0.0, Culture=neutral, PublicKeyToken=b03f5f7f11d50a3a" className="PHTUnitTest.HashTableElementTest, PHTUnitTest" name="DeserializeTest" />
    </UnitTest>
    <UnitTest name="DeserializeTest" storage="c:\users\gwatson\desktop\sa\persistentarray\sadatabase\phmunittest\bin\debug\phmunittest.dll" id="636ae8bd-e313-1098-6c8a-b8c8ef7b79b2">
      <Execution id="b324c05c-ebb8-4e06-ba3b-5da8b2e039c9" />
      <TestMethod codeBase="C:\Users\gwatson\Desktop\SA\PersistentArray\SADatabase\PHMUnitTest\bin\Debug\PHMUnitTest.dll" adapterTypeName="Microsoft.VisualStudio.TestTools.TestTypes.Unit.UnitTestAdapter, Microsoft.VisualStudio.QualityTools.Tips.UnitTest.Adapter, Version=10.0.0.0, Culture=neutral, PublicKeyToken=b03f5f7f11d50a3a" className="PHMUnitTest.PersistentHeapHeaderTest, PHMUnitTest" name="DeserializeTest" />
    </UnitTest>
    <UnitTest name="EmptyNameTest" storage="c:\users\gwatson\desktop\sa\persistentarray\sadatabase\persistentarrayunittest\bin\debug\paunittest.dll" id="5335332c-34c5-80ee-4a17-60db3bec8999">
      <Execution id="fb6ecdc8-c845-4753-bfb5-dcde0e92e04e" />
      <TestMethod codeBase="C:\Users\gwatson\Desktop\SA\PersistentArray\SADatabase\PersistentArrayUnitTest\bin\Debug\PAUnitTest.dll" adapterTypeName="Microsoft.VisualStudio.TestTools.TestTypes.Unit.UnitTestAdapter, Microsoft.VisualStudio.QualityTools.Tips.UnitTest.Adapter, Version=10.0.0.0, Culture=neutral, PublicKeyToken=b03f5f7f11d50a3a" className="PAUnitTest.IPersistentArrayTest, PAUnitTest" name="EmptyNameTest" />
    </UnitTest>
    <UnitTest name="GetUserHeaderSizeTest" storage="c:\users\gwatson\desktop\sa\persistentarray\sadatabase\phtunittest\bin\debug\phtunittest.dll" id="1604b673-3185-b533-77b5-a1fcf04b160d">
      <Execution id="8ac26d45-4663-45ad-bfc2-6e0d7cee2f54" />
      <TestMethod codeBase="C:\Users\gwatson\Desktop\SA\PersistentArray\SADatabase\PHTUnitTest\bin\Debug\PHTUnitTest.dll" adapterTypeName="Microsoft.VisualStudio.TestTools.TestTypes.Unit.UnitTestAdapter, Microsoft.VisualStudio.QualityTools.Tips.UnitTest.Adapter, Version=10.0.0.0, Culture=neutral, PublicKeyToken=b03f5f7f11d50a3a" className="PHTUnitTest.PersistentHashTableTest, PHTUnitTest" name="GetUserHeaderSizeTest" />
    </UnitTest>
    <UnitTest name="RandomAccessFileConstructorTest" storage="c:\users\gwatson\desktop\sa\persistentarray\sadatabase\persistenceunittest\bin\debug\persistenceunittest.dll" id="9c153991-159a-b725-d7ba-010f61b98530">
      <Execution id="155ebe58-1b6a-485e-96aa-58eebd568457" />
      <TestMethod codeBase="C:\Users\gwatson\Desktop\SA\PersistentArray\SADatabase\PersistenceUnitTest\bin\Debug\PersistenceUnitTest.dll" adapterTypeName="Microsoft.VisualStudio.TestTools.TestTypes.Unit.UnitTestAdapter, Microsoft.VisualStudio.QualityTools.Tips.UnitTest.Adapter, Version=10.0.0.0, Culture=neutral, PublicKeyToken=b03f5f7f11d50a3a" className="PersistenceUnitTest.RandomAccessFileTest, PersistenceUnitTest" name="RandomAccessFileConstructorTest" />
    </UnitTest>
    <UnitTest name="PutGetTest" storage="c:\users\gwatson\desktop\sa\persistentarray\sadatabase\phmunittest\bin\debug\phmunittest.dll" id="bfb74228-802c-ebf9-5059-adacad2817c5">
      <Execution id="b346cbcd-9a46-4bcc-ac13-27afcf2a9e78" />
      <TestMethod codeBase="C:\Users\gwatson\Desktop\SA\PersistentArray\SADatabase\PHMUnitTest\bin\Debug\PHMUnitTest.dll" adapterTypeName="Microsoft.VisualStudio.TestTools.TestTypes.Unit.UnitTestAdapter, Microsoft.VisualStudio.QualityTools.Tips.UnitTest.Adapter, Version=10.0.0.0, Culture=neutral, PublicKeyToken=b03f5f7f11d50a3a" className="PHMUnitTest.PersistentHeapTest, PHMUnitTest" name="PutGetTest" />
    </UnitTest>
    <UnitTest name="ReopenTest" storage="c:\users\gwatson\desktop\sa\persistentarray\sadatabase\persistentarrayunittest\bin\debug\paunittest.dll" id="00a5a340-dd24-58d6-2c39-57102dd10a93">
      <Execution id="a534e675-2f65-4b2a-a054-2f1c5008ba20" />
      <TestMethod codeBase="C:\Users\gwatson\Desktop\SA\PersistentArray\SADatabase\PersistentArrayUnitTest\bin\Debug\PAUnitTest.dll" adapterTypeName="Microsoft.VisualStudio.TestTools.TestTypes.Unit.UnitTestAdapter, Microsoft.VisualStudio.QualityTools.Tips.UnitTest.Adapter, Version=10.0.0.0, Culture=neutral, PublicKeyToken=b03f5f7f11d50a3a" className="PAUnitTest.IPersistentArrayTest, PAUnitTest" name="ReopenTest" />
    </UnitTest>
    <UnitTest name="WriteIntTest" storage="c:\users\gwatson\desktop\sa\persistentarray\sadatabase\persistenceunittest\bin\debug\persistenceunittest.dll" id="7f8205c8-b606-8c59-76b5-fbdb8f56ecd0">
      <Execution id="6a82319a-4ce6-478b-b0ba-f12b9854d2b7" />
      <TestMethod codeBase="C:\Users\gwatson\Desktop\SA\PersistentArray\SADatabase\PersistenceUnitTest\bin\Debug\PersistenceUnitTest.dll" adapterTypeName="Microsoft.VisualStudio.TestTools.TestTypes.Unit.UnitTestAdapter, Microsoft.VisualStudio.QualityTools.Tips.UnitTest.Adapter, Version=10.0.0.0, Culture=neutral, PublicKeyToken=b03f5f7f11d50a3a" className="PersistenceUnitTest.SlowRAFTest, PersistenceUnitTest" name="WriteIntTest" />
    </UnitTest>
    <UnitTest name="AddToStartTest" storage="c:\users\gwatson\desktop\sa\persistentarray\sadatabase\pllunittest\bin\debug\pllunittest.dll" id="0ef3c0a1-e279-0642-068f-cf09f20b4b4e">
      <Execution id="a594064d-b48e-4c03-a3a0-aa90e6dcd160" />
      <TestMethod codeBase="C:\Users\gwatson\Desktop\SA\PersistentArray\SADatabase\PLLUnitTest\bin\Debug\PLLUnitTest.dll" adapterTypeName="Microsoft.VisualStudio.TestTools.TestTypes.Unit.UnitTestAdapter, Microsoft.VisualStudio.QualityTools.Tips.UnitTest.Adapter, Version=10.0.0.0, Culture=neutral, PublicKeyToken=b03f5f7f11d50a3a" className="PLLUnitTest.PersistentLinkedListTest, PLLUnitTest" name="AddToStartTest" />
    </UnitTest>
    <UnitTest name="GetNextIndexTest" storage="c:\users\gwatson\desktop\sa\persistentarray\sadatabase\cpaunittest\bin\debug\cpaunittest.dll" id="c5e39726-deec-c4f7-824b-1e41432b6b87">
      <Execution id="be16318a-1d22-4b65-851d-04c200f8b071" />
      <TestMethod codeBase="C:\Users\gwatson\Desktop\SA\PersistentArray\SADatabase\CPAUnitTest\bin\Debug\CPAUnitTest.dll" adapterTypeName="Microsoft.VisualStudio.TestTools.TestTypes.Unit.UnitTestAdapter, Microsoft.VisualStudio.QualityTools.Tips.UnitTest.Adapter, Version=10.0.0.0, Culture=neutral, PublicKeyToken=b03f5f7f11d50a3a" className="CPAUnitTest.CachedIArrayTest, CPAUnitTest" name="GetNextIndexTest" />
    </UnitTest>
    <UnitTest name="AddToEndTest" storage="c:\users\gwatson\desktop\sa\persistentarray\sadatabase\pllunittest\bin\debug\pllunittest.dll" id="e5f5eeb7-8767-c831-6700-d29e08cf89bb">
      <Execution id="728777b6-1e69-44d7-b097-bcb349ef58f8" />
      <TestMethod codeBase="C:\Users\gwatson\Desktop\SA\PersistentArray\SADatabase\PLLUnitTest\bin\Debug\PLLUnitTest.dll" adapterTypeName="Microsoft.VisualStudio.TestTools.TestTypes.Unit.UnitTestAdapter, Microsoft.VisualStudio.QualityTools.Tips.UnitTest.Adapter, Version=10.0.0.0, Culture=neutral, PublicKeyToken=b03f5f7f11d50a3a" className="PLLUnitTest.PersistentLinkedListTest, PLLUnitTest" name="AddToEndTest" />
    </UnitTest>
    <UnitTest name="GetPutUserHeaderTest" storage="c:\users\gwatson\desktop\sa\persistentarray\sadatabase\filepersistenceunittest\bin\debug\filepersistenceunittest.dll" id="119f0d26-abb3-b910-6e20-3eb2e8267f66">
      <Execution id="6af47b74-7c5c-49d1-bf01-24c0d2063e10" />
      <TestMethod codeBase="C:\Users\gwatson\Desktop\SA\PersistentArray\SADatabase\FilePersistenceUnitTest\bin\Debug\FilePersistenceUnitTest.dll" adapterTypeName="Microsoft.VisualStudio.TestTools.TestTypes.Unit.UnitTestAdapter, Microsoft.VisualStudio.QualityTools.Tips.UnitTest.Adapter, Version=10.0.0.0, Culture=neutral, PublicKeyToken=b03f5f7f11d50a3a" className="FilePersistenceUnitTest.FileWithHeaderTest, FilePersistenceUnitTest" name="GetPutUserHeaderTest" />
    </UnitTest>
    <UnitTest name="ReopenTest" storage="c:\users\gwatson\desktop\sa\persistentarray\sadatabase\pafsunittest\bin\debug\pafsunittest.dll" id="1af0c77b-4d3c-a3e7-21cb-37332222dd11">
      <Execution id="33b01aa7-2fb3-4c04-a155-ec12397b47be" />
      <TestMethod codeBase="C:\Users\gwatson\Desktop\SA\PersistentArray\SADatabase\PAFSUnitTest\bin\Debug\PAFSUnitTest.dll" adapterTypeName="Microsoft.VisualStudio.TestTools.TestTypes.Unit.UnitTestAdapter, Microsoft.VisualStudio.QualityTools.Tips.UnitTest.Adapter, Version=10.0.0.0, Culture=neutral, PublicKeyToken=b03f5f7f11d50a3a" className="PAFSUnitTest.IPersistentArraySpaceManagerTest, PAFSUnitTest" name="ReopenTest" />
    </UnitTest>
    <UnitTest name="FreeMergeBeforeTest" storage="c:\users\gwatson\desktop\sa\persistentarray\sadatabase\phmunittest\bin\debug\phmunittest.dll" id="846fd299-442f-a81b-5ff1-400c3a67c543">
      <Execution id="184599bb-53cd-481e-a080-b62b043d8e70" />
      <TestMethod codeBase="C:\Users\gwatson\Desktop\SA\PersistentArray\SADatabase\PHMUnitTest\bin\Debug\PHMUnitTest.dll" adapterTypeName="Microsoft.VisualStudio.TestTools.TestTypes.Unit.UnitTestAdapter, Microsoft.VisualStudio.QualityTools.Tips.UnitTest.Adapter, Version=10.0.0.0, Culture=neutral, PublicKeyToken=b03f5f7f11d50a3a" className="PHMUnitTest.PersistentHeapTest, PHMUnitTest" name="FreeMergeBeforeTest" />
    </UnitTest>
    <UnitTest name="CloseTest" storage="c:\users\gwatson\desktop\sa\persistentarray\sadatabase\cpaunittest\bin\debug\cpaunittest.dll" id="71ffb975-3ee7-3930-0f3e-7889b95a130e">
      <Execution id="b415218a-c3aa-4e74-8e7e-b764ecb5dc55" />
      <TestMethod codeBase="C:\Users\gwatson\Desktop\SA\PersistentArray\SADatabase\CPAUnitTest\bin\Debug\CPAUnitTest.dll" adapterTypeName="Microsoft.VisualStudio.TestTools.TestTypes.Unit.UnitTestAdapter, Microsoft.VisualStudio.QualityTools.Tips.UnitTest.Adapter, Version=10.0.0.0, Culture=neutral, PublicKeyToken=b03f5f7f11d50a3a" className="CPAUnitTest.CachedIArrayTest, CPAUnitTest" name="CloseTest" />
    </UnitTest>
    <UnitTest name="NodeCtorTest" storage="c:\users\gwatson\desktop\sa\persistentarray\sadatabase\cpaunittest\bin\debug\cpaunittest.dll" id="b1c5d96c-054d-4348-7a86-0ce106021a41">
      <Execution id="8bff4909-6f07-4215-afa4-fa31e5bc6b3d" />
      <TestMethod codeBase="C:\Users\gwatson\Desktop\SA\PersistentArray\SADatabase\CPAUnitTest\bin\Debug\CPAUnitTest.dll" adapterTypeName="Microsoft.VisualStudio.TestTools.TestTypes.Unit.UnitTestAdapter, Microsoft.VisualStudio.QualityTools.Tips.UnitTest.Adapter, Version=10.0.0.0, Culture=neutral, PublicKeyToken=b03f5f7f11d50a3a" className="CPAUnitTest.NodeTest, CPAUnitTest" name="NodeCtorTest" />
    </UnitTest>
    <UnitTest name="Append2Test" storage="c:\users\gwatson\desktop\sa\persistentarray\sadatabase\bytehelperunittest\bin\debug\bytehelperunittest.dll" id="9042f580-80d7-070e-6671-c783c7157c04">
      <Execution id="2d7ac4aa-8d40-44ab-b248-3a05396f4554" />
      <TestMethod codeBase="C:\Users\gwatson\Desktop\SA\PersistentArray\SADatabase\ByteHelperUnitTest\bin\Debug\ByteHelperUnitTest.dll" adapterTypeName="Microsoft.VisualStudio.TestTools.TestTypes.Unit.UnitTestAdapter, Microsoft.VisualStudio.QualityTools.Tips.UnitTest.Adapter, Version=10.0.0.0, Culture=neutral, PublicKeyToken=b03f5f7f11d50a3a" className="ByteHelperUnitTest.HelperTest, ByteHelperUnitTest" name="Append2Test" />
    </UnitTest>
    <UnitTest name="SeekTest" storage="c:\users\gwatson\desktop\sa\persistentarray\sadatabase\persistenceunittest\bin\debug\persistenceunittest.dll" id="610385d3-c2b5-eeb9-1ed4-86ca6ad846de">
      <Execution id="65408d61-3a76-4501-9475-cc06e854b3ee" />
      <TestMethod codeBase="C:\Users\gwatson\Desktop\SA\PersistentArray\SADatabase\PersistenceUnitTest\bin\Debug\PersistenceUnitTest.dll" adapterTypeName="Microsoft.VisualStudio.TestTools.TestTypes.Unit.UnitTestAdapter, Microsoft.VisualStudio.QualityTools.Tips.UnitTest.Adapter, Version=10.0.0.0, Culture=neutral, PublicKeyToken=b03f5f7f11d50a3a" className="PersistenceUnitTest.RandomAccessFileTest, PersistenceUnitTest" name="SeekTest" />
    </UnitTest>
    <UnitTest name="AssertNotBadNodeIndexTest" storage="c:\users\gwatson\desktop\sa\persistentarray\sadatabase\pllunittest\bin\debug\pllunittest.dll" id="63cc42b4-1dc6-41a3-f417-45c71de20956">
      <Execution id="d984b0ad-0b28-48aa-8e58-fb922b767f06" />
      <TestMethod codeBase="C:\Users\gwatson\Desktop\SA\PersistentArray\SADatabase\PLLUnitTest\bin\Debug\PLLUnitTest.dll" adapterTypeName="Microsoft.VisualStudio.TestTools.TestTypes.Unit.UnitTestAdapter, Microsoft.VisualStudio.QualityTools.Tips.UnitTest.Adapter, Version=10.0.0.0, Culture=neutral, PublicKeyToken=b03f5f7f11d50a3a" className="PLLUnitTest.PersistentLinkedListTest, PLLUnitTest" name="AssertNotBadNodeIndexTest" />
    </UnitTest>
    <UnitTest name="UserHeaderConstructorTest" storage="c:\users\gwatson\desktop\sa\persistentarray\sadatabase\filepersistenceunittest\bin\debug\filepersistenceunittest.dll" id="a9ffaa5b-f9ae-7924-38fd-a4efa57e9554">
      <Execution id="e035192f-bf47-4bc3-8221-6c1d882700fc" />
      <TestMethod codeBase="C:\Users\gwatson\Desktop\SA\PersistentArray\SADatabase\FilePersistenceUnitTest\bin\Debug\FilePersistenceUnitTest.dll" adapterTypeName="Microsoft.VisualStudio.TestTools.TestTypes.Unit.UnitTestAdapter, Microsoft.VisualStudio.QualityTools.Tips.UnitTest.Adapter, Version=10.0.0.0, Culture=neutral, PublicKeyToken=b03f5f7f11d50a3a" className="FilePersistenceUnitTest.UserHeaderTest, FilePersistenceUnitTest" name="UserHeaderConstructorTest" />
    </UnitTest>
    <UnitTest name="GetNextTest" storage="c:\users\gwatson\desktop\sa\persistentarray\sadatabase\pllunittest\bin\debug\pllunittest.dll" id="ffe04048-3d0c-a00a-f497-66ad2a87b507">
      <Execution id="25a772a5-540c-4d1c-b025-428924596729" />
      <TestMethod codeBase="C:\Users\gwatson\Desktop\SA\PersistentArray\SADatabase\PLLUnitTest\bin\Debug\PLLUnitTest.dll" adapterTypeName="Microsoft.VisualStudio.TestTools.TestTypes.Unit.UnitTestAdapter, Microsoft.VisualStudio.QualityTools.Tips.UnitTest.Adapter, Version=10.0.0.0, Culture=neutral, PublicKeyToken=b03f5f7f11d50a3a" className="PLLUnitTest.PersistentLinkedListTest, PLLUnitTest" name="GetNextTest" />
    </UnitTest>
    <UnitTest name="DeserializeTest" storage="c:\users\gwatson\desktop\sa\persistentarray\sadatabase\phtunittest\bin\debug\phtunittest.dll" id="5e1a90a3-2d69-9f23-3961-d8b82f54f7e7">
      <Execution id="09599ac3-1ab3-4887-9492-8a890b96062a" />
      <TestMethod codeBase="C:\Users\gwatson\Desktop\SA\PersistentArray\SADatabase\PHTUnitTest\bin\Debug\PHTUnitTest.dll" adapterTypeName="Microsoft.VisualStudio.TestTools.TestTypes.Unit.UnitTestAdapter, Microsoft.VisualStudio.QualityTools.Tips.UnitTest.Adapter, Version=10.0.0.0, Culture=neutral, PublicKeyToken=b03f5f7f11d50a3a" className="PHTUnitTest.HashTableHeaderTest, PHTUnitTest" name="DeserializeTest" />
    </UnitTest>
    <UnitTest name="Append1Test" storage="c:\users\gwatson\desktop\sa\persistentarray\sadatabase\bytehelperunittest\bin\debug\bytehelperunittest.dll" id="e489bd92-1fdb-dce0-d50f-126dc15b0598">
      <Execution id="d7c2c459-d538-4864-bb28-5a8b6b809ad1" />
      <TestMethod codeBase="C:\Users\gwatson\Desktop\SA\PersistentArray\SADatabase\ByteHelperUnitTest\bin\Debug\ByteHelperUnitTest.dll" adapterTypeName="Microsoft.VisualStudio.TestTools.TestTypes.Unit.UnitTestAdapter, Microsoft.VisualStudio.QualityTools.Tips.UnitTest.Adapter, Version=10.0.0.0, Culture=neutral, PublicKeyToken=b03f5f7f11d50a3a" className="ByteHelperUnitTest.HelperTest, ByteHelperUnitTest" name="Append1Test" />
    </UnitTest>
    <UnitTest name="GetNextIndexTest" storage="c:\users\gwatson\desktop\sa\persistentarray\sadatabase\persistentarrayunittest\bin\debug\paunittest.dll" id="07414e15-0007-4d7b-15c6-ec13fc17ad8b">
      <Execution id="e4d329c2-90f6-41f4-a57f-8d5cbec6e3ea" />
      <TestMethod codeBase="C:\Users\gwatson\Desktop\SA\PersistentArray\SADatabase\PersistentArrayUnitTest\bin\Debug\PAUnitTest.dll" adapterTypeName="Microsoft.VisualStudio.TestTools.TestTypes.Unit.UnitTestAdapter, Microsoft.VisualStudio.QualityTools.Tips.UnitTest.Adapter, Version=10.0.0.0, Culture=neutral, PublicKeyToken=b03f5f7f11d50a3a" className="PAUnitTest.IPersistentArrayTest, PAUnitTest" name="GetNextIndexTest" />
    </UnitTest>
    <UnitTest name="SizeInBytesTest" storage="c:\users\gwatson\desktop\sa\persistentarray\sadatabase\phmunittest\bin\debug\phmunittest.dll" id="282879a0-7b32-ff9a-e44c-1a4579417208">
      <Execution id="bd36a1a3-e6cb-45ca-9cf6-2e33a1869cec" />
      <TestMethod codeBase="C:\Users\gwatson\Desktop\SA\PersistentArray\SADatabase\PHMUnitTest\bin\Debug\PHMUnitTest.dll" adapterTypeName="Microsoft.VisualStudio.TestTools.TestTypes.Unit.UnitTestAdapter, Microsoft.VisualStudio.QualityTools.Tips.UnitTest.Adapter, Version=10.0.0.0, Culture=neutral, PublicKeyToken=b03f5f7f11d50a3a" className="PHMUnitTest.PersistentHeapSpaceTest, PHMUnitTest" name="SizeInBytesTest" />
    </UnitTest>
    <UnitTest name="CreateTest" storage="c:\users\gwatson\desktop\sa\persistentarray\sadatabase\pllunittest\bin\debug\pllunittest.dll" id="fd2220b2-26eb-6999-62ad-4cbb765b850c">
      <Execution id="6681053a-9d8b-4043-acdc-969b2236fc40" />
      <TestMethod codeBase="C:\Users\gwatson\Desktop\SA\PersistentArray\SADatabase\PLLUnitTest\bin\Debug\PLLUnitTest.dll" adapterTypeName="Microsoft.VisualStudio.TestTools.TestTypes.Unit.UnitTestAdapter, Microsoft.VisualStudio.QualityTools.Tips.UnitTest.Adapter, Version=10.0.0.0, Culture=neutral, PublicKeyToken=b03f5f7f11d50a3a" className="PLLUnitTest.PersistentLinkedListTest, PLLUnitTest" name="CreateTest" />
    </UnitTest>
    <UnitTest name="InsertThrowsTest" storage="c:\users\gwatson\desktop\sa\persistentarray\sadatabase\pllunittest\bin\debug\pllunittest.dll" id="7256c121-b7a1-76a6-3a43-87fec1af02da">
      <Execution id="b8d9ae5c-2f18-4d0a-bc0c-2d6331b49914" />
      <TestMethod codeBase="C:\Users\gwatson\Desktop\SA\PersistentArray\SADatabase\PLLUnitTest\bin\Debug\PLLUnitTest.dll" adapterTypeName="Microsoft.VisualStudio.TestTools.TestTypes.Unit.UnitTestAdapter, Microsoft.VisualStudio.QualityTools.Tips.UnitTest.Adapter, Version=10.0.0.0, Culture=neutral, PublicKeyToken=b03f5f7f11d50a3a" className="PLLUnitTest.PersistentLinkedListTest, PLLUnitTest" name="InsertThrowsTest" />
    </UnitTest>
    <UnitTest name="CreateCtorTest" storage="c:\users\gwatson\desktop\sa\persistentarray\sadatabase\cpaunittest\bin\debug\cpaunittest.dll" id="414c1d58-8de9-a775-6ff6-4a9efb4178ab">
      <Execution id="b3739b31-c0b6-43fa-a13c-2d07aaeb791a" />
      <TestMethod codeBase="C:\Users\gwatson\Desktop\SA\PersistentArray\SADatabase\CPAUnitTest\bin\Debug\CPAUnitTest.dll" adapterTypeName="Microsoft.VisualStudio.TestTools.TestTypes.Unit.UnitTestAdapter, Microsoft.VisualStudio.QualityTools.Tips.UnitTest.Adapter, Version=10.0.0.0, Culture=neutral, PublicKeyToken=b03f5f7f11d50a3a" className="CPAUnitTest.CachedIArrayTest, CPAUnitTest" name="CreateCtorTest" />
    </UnitTest>
    <UnitTest name="CtorCreateTest" storage="c:\users\gwatson\desktop\sa\persistentarray\sadatabase\phmunittest\bin\debug\phmunittest.dll" id="c1c24e9f-1ef1-eaa1-585b-5748c70dad65">
      <Execution id="68837d7b-dcea-4331-b738-1f2e21fa3ec9" />
      <TestMethod codeBase="C:\Users\gwatson\Desktop\SA\PersistentArray\SADatabase\PHMUnitTest\bin\Debug\PHMUnitTest.dll" adapterTypeName="Microsoft.VisualStudio.TestTools.TestTypes.Unit.UnitTestAdapter, Microsoft.VisualStudio.QualityTools.Tips.UnitTest.Adapter, Version=10.0.0.0, Culture=neutral, PublicKeyToken=b03f5f7f11d50a3a" className="PHMUnitTest.PersistentHeapTest, PHMUnitTest" name="CtorCreateTest" />
    </UnitTest>
    <UnitTest name="GetUserHeaderTest" storage="c:\users\gwatson\desktop\sa\persistentarray\sadatabase\pafsunittest\bin\debug\pafsunittest.dll" id="5e51bd1e-dd26-d7ed-b6ba-6a8f01ee0f1b">
      <Execution id="cb3c4713-b179-4da9-8179-9690c7adbb6d" />
      <TestMethod codeBase="C:\Users\gwatson\Desktop\SA\PersistentArray\SADatabase\PAFSUnitTest\bin\Debug\PAFSUnitTest.dll" adapterTypeName="Microsoft.VisualStudio.TestTools.TestTypes.Unit.UnitTestAdapter, Microsoft.VisualStudio.QualityTools.Tips.UnitTest.Adapter, Version=10.0.0.0, Culture=neutral, PublicKeyToken=b03f5f7f11d50a3a" className="PAFSUnitTest.IPersistentArraySpaceManagerTest, PAFSUnitTest" name="GetUserHeaderTest" />
    </UnitTest>
    <UnitTest name="LRUElementCacheCtorTest" storage="c:\users\gwatson\desktop\sa\persistentarray\sadatabase\cpaunittest\bin\debug\cpaunittest.dll" id="818a96ef-af23-e852-2659-31e5781f9e2c">
      <Execution id="59be37ca-4a78-4275-867e-c54f06f341bd" />
      <TestMethod codeBase="C:\Users\gwatson\Desktop\SA\PersistentArray\SADatabase\CPAUnitTest\bin\Debug\CPAUnitTest.dll" adapterTypeName="Microsoft.VisualStudio.TestTools.TestTypes.Unit.UnitTestAdapter, Microsoft.VisualStudio.QualityTools.Tips.UnitTest.Adapter, Version=10.0.0.0, Culture=neutral, PublicKeyToken=b03f5f7f11d50a3a" className="CPAUnitTest.LRUElementCacheTest, CPAUnitTest" name="LRUElementCacheCtorTest" />
    </UnitTest>
    <UnitTest name="CtorTest" storage="c:\users\gwatson\desktop\sa\persistentarray\sadatabase\phmunittest\bin\debug\phmunittest.dll" id="dc59e212-85a1-3e76-d4aa-2b0731bd07f1">
      <Execution id="6e4741f9-19a4-41ef-ab80-28f604433e4a" />
      <TestMethod codeBase="C:\Users\gwatson\Desktop\SA\PersistentArray\SADatabase\PHMUnitTest\bin\Debug\PHMUnitTest.dll" adapterTypeName="Microsoft.VisualStudio.TestTools.TestTypes.Unit.UnitTestAdapter, Microsoft.VisualStudio.QualityTools.Tips.UnitTest.Adapter, Version=10.0.0.0, Culture=neutral, PublicKeyToken=b03f5f7f11d50a3a" className="PHMUnitTest.PersistentHeapFreeSpaceTest, PHMUnitTest" name="CtorTest" />
    </UnitTest>
    <UnitTest name="GetTest" storage="c:\users\gwatson\desktop\sa\persistentarray\sadatabase\cpaunittest\bin\debug\cpaunittest.dll" id="4aeb4eda-2347-4daf-0915-85bd224c5d85">
      <Execution id="854ba652-9426-4b98-91c7-9d4652f3acf3" />
      <TestMethod codeBase="C:\Users\gwatson\Desktop\SA\PersistentArray\SADatabase\CPAUnitTest\bin\Debug\CPAUnitTest.dll" adapterTypeName="Microsoft.VisualStudio.TestTools.TestTypes.Unit.UnitTestAdapter, Microsoft.VisualStudio.QualityTools.Tips.UnitTest.Adapter, Version=10.0.0.0, Culture=neutral, PublicKeyToken=b03f5f7f11d50a3a" className="CPAUnitTest.CachedIArrayTest, CPAUnitTest" name="GetTest" />
    </UnitTest>
    <UnitTest name="CtorTest" storage="c:\users\gwatson\desktop\sa\persistentarray\sadatabase\phtunittest\bin\debug\phtunittest.dll" id="2ecace38-de69-65fe-78ba-795f763f7921">
      <Execution id="68042622-b6bf-41de-a33b-3ea2e39b5172" />
      <TestMethod codeBase="C:\Users\gwatson\Desktop\SA\PersistentArray\SADatabase\PHTUnitTest\bin\Debug\PHTUnitTest.dll" adapterTypeName="Microsoft.VisualStudio.TestTools.TestTypes.Unit.UnitTestAdapter, Microsoft.VisualStudio.QualityTools.Tips.UnitTest.Adapter, Version=10.0.0.0, Culture=neutral, PublicKeyToken=b03f5f7f11d50a3a" className="PHTUnitTest.PersistentHashTableTest, PHTUnitTest" name="CtorTest" />
    </UnitTest>
    <UnitTest name="WriteToStorageTest" storage="c:\users\gwatson\desktop\sa\persistentarray\sadatabase\filepersistenceunittest\bin\debug\filepersistenceunittest.dll" id="2053caf7-0cee-71a7-c0a3-31f51653539e">
      <Execution id="7b0e542d-1816-40a2-8233-8bd56a384818" />
      <TestMethod codeBase="C:\Users\gwatson\Desktop\SA\PersistentArray\SADatabase\FilePersistenceUnitTest\bin\Debug\FilePersistenceUnitTest.dll" adapterTypeName="Microsoft.VisualStudio.TestTools.TestTypes.Unit.UnitTestAdapter, Microsoft.VisualStudio.QualityTools.Tips.UnitTest.Adapter, Version=10.0.0.0, Culture=neutral, PublicKeyToken=b03f5f7f11d50a3a" className="FilePersistenceUnitTest.UserHeaderTest, FilePersistenceUnitTest" name="WriteToStorageTest" />
    </UnitTest>
    <UnitTest name="PutGetUserHeaderTest" storage="c:\users\gwatson\desktop\sa\persistentarray\sadatabase\cpaunittest\bin\debug\cpaunittest.dll" id="7ad6c21f-feaf-20c3-6794-ee2d02f21a1c">
      <Execution id="50239f48-3bd1-4fb0-a34c-8419e62ae9ca" />
      <TestMethod codeBase="C:\Users\gwatson\Desktop\SA\PersistentArray\SADatabase\CPAUnitTest\bin\Debug\CPAUnitTest.dll" adapterTypeName="Microsoft.VisualStudio.TestTools.TestTypes.Unit.UnitTestAdapter, Microsoft.VisualStudio.QualityTools.Tips.UnitTest.Adapter, Version=10.0.0.0, Culture=neutral, PublicKeyToken=b03f5f7f11d50a3a" className="CPAUnitTest.CachedIArrayTest, CPAUnitTest" name="PutGetUserHeaderTest" />
    </UnitTest>
    <UnitTest name="InsertLinksCorrectlyTest" storage="c:\users\gwatson\desktop\sa\persistentarray\sadatabase\pllunittest\bin\debug\pllunittest.dll" id="f0820a20-bffa-aca4-73b6-cb5b10486dcd">
      <Execution id="a035631e-90bf-4fcc-a057-4ea424d9017a" />
      <TestMethod codeBase="C:\Users\gwatson\Desktop\SA\PersistentArray\SADatabase\PLLUnitTest\bin\Debug\PLLUnitTest.dll" adapterTypeName="Microsoft.VisualStudio.TestTools.TestTypes.Unit.UnitTestAdapter, Microsoft.VisualStudio.QualityTools.Tips.UnitTest.Adapter, Version=10.0.0.0, Culture=neutral, PublicKeyToken=b03f5f7f11d50a3a" className="PLLUnitTest.PersistentLinkedListTest, PLLUnitTest" name="InsertLinksCorrectlyTest" />
    </UnitTest>
    <UnitTest name="GetTest" storage="c:\users\gwatson\desktop\sa\persistentarray\sadatabase\cpaunittest\bin\debug\cpaunittest.dll" id="386c50f6-2d09-529c-8336-cdd485ffb439">
      <Execution id="b8972a6a-a196-4be7-a960-2c7c32a09ea4" />
      <TestMethod codeBase="C:\Users\gwatson\Desktop\SA\PersistentArray\SADatabase\CPAUnitTest\bin\Debug\CPAUnitTest.dll" adapterTypeName="Microsoft.VisualStudio.TestTools.TestTypes.Unit.UnitTestAdapter, Microsoft.VisualStudio.QualityTools.Tips.UnitTest.Adapter, Version=10.0.0.0, Culture=neutral, PublicKeyToken=b03f5f7f11d50a3a" className="CPAUnitTest.LRUElementCacheTest, CPAUnitTest" name="GetTest" />
    </UnitTest>
    <UnitTest name="SerializeTest" storage="c:\users\gwatson\desktop\sa\persistentarray\sadatabase\pafsunittest\bin\debug\pafsunittest.dll" id="dcd55a77-217b-2a2a-b734-243925f84d45">
      <Execution id="9267e041-6564-445a-b530-0650c06701ac" />
      <TestMethod codeBase="C:\Users\gwatson\Desktop\SA\PersistentArray\SADatabase\PAFSUnitTest\bin\Debug\PAFSUnitTest.dll" adapterTypeName="Microsoft.VisualStudio.TestTools.TestTypes.Unit.UnitTestAdapter, Microsoft.VisualStudio.QualityTools.Tips.UnitTest.Adapter, Version=10.0.0.0, Culture=neutral, PublicKeyToken=b03f5f7f11d50a3a" className="PAFSUnitTest.PAFSHeaderTest, PAFSUnitTest" name="SerializeTest" />
    </UnitTest>
    <UnitTest name="ReadByteTest" storage="c:\users\gwatson\desktop\sa\persistentarray\sadatabase\persistenceunittest\bin\debug\persistenceunittest.dll" id="15eee5ec-03b7-2b3f-62ff-f766c0f78875">
      <Execution id="6b2697e9-a9d5-424d-be9e-1d598333c253" />
      <TestMethod codeBase="C:\Users\gwatson\Desktop\SA\PersistentArray\SADatabase\PersistenceUnitTest\bin\Debug\PersistenceUnitTest.dll" adapterTypeName="Microsoft.VisualStudio.TestTools.TestTypes.Unit.UnitTestAdapter, Microsoft.VisualStudio.QualityTools.Tips.UnitTest.Adapter, Version=10.0.0.0, Culture=neutral, PublicKeyToken=b03f5f7f11d50a3a" className="PersistenceUnitTest.RandomAccessFileTest, PersistenceUnitTest" name="ReadByteTest" />
    </UnitTest>
    <UnitTest name="GetNextIndexTest" storage="c:\users\gwatson\desktop\sa\persistentarray\sadatabase\filepersistenceunittest\bin\debug\filepersistenceunittest.dll" id="44b2bd84-c18b-ffc2-bf52-0bd4506adf9f">
      <Execution id="70c6d0a3-c6ca-4aa2-a171-052c22af2ec1" />
      <TestMethod codeBase="C:\Users\gwatson\Desktop\SA\PersistentArray\SADatabase\FilePersistenceUnitTest\bin\Debug\FilePersistenceUnitTest.dll" adapterTypeName="Microsoft.VisualStudio.TestTools.TestTypes.Unit.UnitTestAdapter, Microsoft.VisualStudio.QualityTools.Tips.UnitTest.Adapter, Version=10.0.0.0, Culture=neutral, PublicKeyToken=b03f5f7f11d50a3a" className="FilePersistenceUnitTest.FileWithHeaderTest, FilePersistenceUnitTest" name="GetNextIndexTest" />
    </UnitTest>
    <UnitTest name="ElementCtorTest" storage="c:\users\gwatson\desktop\sa\persistentarray\sadatabase\persistentarrayunittest\bin\debug\paunittest.dll" id="d7a29e06-03fa-67e4-6f87-44c551f8b54e">
      <Execution id="f48f0ff2-9aca-446d-a4eb-078995460b97" />
      <TestMethod codeBase="C:\Users\gwatson\Desktop\SA\PersistentArray\SADatabase\PersistentArrayUnitTest\bin\Debug\PAUnitTest.dll" adapterTypeName="Microsoft.VisualStudio.TestTools.TestTypes.Unit.UnitTestAdapter, Microsoft.VisualStudio.QualityTools.Tips.UnitTest.Adapter, Version=10.0.0.0, Culture=neutral, PublicKeyToken=b03f5f7f11d50a3a" className="PAUnitTest.ElementTest, PAUnitTest" name="ElementCtorTest" />
    </UnitTest>
    <UnitTest name="PutGetUserHeaderTest" storage="c:\users\gwatson\desktop\sa\persistentarray\sadatabase\phtunittest\bin\debug\phtunittest.dll" id="eba5dc6e-9bfa-ee02-4059-95270e8b548f">
      <Execution id="6c255589-a619-456c-922c-27c5e59d106d" />
      <TestMethod codeBase="C:\Users\gwatson\Desktop\SA\PersistentArray\SADatabase\PHTUnitTest\bin\Debug\PHTUnitTest.dll" adapterTypeName="Microsoft.VisualStudio.TestTools.TestTypes.Unit.UnitTestAdapter, Microsoft.VisualStudio.QualityTools.Tips.UnitTest.Adapter, Version=10.0.0.0, Culture=neutral, PublicKeyToken=b03f5f7f11d50a3a" className="PHTUnitTest.PersistentHashTableTest, PHTUnitTest" name="PutGetUserHeaderTest" />
    </UnitTest>
    <UnitTest name="SerializeTest" storage="c:\users\gwatson\desktop\sa\persistentarray\sadatabase\phtunittest\bin\debug\phtunittest.dll" id="ff3263d9-8c70-f60e-d721-c5d537b9f312">
      <Execution id="889628f4-d896-4c7a-a594-f9b5cb984044" />
      <TestMethod codeBase="C:\Users\gwatson\Desktop\SA\PersistentArray\SADatabase\PHTUnitTest\bin\Debug\PHTUnitTest.dll" adapterTypeName="Microsoft.VisualStudio.TestTools.TestTypes.Unit.UnitTestAdapter, Microsoft.VisualStudio.QualityTools.Tips.UnitTest.Adapter, Version=10.0.0.0, Culture=neutral, PublicKeyToken=b03f5f7f11d50a3a" className="PHTUnitTest.HashTableElementTest, PHTUnitTest" name="SerializeTest" />
    </UnitTest>
    <UnitTest name="ReadByteArrayTest" storage="c:\users\gwatson\desktop\sa\persistentarray\sadatabase\persistenceunittest\bin\debug\persistenceunittest.dll" id="965a56bb-5e93-1f41-fa3a-18161c642244">
      <Execution id="bb8139f2-7c54-4b7d-ab33-8f6c14be4cfc" />
      <TestMethod codeBase="C:\Users\gwatson\Desktop\SA\PersistentArray\SADatabase\PersistenceUnitTest\bin\Debug\PersistenceUnitTest.dll" adapterTypeName="Microsoft.VisualStudio.TestTools.TestTypes.Unit.UnitTestAdapter, Microsoft.VisualStudio.QualityTools.Tips.UnitTest.Adapter, Version=10.0.0.0, Culture=neutral, PublicKeyToken=b03f5f7f11d50a3a" className="PersistenceUnitTest.RandomAccessFileTest, PersistenceUnitTest" name="ReadByteArrayTest" />
    </UnitTest>
    <UnitTest name="SerializeTest" storage="c:\users\gwatson\desktop\sa\persistentarray\sadatabase\phmunittest\bin\debug\phmunittest.dll" id="f173e7fc-49c9-6230-eca2-9afec5f70750">
      <Execution id="d4c71dd7-ba2f-4c5d-b56d-71874f014668" />
      <TestMethod codeBase="C:\Users\gwatson\Desktop\SA\PersistentArray\SADatabase\PHMUnitTest\bin\Debug\PHMUnitTest.dll" adapterTypeName="Microsoft.VisualStudio.TestTools.TestTypes.Unit.UnitTestAdapter, Microsoft.VisualStudio.QualityTools.Tips.UnitTest.Adapter, Version=10.0.0.0, Culture=neutral, PublicKeyToken=b03f5f7f11d50a3a" className="PHMUnitTest.PersistentHeapHeaderTest, PHMUnitTest" name="SerializeTest" />
    </UnitTest>
    <UnitTest name="FreeAddSpaceToEndOfFreeListTest" storage="c:\users\gwatson\desktop\sa\persistentarray\sadatabase\phmunittest\bin\debug\phmunittest.dll" id="9d918454-2feb-95e0-4026-22b2c4e3a005">
      <Execution id="74d6cae3-f54d-423a-8104-4d9c12e4adb4" />
      <TestMethod codeBase="C:\Users\gwatson\Desktop\SA\PersistentArray\SADatabase\PHMUnitTest\bin\Debug\PHMUnitTest.dll" adapterTypeName="Microsoft.VisualStudio.TestTools.TestTypes.Unit.UnitTestAdapter, Microsoft.VisualStudio.QualityTools.Tips.UnitTest.Adapter, Version=10.0.0.0, Culture=neutral, PublicKeyToken=b03f5f7f11d50a3a" className="PHMUnitTest.PersistentHeapTest, PHMUnitTest" name="FreeAddSpaceToEndOfFreeListTest" />
    </UnitTest>
    <UnitTest name="PutGetUserHeaderTest" storage="c:\users\gwatson\desktop\sa\persistentarray\sadatabase\phmunittest\bin\debug\phmunittest.dll" id="94000a80-807f-643f-04b5-3a8c67520adc">
      <Execution id="646d54cc-b410-43e5-9b70-70cd41281989" />
      <TestMethod codeBase="C:\Users\gwatson\Desktop\SA\PersistentArray\SADatabase\PHMUnitTest\bin\Debug\PHMUnitTest.dll" adapterTypeName="Microsoft.VisualStudio.TestTools.TestTypes.Unit.UnitTestAdapter, Microsoft.VisualStudio.QualityTools.Tips.UnitTest.Adapter, Version=10.0.0.0, Culture=neutral, PublicKeyToken=b03f5f7f11d50a3a" className="PHMUnitTest.PersistentHeapTest, PHMUnitTest" name="PutGetUserHeaderTest" />
    </UnitTest>
    <UnitTest name="FreeMiddleSpaceTest" storage="c:\users\gwatson\desktop\sa\persistentarray\sadatabase\phmunittest\bin\debug\phmunittest.dll" id="07fd6071-5ad6-8ae1-19db-6f86b098fff4">
      <Execution id="763f7b82-599f-446b-a276-a9d7b6ebb21b" />
      <TestMethod codeBase="C:\Users\gwatson\Desktop\SA\PersistentArray\SADatabase\PHMUnitTest\bin\Debug\PHMUnitTest.dll" adapterTypeName="Microsoft.VisualStudio.TestTools.TestTypes.Unit.UnitTestAdapter, Microsoft.VisualStudio.QualityTools.Tips.UnitTest.Adapter, Version=10.0.0.0, Culture=neutral, PublicKeyToken=b03f5f7f11d50a3a" className="PHMUnitTest.PersistentHeapTest, PHMUnitTest" name="FreeMiddleSpaceTest" />
    </UnitTest>
    <UnitTest name="ReopenTest" storage="c:\users\gwatson\desktop\sa\persistentarray\sadatabase\phtunittest\bin\debug\phtunittest.dll" id="bfe87bac-e9fc-a821-d953-1eb8c9641d62">
      <Execution id="c14d6ba0-e935-457c-a303-87c1ae8c1d45" />
      <TestMethod codeBase="C:\Users\gwatson\Desktop\SA\PersistentArray\SADatabase\PHTUnitTest\bin\Debug\PHTUnitTest.dll" adapterTypeName="Microsoft.VisualStudio.TestTools.TestTypes.Unit.UnitTestAdapter, Microsoft.VisualStudio.QualityTools.Tips.UnitTest.Adapter, Version=10.0.0.0, Culture=neutral, PublicKeyToken=b03f5f7f11d50a3a" className="PHTUnitTest.PersistentHashTableTest, PHTUnitTest" name="ReopenTest" />
    </UnitTest>
    <UnitTest name="WriteReadStorageTest" storage="c:\users\gwatson\desktop\sa\persistentarray\sadatabase\persistentarrayunittest\bin\debug\paunittest.dll" id="402330e1-95b7-447a-93a7-af95d05ae424">
      <Execution id="fac07174-bb2f-4161-bd2e-696d6000bf2a" />
      <TestMethod codeBase="C:\Users\gwatson\Desktop\SA\PersistentArray\SADatabase\PersistentArrayUnitTest\bin\Debug\PAUnitTest.dll" adapterTypeName="Microsoft.VisualStudio.TestTools.TestTypes.Unit.UnitTestAdapter, Microsoft.VisualStudio.QualityTools.Tips.UnitTest.Adapter, Version=10.0.0.0, Culture=neutral, PublicKeyToken=b03f5f7f11d50a3a" className="PAUnitTest.ElementTest, PAUnitTest" name="WriteReadStorageTest" />
    </UnitTest>
    <UnitTest name="InsertTest" storage="c:\users\gwatson\desktop\sa\persistentarray\sadatabase\cpaunittest\bin\debug\cpaunittest.dll" id="affe1ef8-a55d-611e-f219-a825233a32ae">
      <Execution id="90433177-1abf-40f7-960b-905cad16e492" />
      <TestMethod codeBase="C:\Users\gwatson\Desktop\SA\PersistentArray\SADatabase\CPAUnitTest\bin\Debug\CPAUnitTest.dll" adapterTypeName="Microsoft.VisualStudio.TestTools.TestTypes.Unit.UnitTestAdapter, Microsoft.VisualStudio.QualityTools.Tips.UnitTest.Adapter, Version=10.0.0.0, Culture=neutral, PublicKeyToken=b03f5f7f11d50a3a" className="CPAUnitTest.LRUDoubleLinkedListTest, CPAUnitTest" name="InsertTest" />
    </UnitTest>
    <UnitTest name="FreeLastSpaceTest" storage="c:\users\gwatson\desktop\sa\persistentarray\sadatabase\phmunittest\bin\debug\phmunittest.dll" id="d87c9634-3232-495c-abe1-766a051a0ec6">
      <Execution id="3993beff-1e9e-4351-bd9e-62d86db9fa7d" />
      <TestMethod codeBase="C:\Users\gwatson\Desktop\SA\PersistentArray\SADatabase\PHMUnitTest\bin\Debug\PHMUnitTest.dll" adapterTypeName="Microsoft.VisualStudio.TestTools.TestTypes.Unit.UnitTestAdapter, Microsoft.VisualStudio.QualityTools.Tips.UnitTest.Adapter, Version=10.0.0.0, Culture=neutral, PublicKeyToken=b03f5f7f11d50a3a" className="PHMUnitTest.PersistentHeapTest, PHMUnitTest" name="FreeLastSpaceTest" />
    </UnitTest>
    <UnitTest name="DeserializeTest" storage="c:\users\gwatson\desktop\sa\persistentarray\sadatabase\pafsunittest\bin\debug\pafsunittest.dll" id="082e8e55-223e-051e-386f-e304fa6d81fc">
      <Execution id="e37fdfb9-51d1-4956-bb5e-1584d2ada92e" />
      <TestMethod codeBase="C:\Users\gwatson\Desktop\SA\PersistentArray\SADatabase\PAFSUnitTest\bin\Debug\PAFSUnitTest.dll" adapterTypeName="Microsoft.VisualStudio.TestTools.TestTypes.Unit.UnitTestAdapter, Microsoft.VisualStudio.QualityTools.Tips.UnitTest.Adapter, Version=10.0.0.0, Culture=neutral, PublicKeyToken=b03f5f7f11d50a3a" className="PAFSUnitTest.PAFSHeaderTest, PAFSUnitTest" name="DeserializeTest" />
    </UnitTest>
    <UnitTest name="GetPutUserHeaderTest" storage="c:\users\gwatson\desktop\sa\persistentarray\sadatabase\persistentarrayunittest\bin\debug\paunittest.dll" id="d7cc34f6-78d2-eecf-5b9f-ab76bb86da71">
      <Execution id="28ff437d-1d83-4ec7-bd64-f69fa1ea792c" />
      <TestMethod codeBase="C:\Users\gwatson\Desktop\SA\PersistentArray\SADatabase\PersistentArrayUnitTest\bin\Debug\PAUnitTest.dll" adapterTypeName="Microsoft.VisualStudio.TestTools.TestTypes.Unit.UnitTestAdapter, Microsoft.VisualStudio.QualityTools.Tips.UnitTest.Adapter, Version=10.0.0.0, Culture=neutral, PublicKeyToken=b03f5f7f11d50a3a" className="PAUnitTest.IPersistentArrayTest, PAUnitTest" name="GetPutUserHeaderTest" />
    </UnitTest>
    <UnitTest name="CloseTest" storage="c:\users\gwatson\desktop\sa\persistentarray\sadatabase\persistenceunittest\bin\debug\persistenceunittest.dll" id="77c4d4bd-5fbe-4bd1-86c3-f6e38810414b">
      <Execution id="66b95864-4054-4c5a-bec7-89fc7e779d35" />
      <TestMethod codeBase="C:\Users\gwatson\Desktop\SA\PersistentArray\SADatabase\PersistenceUnitTest\bin\Debug\PersistenceUnitTest.dll" adapterTypeName="Microsoft.VisualStudio.TestTools.TestTypes.Unit.UnitTestAdapter, Microsoft.VisualStudio.QualityTools.Tips.UnitTest.Adapter, Version=10.0.0.0, Culture=neutral, PublicKeyToken=b03f5f7f11d50a3a" className="PersistenceUnitTest.RandomAccessFileTest, PersistenceUnitTest" name="CloseTest" />
    </UnitTest>
    <UnitTest name="LRUDoublyLinkedListCtorTest" storage="c:\users\gwatson\desktop\sa\persistentarray\sadatabase\cpaunittest\bin\debug\cpaunittest.dll" id="ea353cbf-1840-4b47-9557-83373d54727c">
      <Execution id="94e82433-2d09-44ea-bbbf-4dd2d3dab74b" />
      <TestMethod codeBase="C:\Users\gwatson\Desktop\SA\PersistentArray\SADatabase\CPAUnitTest\bin\Debug\CPAUnitTest.dll" adapterTypeName="Microsoft.VisualStudio.TestTools.TestTypes.Unit.UnitTestAdapter, Microsoft.VisualStudio.QualityTools.Tips.UnitTest.Adapter, Version=10.0.0.0, Culture=neutral, PublicKeyToken=b03f5f7f11d50a3a" className="CPAUnitTest.LRUDoubleLinkedListTest, CPAUnitTest" name="LRUDoublyLinkedListCtorTest" />
    </UnitTest>
    <UnitTest name="FreeAddSpaceToMiddleOfFreeListTest" storage="c:\users\gwatson\desktop\sa\persistentarray\sadatabase\phmunittest\bin\debug\phmunittest.dll" id="39634d81-9688-20c8-d77f-ba195db41378">
      <Execution id="a5ade343-d3a6-4b0c-b9c5-cede30f4ffd1" />
      <TestMethod codeBase="C:\Users\gwatson\Desktop\SA\PersistentArray\SADatabase\PHMUnitTest\bin\Debug\PHMUnitTest.dll" adapterTypeName="Microsoft.VisualStudio.TestTools.TestTypes.Unit.UnitTestAdapter, Microsoft.VisualStudio.QualityTools.Tips.UnitTest.Adapter, Version=10.0.0.0, Culture=neutral, PublicKeyToken=b03f5f7f11d50a3a" className="PHMUnitTest.PersistentHeapTest, PHMUnitTest" name="FreeAddSpaceToMiddleOfFreeListTest" />
    </UnitTest>
    <UnitTest name="AddAfterTest" storage="c:\users\gwatson\desktop\sa\persistentarray\sadatabase\pllunittest\bin\debug\pllunittest.dll" id="0f7dd13b-d69f-2fef-8f8e-80f7ee7968ec">
      <Execution id="91317ed8-3490-41f4-87bd-4b2084901604" />
      <TestMethod codeBase="C:\Users\gwatson\Desktop\SA\PersistentArray\SADatabase\PLLUnitTest\bin\Debug\PLLUnitTest.dll" adapterTypeName="Microsoft.VisualStudio.TestTools.TestTypes.Unit.UnitTestAdapter, Microsoft.VisualStudio.QualityTools.Tips.UnitTest.Adapter, Version=10.0.0.0, Culture=neutral, PublicKeyToken=b03f5f7f11d50a3a" className="PLLUnitTest.PersistentLinkedListTest, PLLUnitTest" name="AddAfterTest" />
    </UnitTest>
    <UnitTest name="CtorTest" storage="c:\users\gwatson\desktop\sa\persistentarray\sadatabase\phmunittest\bin\debug\phmunittest.dll" id="9c490088-6ee6-56ec-8017-95f63def4429">
      <Execution id="fe5f012d-e076-4552-91fc-715850ddd56a" />
      <TestMethod codeBase="C:\Users\gwatson\Desktop\SA\PersistentArray\SADatabase\PHMUnitTest\bin\Debug\PHMUnitTest.dll" adapterTypeName="Microsoft.VisualStudio.TestTools.TestTypes.Unit.UnitTestAdapter, Microsoft.VisualStudio.QualityTools.Tips.UnitTest.Adapter, Version=10.0.0.0, Culture=neutral, PublicKeyToken=b03f5f7f11d50a3a" className="PHMUnitTest.PersistentHeapSpaceTest, PHMUnitTest" name="CtorTest" />
    </UnitTest>
    <UnitTest name="RemoveEndTest" storage="c:\users\gwatson\desktop\sa\persistentarray\sadatabase\cpaunittest\bin\debug\cpaunittest.dll" id="2034f3b2-84ce-b459-b009-777707c460e9">
      <Execution id="b5c4adc0-8c11-4708-8280-ab7b0513e7b6" />
      <TestMethod codeBase="C:\Users\gwatson\Desktop\SA\PersistentArray\SADatabase\CPAUnitTest\bin\Debug\CPAUnitTest.dll" adapterTypeName="Microsoft.VisualStudio.TestTools.TestTypes.Unit.UnitTestAdapter, Microsoft.VisualStudio.QualityTools.Tips.UnitTest.Adapter, Version=10.0.0.0, Culture=neutral, PublicKeyToken=b03f5f7f11d50a3a" className="CPAUnitTest.LRUDoubleLinkedListTest, CPAUnitTest" name="RemoveEndTest" />
    </UnitTest>
    <UnitTest name="GetDataTest" storage="c:\users\gwatson\desktop\sa\persistentarray\sadatabase\pllunittest\bin\debug\pllunittest.dll" id="45dc2f0e-4af7-fb97-54f6-bad15d2a2da4">
      <Execution id="c5463dd2-a36e-4dfc-ad24-76be2b7cefc4" />
      <TestMethod codeBase="C:\Users\gwatson\Desktop\SA\PersistentArray\SADatabase\PLLUnitTest\bin\Debug\PLLUnitTest.dll" adapterTypeName="Microsoft.VisualStudio.TestTools.TestTypes.Unit.UnitTestAdapter, Microsoft.VisualStudio.QualityTools.Tips.UnitTest.Adapter, Version=10.0.0.0, Culture=neutral, PublicKeyToken=b03f5f7f11d50a3a" className="PLLUnitTest.PersistentLinkedListTest, PLLUnitTest" name="GetDataTest" />
    </UnitTest>
    <UnitTest name="ToBytesTest" storage="c:\users\gwatson\desktop\sa\persistentarray\sadatabase\bytehelperunittest\bin\debug\bytehelperunittest.dll" id="1a92d4c6-be2c-ef6c-e2d4-ccc5f0564285">
      <Execution id="50b5a23e-9d4e-4b26-9d41-9595a56d4bcc" />
      <TestMethod codeBase="C:\Users\gwatson\Desktop\SA\PersistentArray\SADatabase\ByteHelperUnitTest\bin\Debug\ByteHelperUnitTest.dll" adapterTypeName="Microsoft.VisualStudio.TestTools.TestTypes.Unit.UnitTestAdapter, Microsoft.VisualStudio.QualityTools.Tips.UnitTest.Adapter, Version=10.0.0.0, Culture=neutral, PublicKeyToken=b03f5f7f11d50a3a" className="ByteHelperUnitTest.HelperTest, ByteHelperUnitTest" name="ToBytesTest" />
    </UnitTest>
    <UnitTest name="GetRangeTest" storage="c:\users\gwatson\desktop\sa\persistentarray\sadatabase\filepersistenceunittest\bin\debug\filepersistenceunittest.dll" id="15446eac-e5d1-8f0a-f744-cb3cd9c641c7">
      <Execution id="b300fd37-ec05-4f8c-9aa7-74baf14bcf28" />
      <TestMethod codeBase="C:\Users\gwatson\Desktop\SA\PersistentArray\SADatabase\FilePersistenceUnitTest\bin\Debug\FilePersistenceUnitTest.dll" adapterTypeName="Microsoft.VisualStudio.TestTools.TestTypes.Unit.UnitTestAdapter, Microsoft.VisualStudio.QualityTools.Tips.UnitTest.Adapter, Version=10.0.0.0, Culture=neutral, PublicKeyToken=b03f5f7f11d50a3a" className="FilePersistenceUnitTest.FileWithHeaderTest, FilePersistenceUnitTest" name="GetRangeTest" />
    </UnitTest>
    <UnitTest name="CtorTest" storage="c:\users\gwatson\desktop\sa\persistentarray\sadatabase\pllunittest\bin\debug\pllunittest.dll" id="51fbe3ee-5d05-0bea-05a3-3f4776bc717b">
      <Execution id="256dc07d-9916-4a78-aeee-50970f7b6c23" />
      <TestMethod codeBase="C:\Users\gwatson\Desktop\SA\PersistentArray\SADatabase\PLLUnitTest\bin\Debug\PLLUnitTest.dll" adapterTypeName="Microsoft.VisualStudio.TestTools.TestTypes.Unit.UnitTestAdapter, Microsoft.VisualStudio.QualityTools.Tips.UnitTest.Adapter, Version=10.0.0.0, Culture=neutral, PublicKeyToken=b03f5f7f11d50a3a" className="PLLUnitTest.LinkedListElementTest, PLLUnitTest" name="CtorTest" />
    </UnitTest>
    <UnitTest name="AllocateTooSmallSize" storage="c:\users\gwatson\desktop\sa\persistentarray\sadatabase\phmunittest\bin\debug\phmunittest.dll" id="babca73d-0229-c679-426c-78953c0ec145">
      <Execution id="112ccf78-43fe-418c-935e-3bf9c7be18dc" />
      <TestMethod codeBase="C:\Users\gwatson\Desktop\SA\PersistentArray\SADatabase\PHMUnitTest\bin\Debug\PHMUnitTest.dll" adapterTypeName="Microsoft.VisualStudio.TestTools.TestTypes.Unit.UnitTestAdapter, Microsoft.VisualStudio.QualityTools.Tips.UnitTest.Adapter, Version=10.0.0.0, Culture=neutral, PublicKeyToken=b03f5f7f11d50a3a" className="PHMUnitTest.PersistentHeapTest, PHMUnitTest" name="AllocateTooSmallSize" />
    </UnitTest>
    <UnitTest name="AllocateInARowTest" storage="c:\users\gwatson\desktop\sa\persistentarray\sadatabase\phmunittest\bin\debug\phmunittest.dll" id="b63109c3-d21b-a6f8-7d7d-88020a21d390">
      <Execution id="0eeab001-2491-4f7f-811f-16d6c5da0ec1" />
      <TestMethod codeBase="C:\Users\gwatson\Desktop\SA\PersistentArray\SADatabase\PHMUnitTest\bin\Debug\PHMUnitTest.dll" adapterTypeName="Microsoft.VisualStudio.TestTools.TestTypes.Unit.UnitTestAdapter, Microsoft.VisualStudio.QualityTools.Tips.UnitTest.Adapter, Version=10.0.0.0, Culture=neutral, PublicKeyToken=b03f5f7f11d50a3a" className="PHMUnitTest.PersistentHeapTest, PHMUnitTest" name="AllocateInARowTest" />
    </UnitTest>
    <UnitTest name="RemoveCollisionTest" storage="c:\users\gwatson\desktop\sa\persistentarray\sadatabase\phtunittest\bin\debug\phtunittest.dll" id="1510b5de-0adc-d68f-397e-304b14d0d872">
      <Execution id="7f91166c-ca4c-4644-a913-62b959a52774" />
      <TestMethod codeBase="C:\Users\gwatson\Desktop\SA\PersistentArray\SADatabase\PHTUnitTest\bin\Debug\PHTUnitTest.dll" adapterTypeName="Microsoft.VisualStudio.TestTools.TestTypes.Unit.UnitTestAdapter, Microsoft.VisualStudio.QualityTools.Tips.UnitTest.Adapter, Version=10.0.0.0, Culture=neutral, PublicKeyToken=b03f5f7f11d50a3a" className="PHTUnitTest.PersistentHashTableTest, PHTUnitTest" name="RemoveCollisionTest" />
    </UnitTest>
    <UnitTest name="LengthTest" storage="c:\users\gwatson\desktop\sa\persistentarray\sadatabase\pllunittest\bin\debug\pllunittest.dll" id="e7921d23-7b31-8b43-d930-5a3bc89a44b3">
      <Execution id="10f639b0-c5cc-4373-8a3a-21ccf389067b" />
      <TestMethod codeBase="C:\Users\gwatson\Desktop\SA\PersistentArray\SADatabase\PLLUnitTest\bin\Debug\PLLUnitTest.dll" adapterTypeName="Microsoft.VisualStudio.TestTools.TestTypes.Unit.UnitTestAdapter, Microsoft.VisualStudio.QualityTools.Tips.UnitTest.Adapter, Version=10.0.0.0, Culture=neutral, PublicKeyToken=b03f5f7f11d50a3a" className="PLLUnitTest.PersistentLinkedListTest, PLLUnitTest" name="LengthTest" />
    </UnitTest>
    <UnitTest name="GetElementSizeTest" storage="c:\users\gwatson\desktop\sa\persistentarray\sadatabase\pllunittest\bin\debug\pllunittest.dll" id="a54f2629-8741-9051-67a0-e1a8c4b5ea10">
      <Execution id="7fdb4ec4-08a1-4926-ab81-937e04591b19" />
      <TestMethod codeBase="C:\Users\gwatson\Desktop\SA\PersistentArray\SADatabase\PLLUnitTest\bin\Debug\PLLUnitTest.dll" adapterTypeName="Microsoft.VisualStudio.TestTools.TestTypes.Unit.UnitTestAdapter, Microsoft.VisualStudio.QualityTools.Tips.UnitTest.Adapter, Version=10.0.0.0, Culture=neutral, PublicKeyToken=b03f5f7f11d50a3a" className="PLLUnitTest.PersistentLinkedListTest, PLLUnitTest" name="GetElementSizeTest" />
    </UnitTest>
    <UnitTest name="GetUserHeaderSizeTest" storage="c:\users\gwatson\desktop\sa\persistentarray\sadatabase\pllunittest\bin\debug\pllunittest.dll" id="c0ed1de9-8e4d-8e00-a4bf-c9b99057cab2">
      <Execution id="b11bd9e2-b51a-4470-a922-7699559415b6" />
      <TestMethod codeBase="C:\Users\gwatson\Desktop\SA\PersistentArray\SADatabase\PLLUnitTest\bin\Debug\PLLUnitTest.dll" adapterTypeName="Microsoft.VisualStudio.TestTools.TestTypes.Unit.UnitTestAdapter, Microsoft.VisualStudio.QualityTools.Tips.UnitTest.Adapter, Version=10.0.0.0, Culture=neutral, PublicKeyToken=b03f5f7f11d50a3a" className="PLLUnitTest.PersistentLinkedListTest, PLLUnitTest" name="GetUserHeaderSizeTest" />
    </UnitTest>
    <UnitTest name="GetLastTest" storage="c:\users\gwatson\desktop\sa\persistentarray\sadatabase\pllunittest\bin\debug\pllunittest.dll" id="f8dab570-907f-9537-fb70-c2f0ade97939">
      <Execution id="67e845e3-0098-4779-b1f8-70a6cff981f3" />
      <TestMethod codeBase="C:\Users\gwatson\Desktop\SA\PersistentArray\SADatabase\PLLUnitTest\bin\Debug\PLLUnitTest.dll" adapterTypeName="Microsoft.VisualStudio.TestTools.TestTypes.Unit.UnitTestAdapter, Microsoft.VisualStudio.QualityTools.Tips.UnitTest.Adapter, Version=10.0.0.0, Culture=neutral, PublicKeyToken=b03f5f7f11d50a3a" className="PLLUnitTest.PersistentLinkedListTest, PLLUnitTest" name="GetLastTest" />
    </UnitTest>
    <UnitTest name="FreeFirstSpaceTest" storage="c:\users\gwatson\desktop\sa\persistentarray\sadatabase\phmunittest\bin\debug\phmunittest.dll" id="9d779dd2-fb32-aae7-ec06-52a95bc58283">
      <Execution id="821693f6-fa15-4bde-b810-53517ce3467c" />
      <TestMethod codeBase="C:\Users\gwatson\Desktop\SA\PersistentArray\SADatabase\PHMUnitTest\bin\Debug\PHMUnitTest.dll" adapterTypeName="Microsoft.VisualStudio.TestTools.TestTypes.Unit.UnitTestAdapter, Microsoft.VisualStudio.QualityTools.Tips.UnitTest.Adapter, Version=10.0.0.0, Culture=neutral, PublicKeyToken=b03f5f7f11d50a3a" className="PHMUnitTest.PersistentHeapTest, PHMUnitTest" name="FreeFirstSpaceTest" />
    </UnitTest>
    <UnitTest name="FreeMergeAfterTest" storage="c:\users\gwatson\desktop\sa\persistentarray\sadatabase\phmunittest\bin\debug\phmunittest.dll" id="c34800c1-01aa-78c5-5769-4dd04c7cc3d9">
      <Execution id="1dac510d-5dbe-4415-b2f8-0a7cd6af31e0" />
      <TestMethod codeBase="C:\Users\gwatson\Desktop\SA\PersistentArray\SADatabase\PHMUnitTest\bin\Debug\PHMUnitTest.dll" adapterTypeName="Microsoft.VisualStudio.TestTools.TestTypes.Unit.UnitTestAdapter, Microsoft.VisualStudio.QualityTools.Tips.UnitTest.Adapter, Version=10.0.0.0, Culture=neutral, PublicKeyToken=b03f5f7f11d50a3a" className="PHMUnitTest.PersistentHeapTest, PHMUnitTest" name="FreeMergeAfterTest" />
    </UnitTest>
    <UnitTest name="CtorTest" storage="c:\users\gwatson\desktop\sa\persistentarray\sadatabase\phmunittest\bin\debug\phmunittest.dll" id="4cca534d-1656-b797-40e9-49330488cbbd">
      <Execution id="588f7013-ec90-4f45-a88b-9f4fe75ef7f0" />
      <TestMethod codeBase="C:\Users\gwatson\Desktop\SA\PersistentArray\SADatabase\PHMUnitTest\bin\Debug\PHMUnitTest.dll" adapterTypeName="Microsoft.VisualStudio.TestTools.TestTypes.Unit.UnitTestAdapter, Microsoft.VisualStudio.QualityTools.Tips.UnitTest.Adapter, Version=10.0.0.0, Culture=neutral, PublicKeyToken=b03f5f7f11d50a3a" className="PHMUnitTest.PersistentHeapHeaderTest, PHMUnitTest" name="CtorTest" />
    </UnitTest>
    <UnitTest name="PutGetTest" storage="c:\users\gwatson\desktop\sa\persistentarray\sadatabase\phtunittest\bin\debug\phtunittest.dll" id="ae4afa1c-c8fc-91b6-80ab-c1099e1a8a46">
      <Execution id="bceaa71c-c4f0-4207-8247-61a3f8257a18" />
      <TestMethod codeBase="C:\Users\gwatson\Desktop\SA\PersistentArray\SADatabase\PHTUnitTest\bin\Debug\PHTUnitTest.dll" adapterTypeName="Microsoft.VisualStudio.TestTools.TestTypes.Unit.UnitTestAdapter, Microsoft.VisualStudio.QualityTools.Tips.UnitTest.Adapter, Version=10.0.0.0, Culture=neutral, PublicKeyToken=b03f5f7f11d50a3a" className="PHTUnitTest.PersistentHashTableTest, PHTUnitTest" name="PutGetTest" />
    </UnitTest>
    <UnitTest name="ReadIntTest" storage="c:\users\gwatson\desktop\sa\persistentarray\sadatabase\persistenceunittest\bin\debug\persistenceunittest.dll" id="7a09d037-6583-9dab-921a-9e399b5c9547">
      <Execution id="aeb02a6b-cb79-4946-9bb1-ba371a3e8724" />
      <TestMethod codeBase="C:\Users\gwatson\Desktop\SA\PersistentArray\SADatabase\PersistenceUnitTest\bin\Debug\PersistenceUnitTest.dll" adapterTypeName="Microsoft.VisualStudio.TestTools.TestTypes.Unit.UnitTestAdapter, Microsoft.VisualStudio.QualityTools.Tips.UnitTest.Adapter, Version=10.0.0.0, Culture=neutral, PublicKeyToken=b03f5f7f11d50a3a" className="PersistenceUnitTest.RandomAccessFileTest, PersistenceUnitTest" name="ReadIntTest" />
    </UnitTest>
    <UnitTest name="DataTest" storage="c:\users\gwatson\desktop\sa\persistentarray\sadatabase\filepersistenceunittest\bin\debug\filepersistenceunittest.dll" id="01bc45a5-2d07-66b6-930e-fc2b22c4f6e2">
      <Execution id="fc064854-fdd8-4118-8751-285235e8449f" />
      <TestMethod codeBase="C:\Users\gwatson\Desktop\SA\PersistentArray\SADatabase\FilePersistenceUnitTest\bin\Debug\FilePersistenceUnitTest.dll" adapterTypeName="Microsoft.VisualStudio.TestTools.TestTypes.Unit.UnitTestAdapter, Microsoft.VisualStudio.QualityTools.Tips.UnitTest.Adapter, Version=10.0.0.0, Culture=neutral, PublicKeyToken=b03f5f7f11d50a3a" className="FilePersistenceUnitTest.UserHeaderTest, FilePersistenceUnitTest" name="DataTest" />
    </UnitTest>
    <UnitTest name="PutGetUserHeaderTest" storage="c:\users\gwatson\desktop\sa\persistentarray\sadatabase\pllunittest\bin\debug\pllunittest.dll" id="11201bbf-151b-a78e-02fa-23b7cbfebd28">
      <Execution id="7fa59287-cb06-4670-8a23-ce4adb78f645" />
      <TestMethod codeBase="C:\Users\gwatson\Desktop\SA\PersistentArray\SADatabase\PLLUnitTest\bin\Debug\PLLUnitTest.dll" adapterTypeName="Microsoft.VisualStudio.TestTools.TestTypes.Unit.UnitTestAdapter, Microsoft.VisualStudio.QualityTools.Tips.UnitTest.Adapter, Version=10.0.0.0, Culture=neutral, PublicKeyToken=b03f5f7f11d50a3a" className="PLLUnitTest.PersistentLinkedListTest, PLLUnitTest" name="PutGetUserHeaderTest" />
    </UnitTest>
    <UnitTest name="GetHeaderSizeTest" storage="c:\users\gwatson\desktop\sa\persistentarray\sadatabase\pafsunittest\bin\debug\pafsunittest.dll" id="13caa2ac-a8f6-fd8d-092b-4da64a664c5a">
      <Execution id="3782c988-4219-4e63-927e-0f7eaa0fb6dc" />
      <TestMethod codeBase="C:\Users\gwatson\Desktop\SA\PersistentArray\SADatabase\PAFSUnitTest\bin\Debug\PAFSUnitTest.dll" adapterTypeName="Microsoft.VisualStudio.TestTools.TestTypes.Unit.UnitTestAdapter, Microsoft.VisualStudio.QualityTools.Tips.UnitTest.Adapter, Version=10.0.0.0, Culture=neutral, PublicKeyToken=b03f5f7f11d50a3a" className="PAFSUnitTest.PAFSHeaderTest, PAFSUnitTest" name="GetHeaderSizeTest" />
    </UnitTest>
    <UnitTest name="MultitonTest" storage="c:\users\gwatson\desktop\sa\persistentarray\sadatabase\filepersistenceunittest\bin\debug\filepersistenceunittest.dll" id="e4d4bf05-87c5-ae25-1539-415c4a3fabe0">
      <Execution id="6ac12a10-575b-4ac6-a5ee-65604fcc5f31" />
      <TestMethod codeBase="C:\Users\gwatson\Desktop\SA\PersistentArray\SADatabase\FilePersistenceUnitTest\bin\Debug\FilePersistenceUnitTest.dll" adapterTypeName="Microsoft.VisualStudio.TestTools.TestTypes.Unit.UnitTestAdapter, Microsoft.VisualStudio.QualityTools.Tips.UnitTest.Adapter, Version=10.0.0.0, Culture=neutral, PublicKeyToken=b03f5f7f11d50a3a" className="FilePersistenceUnitTest.StorageMultitonTest, FilePersistenceUnitTest" name="MultitonTest" />
    </UnitTest>
    <UnitTest name="CtorTest" storage="c:\users\gwatson\desktop\sa\persistentarray\sadatabase\pafsunittest\bin\debug\pafsunittest.dll" id="1fbff0c8-5e86-4d43-10de-791509c0db36">
      <Execution id="4124211c-711a-48d7-b8f7-c90f0fb54e72" />
      <TestMethod codeBase="C:\Users\gwatson\Desktop\SA\PersistentArray\SADatabase\PAFSUnitTest\bin\Debug\PAFSUnitTest.dll" adapterTypeName="Microsoft.VisualStudio.TestTools.TestTypes.Unit.UnitTestAdapter, Microsoft.VisualStudio.QualityTools.Tips.UnitTest.Adapter, Version=10.0.0.0, Culture=neutral, PublicKeyToken=b03f5f7f11d50a3a" className="PAFSUnitTest.PAFSHeaderTest, PAFSUnitTest" name="CtorTest" />
    </UnitTest>
    <UnitTest name="AllocateBlockTest" storage="c:\users\gwatson\desktop\sa\persistentarray\sadatabase\pafsunittest\bin\debug\pafsunittest.dll" id="56a5f4f5-9d87-5588-a513-0fe0d7c30e0a">
      <Execution id="14b47ac6-c5da-47cc-bfc9-3c217a77b4e7" />
      <TestMethod codeBase="C:\Users\gwatson\Desktop\SA\PersistentArray\SADatabase\PAFSUnitTest\bin\Debug\PAFSUnitTest.dll" adapterTypeName="Microsoft.VisualStudio.TestTools.TestTypes.Unit.UnitTestAdapter, Microsoft.VisualStudio.QualityTools.Tips.UnitTest.Adapter, Version=10.0.0.0, Culture=neutral, PublicKeyToken=b03f5f7f11d50a3a" className="PAFSUnitTest.IPersistentArraySpaceManagerTest, PAFSUnitTest" name="AllocateBlockTest" />
    </UnitTest>
    <UnitTest name="RemoveTest" storage="c:\users\gwatson\desktop\sa\persistentarray\sadatabase\phtunittest\bin\debug\phtunittest.dll" id="00175a47-f5ac-5833-baf2-7cf7b4a44a19">
      <Execution id="4a101828-f3a3-44ed-a50e-f0224ae096d4" />
      <TestMethod codeBase="C:\Users\gwatson\Desktop\SA\PersistentArray\SADatabase\PHTUnitTest\bin\Debug\PHTUnitTest.dll" adapterTypeName="Microsoft.VisualStudio.TestTools.TestTypes.Unit.UnitTestAdapter, Microsoft.VisualStudio.QualityTools.Tips.UnitTest.Adapter, Version=10.0.0.0, Culture=neutral, PublicKeyToken=b03f5f7f11d50a3a" className="PHTUnitTest.PersistentHashTableTest, PHTUnitTest" name="RemoveTest" />
    </UnitTest>
    <UnitTest name="UpdateTest" storage="c:\users\gwatson\desktop\sa\persistentarray\sadatabase\pllunittest\bin\debug\pllunittest.dll" id="8bf66a88-08b1-206e-6e7a-07808be453b9">
      <Execution id="14683902-89c9-48a2-8e2a-128b64a0ebba" />
      <TestMethod codeBase="C:\Users\gwatson\Desktop\SA\PersistentArray\SADatabase\PLLUnitTest\bin\Debug\PLLUnitTest.dll" adapterTypeName="Microsoft.VisualStudio.TestTools.TestTypes.Unit.UnitTestAdapter, Microsoft.VisualStudio.QualityTools.Tips.UnitTest.Adapter, Version=10.0.0.0, Culture=neutral, PublicKeyToken=b03f5f7f11d50a3a" className="PLLUnitTest.PersistentLinkedListTest, PLLUnitTest" name="UpdateTest" />
    </UnitTest>
    <UnitTest name="GetUserHeaderSizeTest" storage="c:\users\gwatson\desktop\sa\persistentarray\sadatabase\phmunittest\bin\debug\phmunittest.dll" id="a4c6cc76-2922-41eb-a81b-35a8f1fc4233">
      <Execution id="4bd818c7-fdc2-4227-b42f-46c29175c73f" />
      <TestMethod codeBase="C:\Users\gwatson\Desktop\SA\PersistentArray\SADatabase\PHMUnitTest\bin\Debug\PHMUnitTest.dll" adapterTypeName="Microsoft.VisualStudio.TestTools.TestTypes.Unit.UnitTestAdapter, Microsoft.VisualStudio.QualityTools.Tips.UnitTest.Adapter, Version=10.0.0.0, Culture=neutral, PublicKeyToken=b03f5f7f11d50a3a" className="PHMUnitTest.PersistentHeapTest, PHMUnitTest" name="GetUserHeaderSizeTest" />
    </UnitTest>
    <UnitTest name="ReopenTest" storage="c:\users\gwatson\desktop\sa\persistentarray\sadatabase\pllunittest\bin\debug\pllunittest.dll" id="30fb22e9-f40e-bfdf-14ab-ef764bec1747">
      <Execution id="eeb2ae09-a538-4d44-ab15-2c91fbc66942" />
      <TestMethod codeBase="C:\Users\gwatson\Desktop\SA\PersistentArray\SADatabase\PLLUnitTest\bin\Debug\PLLUnitTest.dll" adapterTypeName="Microsoft.VisualStudio.TestTools.TestTypes.Unit.UnitTestAdapter, Microsoft.VisualStudio.QualityTools.Tips.UnitTest.Adapter, Version=10.0.0.0, Culture=neutral, PublicKeyToken=b03f5f7f11d50a3a" className="PLLUnitTest.PersistentLinkedListTest, PLLUnitTest" name="ReopenTest" />
    </UnitTest>
    <UnitTest name="RemoveTest" storage="c:\users\gwatson\desktop\sa\persistentarray\sadatabase\pllunittest\bin\debug\pllunittest.dll" id="4bbd3904-7ad8-7f8b-c8e4-fd552740646a">
      <Execution id="cfd0ed87-6181-4a40-9b15-ce03c99fba9e" />
      <TestMethod codeBase="C:\Users\gwatson\Desktop\SA\PersistentArray\SADatabase\PLLUnitTest\bin\Debug\PLLUnitTest.dll" adapterTypeName="Microsoft.VisualStudio.TestTools.TestTypes.Unit.UnitTestAdapter, Microsoft.VisualStudio.QualityTools.Tips.UnitTest.Adapter, Version=10.0.0.0, Culture=neutral, PublicKeyToken=b03f5f7f11d50a3a" className="PLLUnitTest.PersistentLinkedListTest, PLLUnitTest" name="RemoveTest" />
    </UnitTest>
    <UnitTest name="DeserializeTest" storage="c:\users\gwatson\desktop\sa\persistentarray\sadatabase\pllunittest\bin\debug\pllunittest.dll" id="04f7cef3-5dd1-279a-9290-195c67f3eb10">
      <Execution id="3a61301d-e87f-445c-aaf9-d5da010d8e19" />
      <TestMethod codeBase="C:\Users\gwatson\Desktop\SA\PersistentArray\SADatabase\PLLUnitTest\bin\Debug\PLLUnitTest.dll" adapterTypeName="Microsoft.VisualStudio.TestTools.TestTypes.Unit.UnitTestAdapter, Microsoft.VisualStudio.QualityTools.Tips.UnitTest.Adapter, Version=10.0.0.0, Culture=neutral, PublicKeyToken=b03f5f7f11d50a3a" className="PLLUnitTest.PLLHeaderTest, PLLUnitTest" name="DeserializeTest" />
    </UnitTest>
    <UnitTest name="GetElementSizeTest" storage="c:\users\gwatson\desktop\sa\persistentarray\sadatabase\persistentarrayunittest\bin\debug\paunittest.dll" id="fc01b55b-5936-8b78-9de3-822e7b824b5a">
      <Execution id="a462748f-82fb-449a-b624-343df236c70e" />
      <TestMethod codeBase="C:\Users\gwatson\Desktop\SA\PersistentArray\SADatabase\PersistentArrayUnitTest\bin\Debug\PAUnitTest.dll" adapterTypeName="Microsoft.VisualStudio.TestTools.TestTypes.Unit.UnitTestAdapter, Microsoft.VisualStudio.QualityTools.Tips.UnitTest.Adapter, Version=10.0.0.0, Culture=neutral, PublicKeyToken=b03f5f7f11d50a3a" className="PAUnitTest.IPersistentArrayTest, PAUnitTest" name="GetElementSizeTest" />
    </UnitTest>
    <UnitTest name="GetPathToNameTest" storage="c:\users\gwatson\desktop\sa\persistentarray\sadatabase\filepersistenceunittest\bin\debug\filepersistenceunittest.dll" id="d917289d-258a-a478-26f6-a5a85e035c3f">
      <Execution id="fa2de84a-93e9-4d0e-bbf5-9a6fe44c3a9a" />
      <TestMethod codeBase="C:\Users\gwatson\Desktop\SA\PersistentArray\SADatabase\FilePersistenceUnitTest\bin\Debug\FilePersistenceUnitTest.dll" adapterTypeName="Microsoft.VisualStudio.TestTools.TestTypes.Unit.UnitTestAdapter, Microsoft.VisualStudio.QualityTools.Tips.UnitTest.Adapter, Version=10.0.0.0, Culture=neutral, PublicKeyToken=b03f5f7f11d50a3a" className="FilePersistenceUnitTest.FileWithHeaderTest, FilePersistenceUnitTest" name="GetPathToNameTest" />
    </UnitTest>
    <UnitTest name="FreeMergeBothTest" storage="c:\users\gwatson\desktop\sa\persistentarray\sadatabase\phmunittest\bin\debug\phmunittest.dll" id="b5c4ab9a-0762-76c8-cb39-93c09b1df71e">
      <Execution id="b4631751-d452-4e18-b13f-d94ea1231551" />
      <TestMethod codeBase="C:\Users\gwatson\Desktop\SA\PersistentArray\SADatabase\PHMUnitTest\bin\Debug\PHMUnitTest.dll" adapterTypeName="Microsoft.VisualStudio.TestTools.TestTypes.Unit.UnitTestAdapter, Microsoft.VisualStudio.QualityTools.Tips.UnitTest.Adapter, Version=10.0.0.0, Culture=neutral, PublicKeyToken=b03f5f7f11d50a3a" className="PHMUnitTest.PersistentHeapTest, PHMUnitTest" name="FreeMergeBothTest" />
    </UnitTest>
    <UnitTest name="CtorTest" storage="c:\users\gwatson\desktop\sa\persistentarray\sadatabase\pllunittest\bin\debug\pllunittest.dll" id="f8c986a1-4d49-6c57-695c-e57bd1d77a03">
      <Execution id="e883db77-9df2-4c6e-8f1c-29c203bc4a17" />
      <TestMethod codeBase="C:\Users\gwatson\Desktop\SA\PersistentArray\SADatabase\PLLUnitTest\bin\Debug\PLLUnitTest.dll" adapterTypeName="Microsoft.VisualStudio.TestTools.TestTypes.Unit.UnitTestAdapter, Microsoft.VisualStudio.QualityTools.Tips.UnitTest.Adapter, Version=10.0.0.0, Culture=neutral, PublicKeyToken=b03f5f7f11d50a3a" className="PLLUnitTest.PLLHeaderTest, PLLUnitTest" name="CtorTest" />
    </UnitTest>
    <UnitTest name="WipeIndexTest" storage="c:\users\gwatson\desktop\sa\persistentarray\sadatabase\cpaunittest\bin\debug\cpaunittest.dll" id="b1842f56-d68c-936e-0289-fc1c1f6a341f">
      <Execution id="ae71444e-296d-49a8-a8a3-3caffbd0c068" />
      <TestMethod codeBase="C:\Users\gwatson\Desktop\SA\PersistentArray\SADatabase\CPAUnitTest\bin\Debug\CPAUnitTest.dll" adapterTypeName="Microsoft.VisualStudio.TestTools.TestTypes.Unit.UnitTestAdapter, Microsoft.VisualStudio.QualityTools.Tips.UnitTest.Adapter, Version=10.0.0.0, Culture=neutral, PublicKeyToken=b03f5f7f11d50a3a" className="CPAUnitTest.CachedIArrayTest, CPAUnitTest" name="WipeIndexTest" />
    </UnitTest>
    <UnitTest name="WriteByteTest" storage="c:\users\gwatson\desktop\sa\persistentarray\sadatabase\persistenceunittest\bin\debug\persistenceunittest.dll" id="798de980-a2f0-6011-fdc6-e140e662baa9">
      <Execution id="44d2f4e1-e85a-49c7-8aaa-41e28911757c" />
      <TestMethod codeBase="C:\Users\gwatson\Desktop\SA\PersistentArray\SADatabase\PersistenceUnitTest\bin\Debug\PersistenceUnitTest.dll" adapterTypeName="Microsoft.VisualStudio.TestTools.TestTypes.Unit.UnitTestAdapter, Microsoft.VisualStudio.QualityTools.Tips.UnitTest.Adapter, Version=10.0.0.0, Culture=neutral, PublicKeyToken=b03f5f7f11d50a3a" className="PersistenceUnitTest.RandomAccessFileTest, PersistenceUnitTest" name="WriteByteTest" />
    </UnitTest>
    <UnitTest name="MergeBeforeTest" storage="c:\users\gwatson\desktop\sa\persistentarray\sadatabase\phmunittest\bin\debug\phmunittest.dll" id="c1b4ff73-548a-5879-276c-0c28ff414a1c">
      <Execution id="9a6fc549-4346-407f-adeb-32dbcb05cc3e" />
      <TestMethod codeBase="C:\Users\gwatson\Desktop\SA\PersistentArray\SADatabase\PHMUnitTest\bin\Debug\PHMUnitTest.dll" adapterTypeName="Microsoft.VisualStudio.TestTools.TestTypes.Unit.UnitTestAdapter, Microsoft.VisualStudio.QualityTools.Tips.UnitTest.Adapter, Version=10.0.0.0, Culture=neutral, PublicKeyToken=b03f5f7f11d50a3a" className="PHMUnitTest.PersistentHeapFreeSpaceTest, PHMUnitTest" name="MergeBeforeTest" />
    </UnitTest>
    <UnitTest name="CloseTest" storage="c:\users\gwatson\desktop\sa\persistentarray\sadatabase\persistentarrayunittest\bin\debug\paunittest.dll" id="cf7f4ea5-e033-7c9e-2653-20e77c20a6bd">
      <Execution id="fca2f8f4-5559-4ae8-982e-71d8ba629dc4" />
      <TestMethod codeBase="C:\Users\gwatson\Desktop\SA\PersistentArray\SADatabase\PersistentArrayUnitTest\bin\Debug\PAUnitTest.dll" adapterTypeName="Microsoft.VisualStudio.TestTools.TestTypes.Unit.UnitTestAdapter, Microsoft.VisualStudio.QualityTools.Tips.UnitTest.Adapter, Version=10.0.0.0, Culture=neutral, PublicKeyToken=b03f5f7f11d50a3a" className="PAUnitTest.IPersistentArrayTest, PAUnitTest" name="CloseTest" />
    </UnitTest>
    <UnitTest name="CtorTest" storage="c:\users\gwatson\desktop\sa\persistentarray\sadatabase\phtunittest\bin\debug\phtunittest.dll" id="78b45b03-89ec-7f9c-ccf6-a39587c81578">
      <Execution id="bac52215-2c70-44cc-a822-dd14c262254c" />
      <TestMethod codeBase="C:\Users\gwatson\Desktop\SA\PersistentArray\SADatabase\PHTUnitTest\bin\Debug\PHTUnitTest.dll" adapterTypeName="Microsoft.VisualStudio.TestTools.TestTypes.Unit.UnitTestAdapter, Microsoft.VisualStudio.QualityTools.Tips.UnitTest.Adapter, Version=10.0.0.0, Culture=neutral, PublicKeyToken=b03f5f7f11d50a3a" className="PHTUnitTest.HashTableElementTest, PHTUnitTest" name="CtorTest" />
    </UnitTest>
    <UnitTest name="SingletonTest" storage="c:\users\gwatson\desktop\sa\persistentarray\sadatabase\filepersistenceunittest\bin\debug\filepersistenceunittest.dll" id="77659b17-3c06-332d-dd10-83bcb0b96f9d">
      <Execution id="e80ae425-21c3-4ad2-8e5b-a5cbd95deca4" />
      <TestMethod codeBase="C:\Users\gwatson\Desktop\SA\PersistentArray\SADatabase\FilePersistenceUnitTest\bin\Debug\FilePersistenceUnitTest.dll" adapterTypeName="Microsoft.VisualStudio.TestTools.TestTypes.Unit.UnitTestAdapter, Microsoft.VisualStudio.QualityTools.Tips.UnitTest.Adapter, Version=10.0.0.0, Culture=neutral, PublicKeyToken=b03f5f7f11d50a3a" className="FilePersistenceUnitTest.StorageMultitonTest, FilePersistenceUnitTest" name="SingletonTest" />
    </UnitTest>
    <UnitTest name="SerializeTest" storage="c:\users\gwatson\desktop\sa\persistentarray\sadatabase\phtunittest\bin\debug\phtunittest.dll" id="161a504d-52d4-787a-3837-47cb7fdc172b">
      <Execution id="399d52b3-a66f-43cd-9137-509b79cbaabe" />
      <TestMethod codeBase="C:\Users\gwatson\Desktop\SA\PersistentArray\SADatabase\PHTUnitTest\bin\Debug\PHTUnitTest.dll" adapterTypeName="Microsoft.VisualStudio.TestTools.TestTypes.Unit.UnitTestAdapter, Microsoft.VisualStudio.QualityTools.Tips.UnitTest.Adapter, Version=10.0.0.0, Culture=neutral, PublicKeyToken=b03f5f7f11d50a3a" className="PHTUnitTest.HashTableHeaderTest, PHTUnitTest" name="SerializeTest" />
    </UnitTest>
    <UnitTest name="SetChildTest" storage="c:\users\gwatson\desktop\sa\persistentarray\sadatabase\cpaunittest\bin\debug\cpaunittest.dll" id="715794aa-fc77-0689-abff-ac88adbeef1b">
      <Execution id="9a975775-395c-4ba2-9299-0aa7ef3b2357" />
      <TestMethod codeBase="C:\Users\gwatson\Desktop\SA\PersistentArray\SADatabase\CPAUnitTest\bin\Debug\CPAUnitTest.dll" adapterTypeName="Microsoft.VisualStudio.TestTools.TestTypes.Unit.UnitTestAdapter, Microsoft.VisualStudio.QualityTools.Tips.UnitTest.Adapter, Version=10.0.0.0, Culture=neutral, PublicKeyToken=b03f5f7f11d50a3a" className="CPAUnitTest.NodeTest, CPAUnitTest" name="SetChildTest" />
    </UnitTest>
    <UnitTest name="SetParentTest" storage="c:\users\gwatson\desktop\sa\persistentarray\sadatabase\cpaunittest\bin\debug\cpaunittest.dll" id="81c26981-166a-e776-7c32-8b14e45e71af">
      <Execution id="549ea8f6-3b27-42da-8645-9316dc67479f" />
      <TestMethod codeBase="C:\Users\gwatson\Desktop\SA\PersistentArray\SADatabase\CPAUnitTest\bin\Debug\CPAUnitTest.dll" adapterTypeName="Microsoft.VisualStudio.TestTools.TestTypes.Unit.UnitTestAdapter, Microsoft.VisualStudio.QualityTools.Tips.UnitTest.Adapter, Version=10.0.0.0, Culture=neutral, PublicKeyToken=b03f5f7f11d50a3a" className="CPAUnitTest.NodeTest, CPAUnitTest" name="SetParentTest" />
    </UnitTest>
    <UnitTest name="GetHeaderTest" storage="c:\users\gwatson\desktop\sa\persistentarray\sadatabase\pafsunittest\bin\debug\pafsunittest.dll" id="13d4ab95-1414-7811-03e7-8823a1d3b6d1">
      <Execution id="ffb9ef70-08ca-42f0-9e1f-8a2220085bf9" />
      <TestMethod codeBase="C:\Users\gwatson\Desktop\SA\PersistentArray\SADatabase\PAFSUnitTest\bin\Debug\PAFSUnitTest.dll" adapterTypeName="Microsoft.VisualStudio.TestTools.TestTypes.Unit.UnitTestAdapter, Microsoft.VisualStudio.QualityTools.Tips.UnitTest.Adapter, Version=10.0.0.0, Culture=neutral, PublicKeyToken=b03f5f7f11d50a3a" className="PAFSUnitTest.IPersistentArraySpaceManagerTest, PAFSUnitTest" name="GetHeaderTest" />
    </UnitTest>
    <UnitTest name="ReadFromStorageTest" storage="c:\users\gwatson\desktop\sa\persistentarray\sadatabase\filepersistenceunittest\bin\debug\filepersistenceunittest.dll" id="8d5355e8-963b-595b-8da8-04a7226498e8">
      <Execution id="9a91d6a0-fef2-4c40-8744-1150313c0fa9" />
      <TestMethod codeBase="C:\Users\gwatson\Desktop\SA\PersistentArray\SADatabase\FilePersistenceUnitTest\bin\Debug\FilePersistenceUnitTest.dll" adapterTypeName="Microsoft.VisualStudio.TestTools.TestTypes.Unit.UnitTestAdapter, Microsoft.VisualStudio.QualityTools.Tips.UnitTest.Adapter, Version=10.0.0.0, Culture=neutral, PublicKeyToken=b03f5f7f11d50a3a" className="FilePersistenceUnitTest.UserHeaderTest, FilePersistenceUnitTest" name="ReadFromStorageTest" />
    </UnitTest>
    <UnitTest name="AddBeforeTest" storage="c:\users\gwatson\desktop\sa\persistentarray\sadatabase\pllunittest\bin\debug\pllunittest.dll" id="6e6c95ba-db7f-0ed9-f253-6c4e917c2d37">
      <Execution id="802c09a6-80ec-4279-8648-ed6c8320679e" />
      <TestMethod codeBase="C:\Users\gwatson\Desktop\SA\PersistentArray\SADatabase\PLLUnitTest\bin\Debug\PLLUnitTest.dll" adapterTypeName="Microsoft.VisualStudio.TestTools.TestTypes.Unit.UnitTestAdapter, Microsoft.VisualStudio.QualityTools.Tips.UnitTest.Adapter, Version=10.0.0.0, Culture=neutral, PublicKeyToken=b03f5f7f11d50a3a" className="PLLUnitTest.PersistentLinkedListTest, PLLUnitTest" name="AddBeforeTest" />
    </UnitTest>
    <UnitTest name="GetUserHeaderSizeTest" storage="c:\users\gwatson\desktop\sa\persistentarray\sadatabase\filepersistenceunittest\bin\debug\filepersistenceunittest.dll" id="83312457-8852-ca77-37d0-bc2152068b12">
      <Execution id="60c084c8-8729-4303-93d9-0db767ee4745" />
      <TestMethod codeBase="C:\Users\gwatson\Desktop\SA\PersistentArray\SADatabase\FilePersistenceUnitTest\bin\Debug\FilePersistenceUnitTest.dll" adapterTypeName="Microsoft.VisualStudio.TestTools.TestTypes.Unit.UnitTestAdapter, Microsoft.VisualStudio.QualityTools.Tips.UnitTest.Adapter, Version=10.0.0.0, Culture=neutral, PublicKeyToken=b03f5f7f11d50a3a" className="FilePersistenceUnitTest.FileWithHeaderTest, FilePersistenceUnitTest" name="GetUserHeaderSizeTest" />
    </UnitTest>
    <UnitTest name="GetNextIndexTest" storage="c:\users\gwatson\desktop\sa\persistentarray\sadatabase\pafsunittest\bin\debug\pafsunittest.dll" id="a2972d95-ef43-ab33-2113-41690f360353">
      <Execution id="879f6ec4-e33d-48f0-84e5-9f0816ba5c43" />
      <TestMethod codeBase="C:\Users\gwatson\Desktop\SA\PersistentArray\SADatabase\PAFSUnitTest\bin\Debug\PAFSUnitTest.dll" adapterTypeName="Microsoft.VisualStudio.TestTools.TestTypes.Unit.UnitTestAdapter, Microsoft.VisualStudio.QualityTools.Tips.UnitTest.Adapter, Version=10.0.0.0, Culture=neutral, PublicKeyToken=b03f5f7f11d50a3a" className="PAFSUnitTest.IPersistentArraySpaceManagerTest, PAFSUnitTest" name="GetNextIndexTest" />
    </UnitTest>
    <UnitTest name="SubArrayTest" storage="c:\users\gwatson\desktop\sa\persistentarray\sadatabase\bytehelperunittest\bin\debug\bytehelperunittest.dll" id="87c8f2b9-5e7b-9e82-cf24-bcc4c877b50d">
      <Execution id="22c833af-c1a5-4ba4-997e-154b47cbc879" />
      <TestMethod codeBase="C:\Users\gwatson\Desktop\SA\PersistentArray\SADatabase\ByteHelperUnitTest\bin\Debug\ByteHelperUnitTest.dll" adapterTypeName="Microsoft.VisualStudio.TestTools.TestTypes.Unit.UnitTestAdapter, Microsoft.VisualStudio.QualityTools.Tips.UnitTest.Adapter, Version=10.0.0.0, Culture=neutral, PublicKeyToken=b03f5f7f11d50a3a" className="ByteHelperUnitTest.HelperTest, ByteHelperUnitTest" name="SubArrayTest" />
    </UnitTest>
    <UnitTest name="MergeAfterTest" storage="c:\users\gwatson\desktop\sa\persistentarray\sadatabase\phmunittest\bin\debug\phmunittest.dll" id="f19b5895-b0f7-59f0-4036-17b6609c64da">
      <Execution id="55fb729b-e3e1-4198-afda-795870a6057c" />
      <TestMethod codeBase="C:\Users\gwatson\Desktop\SA\PersistentArray\SADatabase\PHMUnitTest\bin\Debug\PHMUnitTest.dll" adapterTypeName="Microsoft.VisualStudio.TestTools.TestTypes.Unit.UnitTestAdapter, Microsoft.VisualStudio.QualityTools.Tips.UnitTest.Adapter, Version=10.0.0.0, Culture=neutral, PublicKeyToken=b03f5f7f11d50a3a" className="PHMUnitTest.PersistentHeapFreeSpaceTest, PHMUnitTest" name="MergeAfterTest" />
    </UnitTest>
    <UnitTest name="GetPutTest" storage="c:\users\gwatson\desktop\sa\persistentarray\sadatabase\filepersistenceunittest\bin\debug\filepersistenceunittest.dll" id="2ba6a0e8-4d4a-7fae-c756-beed24e76cc7">
      <Execution id="1bde8ef2-2c8f-4fa7-910a-01b9193ad947" />
      <TestMethod codeBase="C:\Users\gwatson\Desktop\SA\PersistentArray\SADatabase\FilePersistenceUnitTest\bin\Debug\FilePersistenceUnitTest.dll" adapterTypeName="Microsoft.VisualStudio.TestTools.TestTypes.Unit.UnitTestAdapter, Microsoft.VisualStudio.QualityTools.Tips.UnitTest.Adapter, Version=10.0.0.0, Culture=neutral, PublicKeyToken=b03f5f7f11d50a3a" className="FilePersistenceUnitTest.FileWithHeaderTest, FilePersistenceUnitTest" name="GetPutTest" />
    </UnitTest>
    <UnitTest name="FreeBlockTest" storage="c:\users\gwatson\desktop\sa\persistentarray\sadatabase\pafsunittest\bin\debug\pafsunittest.dll" id="c11c787c-4fca-cfaa-5d6d-7fdc4065163a">
      <Execution id="81c81562-f849-4b6f-a602-f94b8f884eec" />
      <TestMethod codeBase="C:\Users\gwatson\Desktop\SA\PersistentArray\SADatabase\PAFSUnitTest\bin\Debug\PAFSUnitTest.dll" adapterTypeName="Microsoft.VisualStudio.TestTools.TestTypes.Unit.UnitTestAdapter, Microsoft.VisualStudio.QualityTools.Tips.UnitTest.Adapter, Version=10.0.0.0, Culture=neutral, PublicKeyToken=b03f5f7f11d50a3a" className="PAFSUnitTest.IPersistentArraySpaceManagerTest, PAFSUnitTest" name="FreeBlockTest" />
    </UnitTest>
  </TestDefinitions>
  <TestLists>
    <TestList name="Results Not in a List" id="8c84fa94-04c1-424b-9868-57a2d4851a1d" />
    <TestList name="All Loaded Results" id="19431567-8539-422a-85d7-44ee4e166bda" />
  </TestLists>
  <TestEntries>
    <TestEntry testId="00175a47-f5ac-5833-baf2-7cf7b4a44a19" executionId="4a101828-f3a3-44ed-a50e-f0224ae096d4" testListId="8c84fa94-04c1-424b-9868-57a2d4851a1d" />
    <TestEntry testId="00a5a340-dd24-58d6-2c39-57102dd10a93" executionId="a534e675-2f65-4b2a-a054-2f1c5008ba20" testListId="8c84fa94-04c1-424b-9868-57a2d4851a1d" />
    <TestEntry testId="00e17ed5-bd31-7476-2fee-eae2d73830e2" executionId="3fa00d06-ae73-4418-8bc2-65a1138d64c0" testListId="8c84fa94-04c1-424b-9868-57a2d4851a1d" />
    <TestEntry testId="01045d66-f1c1-b905-4f83-06fa33497a3c" executionId="28182eb2-cb70-44dd-8452-9f027921f335" testListId="8c84fa94-04c1-424b-9868-57a2d4851a1d" />
    <TestEntry testId="011f0b4d-330b-80d4-eb98-3a291b4151c2" executionId="bba4d9fd-b239-4b65-b83d-4281e2e0a86c" testListId="8c84fa94-04c1-424b-9868-57a2d4851a1d" />
    <TestEntry testId="01bc45a5-2d07-66b6-930e-fc2b22c4f6e2" executionId="fc064854-fdd8-4118-8751-285235e8449f" testListId="8c84fa94-04c1-424b-9868-57a2d4851a1d" />
    <TestEntry testId="04f7cef3-5dd1-279a-9290-195c67f3eb10" executionId="3a61301d-e87f-445c-aaf9-d5da010d8e19" testListId="8c84fa94-04c1-424b-9868-57a2d4851a1d" />
    <TestEntry testId="07414e15-0007-4d7b-15c6-ec13fc17ad8b" executionId="e4d329c2-90f6-41f4-a57f-8d5cbec6e3ea" testListId="8c84fa94-04c1-424b-9868-57a2d4851a1d" />
    <TestEntry testId="07fd6071-5ad6-8ae1-19db-6f86b098fff4" executionId="763f7b82-599f-446b-a276-a9d7b6ebb21b" testListId="8c84fa94-04c1-424b-9868-57a2d4851a1d" />
    <TestEntry testId="082e8e55-223e-051e-386f-e304fa6d81fc" executionId="e37fdfb9-51d1-4956-bb5e-1584d2ada92e" testListId="8c84fa94-04c1-424b-9868-57a2d4851a1d" />
    <TestEntry testId="0bf9df8d-121f-259e-67aa-905c5bb6c662" executionId="db870d81-df05-47bf-b054-2c614d41cec3" testListId="8c84fa94-04c1-424b-9868-57a2d4851a1d" />
    <TestEntry testId="0ef3c0a1-e279-0642-068f-cf09f20b4b4e" executionId="a594064d-b48e-4c03-a3a0-aa90e6dcd160" testListId="8c84fa94-04c1-424b-9868-57a2d4851a1d" />
    <TestEntry testId="0f7dd13b-d69f-2fef-8f8e-80f7ee7968ec" executionId="91317ed8-3490-41f4-87bd-4b2084901604" testListId="8c84fa94-04c1-424b-9868-57a2d4851a1d" />
    <TestEntry testId="11201bbf-151b-a78e-02fa-23b7cbfebd28" executionId="7fa59287-cb06-4670-8a23-ce4adb78f645" testListId="8c84fa94-04c1-424b-9868-57a2d4851a1d" />
    <TestEntry testId="119f0d26-abb3-b910-6e20-3eb2e8267f66" executionId="6af47b74-7c5c-49d1-bf01-24c0d2063e10" testListId="8c84fa94-04c1-424b-9868-57a2d4851a1d" />
    <TestEntry testId="11b05b3f-8750-268f-48a2-a9f027b23597" executionId="f7490641-9611-44a3-93c1-04e93cebfce3" testListId="8c84fa94-04c1-424b-9868-57a2d4851a1d" />
    <TestEntry testId="1232c426-0c7a-7827-61d6-db854aeef3be" executionId="6bf4d7b3-ae32-452c-9469-2f985b6ad7d3" testListId="8c84fa94-04c1-424b-9868-57a2d4851a1d" />
    <TestEntry testId="13b6656a-26f9-0ea8-7ea0-1310a5a1b2d4" executionId="245c5b10-cd44-40ac-ab59-fc09eaa9ea0e" testListId="8c84fa94-04c1-424b-9868-57a2d4851a1d" />
    <TestEntry testId="13caa2ac-a8f6-fd8d-092b-4da64a664c5a" executionId="3782c988-4219-4e63-927e-0f7eaa0fb6dc" testListId="8c84fa94-04c1-424b-9868-57a2d4851a1d" />
    <TestEntry testId="13d4ab95-1414-7811-03e7-8823a1d3b6d1" executionId="ffb9ef70-08ca-42f0-9e1f-8a2220085bf9" testListId="8c84fa94-04c1-424b-9868-57a2d4851a1d" />
    <TestEntry testId="1510b5de-0adc-d68f-397e-304b14d0d872" executionId="7f91166c-ca4c-4644-a913-62b959a52774" testListId="8c84fa94-04c1-424b-9868-57a2d4851a1d" />
    <TestEntry testId="15446eac-e5d1-8f0a-f744-cb3cd9c641c7" executionId="b300fd37-ec05-4f8c-9aa7-74baf14bcf28" testListId="8c84fa94-04c1-424b-9868-57a2d4851a1d" />
    <TestEntry testId="15eee5ec-03b7-2b3f-62ff-f766c0f78875" executionId="6b2697e9-a9d5-424d-be9e-1d598333c253" testListId="8c84fa94-04c1-424b-9868-57a2d4851a1d" />
    <TestEntry testId="1604b673-3185-b533-77b5-a1fcf04b160d" executionId="8ac26d45-4663-45ad-bfc2-6e0d7cee2f54" testListId="8c84fa94-04c1-424b-9868-57a2d4851a1d" />
    <TestEntry testId="161a504d-52d4-787a-3837-47cb7fdc172b" executionId="399d52b3-a66f-43cd-9137-509b79cbaabe" testListId="8c84fa94-04c1-424b-9868-57a2d4851a1d" />
    <TestEntry testId="17c74e86-2a6c-cb27-d667-6f54dbf65bde" executionId="064c191e-9a41-4da6-aa7e-60753ab57896" testListId="8c84fa94-04c1-424b-9868-57a2d4851a1d" />
    <TestEntry testId="1a92d4c6-be2c-ef6c-e2d4-ccc5f0564285" executionId="50b5a23e-9d4e-4b26-9d41-9595a56d4bcc" testListId="8c84fa94-04c1-424b-9868-57a2d4851a1d" />
    <TestEntry testId="1af0c77b-4d3c-a3e7-21cb-37332222dd11" executionId="33b01aa7-2fb3-4c04-a155-ec12397b47be" testListId="8c84fa94-04c1-424b-9868-57a2d4851a1d" />
    <TestEntry testId="1d53293b-a39c-108d-e97e-8d3ed479d40d" executionId="a481eb1c-085e-4109-83e3-9abfae1a8a6d" testListId="8c84fa94-04c1-424b-9868-57a2d4851a1d" />
    <TestEntry testId="1fbff0c8-5e86-4d43-10de-791509c0db36" executionId="4124211c-711a-48d7-b8f7-c90f0fb54e72" testListId="8c84fa94-04c1-424b-9868-57a2d4851a1d" />
    <TestEntry testId="2034f3b2-84ce-b459-b009-777707c460e9" executionId="b5c4adc0-8c11-4708-8280-ab7b0513e7b6" testListId="8c84fa94-04c1-424b-9868-57a2d4851a1d" />
    <TestEntry testId="2053caf7-0cee-71a7-c0a3-31f51653539e" executionId="7b0e542d-1816-40a2-8233-8bd56a384818" testListId="8c84fa94-04c1-424b-9868-57a2d4851a1d" />
    <TestEntry testId="21ea634d-ec3e-6f69-7865-3d6f41e7db9a" executionId="d725cd6b-6127-4091-8768-6c5ebd73acab" testListId="8c84fa94-04c1-424b-9868-57a2d4851a1d" />
    <TestEntry testId="282879a0-7b32-ff9a-e44c-1a4579417208" executionId="bd36a1a3-e6cb-45ca-9cf6-2e33a1869cec" testListId="8c84fa94-04c1-424b-9868-57a2d4851a1d" />
    <TestEntry testId="2a736369-0faa-7bd0-3ec4-55591153ab35" executionId="64d4cce1-7278-4793-a333-8d001fd4038f" testListId="8c84fa94-04c1-424b-9868-57a2d4851a1d" />
    <TestEntry testId="2b9a3f45-3c5e-f945-6521-ce395feda3cb" executionId="acfc6b31-c86a-4143-bff1-b1782a368c27" testListId="8c84fa94-04c1-424b-9868-57a2d4851a1d" />
    <TestEntry testId="2ba6a0e8-4d4a-7fae-c756-beed24e76cc7" executionId="1bde8ef2-2c8f-4fa7-910a-01b9193ad947" testListId="8c84fa94-04c1-424b-9868-57a2d4851a1d" />
    <TestEntry testId="2ecace38-de69-65fe-78ba-795f763f7921" executionId="68042622-b6bf-41de-a33b-3ea2e39b5172" testListId="8c84fa94-04c1-424b-9868-57a2d4851a1d" />
    <TestEntry testId="30fb22e9-f40e-bfdf-14ab-ef764bec1747" executionId="eeb2ae09-a538-4d44-ab15-2c91fbc66942" testListId="8c84fa94-04c1-424b-9868-57a2d4851a1d" />
    <TestEntry testId="33bbef63-045e-f45c-4904-9d2f969572f1" executionId="5f8f4f17-5f87-4f52-bcf1-b09970119e58" testListId="8c84fa94-04c1-424b-9868-57a2d4851a1d" />
    <TestEntry testId="344d8cb8-23f2-23e3-3ec1-bef1b12c809d" executionId="0016d62b-2483-4ff2-8277-93b8bf453ddc" testListId="8c84fa94-04c1-424b-9868-57a2d4851a1d" />
    <TestEntry testId="35a16e41-d355-d959-88ea-aa8f91cea11b" executionId="c3e32354-828f-40dd-8276-6a37f3601aee" testListId="8c84fa94-04c1-424b-9868-57a2d4851a1d" />
    <TestEntry testId="386c50f6-2d09-529c-8336-cdd485ffb439" executionId="b8972a6a-a196-4be7-a960-2c7c32a09ea4" testListId="8c84fa94-04c1-424b-9868-57a2d4851a1d" />
    <TestEntry testId="39634d81-9688-20c8-d77f-ba195db41378" executionId="a5ade343-d3a6-4b0c-b9c5-cede30f4ffd1" testListId="8c84fa94-04c1-424b-9868-57a2d4851a1d" />
    <TestEntry testId="402330e1-95b7-447a-93a7-af95d05ae424" executionId="fac07174-bb2f-4161-bd2e-696d6000bf2a" testListId="8c84fa94-04c1-424b-9868-57a2d4851a1d" />
    <TestEntry testId="414c1d58-8de9-a775-6ff6-4a9efb4178ab" executionId="b3739b31-c0b6-43fa-a13c-2d07aaeb791a" testListId="8c84fa94-04c1-424b-9868-57a2d4851a1d" />
    <TestEntry testId="44b2bd84-c18b-ffc2-bf52-0bd4506adf9f" executionId="70c6d0a3-c6ca-4aa2-a171-052c22af2ec1" testListId="8c84fa94-04c1-424b-9868-57a2d4851a1d" />
    <TestEntry testId="45dc2f0e-4af7-fb97-54f6-bad15d2a2da4" executionId="c5463dd2-a36e-4dfc-ad24-76be2b7cefc4" testListId="8c84fa94-04c1-424b-9868-57a2d4851a1d" />
    <TestEntry testId="47e64445-4f51-07b5-3b92-f087a8ca68d5" executionId="138d9d75-318c-40e0-a4ed-3c6ea0becd89" testListId="8c84fa94-04c1-424b-9868-57a2d4851a1d" />
    <TestEntry testId="4aeb4eda-2347-4daf-0915-85bd224c5d85" executionId="854ba652-9426-4b98-91c7-9d4652f3acf3" testListId="8c84fa94-04c1-424b-9868-57a2d4851a1d" />
    <TestEntry testId="4bbd3904-7ad8-7f8b-c8e4-fd552740646a" executionId="cfd0ed87-6181-4a40-9b15-ce03c99fba9e" testListId="8c84fa94-04c1-424b-9868-57a2d4851a1d" />
    <TestEntry testId="4cca534d-1656-b797-40e9-49330488cbbd" executionId="588f7013-ec90-4f45-a88b-9f4fe75ef7f0" testListId="8c84fa94-04c1-424b-9868-57a2d4851a1d" />
    <TestEntry testId="51fbe3ee-5d05-0bea-05a3-3f4776bc717b" executionId="256dc07d-9916-4a78-aeee-50970f7b6c23" testListId="8c84fa94-04c1-424b-9868-57a2d4851a1d" />
    <TestEntry testId="5335332c-34c5-80ee-4a17-60db3bec8999" executionId="fb6ecdc8-c845-4753-bfb5-dcde0e92e04e" testListId="8c84fa94-04c1-424b-9868-57a2d4851a1d" />
    <TestEntry testId="553e65a4-d49e-c86b-4f63-da6f1a61fced" executionId="230fa6e8-e8f7-4a83-bdba-54bb257a3cd5" testListId="8c84fa94-04c1-424b-9868-57a2d4851a1d" />
    <TestEntry testId="565a9370-80c9-3456-28b5-ca4466bce36c" executionId="afd6867e-f88b-4ce3-8a73-b1616286cffc" testListId="8c84fa94-04c1-424b-9868-57a2d4851a1d" />
    <TestEntry testId="56a5f4f5-9d87-5588-a513-0fe0d7c30e0a" executionId="14b47ac6-c5da-47cc-bfc9-3c217a77b4e7" testListId="8c84fa94-04c1-424b-9868-57a2d4851a1d" />
    <TestEntry testId="5e1a90a3-2d69-9f23-3961-d8b82f54f7e7" executionId="09599ac3-1ab3-4887-9492-8a890b96062a" testListId="8c84fa94-04c1-424b-9868-57a2d4851a1d" />
    <TestEntry testId="5e51bd1e-dd26-d7ed-b6ba-6a8f01ee0f1b" executionId="cb3c4713-b179-4da9-8179-9690c7adbb6d" testListId="8c84fa94-04c1-424b-9868-57a2d4851a1d" />
    <TestEntry testId="610385d3-c2b5-eeb9-1ed4-86ca6ad846de" executionId="65408d61-3a76-4501-9475-cc06e854b3ee" testListId="8c84fa94-04c1-424b-9868-57a2d4851a1d" />
    <TestEntry testId="61f14407-3f3d-9be6-e329-c0b10da1b351" executionId="950e9084-3eb9-46fa-86ba-763c414426ae" testListId="8c84fa94-04c1-424b-9868-57a2d4851a1d" />
    <TestEntry testId="636ae8bd-e313-1098-6c8a-b8c8ef7b79b2" executionId="b324c05c-ebb8-4e06-ba3b-5da8b2e039c9" testListId="8c84fa94-04c1-424b-9868-57a2d4851a1d" />
    <TestEntry testId="63cc42b4-1dc6-41a3-f417-45c71de20956" executionId="d984b0ad-0b28-48aa-8e58-fb922b767f06" testListId="8c84fa94-04c1-424b-9868-57a2d4851a1d" />
    <TestEntry testId="68db09fd-1e84-1d00-a06a-8d3d340b6754" executionId="b97e5caf-ffe5-4b82-963e-cbf423b0553e" testListId="8c84fa94-04c1-424b-9868-57a2d4851a1d" />
    <TestEntry testId="6a96f9da-adcb-f7e2-df56-cae68513bb5e" executionId="b64c3808-1b53-4671-90e7-525c6fe94840" testListId="8c84fa94-04c1-424b-9868-57a2d4851a1d" />
    <TestEntry testId="6e30047d-c126-9623-764e-d0d0dc18feb2" executionId="2bb9258e-1df6-4ff4-9963-fcce30dc8ca2" testListId="8c84fa94-04c1-424b-9868-57a2d4851a1d" />
    <TestEntry testId="6e6c95ba-db7f-0ed9-f253-6c4e917c2d37" executionId="802c09a6-80ec-4279-8648-ed6c8320679e" testListId="8c84fa94-04c1-424b-9868-57a2d4851a1d" />
    <TestEntry testId="705d2900-5b96-0c7e-5674-f042b44cf3ba" executionId="5eb1f948-9b3e-435c-b33d-1cdd2477ef51" testListId="8c84fa94-04c1-424b-9868-57a2d4851a1d" />
    <TestEntry testId="715794aa-fc77-0689-abff-ac88adbeef1b" executionId="9a975775-395c-4ba2-9299-0aa7ef3b2357" testListId="8c84fa94-04c1-424b-9868-57a2d4851a1d" />
    <TestEntry testId="71ffb975-3ee7-3930-0f3e-7889b95a130e" executionId="b415218a-c3aa-4e74-8e7e-b764ecb5dc55" testListId="8c84fa94-04c1-424b-9868-57a2d4851a1d" />
    <TestEntry testId="7256c121-b7a1-76a6-3a43-87fec1af02da" executionId="b8d9ae5c-2f18-4d0a-bc0c-2d6331b49914" testListId="8c84fa94-04c1-424b-9868-57a2d4851a1d" />
    <TestEntry testId="77659b17-3c06-332d-dd10-83bcb0b96f9d" executionId="e80ae425-21c3-4ad2-8e5b-a5cbd95deca4" testListId="8c84fa94-04c1-424b-9868-57a2d4851a1d" />
    <TestEntry testId="77c4d4bd-5fbe-4bd1-86c3-f6e38810414b" executionId="66b95864-4054-4c5a-bec7-89fc7e779d35" testListId="8c84fa94-04c1-424b-9868-57a2d4851a1d" />
    <TestEntry testId="781a4d86-46c5-931f-9ce1-d470759c5ed1" executionId="2d9191cc-dc22-4543-84ed-f54fbe620d97" testListId="8c84fa94-04c1-424b-9868-57a2d4851a1d" />
    <TestEntry testId="78b45b03-89ec-7f9c-ccf6-a39587c81578" executionId="bac52215-2c70-44cc-a822-dd14c262254c" testListId="8c84fa94-04c1-424b-9868-57a2d4851a1d" />
    <TestEntry testId="798de980-a2f0-6011-fdc6-e140e662baa9" executionId="44d2f4e1-e85a-49c7-8aaa-41e28911757c" testListId="8c84fa94-04c1-424b-9868-57a2d4851a1d" />
    <TestEntry testId="7a09d037-6583-9dab-921a-9e399b5c9547" executionId="aeb02a6b-cb79-4946-9bb1-ba371a3e8724" testListId="8c84fa94-04c1-424b-9868-57a2d4851a1d" />
    <TestEntry testId="7ad6c21f-feaf-20c3-6794-ee2d02f21a1c" executionId="50239f48-3bd1-4fb0-a34c-8419e62ae9ca" testListId="8c84fa94-04c1-424b-9868-57a2d4851a1d" />
    <TestEntry testId="7f8205c8-b606-8c59-76b5-fbdb8f56ecd0" executionId="6a82319a-4ce6-478b-b0ba-f12b9854d2b7" testListId="8c84fa94-04c1-424b-9868-57a2d4851a1d" />
    <TestEntry testId="818a96ef-af23-e852-2659-31e5781f9e2c" executionId="59be37ca-4a78-4275-867e-c54f06f341bd" testListId="8c84fa94-04c1-424b-9868-57a2d4851a1d" />
    <TestEntry testId="81c26981-166a-e776-7c32-8b14e45e71af" executionId="549ea8f6-3b27-42da-8645-9316dc67479f" testListId="8c84fa94-04c1-424b-9868-57a2d4851a1d" />
    <TestEntry testId="83312457-8852-ca77-37d0-bc2152068b12" executionId="60c084c8-8729-4303-93d9-0db767ee4745" testListId="8c84fa94-04c1-424b-9868-57a2d4851a1d" />
    <TestEntry testId="845a5988-fe07-f37a-ba6b-e712dc39166d" executionId="874a745b-76fa-4bbf-993d-6005dc313b97" testListId="8c84fa94-04c1-424b-9868-57a2d4851a1d" />
    <TestEntry testId="846fd299-442f-a81b-5ff1-400c3a67c543" executionId="184599bb-53cd-481e-a080-b62b043d8e70" testListId="8c84fa94-04c1-424b-9868-57a2d4851a1d" />
    <TestEntry testId="86053b92-a17e-53c2-7d77-530c0fa14797" executionId="0d95bbef-2d74-4701-b8f9-b06fe2897ca6" testListId="8c84fa94-04c1-424b-9868-57a2d4851a1d" />
    <TestEntry testId="864cd63c-625b-94c6-46c4-e84f8efb06a6" executionId="87049010-2ece-4b33-b958-75bd99da9997" testListId="8c84fa94-04c1-424b-9868-57a2d4851a1d" />
    <TestEntry testId="87c8f2b9-5e7b-9e82-cf24-bcc4c877b50d" executionId="22c833af-c1a5-4ba4-997e-154b47cbc879" testListId="8c84fa94-04c1-424b-9868-57a2d4851a1d" />
    <TestEntry testId="8bf66a88-08b1-206e-6e7a-07808be453b9" executionId="14683902-89c9-48a2-8e2a-128b64a0ebba" testListId="8c84fa94-04c1-424b-9868-57a2d4851a1d" />
    <TestEntry testId="8d5355e8-963b-595b-8da8-04a7226498e8" executionId="9a91d6a0-fef2-4c40-8744-1150313c0fa9" testListId="8c84fa94-04c1-424b-9868-57a2d4851a1d" />
    <TestEntry testId="9042f580-80d7-070e-6671-c783c7157c04" executionId="2d7ac4aa-8d40-44ab-b248-3a05396f4554" testListId="8c84fa94-04c1-424b-9868-57a2d4851a1d" />
    <TestEntry testId="920909e7-20b2-d96d-ce3c-d1b8d6e41092" executionId="3659443c-a6ee-4ff3-8f1d-ff03a53d7b79" testListId="8c84fa94-04c1-424b-9868-57a2d4851a1d" />
    <TestEntry testId="93695325-fb5b-b117-f5c2-6cdaee20d742" executionId="13f9c113-1509-4ddc-8e8e-c272e7f84072" testListId="8c84fa94-04c1-424b-9868-57a2d4851a1d" />
    <TestEntry testId="94000a80-807f-643f-04b5-3a8c67520adc" executionId="646d54cc-b410-43e5-9b70-70cd41281989" testListId="8c84fa94-04c1-424b-9868-57a2d4851a1d" />
    <TestEntry testId="94efce36-6787-804c-f9dd-d52e17e1c55e" executionId="b7c3a8e8-6034-498c-9eb9-7f39ce59294c" testListId="8c84fa94-04c1-424b-9868-57a2d4851a1d" />
    <TestEntry testId="965a56bb-5e93-1f41-fa3a-18161c642244" executionId="bb8139f2-7c54-4b7d-ab33-8f6c14be4cfc" testListId="8c84fa94-04c1-424b-9868-57a2d4851a1d" />
    <TestEntry testId="9c153991-159a-b725-d7ba-010f61b98530" executionId="155ebe58-1b6a-485e-96aa-58eebd568457" testListId="8c84fa94-04c1-424b-9868-57a2d4851a1d" />
    <TestEntry testId="9c490088-6ee6-56ec-8017-95f63def4429" executionId="fe5f012d-e076-4552-91fc-715850ddd56a" testListId="8c84fa94-04c1-424b-9868-57a2d4851a1d" />
    <TestEntry testId="9d779dd2-fb32-aae7-ec06-52a95bc58283" executionId="821693f6-fa15-4bde-b810-53517ce3467c" testListId="8c84fa94-04c1-424b-9868-57a2d4851a1d" />
    <TestEntry testId="9d918454-2feb-95e0-4026-22b2c4e3a005" executionId="74d6cae3-f54d-423a-8104-4d9c12e4adb4" testListId="8c84fa94-04c1-424b-9868-57a2d4851a1d" />
    <TestEntry testId="a1ae16c5-0695-b546-0d5a-01f95dae83d0" executionId="06116881-fdac-4540-98e0-de34fdd55030" testListId="8c84fa94-04c1-424b-9868-57a2d4851a1d" />
    <TestEntry testId="a1c72854-3dde-18e0-c9d8-83b07b0292f0" executionId="e61da023-9f05-4c0d-b4f9-f680487162aa" testListId="8c84fa94-04c1-424b-9868-57a2d4851a1d" />
    <TestEntry testId="a2972d95-ef43-ab33-2113-41690f360353" executionId="879f6ec4-e33d-48f0-84e5-9f0816ba5c43" testListId="8c84fa94-04c1-424b-9868-57a2d4851a1d" />
    <TestEntry testId="a4c6cc76-2922-41eb-a81b-35a8f1fc4233" executionId="4bd818c7-fdc2-4227-b42f-46c29175c73f" testListId="8c84fa94-04c1-424b-9868-57a2d4851a1d" />
    <TestEntry testId="a54f2629-8741-9051-67a0-e1a8c4b5ea10" executionId="7fdb4ec4-08a1-4926-ab81-937e04591b19" testListId="8c84fa94-04c1-424b-9868-57a2d4851a1d" />
    <TestEntry testId="a71a6b83-7f57-ce8c-0c72-5da1414dfef5" executionId="658b96df-5f76-4d6a-b951-b413b47f309a" testListId="8c84fa94-04c1-424b-9868-57a2d4851a1d" />
    <TestEntry testId="a98f558f-9bab-5d3b-882a-663d5ff5ae97" executionId="2eeb03f1-9ebb-4daa-939e-4936852ea59f" testListId="8c84fa94-04c1-424b-9868-57a2d4851a1d" />
    <TestEntry testId="a9ffaa5b-f9ae-7924-38fd-a4efa57e9554" executionId="e035192f-bf47-4bc3-8221-6c1d882700fc" testListId="8c84fa94-04c1-424b-9868-57a2d4851a1d" />
    <TestEntry testId="ac390c29-8921-eb5c-8cbb-15dff0c6c040" executionId="b845d207-ed6f-406e-8eeb-8a944a423fa7" testListId="8c84fa94-04c1-424b-9868-57a2d4851a1d" />
    <TestEntry testId="ae4afa1c-c8fc-91b6-80ab-c1099e1a8a46" executionId="bceaa71c-c4f0-4207-8247-61a3f8257a18" testListId="8c84fa94-04c1-424b-9868-57a2d4851a1d" />
    <TestEntry testId="affe1ef8-a55d-611e-f219-a825233a32ae" executionId="90433177-1abf-40f7-960b-905cad16e492" testListId="8c84fa94-04c1-424b-9868-57a2d4851a1d" />
    <TestEntry testId="b1842f56-d68c-936e-0289-fc1c1f6a341f" executionId="ae71444e-296d-49a8-a8a3-3caffbd0c068" testListId="8c84fa94-04c1-424b-9868-57a2d4851a1d" />
    <TestEntry testId="b1852ad4-9275-e058-ea39-b89e2980d650" executionId="23defa2a-dbe0-40e5-89d3-0a3f2a4fcee2" testListId="8c84fa94-04c1-424b-9868-57a2d4851a1d" />
    <TestEntry testId="b1c5d96c-054d-4348-7a86-0ce106021a41" executionId="8bff4909-6f07-4215-afa4-fa31e5bc6b3d" testListId="8c84fa94-04c1-424b-9868-57a2d4851a1d" />
    <TestEntry testId="b5c4ab9a-0762-76c8-cb39-93c09b1df71e" executionId="b4631751-d452-4e18-b13f-d94ea1231551" testListId="8c84fa94-04c1-424b-9868-57a2d4851a1d" />
    <TestEntry testId="b63109c3-d21b-a6f8-7d7d-88020a21d390" executionId="0eeab001-2491-4f7f-811f-16d6c5da0ec1" testListId="8c84fa94-04c1-424b-9868-57a2d4851a1d" />
    <TestEntry testId="b87f554d-216c-d1a2-7ff8-323f1d9d0f4f" executionId="028880bc-b47d-4463-805a-dccf29d0cc3f" testListId="8c84fa94-04c1-424b-9868-57a2d4851a1d" />
    <TestEntry testId="babca73d-0229-c679-426c-78953c0ec145" executionId="112ccf78-43fe-418c-935e-3bf9c7be18dc" testListId="8c84fa94-04c1-424b-9868-57a2d4851a1d" />
    <TestEntry testId="bfb74228-802c-ebf9-5059-adacad2817c5" executionId="b346cbcd-9a46-4bcc-ac13-27afcf2a9e78" testListId="8c84fa94-04c1-424b-9868-57a2d4851a1d" />
    <TestEntry testId="bfe87bac-e9fc-a821-d953-1eb8c9641d62" executionId="c14d6ba0-e935-457c-a303-87c1ae8c1d45" testListId="8c84fa94-04c1-424b-9868-57a2d4851a1d" />
    <TestEntry testId="c09c2c2c-bf97-afdf-a556-c8b4550bee5f" executionId="eb1435ad-ead4-43f0-8029-99fc00414613" testListId="8c84fa94-04c1-424b-9868-57a2d4851a1d" />
    <TestEntry testId="c0ed1de9-8e4d-8e00-a4bf-c9b99057cab2" executionId="b11bd9e2-b51a-4470-a922-7699559415b6" testListId="8c84fa94-04c1-424b-9868-57a2d4851a1d" />
    <TestEntry testId="c1046ba7-0144-8813-1bc3-01566e1bbcb4" executionId="9c1d7547-a4f3-4f1a-99e1-e4f8b246f37a" testListId="8c84fa94-04c1-424b-9868-57a2d4851a1d" />
    <TestEntry testId="c11c787c-4fca-cfaa-5d6d-7fdc4065163a" executionId="81c81562-f849-4b6f-a602-f94b8f884eec" testListId="8c84fa94-04c1-424b-9868-57a2d4851a1d" />
    <TestEntry testId="c198a53f-7d04-439f-1fbd-0b778727bf42" executionId="097b1bdc-e7af-4f41-95fa-fb568f3d8e31" testListId="8c84fa94-04c1-424b-9868-57a2d4851a1d" />
    <TestEntry testId="c1b4ff73-548a-5879-276c-0c28ff414a1c" executionId="9a6fc549-4346-407f-adeb-32dbcb05cc3e" testListId="8c84fa94-04c1-424b-9868-57a2d4851a1d" />
    <TestEntry testId="c1c24e9f-1ef1-eaa1-585b-5748c70dad65" executionId="68837d7b-dcea-4331-b738-1f2e21fa3ec9" testListId="8c84fa94-04c1-424b-9868-57a2d4851a1d" />
    <TestEntry testId="c34800c1-01aa-78c5-5769-4dd04c7cc3d9" executionId="1dac510d-5dbe-4415-b2f8-0a7cd6af31e0" testListId="8c84fa94-04c1-424b-9868-57a2d4851a1d" />
    <TestEntry testId="c3fc885b-06d0-19cb-a8e4-a4fc7aee2170" executionId="1e386a80-4234-40f0-9016-946cf57720c3" testListId="8c84fa94-04c1-424b-9868-57a2d4851a1d" />
    <TestEntry testId="c574974e-922d-e123-cd45-263cf5bd394a" executionId="37c757df-1c9e-4a32-9f05-fd112561634b" testListId="8c84fa94-04c1-424b-9868-57a2d4851a1d" />
    <TestEntry testId="c5e39726-deec-c4f7-824b-1e41432b6b87" executionId="be16318a-1d22-4b65-851d-04c200f8b071" testListId="8c84fa94-04c1-424b-9868-57a2d4851a1d" />
    <TestEntry testId="cb9247b9-0e78-5318-b25e-4206d939f286" executionId="bf8ae3e4-bfbb-4f2e-9546-4288213e5882" testListId="8c84fa94-04c1-424b-9868-57a2d4851a1d" />
    <TestEntry testId="cc0dd485-3eb5-47cf-79f5-71c3014c459a" executionId="5ac802d1-68b8-4ca5-b74d-a5e411be8ca4" testListId="8c84fa94-04c1-424b-9868-57a2d4851a1d" />
    <TestEntry testId="ceb208d4-f6b2-14ea-caab-c04abf814ed1" executionId="06e1e8b1-797c-4142-a9fc-7a3e8b0e77ac" testListId="8c84fa94-04c1-424b-9868-57a2d4851a1d" />
    <TestEntry testId="cf7f4ea5-e033-7c9e-2653-20e77c20a6bd" executionId="fca2f8f4-5559-4ae8-982e-71d8ba629dc4" testListId="8c84fa94-04c1-424b-9868-57a2d4851a1d" />
    <TestEntry testId="d7a29e06-03fa-67e4-6f87-44c551f8b54e" executionId="f48f0ff2-9aca-446d-a4eb-078995460b97" testListId="8c84fa94-04c1-424b-9868-57a2d4851a1d" />
    <TestEntry testId="d7cc34f6-78d2-eecf-5b9f-ab76bb86da71" executionId="28ff437d-1d83-4ec7-bd64-f69fa1ea792c" testListId="8c84fa94-04c1-424b-9868-57a2d4851a1d" />
    <TestEntry testId="d87c9634-3232-495c-abe1-766a051a0ec6" executionId="3993beff-1e9e-4351-bd9e-62d86db9fa7d" testListId="8c84fa94-04c1-424b-9868-57a2d4851a1d" />
    <TestEntry testId="d917289d-258a-a478-26f6-a5a85e035c3f" executionId="fa2de84a-93e9-4d0e-bbf5-9a6fe44c3a9a" testListId="8c84fa94-04c1-424b-9868-57a2d4851a1d" />
    <TestEntry testId="da2c5789-69fe-8699-f9d7-9a2ec66b4c68" executionId="9f73758c-79e9-478a-9880-a0c2fcf73640" testListId="8c84fa94-04c1-424b-9868-57a2d4851a1d" />
    <TestEntry testId="dc59e212-85a1-3e76-d4aa-2b0731bd07f1" executionId="6e4741f9-19a4-41ef-ab80-28f604433e4a" testListId="8c84fa94-04c1-424b-9868-57a2d4851a1d" />
    <TestEntry testId="dcd55a77-217b-2a2a-b734-243925f84d45" executionId="9267e041-6564-445a-b530-0650c06701ac" testListId="8c84fa94-04c1-424b-9868-57a2d4851a1d" />
    <TestEntry testId="e09c5cb1-1c0e-6e77-1183-514f09126ef8" executionId="f5b22a94-ac9d-4edc-9ff4-427f4f66aa96" testListId="8c84fa94-04c1-424b-9868-57a2d4851a1d" />
    <TestEntry testId="e489bd92-1fdb-dce0-d50f-126dc15b0598" executionId="d7c2c459-d538-4864-bb28-5a8b6b809ad1" testListId="8c84fa94-04c1-424b-9868-57a2d4851a1d" />
    <TestEntry testId="e4d4bf05-87c5-ae25-1539-415c4a3fabe0" executionId="6ac12a10-575b-4ac6-a5ee-65604fcc5f31" testListId="8c84fa94-04c1-424b-9868-57a2d4851a1d" />
    <TestEntry testId="e5f5eeb7-8767-c831-6700-d29e08cf89bb" executionId="728777b6-1e69-44d7-b097-bcb349ef58f8" testListId="8c84fa94-04c1-424b-9868-57a2d4851a1d" />
    <TestEntry testId="e7921d23-7b31-8b43-d930-5a3bc89a44b3" executionId="10f639b0-c5cc-4373-8a3a-21ccf389067b" testListId="8c84fa94-04c1-424b-9868-57a2d4851a1d" />
    <TestEntry testId="e7c5dfe9-6c85-ed21-1287-63d333e61256" executionId="a9b90f08-acdf-44db-88bc-c3ab97dc2b55" testListId="8c84fa94-04c1-424b-9868-57a2d4851a1d" />
    <TestEntry testId="ea353cbf-1840-4b47-9557-83373d54727c" executionId="94e82433-2d09-44ea-bbbf-4dd2d3dab74b" testListId="8c84fa94-04c1-424b-9868-57a2d4851a1d" />
    <TestEntry testId="eba5dc6e-9bfa-ee02-4059-95270e8b548f" executionId="6c255589-a619-456c-922c-27c5e59d106d" testListId="8c84fa94-04c1-424b-9868-57a2d4851a1d" />
    <TestEntry testId="ec103ee4-7d33-deea-fa5e-ea2ddfa162f6" executionId="f4784789-7345-4f96-bd24-0b617489af14" testListId="8c84fa94-04c1-424b-9868-57a2d4851a1d" />
    <TestEntry testId="f0820a20-bffa-aca4-73b6-cb5b10486dcd" executionId="a035631e-90bf-4fcc-a057-4ea424d9017a" testListId="8c84fa94-04c1-424b-9868-57a2d4851a1d" />
    <TestEntry testId="f173e7fc-49c9-6230-eca2-9afec5f70750" executionId="d4c71dd7-ba2f-4c5d-b56d-71874f014668" testListId="8c84fa94-04c1-424b-9868-57a2d4851a1d" />
    <TestEntry testId="f19b5895-b0f7-59f0-4036-17b6609c64da" executionId="55fb729b-e3e1-4198-afda-795870a6057c" testListId="8c84fa94-04c1-424b-9868-57a2d4851a1d" />
    <TestEntry testId="f45fb43e-8e19-67de-faf5-292c20567a5c" executionId="b084c073-44a5-498f-a852-67dfc61cff01" testListId="8c84fa94-04c1-424b-9868-57a2d4851a1d" />
    <TestEntry testId="f8c986a1-4d49-6c57-695c-e57bd1d77a03" executionId="e883db77-9df2-4c6e-8f1c-29c203bc4a17" testListId="8c84fa94-04c1-424b-9868-57a2d4851a1d" />
    <TestEntry testId="f8dab570-907f-9537-fb70-c2f0ade97939" executionId="67e845e3-0098-4779-b1f8-70a6cff981f3" testListId="8c84fa94-04c1-424b-9868-57a2d4851a1d" />
    <TestEntry testId="fc01b55b-5936-8b78-9de3-822e7b824b5a" executionId="a462748f-82fb-449a-b624-343df236c70e" testListId="8c84fa94-04c1-424b-9868-57a2d4851a1d" />
    <TestEntry testId="fd2220b2-26eb-6999-62ad-4cbb765b850c" executionId="6681053a-9d8b-4043-acdc-969b2236fc40" testListId="8c84fa94-04c1-424b-9868-57a2d4851a1d" />
    <TestEntry testId="ff3263d9-8c70-f60e-d721-c5d537b9f312" executionId="889628f4-d896-4c7a-a594-f9b5cb984044" testListId="8c84fa94-04c1-424b-9868-57a2d4851a1d" />
    <TestEntry testId="ffe04048-3d0c-a00a-f497-66ad2a87b507" executionId="25a772a5-540c-4d1c-b025-428924596729" testListId="8c84fa94-04c1-424b-9868-57a2d4851a1d" />
  </TestEntries>
  <Results>
    <UnitTestResult executionId="4a101828-f3a3-44ed-a50e-f0224ae096d4" testId="00175a47-f5ac-5833-baf2-7cf7b4a44a19" testName="RemoveTest" computerName="WATSON1491" duration="00:00:00.0553856" startTime="2012-03-18T19:41:09.3976176-06:00" endTime="2012-03-18T19:41:09.7096354-06:00" testType="13cdc9d9-ddb5-4fa4-a97d-d965ccfc6d4b" outcome="Passed" testListId="8c84fa94-04c1-424b-9868-57a2d4851a1d" relativeResultsDirectory="4a101828-f3a3-44ed-a50e-f0224ae096d4">
    </UnitTestResult>
    <UnitTestResult executionId="a534e675-2f65-4b2a-a054-2f1c5008ba20" testId="00a5a340-dd24-58d6-2c39-57102dd10a93" testName="ReopenTest" computerName="WATSON1491" duration="00:00:00.0350200" startTime="2012-03-18T19:41:09.7186359-06:00" endTime="2012-03-18T19:41:10.0366541-06:00" testType="13cdc9d9-ddb5-4fa4-a97d-d965ccfc6d4b" outcome="Passed" testListId="8c84fa94-04c1-424b-9868-57a2d4851a1d" relativeResultsDirectory="a534e675-2f65-4b2a-a054-2f1c5008ba20">
    </UnitTestResult>
    <UnitTestResult executionId="3fa00d06-ae73-4418-8bc2-65a1138d64c0" testId="00e17ed5-bd31-7476-2fee-eae2d73830e2" testName="SerializeTest" computerName="WATSON1491" duration="00:00:00.0173937" startTime="2012-03-18T19:41:10.0446546-06:00" endTime="2012-03-18T19:41:10.2916687-06:00" testType="13cdc9d9-ddb5-4fa4-a97d-d965ccfc6d4b" outcome="Passed" testListId="8c84fa94-04c1-424b-9868-57a2d4851a1d" relativeResultsDirectory="3fa00d06-ae73-4418-8bc2-65a1138d64c0">
    </UnitTestResult>
    <UnitTestResult executionId="28182eb2-cb70-44dd-8452-9f027921f335" testId="01045d66-f1c1-b905-4f83-06fa33497a3c" testName="GetHashCodeTest" computerName="WATSON1491" duration="00:00:00.0171712" startTime="2012-03-18T19:41:10.2976691-06:00" endTime="2012-03-18T19:41:10.5496835-06:00" testType="13cdc9d9-ddb5-4fa4-a97d-d965ccfc6d4b" outcome="Passed" testListId="8c84fa94-04c1-424b-9868-57a2d4851a1d" relativeResultsDirectory="28182eb2-cb70-44dd-8452-9f027921f335">
    </UnitTestResult>
    <UnitTestResult executionId="bba4d9fd-b239-4b65-b83d-4281e2e0a86c" testId="011f0b4d-330b-80d4-eb98-3a291b4151c2" testName="AllocateFillAfterSplitTest" computerName="WATSON1491" duration="00:00:00.0201066" startTime="2012-03-18T19:41:10.5566839-06:00" endTime="2012-03-18T19:41:10.5936860-06:00" testType="13cdc9d9-ddb5-4fa4-a97d-d965ccfc6d4b" outcome="Passed" testListId="8c84fa94-04c1-424b-9868-57a2d4851a1d" relativeResultsDirectory="bba4d9fd-b239-4b65-b83d-4281e2e0a86c">
    </UnitTestResult>
    <UnitTestResult executionId="fc064854-fdd8-4118-8751-285235e8449f" testId="01bc45a5-2d07-66b6-930e-fc2b22c4f6e2" testName="DataTest" computerName="WATSON1491" duration="00:00:00.0184971" startTime="2012-03-18T19:41:10.5986863-06:00" endTime="2012-03-18T19:41:10.8667016-06:00" testType="13cdc9d9-ddb5-4fa4-a97d-d965ccfc6d4b" outcome="Passed" testListId="8c84fa94-04c1-424b-9868-57a2d4851a1d" relativeResultsDirectory="fc064854-fdd8-4118-8751-285235e8449f">
    </UnitTestResult>
    <UnitTestResult executionId="3a61301d-e87f-445c-aaf9-d5da010d8e19" testId="04f7cef3-5dd1-279a-9290-195c67f3eb10" testName="DeserializeTest" computerName="WATSON1491" duration="00:00:00.0169917" startTime="2012-03-18T19:41:10.8717019-06:00" endTime="2012-03-18T19:41:11.1207161-06:00" testType="13cdc9d9-ddb5-4fa4-a97d-d965ccfc6d4b" outcome="Passed" testListId="8c84fa94-04c1-424b-9868-57a2d4851a1d" relativeResultsDirectory="3a61301d-e87f-445c-aaf9-d5da010d8e19">
    </UnitTestResult>
    <UnitTestResult executionId="e4d329c2-90f6-41f4-a57f-8d5cbec6e3ea" testId="07414e15-0007-4d7b-15c6-ec13fc17ad8b" testName="GetNextIndexTest" computerName="WATSON1491" duration="00:00:00.0162713" startTime="2012-03-18T19:41:11.1327168-06:00" endTime="2012-03-18T19:41:11.1647187-06:00" testType="13cdc9d9-ddb5-4fa4-a97d-d965ccfc6d4b" outcome="Passed" testListId="8c84fa94-04c1-424b-9868-57a2d4851a1d" relativeResultsDirectory="e4d329c2-90f6-41f4-a57f-8d5cbec6e3ea">
    </UnitTestResult>
    <UnitTestResult executionId="763f7b82-599f-446b-a276-a9d7b6ebb21b" testId="07fd6071-5ad6-8ae1-19db-6f86b098fff4" testName="FreeMiddleSpaceTest" computerName="WATSON1491" duration="00:00:00.0024511" startTime="2012-03-18T19:41:11.1707190-06:00" endTime="2012-03-18T19:41:11.1767193-06:00" testType="13cdc9d9-ddb5-4fa4-a97d-d965ccfc6d4b" outcome="Passed" testListId="8c84fa94-04c1-424b-9868-57a2d4851a1d" relativeResultsDirectory="763f7b82-599f-446b-a276-a9d7b6ebb21b">
    </UnitTestResult>
    <UnitTestResult executionId="e37fdfb9-51d1-4956-bb5e-1584d2ada92e" testId="082e8e55-223e-051e-386f-e304fa6d81fc" testName="DeserializeTest" computerName="WATSON1491" duration="00:00:00.0194497" startTime="2012-03-18T19:41:11.1817196-06:00" endTime="2012-03-18T19:41:11.4487349-06:00" testType="13cdc9d9-ddb5-4fa4-a97d-d965ccfc6d4b" outcome="Passed" testListId="8c84fa94-04c1-424b-9868-57a2d4851a1d" relativeResultsDirectory="e37fdfb9-51d1-4956-bb5e-1584d2ada92e">
    </UnitTestResult>
    <UnitTestResult executionId="db870d81-df05-47bf-b054-2c614d41cec3" testId="0bf9df8d-121f-259e-67aa-905c5bb6c662" testName="AllocateInMiddleTest" computerName="WATSON1491" duration="00:00:00.0030078" startTime="2012-03-18T19:41:11.4557353-06:00" endTime="2012-03-18T19:41:11.4637358-06:00" testType="13cdc9d9-ddb5-4fa4-a97d-d965ccfc6d4b" outcome="Passed" testListId="8c84fa94-04c1-424b-9868-57a2d4851a1d" relativeResultsDirectory="db870d81-df05-47bf-b054-2c614d41cec3">
    </UnitTestResult>
    <UnitTestResult executionId="a594064d-b48e-4c03-a3a0-aa90e6dcd160" testId="0ef3c0a1-e279-0642-068f-cf09f20b4b4e" testName="AddToStartTest" computerName="WATSON1491" duration="00:00:00.0234374" startTime="2012-03-18T19:41:11.4677360-06:00" endTime="2012-03-18T19:41:11.4957376-06:00" testType="13cdc9d9-ddb5-4fa4-a97d-d965ccfc6d4b" outcome="Passed" testListId="8c84fa94-04c1-424b-9868-57a2d4851a1d" relativeResultsDirectory="a594064d-b48e-4c03-a3a0-aa90e6dcd160">
    </UnitTestResult>
    <UnitTestResult executionId="91317ed8-3490-41f4-87bd-4b2084901604" testId="0f7dd13b-d69f-2fef-8f8e-80f7ee7968ec" testName="AddAfterTest" computerName="WATSON1491" duration="00:00:00.0028405" startTime="2012-03-18T19:41:11.5017379-06:00" endTime="2012-03-18T19:41:11.5097384-06:00" testType="13cdc9d9-ddb5-4fa4-a97d-d965ccfc6d4b" outcome="Passed" testListId="8c84fa94-04c1-424b-9868-57a2d4851a1d" relativeResultsDirectory="91317ed8-3490-41f4-87bd-4b2084901604">
    </UnitTestResult>
    <UnitTestResult executionId="7fa59287-cb06-4670-8a23-ce4adb78f645" testId="11201bbf-151b-a78e-02fa-23b7cbfebd28" testName="PutGetUserHeaderTest" computerName="WATSON1491" duration="00:00:00.0016731" startTime="2012-03-18T19:41:11.5137386-06:00" endTime="2012-03-18T19:41:11.5217391-06:00" testType="13cdc9d9-ddb5-4fa4-a97d-d965ccfc6d4b" outcome="Passed" testListId="8c84fa94-04c1-424b-9868-57a2d4851a1d" relativeResultsDirectory="7fa59287-cb06-4670-8a23-ce4adb78f645">
    </UnitTestResult>
    <UnitTestResult executionId="6af47b74-7c5c-49d1-bf01-24c0d2063e10" testId="119f0d26-abb3-b910-6e20-3eb2e8267f66" testName="GetPutUserHeaderTest" computerName="WATSON1491" duration="00:00:00.0170882" startTime="2012-03-18T19:41:11.5277394-06:00" endTime="2012-03-18T19:41:11.5507407-06:00" testType="13cdc9d9-ddb5-4fa4-a97d-d965ccfc6d4b" outcome="Passed" testListId="8c84fa94-04c1-424b-9868-57a2d4851a1d" relativeResultsDirectory="6af47b74-7c5c-49d1-bf01-24c0d2063e10">
    </UnitTestResult>
    <UnitTestResult executionId="f7490641-9611-44a3-93c1-04e93cebfce3" testId="11b05b3f-8750-268f-48a2-a9f027b23597" testName="ExtendToTest" computerName="WATSON1491" duration="00:00:00.0010705" startTime="2012-03-18T19:41:11.5567411-06:00" endTime="2012-03-18T19:41:11.5617414-06:00" testType="13cdc9d9-ddb5-4fa4-a97d-d965ccfc6d4b" outcome="Passed" testListId="8c84fa94-04c1-424b-9868-57a2d4851a1d" relativeResultsDirectory="f7490641-9611-44a3-93c1-04e93cebfce3">
    </UnitTestResult>
    <UnitTestResult executionId="6bf4d7b3-ae32-452c-9469-2f985b6ad7d3" testId="1232c426-0c7a-7827-61d6-db854aeef3be" testName="FileAlreadyExistsTest" computerName="WATSON1491" duration="00:00:00.0016184" startTime="2012-03-18T19:41:11.5677417-06:00" endTime="2012-03-18T19:41:11.5757422-06:00" testType="13cdc9d9-ddb5-4fa4-a97d-d965ccfc6d4b" outcome="Passed" testListId="8c84fa94-04c1-424b-9868-57a2d4851a1d" relativeResultsDirectory="6bf4d7b3-ae32-452c-9469-2f985b6ad7d3">
    </UnitTestResult>
    <UnitTestResult executionId="245c5b10-cd44-40ac-ab59-fc09eaa9ea0e" testId="13b6656a-26f9-0ea8-7ea0-1310a5a1b2d4" testName="AllocateSplitTest" computerName="WATSON1491" duration="00:00:00.0020001" startTime="2012-03-18T19:41:11.5807425-06:00" endTime="2012-03-18T19:41:11.5857427-06:00" testType="13cdc9d9-ddb5-4fa4-a97d-d965ccfc6d4b" outcome="Passed" testListId="8c84fa94-04c1-424b-9868-57a2d4851a1d" relativeResultsDirectory="245c5b10-cd44-40ac-ab59-fc09eaa9ea0e">
    </UnitTestResult>
    <UnitTestResult executionId="3782c988-4219-4e63-927e-0f7eaa0fb6dc" testId="13caa2ac-a8f6-fd8d-092b-4da64a664c5a" testName="GetHeaderSizeTest" computerName="WATSON1491" duration="00:00:00.0001827" startTime="2012-03-18T19:41:11.5907430-06:00" endTime="2012-03-18T19:41:11.5957433-06:00" testType="13cdc9d9-ddb5-4fa4-a97d-d965ccfc6d4b" outcome="Passed" testListId="8c84fa94-04c1-424b-9868-57a2d4851a1d" relativeResultsDirectory="3782c988-4219-4e63-927e-0f7eaa0fb6dc">
    </UnitTestResult>
    <UnitTestResult executionId="ffb9ef70-08ca-42f0-9e1f-8a2220085bf9" testId="13d4ab95-1414-7811-03e7-8823a1d3b6d1" testName="GetHeaderTest" computerName="WATSON1491" duration="00:00:00.0153705" startTime="2012-03-18T19:41:11.6017437-06:00" endTime="2012-03-18T19:41:11.6197447-06:00" testType="13cdc9d9-ddb5-4fa4-a97d-d965ccfc6d4b" outcome="Passed" testListId="8c84fa94-04c1-424b-9868-57a2d4851a1d" relativeResultsDirectory="ffb9ef70-08ca-42f0-9e1f-8a2220085bf9">
    </UnitTestResult>
    <UnitTestResult executionId="7f91166c-ca4c-4644-a913-62b959a52774" testId="1510b5de-0adc-d68f-397e-304b14d0d872" testName="RemoveCollisionTest" computerName="WATSON1491" duration="00:00:00.0327176" startTime="2012-03-18T19:41:11.6257450-06:00" endTime="2012-03-18T19:41:11.6637472-06:00" testType="13cdc9d9-ddb5-4fa4-a97d-d965ccfc6d4b" outcome="Passed" testListId="8c84fa94-04c1-424b-9868-57a2d4851a1d" relativeResultsDirectory="7f91166c-ca4c-4644-a913-62b959a52774">
    </UnitTestResult>
    <UnitTestResult executionId="b300fd37-ec05-4f8c-9aa7-74baf14bcf28" testId="15446eac-e5d1-8f0a-f744-cb3cd9c641c7" testName="GetRangeTest" computerName="WATSON1491" duration="00:00:00.0022983" startTime="2012-03-18T19:41:11.6677474-06:00" endTime="2012-03-18T19:41:11.6747478-06:00" testType="13cdc9d9-ddb5-4fa4-a97d-d965ccfc6d4b" outcome="Passed" testListId="8c84fa94-04c1-424b-9868-57a2d4851a1d" relativeResultsDirectory="b300fd37-ec05-4f8c-9aa7-74baf14bcf28">
    </UnitTestResult>
    <UnitTestResult executionId="6b2697e9-a9d5-424d-be9e-1d598333c253" testId="15eee5ec-03b7-2b3f-62ff-f766c0f78875" testName="ReadByteTest" computerName="WATSON1491" duration="00:00:00.0196884" startTime="2012-03-18T19:41:11.6807482-06:00" endTime="2012-03-18T19:41:11.9587641-06:00" testType="13cdc9d9-ddb5-4fa4-a97d-d965ccfc6d4b" outcome="Passed" testListId="8c84fa94-04c1-424b-9868-57a2d4851a1d" relativeResultsDirectory="6b2697e9-a9d5-424d-be9e-1d598333c253">
    </UnitTestResult>
    <UnitTestResult executionId="8ac26d45-4663-45ad-bfc2-6e0d7cee2f54" testId="1604b673-3185-b533-77b5-a1fcf04b160d" testName="GetUserHeaderSizeTest" computerName="WATSON1491" duration="00:00:00.0013521" startTime="2012-03-18T19:41:11.9657645-06:00" endTime="2012-03-18T19:41:11.9777652-06:00" testType="13cdc9d9-ddb5-4fa4-a97d-d965ccfc6d4b" outcome="Passed" testListId="8c84fa94-04c1-424b-9868-57a2d4851a1d" relativeResultsDirectory="8ac26d45-4663-45ad-bfc2-6e0d7cee2f54">
    </UnitTestResult>
    <UnitTestResult executionId="399d52b3-a66f-43cd-9137-509b79cbaabe" testId="161a504d-52d4-787a-3837-47cb7fdc172b" testName="SerializeTest" computerName="WATSON1491" duration="00:00:00.0028579" startTime="2012-03-18T19:41:11.9817654-06:00" endTime="2012-03-18T19:41:11.9907659-06:00" testType="13cdc9d9-ddb5-4fa4-a97d-d965ccfc6d4b" outcome="Passed" testListId="8c84fa94-04c1-424b-9868-57a2d4851a1d" relativeResultsDirectory="399d52b3-a66f-43cd-9137-509b79cbaabe">
    </UnitTestResult>
    <UnitTestResult executionId="064c191e-9a41-4da6-aa7e-60753ab57896" testId="17c74e86-2a6c-cb27-d667-6f54dbf65bde" testName="GetElementSizeTest" computerName="WATSON1491" duration="00:00:00.0351858" startTime="2012-03-18T19:41:11.9977663-06:00" endTime="2012-03-18T19:41:12.2777823-06:00" testType="13cdc9d9-ddb5-4fa4-a97d-d965ccfc6d4b" outcome="Passed" testListId="8c84fa94-04c1-424b-9868-57a2d4851a1d" relativeResultsDirectory="064c191e-9a41-4da6-aa7e-60753ab57896">
    </UnitTestResult>
    <UnitTestResult executionId="50b5a23e-9d4e-4b26-9d41-9595a56d4bcc" testId="1a92d4c6-be2c-ef6c-e2d4-ccc5f0564285" testName="ToBytesTest" computerName="WATSON1491" duration="00:00:00.0003971" startTime="2012-03-18T19:41:12.2927832-06:00" endTime="2012-03-18T19:41:12.2957833-06:00" testType="13cdc9d9-ddb5-4fa4-a97d-d965ccfc6d4b" outcome="Passed" testListId="8c84fa94-04c1-424b-9868-57a2d4851a1d" relativeResultsDirectory="50b5a23e-9d4e-4b26-9d41-9595a56d4bcc">
    </UnitTestResult>
    <UnitTestResult executionId="33b01aa7-2fb3-4c04-a155-ec12397b47be" testId="1af0c77b-4d3c-a3e7-21cb-37332222dd11" testName="ReopenTest" computerName="WATSON1491" duration="00:00:00.0048098" startTime="2012-03-18T19:41:12.3017837-06:00" endTime="2012-03-18T19:41:12.3097841-06:00" testType="13cdc9d9-ddb5-4fa4-a97d-d965ccfc6d4b" outcome="Passed" testListId="8c84fa94-04c1-424b-9868-57a2d4851a1d" relativeResultsDirectory="33b01aa7-2fb3-4c04-a155-ec12397b47be">
    </UnitTestResult>
    <UnitTestResult executionId="a481eb1c-085e-4109-83e3-9abfae1a8a6d" testId="1d53293b-a39c-108d-e97e-8d3ed479d40d" testName="DeleteTest" computerName="WATSON1491" duration="00:00:00.0052969" startTime="2012-03-18T19:41:12.3157845-06:00" endTime="2012-03-18T19:41:12.3257851-06:00" testType="13cdc9d9-ddb5-4fa4-a97d-d965ccfc6d4b" outcome="Passed" testListId="8c84fa94-04c1-424b-9868-57a2d4851a1d" relativeResultsDirectory="a481eb1c-085e-4109-83e3-9abfae1a8a6d">
    </UnitTestResult>
    <UnitTestResult executionId="4124211c-711a-48d7-b8f7-c90f0fb54e72" testId="1fbff0c8-5e86-4d43-10de-791509c0db36" testName="CtorTest" computerName="WATSON1491" duration="00:00:00.0002881" startTime="2012-03-18T19:41:12.3327855-06:00" endTime="2012-03-18T19:41:12.3357856-06:00" testType="13cdc9d9-ddb5-4fa4-a97d-d965ccfc6d4b" outcome="Passed" testListId="8c84fa94-04c1-424b-9868-57a2d4851a1d" relativeResultsDirectory="4124211c-711a-48d7-b8f7-c90f0fb54e72">
    </UnitTestResult>
    <UnitTestResult executionId="b5c4adc0-8c11-4708-8280-ab7b0513e7b6" testId="2034f3b2-84ce-b459-b009-777707c460e9" testName="RemoveEndTest" computerName="WATSON1491" duration="00:00:00.0029803" startTime="2012-03-18T19:41:12.3417860-06:00" endTime="2012-03-18T19:41:12.3507865-06:00" testType="13cdc9d9-ddb5-4fa4-a97d-d965ccfc6d4b" outcome="Passed" testListId="8c84fa94-04c1-424b-9868-57a2d4851a1d" relativeResultsDirectory="b5c4adc0-8c11-4708-8280-ab7b0513e7b6">
    </UnitTestResult>
    <UnitTestResult executionId="7b0e542d-1816-40a2-8233-8bd56a384818" testId="2053caf7-0cee-71a7-c0a3-31f51653539e" testName="WriteToStorageTest" computerName="WATSON1491" duration="00:00:00.0105521" startTime="2012-03-18T19:41:12.3557868-06:00" endTime="2012-03-18T19:41:12.3697876-06:00" testType="13cdc9d9-ddb5-4fa4-a97d-d965ccfc6d4b" outcome="Passed" testListId="8c84fa94-04c1-424b-9868-57a2d4851a1d" relativeResultsDirectory="7b0e542d-1816-40a2-8233-8bd56a384818">
    </UnitTestResult>
    <UnitTestResult executionId="d725cd6b-6127-4091-8768-6c5ebd73acab" testId="21ea634d-ec3e-6f69-7865-3d6f41e7db9a" testName="SerializeTest" computerName="WATSON1491" duration="00:00:00.0003885" startTime="2012-03-18T19:41:12.3757879-06:00" endTime="2012-03-18T19:41:12.3917888-06:00" testType="13cdc9d9-ddb5-4fa4-a97d-d965ccfc6d4b" outcome="Passed" testListId="8c84fa94-04c1-424b-9868-57a2d4851a1d" relativeResultsDirectory="d725cd6b-6127-4091-8768-6c5ebd73acab">
    </UnitTestResult>
    <UnitTestResult executionId="bd36a1a3-e6cb-45ca-9cf6-2e33a1869cec" testId="282879a0-7b32-ff9a-e44c-1a4579417208" testName="SizeInBytesTest" computerName="WATSON1491" duration="00:00:00.0006568" startTime="2012-03-18T19:41:12.3967891-06:00" endTime="2012-03-18T19:41:12.4007894-06:00" testType="13cdc9d9-ddb5-4fa4-a97d-d965ccfc6d4b" outcome="Passed" testListId="8c84fa94-04c1-424b-9868-57a2d4851a1d" relativeResultsDirectory="bd36a1a3-e6cb-45ca-9cf6-2e33a1869cec">
    </UnitTestResult>
    <UnitTestResult executionId="64d4cce1-7278-4793-a333-8d001fd4038f" testId="2a736369-0faa-7bd0-3ec4-55591153ab35" testName="SplitTest" computerName="WATSON1491" duration="00:00:00.0007893" startTime="2012-03-18T19:41:12.4067897-06:00" endTime="2012-03-18T19:41:12.4107899-06:00" testType="13cdc9d9-ddb5-4fa4-a97d-d965ccfc6d4b" outcome="Passed" testListId="8c84fa94-04c1-424b-9868-57a2d4851a1d" relativeResultsDirectory="64d4cce1-7278-4793-a333-8d001fd4038f">
    </UnitTestResult>
    <UnitTestResult executionId="acfc6b31-c86a-4143-bff1-b1782a368c27" testId="2b9a3f45-3c5e-f945-6521-ce395feda3cb" testName="CtorTest" computerName="WATSON1491" duration="00:00:00.0002694" startTime="2012-03-18T19:41:12.4177903-06:00" endTime="2012-03-18T19:41:12.4217906-06:00" testType="13cdc9d9-ddb5-4fa4-a97d-d965ccfc6d4b" outcome="Passed" testListId="8c84fa94-04c1-424b-9868-57a2d4851a1d" relativeResultsDirectory="acfc6b31-c86a-4143-bff1-b1782a368c27">
    </UnitTestResult>
    <UnitTestResult executionId="1bde8ef2-2c8f-4fa7-910a-01b9193ad947" testId="2ba6a0e8-4d4a-7fae-c756-beed24e76cc7" testName="GetPutTest" computerName="WATSON1491" duration="00:00:00.0019198" startTime="2012-03-18T19:41:12.4277909-06:00" endTime="2012-03-18T19:41:12.4337912-06:00" testType="13cdc9d9-ddb5-4fa4-a97d-d965ccfc6d4b" outcome="Passed" testListId="8c84fa94-04c1-424b-9868-57a2d4851a1d" relativeResultsDirectory="1bde8ef2-2c8f-4fa7-910a-01b9193ad947">
    </UnitTestResult>
    <UnitTestResult executionId="68042622-b6bf-41de-a33b-3ea2e39b5172" testId="2ecace38-de69-65fe-78ba-795f763f7921" testName="CtorTest" computerName="WATSON1491" duration="00:00:00.0012180" startTime="2012-03-18T19:41:12.4377915-06:00" endTime="2012-03-18T19:41:12.4427918-06:00" testType="13cdc9d9-ddb5-4fa4-a97d-d965ccfc6d4b" outcome="Passed" testListId="8c84fa94-04c1-424b-9868-57a2d4851a1d" relativeResultsDirectory="68042622-b6bf-41de-a33b-3ea2e39b5172">
    </UnitTestResult>
    <UnitTestResult executionId="eeb2ae09-a538-4d44-ab15-2c91fbc66942" testId="30fb22e9-f40e-bfdf-14ab-ef764bec1747" testName="ReopenTest" computerName="WATSON1491" duration="00:00:00.0061292" startTime="2012-03-18T19:41:12.4487921-06:00" endTime="2012-03-18T19:41:12.4577926-06:00" testType="13cdc9d9-ddb5-4fa4-a97d-d965ccfc6d4b" outcome="Passed" testListId="8c84fa94-04c1-424b-9868-57a2d4851a1d" relativeResultsDirectory="eeb2ae09-a538-4d44-ab15-2c91fbc66942">
    </UnitTestResult>
    <UnitTestResult executionId="5f8f4f17-5f87-4f52-bcf1-b09970119e58" testId="33bbef63-045e-f45c-4904-9d2f969572f1" testName="WriteIntTest" computerName="WATSON1491" duration="00:00:00.0051778" startTime="2012-03-18T19:41:12.4637930-06:00" endTime="2012-03-18T19:41:12.4727935-06:00" testType="13cdc9d9-ddb5-4fa4-a97d-d965ccfc6d4b" outcome="Passed" testListId="8c84fa94-04c1-424b-9868-57a2d4851a1d" relativeResultsDirectory="5f8f4f17-5f87-4f52-bcf1-b09970119e58">
    </UnitTestResult>
    <UnitTestResult executionId="0016d62b-2483-4ff2-8277-93b8bf453ddc" testId="344d8cb8-23f2-23e3-3ec1-bef1b12c809d" testName="GetFileNameTest" computerName="WATSON1491" duration="00:00:00.0025970" startTime="2012-03-18T19:41:12.4787938-06:00" endTime="2012-03-18T19:41:12.4857942-06:00" testType="13cdc9d9-ddb5-4fa4-a97d-d965ccfc6d4b" outcome="Passed" testListId="8c84fa94-04c1-424b-9868-57a2d4851a1d" relativeResultsDirectory="0016d62b-2483-4ff2-8277-93b8bf453ddc">
    </UnitTestResult>
    <UnitTestResult executionId="c3e32354-828f-40dd-8276-6a37f3601aee" testId="35a16e41-d355-d959-88ea-aa8f91cea11b" testName="DeserializeTest" computerName="WATSON1491" duration="00:00:00.0004262" startTime="2012-03-18T19:41:12.4927946-06:00" endTime="2012-03-18T19:41:12.4967948-06:00" testType="13cdc9d9-ddb5-4fa4-a97d-d965ccfc6d4b" outcome="Passed" testListId="8c84fa94-04c1-424b-9868-57a2d4851a1d" relativeResultsDirectory="c3e32354-828f-40dd-8276-6a37f3601aee">
    </UnitTestResult>
    <UnitTestResult executionId="b8972a6a-a196-4be7-a960-2c7c32a09ea4" testId="386c50f6-2d09-529c-8336-cdd485ffb439" testName="GetTest" computerName="WATSON1491" duration="00:00:00.0023117" startTime="2012-03-18T19:41:12.5027952-06:00" endTime="2012-03-18T19:41:12.5097956-06:00" testType="13cdc9d9-ddb5-4fa4-a97d-d965ccfc6d4b" outcome="Passed" testListId="8c84fa94-04c1-424b-9868-57a2d4851a1d" relativeResultsDirectory="b8972a6a-a196-4be7-a960-2c7c32a09ea4">
    </UnitTestResult>
    <UnitTestResult executionId="a5ade343-d3a6-4b0c-b9c5-cede30f4ffd1" testId="39634d81-9688-20c8-d77f-ba195db41378" testName="FreeAddSpaceToMiddleOfFreeListTest" computerName="WATSON1491" duration="00:00:00.0025309" startTime="2012-03-18T19:41:12.5137958-06:00" endTime="2012-03-18T19:41:12.5207962-06:00" testType="13cdc9d9-ddb5-4fa4-a97d-d965ccfc6d4b" outcome="Passed" testListId="8c84fa94-04c1-424b-9868-57a2d4851a1d" relativeResultsDirectory="a5ade343-d3a6-4b0c-b9c5-cede30f4ffd1">
    </UnitTestResult>
    <UnitTestResult executionId="fac07174-bb2f-4161-bd2e-696d6000bf2a" testId="402330e1-95b7-447a-93a7-af95d05ae424" testName="WriteReadStorageTest" computerName="WATSON1491" duration="00:00:00.0143388" startTime="2012-03-18T19:41:12.5257965-06:00" endTime="2012-03-18T19:41:12.5827998-06:00" testType="13cdc9d9-ddb5-4fa4-a97d-d965ccfc6d4b" outcome="Passed" testListId="8c84fa94-04c1-424b-9868-57a2d4851a1d" relativeResultsDirectory="fac07174-bb2f-4161-bd2e-696d6000bf2a">
    </UnitTestResult>
    <UnitTestResult executionId="b3739b31-c0b6-43fa-a13c-2d07aaeb791a" testId="414c1d58-8de9-a775-6ff6-4a9efb4178ab" testName="CreateCtorTest" computerName="WATSON1491" duration="00:00:00.0021618" startTime="2012-03-18T19:41:12.5958005-06:00" endTime="2012-03-18T19:41:12.6138015-06:00" testType="13cdc9d9-ddb5-4fa4-a97d-d965ccfc6d4b" outcome="Passed" testListId="8c84fa94-04c1-424b-9868-57a2d4851a1d" relativeResultsDirectory="b3739b31-c0b6-43fa-a13c-2d07aaeb791a">
    </UnitTestResult>
    <UnitTestResult executionId="70c6d0a3-c6ca-4aa2-a171-052c22af2ec1" testId="44b2bd84-c18b-ffc2-bf52-0bd4506adf9f" testName="GetNextIndexTest" computerName="WATSON1491" duration="00:00:00.0133861" startTime="2012-03-18T19:41:12.6178018-06:00" endTime="2012-03-18T19:41:12.6368029-06:00" testType="13cdc9d9-ddb5-4fa4-a97d-d965ccfc6d4b" outcome="Passed" testListId="8c84fa94-04c1-424b-9868-57a2d4851a1d" relativeResultsDirectory="70c6d0a3-c6ca-4aa2-a171-052c22af2ec1">
    </UnitTestResult>
    <UnitTestResult executionId="c5463dd2-a36e-4dfc-ad24-76be2b7cefc4" testId="45dc2f0e-4af7-fb97-54f6-bad15d2a2da4" testName="GetDataTest" computerName="WATSON1491" duration="00:00:00.0022550" startTime="2012-03-18T19:41:12.6408031-06:00" endTime="2012-03-18T19:41:12.6468034-06:00" testType="13cdc9d9-ddb5-4fa4-a97d-d965ccfc6d4b" outcome="Passed" testListId="8c84fa94-04c1-424b-9868-57a2d4851a1d" relativeResultsDirectory="c5463dd2-a36e-4dfc-ad24-76be2b7cefc4">
    </UnitTestResult>
    <UnitTestResult executionId="138d9d75-318c-40e0-a4ed-3c6ea0becd89" testId="47e64445-4f51-07b5-3b92-f087a8ca68d5" testName="PutGetTest" computerName="WATSON1491" duration="00:00:02.5271672" startTime="2012-03-18T19:41:12.6538038-06:00" endTime="2012-03-18T19:41:15.1889488-06:00" testType="13cdc9d9-ddb5-4fa4-a97d-d965ccfc6d4b" outcome="Passed" testListId="8c84fa94-04c1-424b-9868-57a2d4851a1d" relativeResultsDirectory="138d9d75-318c-40e0-a4ed-3c6ea0becd89">
    </UnitTestResult>
    <UnitTestResult executionId="854ba652-9426-4b98-91c7-9d4652f3acf3" testId="4aeb4eda-2347-4daf-0915-85bd224c5d85" testName="GetTest" computerName="WATSON1491" duration="00:00:00.0091622" startTime="2012-03-18T19:41:15.1949492-06:00" endTime="2012-03-18T19:41:15.2099500-06:00" testType="13cdc9d9-ddb5-4fa4-a97d-d965ccfc6d4b" outcome="Passed" testListId="8c84fa94-04c1-424b-9868-57a2d4851a1d" relativeResultsDirectory="854ba652-9426-4b98-91c7-9d4652f3acf3">
    </UnitTestResult>
    <UnitTestResult executionId="cfd0ed87-6181-4a40-9b15-ce03c99fba9e" testId="4bbd3904-7ad8-7f8b-c8e4-fd552740646a" testName="RemoveTest" computerName="WATSON1491" duration="00:00:00.0307357" startTime="2012-03-18T19:41:15.2149503-06:00" endTime="2012-03-18T19:41:15.2639531-06:00" testType="13cdc9d9-ddb5-4fa4-a97d-d965ccfc6d4b" outcome="Passed" testListId="8c84fa94-04c1-424b-9868-57a2d4851a1d" relativeResultsDirectory="cfd0ed87-6181-4a40-9b15-ce03c99fba9e">
    </UnitTestResult>
    <UnitTestResult executionId="588f7013-ec90-4f45-a88b-9f4fe75ef7f0" testId="4cca534d-1656-b797-40e9-49330488cbbd" testName="CtorTest" computerName="WATSON1491" duration="00:00:00.0005547" startTime="2012-03-18T19:41:15.2709535-06:00" endTime="2012-03-18T19:41:15.2749537-06:00" testType="13cdc9d9-ddb5-4fa4-a97d-d965ccfc6d4b" outcome="Passed" testListId="8c84fa94-04c1-424b-9868-57a2d4851a1d" relativeResultsDirectory="588f7013-ec90-4f45-a88b-9f4fe75ef7f0">
    </UnitTestResult>
    <UnitTestResult executionId="256dc07d-9916-4a78-aeee-50970f7b6c23" testId="51fbe3ee-5d05-0bea-05a3-3f4776bc717b" testName="CtorTest" computerName="WATSON1491" duration="00:00:00.0004866" startTime="2012-03-18T19:41:15.2829542-06:00" endTime="2012-03-18T19:41:15.2869544-06:00" testType="13cdc9d9-ddb5-4fa4-a97d-d965ccfc6d4b" outcome="Passed" testListId="8c84fa94-04c1-424b-9868-57a2d4851a1d" relativeResultsDirectory="256dc07d-9916-4a78-aeee-50970f7b6c23">
    </UnitTestResult>
    <UnitTestResult executionId="fb6ecdc8-c845-4753-bfb5-dcde0e92e04e" testId="5335332c-34c5-80ee-4a17-60db3bec8999" testName="EmptyNameTest" computerName="WATSON1491" duration="00:00:00.0003732" startTime="2012-03-18T19:41:15.3029553-06:00" endTime="2012-03-18T19:41:15.3099557-06:00" testType="13cdc9d9-ddb5-4fa4-a97d-d965ccfc6d4b" outcome="Passed" testListId="8c84fa94-04c1-424b-9868-57a2d4851a1d" relativeResultsDirectory="fb6ecdc8-c845-4753-bfb5-dcde0e92e04e">
    </UnitTestResult>
    <UnitTestResult executionId="230fa6e8-e8f7-4a83-bdba-54bb257a3cd5" testId="553e65a4-d49e-c86b-4f63-da6f1a61fced" testName="GetUserHeaderSizeTest" computerName="WATSON1491" duration="00:00:00.0340731" startTime="2012-03-18T19:41:15.3199563-06:00" endTime="2012-03-18T19:41:15.3709592-06:00" testType="13cdc9d9-ddb5-4fa4-a97d-d965ccfc6d4b" outcome="Passed" testListId="8c84fa94-04c1-424b-9868-57a2d4851a1d" relativeResultsDirectory="230fa6e8-e8f7-4a83-bdba-54bb257a3cd5">
    </UnitTestResult>
    <UnitTestResult executionId="afd6867e-f88b-4ce3-8a73-b1616286cffc" testId="565a9370-80c9-3456-28b5-ca4466bce36c" testName="GetPreviousTest" computerName="WATSON1491" duration="00:00:00.0025649" startTime="2012-03-18T19:41:15.3769596-06:00" endTime="2012-03-18T19:41:15.3839600-06:00" testType="13cdc9d9-ddb5-4fa4-a97d-d965ccfc6d4b" outcome="Passed" testListId="8c84fa94-04c1-424b-9868-57a2d4851a1d" relativeResultsDirectory="afd6867e-f88b-4ce3-8a73-b1616286cffc">
    </UnitTestResult>
    <UnitTestResult executionId="14b47ac6-c5da-47cc-bfc9-3c217a77b4e7" testId="56a5f4f5-9d87-5588-a513-0fe0d7c30e0a" testName="AllocateBlockTest" computerName="WATSON1491" duration="00:00:00.0016269" startTime="2012-03-18T19:41:15.3899603-06:00" endTime="2012-03-18T19:41:15.3989608-06:00" testType="13cdc9d9-ddb5-4fa4-a97d-d965ccfc6d4b" outcome="Passed" testListId="8c84fa94-04c1-424b-9868-57a2d4851a1d" relativeResultsDirectory="14b47ac6-c5da-47cc-bfc9-3c217a77b4e7">
    </UnitTestResult>
    <UnitTestResult executionId="09599ac3-1ab3-4887-9492-8a890b96062a" testId="5e1a90a3-2d69-9f23-3961-d8b82f54f7e7" testName="DeserializeTest" computerName="WATSON1491" duration="00:00:00.0024239" startTime="2012-03-18T19:41:15.4109615-06:00" endTime="2012-03-18T19:41:15.4179619-06:00" testType="13cdc9d9-ddb5-4fa4-a97d-d965ccfc6d4b" outcome="Passed" testListId="8c84fa94-04c1-424b-9868-57a2d4851a1d" relativeResultsDirectory="09599ac3-1ab3-4887-9492-8a890b96062a">
    </UnitTestResult>
    <UnitTestResult executionId="cb3c4713-b179-4da9-8179-9690c7adbb6d" testId="5e51bd1e-dd26-d7ed-b6ba-6a8f01ee0f1b" testName="GetUserHeaderTest" computerName="WATSON1491" duration="00:00:00.0014628" startTime="2012-03-18T19:41:15.4219622-06:00" endTime="2012-03-18T19:41:15.4279625-06:00" testType="13cdc9d9-ddb5-4fa4-a97d-d965ccfc6d4b" outcome="Passed" testListId="8c84fa94-04c1-424b-9868-57a2d4851a1d" relativeResultsDirectory="cb3c4713-b179-4da9-8179-9690c7adbb6d">
    </UnitTestResult>
    <UnitTestResult executionId="65408d61-3a76-4501-9475-cc06e854b3ee" testId="610385d3-c2b5-eeb9-1ed4-86ca6ad846de" testName="SeekTest" computerName="WATSON1491" duration="00:00:00.0019494" startTime="2012-03-18T19:41:15.4329628-06:00" endTime="2012-03-18T19:41:15.4389631-06:00" testType="13cdc9d9-ddb5-4fa4-a97d-d965ccfc6d4b" outcome="Passed" testListId="8c84fa94-04c1-424b-9868-57a2d4851a1d" relativeResultsDirectory="65408d61-3a76-4501-9475-cc06e854b3ee">
    </UnitTestResult>
    <UnitTestResult executionId="950e9084-3eb9-46fa-86ba-763c414426ae" testId="61f14407-3f3d-9be6-e329-c0b10da1b351" testName="ReopenTest" computerName="WATSON1491" duration="00:00:00.0073359" startTime="2012-03-18T19:41:15.4449635-06:00" endTime="2012-03-18T19:41:15.4649646-06:00" testType="13cdc9d9-ddb5-4fa4-a97d-d965ccfc6d4b" outcome="Passed" testListId="8c84fa94-04c1-424b-9868-57a2d4851a1d" relativeResultsDirectory="950e9084-3eb9-46fa-86ba-763c414426ae">
    </UnitTestResult>
    <UnitTestResult executionId="b324c05c-ebb8-4e06-ba3b-5da8b2e039c9" testId="636ae8bd-e313-1098-6c8a-b8c8ef7b79b2" testName="DeserializeTest" computerName="WATSON1491" duration="00:00:00.0004967" startTime="2012-03-18T19:41:15.4859658-06:00" endTime="2012-03-18T19:41:15.4909661-06:00" testType="13cdc9d9-ddb5-4fa4-a97d-d965ccfc6d4b" outcome="Passed" testListId="8c84fa94-04c1-424b-9868-57a2d4851a1d" relativeResultsDirectory="b324c05c-ebb8-4e06-ba3b-5da8b2e039c9">
    </UnitTestResult>
    <UnitTestResult executionId="d984b0ad-0b28-48aa-8e58-fb922b767f06" testId="63cc42b4-1dc6-41a3-f417-45c71de20956" testName="AssertNotBadNodeIndexTest" computerName="WATSON1491" duration="00:00:00.0014944" startTime="2012-03-18T19:41:15.4949663-06:00" endTime="2012-03-18T19:41:15.4999666-06:00" testType="13cdc9d9-ddb5-4fa4-a97d-d965ccfc6d4b" outcome="Passed" testListId="8c84fa94-04c1-424b-9868-57a2d4851a1d" relativeResultsDirectory="d984b0ad-0b28-48aa-8e58-fb922b767f06">
    </UnitTestResult>
    <UnitTestResult executionId="b97e5caf-ffe5-4b82-963e-cbf423b0553e" testId="68db09fd-1e84-1d00-a06a-8d3d340b6754" testName="GetTest" computerName="WATSON1491" duration="00:00:00.0005709" startTime="2012-03-18T19:41:15.5049669-06:00" endTime="2012-03-18T19:41:15.5089671-06:00" testType="13cdc9d9-ddb5-4fa4-a97d-d965ccfc6d4b" outcome="Passed" testListId="8c84fa94-04c1-424b-9868-57a2d4851a1d" relativeResultsDirectory="b97e5caf-ffe5-4b82-963e-cbf423b0553e">
    </UnitTestResult>
    <UnitTestResult executionId="b64c3808-1b53-4671-90e7-525c6fe94840" testId="6a96f9da-adcb-f7e2-df56-cae68513bb5e" testName="FillUpTableTest" computerName="WATSON1491" duration="00:00:00.0049585" startTime="2012-03-18T19:41:15.5149675-06:00" endTime="2012-03-18T19:41:15.5229679-06:00" testType="13cdc9d9-ddb5-4fa4-a97d-d965ccfc6d4b" outcome="Passed" testListId="8c84fa94-04c1-424b-9868-57a2d4851a1d" relativeResultsDirectory="b64c3808-1b53-4671-90e7-525c6fe94840">
    </UnitTestResult>
    <UnitTestResult executionId="2bb9258e-1df6-4ff4-9963-fcce30dc8ca2" testId="6e30047d-c126-9623-764e-d0d0dc18feb2" testName="CopyIntoTest" computerName="WATSON1491" duration="00:00:00.0006544" startTime="2012-03-18T19:41:15.5289683-06:00" endTime="2012-03-18T19:41:15.5339686-06:00" testType="13cdc9d9-ddb5-4fa4-a97d-d965ccfc6d4b" outcome="Passed" testListId="8c84fa94-04c1-424b-9868-57a2d4851a1d" relativeResultsDirectory="2bb9258e-1df6-4ff4-9963-fcce30dc8ca2">
    </UnitTestResult>
    <UnitTestResult executionId="802c09a6-80ec-4279-8648-ed6c8320679e" testId="6e6c95ba-db7f-0ed9-f253-6c4e917c2d37" testName="AddBeforeTest" computerName="WATSON1491" duration="00:00:00.0029284" startTime="2012-03-18T19:41:15.5379688-06:00" endTime="2012-03-18T19:41:15.5449692-06:00" testType="13cdc9d9-ddb5-4fa4-a97d-d965ccfc6d4b" outcome="Passed" testListId="8c84fa94-04c1-424b-9868-57a2d4851a1d" relativeResultsDirectory="802c09a6-80ec-4279-8648-ed6c8320679e">
    </UnitTestResult>
    <UnitTestResult executionId="5eb1f948-9b3e-435c-b33d-1cdd2477ef51" testId="705d2900-5b96-0c7e-5674-f042b44cf3ba" testName="PutGetAmountTest" computerName="WATSON1491" duration="00:00:00.0019053" startTime="2012-03-18T19:41:15.5499695-06:00" endTime="2012-03-18T19:41:15.5539697-06:00" testType="13cdc9d9-ddb5-4fa4-a97d-d965ccfc6d4b" outcome="Passed" testListId="8c84fa94-04c1-424b-9868-57a2d4851a1d" relativeResultsDirectory="5eb1f948-9b3e-435c-b33d-1cdd2477ef51">
    </UnitTestResult>
    <UnitTestResult executionId="9a975775-395c-4ba2-9299-0aa7ef3b2357" testId="715794aa-fc77-0689-abff-ac88adbeef1b" testName="SetChildTest" computerName="WATSON1491" duration="00:00:00.0004230" startTime="2012-03-18T19:41:15.5619702-06:00" endTime="2012-03-18T19:41:15.5659704-06:00" testType="13cdc9d9-ddb5-4fa4-a97d-d965ccfc6d4b" outcome="Passed" testListId="8c84fa94-04c1-424b-9868-57a2d4851a1d" relativeResultsDirectory="9a975775-395c-4ba2-9299-0aa7ef3b2357">
    </UnitTestResult>
    <UnitTestResult executionId="b415218a-c3aa-4e74-8e7e-b764ecb5dc55" testId="71ffb975-3ee7-3930-0f3e-7889b95a130e" testName="CloseTest" computerName="WATSON1491" duration="00:00:00.0016346" startTime="2012-03-18T19:41:15.5699706-06:00" endTime="2012-03-18T19:41:15.5759710-06:00" testType="13cdc9d9-ddb5-4fa4-a97d-d965ccfc6d4b" outcome="Passed" testListId="8c84fa94-04c1-424b-9868-57a2d4851a1d" relativeResultsDirectory="b415218a-c3aa-4e74-8e7e-b764ecb5dc55">
    </UnitTestResult>
    <UnitTestResult executionId="b8d9ae5c-2f18-4d0a-bc0c-2d6331b49914" testId="7256c121-b7a1-76a6-3a43-87fec1af02da" testName="InsertThrowsTest" computerName="WATSON1491" duration="00:00:00.0017464" startTime="2012-03-18T19:41:15.5809713-06:00" endTime="2012-03-18T19:41:15.5859715-06:00" testType="13cdc9d9-ddb5-4fa4-a97d-d965ccfc6d4b" outcome="Passed" testListId="8c84fa94-04c1-424b-9868-57a2d4851a1d" relativeResultsDirectory="b8d9ae5c-2f18-4d0a-bc0c-2d6331b49914">
    </UnitTestResult>
    <UnitTestResult executionId="e80ae425-21c3-4ad2-8e5b-a5cbd95deca4" testId="77659b17-3c06-332d-dd10-83bcb0b96f9d" testName="SingletonTest" computerName="WATSON1491" duration="00:00:00.0008493" startTime="2012-03-18T19:41:15.5899718-06:00" endTime="2012-03-18T19:41:15.5969722-06:00" testType="13cdc9d9-ddb5-4fa4-a97d-d965ccfc6d4b" outcome="Passed" testListId="8c84fa94-04c1-424b-9868-57a2d4851a1d" relativeResultsDirectory="e80ae425-21c3-4ad2-8e5b-a5cbd95deca4">
    </UnitTestResult>
    <UnitTestResult executionId="66b95864-4054-4c5a-bec7-89fc7e779d35" testId="77c4d4bd-5fbe-4bd1-86c3-f6e38810414b" testName="CloseTest" computerName="WATSON1491" duration="00:00:00.0024093" startTime="2012-03-18T19:41:15.6019725-06:00" endTime="2012-03-18T19:41:15.6089729-06:00" testType="13cdc9d9-ddb5-4fa4-a97d-d965ccfc6d4b" outcome="Passed" testListId="8c84fa94-04c1-424b-9868-57a2d4851a1d" relativeResultsDirectory="66b95864-4054-4c5a-bec7-89fc7e779d35">
    </UnitTestResult>
    <UnitTestResult executionId="2d9191cc-dc22-4543-84ed-f54fbe620d97" testId="781a4d86-46c5-931f-9ce1-d470759c5ed1" testName="CtorTest" computerName="WATSON1491" duration="00:00:00.0005660" startTime="2012-03-18T19:41:15.6139731-06:00" endTime="2012-03-18T19:41:15.6169733-06:00" testType="13cdc9d9-ddb5-4fa4-a97d-d965ccfc6d4b" outcome="Passed" testListId="8c84fa94-04c1-424b-9868-57a2d4851a1d" relativeResultsDirectory="2d9191cc-dc22-4543-84ed-f54fbe620d97">
    </UnitTestResult>
    <UnitTestResult executionId="bac52215-2c70-44cc-a822-dd14c262254c" testId="78b45b03-89ec-7f9c-ccf6-a39587c81578" testName="CtorTest" computerName="WATSON1491" duration="00:00:00.0004339" startTime="2012-03-18T19:41:15.6229737-06:00" endTime="2012-03-18T19:41:15.6269739-06:00" testType="13cdc9d9-ddb5-4fa4-a97d-d965ccfc6d4b" outcome="Passed" testListId="8c84fa94-04c1-424b-9868-57a2d4851a1d" relativeResultsDirectory="bac52215-2c70-44cc-a822-dd14c262254c">
    </UnitTestResult>
    <UnitTestResult executionId="44d2f4e1-e85a-49c7-8aaa-41e28911757c" testId="798de980-a2f0-6011-fdc6-e140e662baa9" testName="WriteByteTest" computerName="WATSON1491" duration="00:00:00.0023721" startTime="2012-03-18T19:41:15.6309741-06:00" endTime="2012-03-18T19:41:15.6379745-06:00" testType="13cdc9d9-ddb5-4fa4-a97d-d965ccfc6d4b" outcome="Passed" testListId="8c84fa94-04c1-424b-9868-57a2d4851a1d" relativeResultsDirectory="44d2f4e1-e85a-49c7-8aaa-41e28911757c">
    </UnitTestResult>
    <UnitTestResult executionId="aeb02a6b-cb79-4946-9bb1-ba371a3e8724" testId="7a09d037-6583-9dab-921a-9e399b5c9547" testName="ReadIntTest" computerName="WATSON1491" duration="00:00:00.0020848" startTime="2012-03-18T19:41:15.6439749-06:00" endTime="2012-03-18T19:41:15.6489751-06:00" testType="13cdc9d9-ddb5-4fa4-a97d-d965ccfc6d4b" outcome="Passed" testListId="8c84fa94-04c1-424b-9868-57a2d4851a1d" relativeResultsDirectory="aeb02a6b-cb79-4946-9bb1-ba371a3e8724">
    </UnitTestResult>
    <UnitTestResult executionId="50239f48-3bd1-4fb0-a34c-8419e62ae9ca" testId="7ad6c21f-feaf-20c3-6794-ee2d02f21a1c" testName="PutGetUserHeaderTest" computerName="WATSON1491" duration="00:00:00.0018611" startTime="2012-03-18T19:41:15.6569756-06:00" endTime="2012-03-18T19:41:15.6739766-06:00" testType="13cdc9d9-ddb5-4fa4-a97d-d965ccfc6d4b" outcome="Passed" testListId="8c84fa94-04c1-424b-9868-57a2d4851a1d" relativeResultsDirectory="50239f48-3bd1-4fb0-a34c-8419e62ae9ca">
    </UnitTestResult>
    <UnitTestResult executionId="6a82319a-4ce6-478b-b0ba-f12b9854d2b7" testId="7f8205c8-b606-8c59-76b5-fbdb8f56ecd0" testName="WriteIntTest" computerName="WATSON1491" duration="00:00:07.0047446" startTime="2012-03-18T19:41:15.6789769-06:00" endTime="2012-03-18T19:41:22.6873777-06:00" testType="13cdc9d9-ddb5-4fa4-a97d-d965ccfc6d4b" outcome="Passed" testListId="8c84fa94-04c1-424b-9868-57a2d4851a1d" relativeResultsDirectory="6a82319a-4ce6-478b-b0ba-f12b9854d2b7">
    </UnitTestResult>
    <UnitTestResult executionId="59be37ca-4a78-4275-867e-c54f06f341bd" testId="818a96ef-af23-e852-2659-31e5781f9e2c" testName="LRUElementCacheCtorTest" computerName="WATSON1491" duration="00:00:00.0037883" startTime="2012-03-18T19:41:22.6973783-06:00" endTime="2012-03-18T19:41:22.7143793-06:00" testType="13cdc9d9-ddb5-4fa4-a97d-d965ccfc6d4b" outcome="Passed" testListId="8c84fa94-04c1-424b-9868-57a2d4851a1d" relativeResultsDirectory="59be37ca-4a78-4275-867e-c54f06f341bd">
    </UnitTestResult>
    <UnitTestResult executionId="549ea8f6-3b27-42da-8645-9316dc67479f" testId="81c26981-166a-e776-7c32-8b14e45e71af" testName="SetParentTest" computerName="WATSON1491" duration="00:00:00.0002970" startTime="2012-03-18T19:41:22.7213797-06:00" endTime="2012-03-18T19:41:22.7313802-06:00" testType="13cdc9d9-ddb5-4fa4-a97d-d965ccfc6d4b" outcome="Passed" testListId="8c84fa94-04c1-424b-9868-57a2d4851a1d" relativeResultsDirectory="549ea8f6-3b27-42da-8645-9316dc67479f">
    </UnitTestResult>
    <UnitTestResult executionId="60c084c8-8729-4303-93d9-0db767ee4745" testId="83312457-8852-ca77-37d0-bc2152068b12" testName="GetUserHeaderSizeTest" computerName="WATSON1491" duration="00:00:00.0134169" startTime="2012-03-18T19:41:22.7373806-06:00" endTime="2012-03-18T19:41:22.7573817-06:00" testType="13cdc9d9-ddb5-4fa4-a97d-d965ccfc6d4b" outcome="Passed" testListId="8c84fa94-04c1-424b-9868-57a2d4851a1d" relativeResultsDirectory="60c084c8-8729-4303-93d9-0db767ee4745">
    </UnitTestResult>
    <UnitTestResult executionId="874a745b-76fa-4bbf-993d-6005dc313b97" testId="845a5988-fe07-f37a-ba6b-e712dc39166d" testName="GetUserHeaderSizeTest" computerName="WATSON1491" duration="00:00:00.0079028" startTime="2012-03-18T19:41:22.7613819-06:00" endTime="2012-03-18T19:41:22.7733826-06:00" testType="13cdc9d9-ddb5-4fa4-a97d-d965ccfc6d4b" outcome="Passed" testListId="8c84fa94-04c1-424b-9868-57a2d4851a1d" relativeResultsDirectory="874a745b-76fa-4bbf-993d-6005dc313b97">
    </UnitTestResult>
    <UnitTestResult executionId="184599bb-53cd-481e-a080-b62b043d8e70" testId="846fd299-442f-a81b-5ff1-400c3a67c543" testName="FreeMergeBeforeTest" computerName="WATSON1491" duration="00:00:00.0024373" startTime="2012-03-18T19:41:22.7793830-06:00" endTime="2012-03-18T19:41:22.7853833-06:00" testType="13cdc9d9-ddb5-4fa4-a97d-d965ccfc6d4b" outcome="Passed" testListId="8c84fa94-04c1-424b-9868-57a2d4851a1d" relativeResultsDirectory="184599bb-53cd-481e-a080-b62b043d8e70">
    </UnitTestResult>
    <UnitTestResult executionId="0d95bbef-2d74-4701-b8f9-b06fe2897ca6" testId="86053b92-a17e-53c2-7d77-530c0fa14797" testName="NoArrayTest" computerName="WATSON1491" duration="00:00:00.0005847" startTime="2012-03-18T19:41:22.7913837-06:00" endTime="2012-03-18T19:41:22.7953839-06:00" testType="13cdc9d9-ddb5-4fa4-a97d-d965ccfc6d4b" outcome="Passed" testListId="8c84fa94-04c1-424b-9868-57a2d4851a1d" relativeResultsDirectory="0d95bbef-2d74-4701-b8f9-b06fe2897ca6">
    </UnitTestResult>
    <UnitTestResult executionId="87049010-2ece-4b33-b958-75bd99da9997" testId="864cd63c-625b-94c6-46c4-e84f8efb06a6" testName="UserSizeTest" computerName="WATSON1491" duration="00:00:00.0003107" startTime="2012-03-18T19:41:22.8003842-06:00" endTime="2012-03-18T19:41:22.8043844-06:00" testType="13cdc9d9-ddb5-4fa4-a97d-d965ccfc6d4b" outcome="Passed" testListId="8c84fa94-04c1-424b-9868-57a2d4851a1d" relativeResultsDirectory="87049010-2ece-4b33-b958-75bd99da9997">
    </UnitTestResult>
    <UnitTestResult executionId="22c833af-c1a5-4ba4-997e-154b47cbc879" testId="87c8f2b9-5e7b-9e82-cf24-bcc4c877b50d" testName="SubArrayTest" computerName="WATSON1491" duration="00:00:00.0010571" startTime="2012-03-18T19:41:22.8093847-06:00" endTime="2012-03-18T19:41:22.8133849-06:00" testType="13cdc9d9-ddb5-4fa4-a97d-d965ccfc6d4b" outcome="Passed" testListId="8c84fa94-04c1-424b-9868-57a2d4851a1d" relativeResultsDirectory="22c833af-c1a5-4ba4-997e-154b47cbc879">
    </UnitTestResult>
    <UnitTestResult executionId="14683902-89c9-48a2-8e2a-128b64a0ebba" testId="8bf66a88-08b1-206e-6e7a-07808be453b9" testName="UpdateTest" computerName="WATSON1491" duration="00:00:00.0026966" startTime="2012-03-18T19:41:22.8203853-06:00" endTime="2012-03-18T19:41:22.8263857-06:00" testType="13cdc9d9-ddb5-4fa4-a97d-d965ccfc6d4b" outcome="Passed" testListId="8c84fa94-04c1-424b-9868-57a2d4851a1d" relativeResultsDirectory="14683902-89c9-48a2-8e2a-128b64a0ebba">
    </UnitTestResult>
    <UnitTestResult executionId="9a91d6a0-fef2-4c40-8744-1150313c0fa9" testId="8d5355e8-963b-595b-8da8-04a7226498e8" testName="ReadFromStorageTest" computerName="WATSON1491" duration="00:00:00.0670452" startTime="2012-03-18T19:41:22.8323860-06:00" endTime="2012-03-18T19:41:22.9023900-06:00" testType="13cdc9d9-ddb5-4fa4-a97d-d965ccfc6d4b" outcome="Passed" testListId="8c84fa94-04c1-424b-9868-57a2d4851a1d" relativeResultsDirectory="9a91d6a0-fef2-4c40-8744-1150313c0fa9">
    </UnitTestResult>
    <UnitTestResult executionId="2d7ac4aa-8d40-44ab-b248-3a05396f4554" testId="9042f580-80d7-070e-6671-c783c7157c04" testName="Append2Test" computerName="WATSON1491" duration="00:00:00.0004915" startTime="2012-03-18T19:41:22.9083904-06:00" endTime="2012-03-18T19:41:22.9133906-06:00" testType="13cdc9d9-ddb5-4fa4-a97d-d965ccfc6d4b" outcome="Passed" testListId="8c84fa94-04c1-424b-9868-57a2d4851a1d" relativeResultsDirectory="2d7ac4aa-8d40-44ab-b248-3a05396f4554">
    </UnitTestResult>
    <UnitTestResult executionId="3659443c-a6ee-4ff3-8f1d-ff03a53d7b79" testId="920909e7-20b2-d96d-ce3c-d1b8d6e41092" testName="ReopenTest" computerName="WATSON1491" duration="00:00:00.0030370" startTime="2012-03-18T19:41:22.9183909-06:00" endTime="2012-03-18T19:41:22.9283915-06:00" testType="13cdc9d9-ddb5-4fa4-a97d-d965ccfc6d4b" outcome="Passed" testListId="8c84fa94-04c1-424b-9868-57a2d4851a1d" relativeResultsDirectory="3659443c-a6ee-4ff3-8f1d-ff03a53d7b79">
    </UnitTestResult>
    <UnitTestResult executionId="13f9c113-1509-4ddc-8e8e-c272e7f84072" testId="93695325-fb5b-b117-f5c2-6cdaee20d742" testName="FileDoesntExistTest" computerName="WATSON1491" duration="00:00:00.0008096" startTime="2012-03-18T19:41:22.9343918-06:00" endTime="2012-03-18T19:41:22.9423923-06:00" testType="13cdc9d9-ddb5-4fa4-a97d-d965ccfc6d4b" outcome="Passed" testListId="8c84fa94-04c1-424b-9868-57a2d4851a1d" relativeResultsDirectory="13f9c113-1509-4ddc-8e8e-c272e7f84072">
    </UnitTestResult>
    <UnitTestResult executionId="646d54cc-b410-43e5-9b70-70cd41281989" testId="94000a80-807f-643f-04b5-3a8c67520adc" testName="PutGetUserHeaderTest" computerName="WATSON1491" duration="00:00:00.0155796" startTime="2012-03-18T19:41:22.9503928-06:00" endTime="2012-03-18T19:41:22.9793944-06:00" testType="13cdc9d9-ddb5-4fa4-a97d-d965ccfc6d4b" outcome="Passed" testListId="8c84fa94-04c1-424b-9868-57a2d4851a1d" relativeResultsDirectory="646d54cc-b410-43e5-9b70-70cd41281989">
    </UnitTestResult>
    <UnitTestResult executionId="b7c3a8e8-6034-498c-9eb9-7f39ce59294c" testId="94efce36-6787-804c-f9dd-d52e17e1c55e" testName="CloseTest" computerName="WATSON1491" duration="00:00:00.0011143" startTime="2012-03-18T19:41:22.9833946-06:00" endTime="2012-03-18T19:41:22.9893950-06:00" testType="13cdc9d9-ddb5-4fa4-a97d-d965ccfc6d4b" outcome="Passed" testListId="8c84fa94-04c1-424b-9868-57a2d4851a1d" relativeResultsDirectory="b7c3a8e8-6034-498c-9eb9-7f39ce59294c">
    </UnitTestResult>
    <UnitTestResult executionId="bb8139f2-7c54-4b7d-ab33-8f6c14be4cfc" testId="965a56bb-5e93-1f41-fa3a-18161c642244" testName="ReadByteArrayTest" computerName="WATSON1491" duration="00:00:00.0014162" startTime="2012-03-18T19:41:22.9943953-06:00" endTime="2012-03-18T19:41:22.9993956-06:00" testType="13cdc9d9-ddb5-4fa4-a97d-d965ccfc6d4b" outcome="Passed" testListId="8c84fa94-04c1-424b-9868-57a2d4851a1d" relativeResultsDirectory="bb8139f2-7c54-4b7d-ab33-8f6c14be4cfc">
    </UnitTestResult>
    <UnitTestResult executionId="155ebe58-1b6a-485e-96aa-58eebd568457" testId="9c153991-159a-b725-d7ba-010f61b98530" testName="RandomAccessFileConstructorTest" computerName="WATSON1491" duration="00:00:00.0011848" startTime="2012-03-18T19:41:23.0053959-06:00" endTime="2012-03-18T19:41:23.0103962-06:00" testType="13cdc9d9-ddb5-4fa4-a97d-d965ccfc6d4b" outcome="Passed" testListId="8c84fa94-04c1-424b-9868-57a2d4851a1d" relativeResultsDirectory="155ebe58-1b6a-485e-96aa-58eebd568457">
    </UnitTestResult>
    <UnitTestResult executionId="fe5f012d-e076-4552-91fc-715850ddd56a" testId="9c490088-6ee6-56ec-8017-95f63def4429" testName="CtorTest" computerName="WATSON1491" duration="00:00:00.0005182" startTime="2012-03-18T19:41:23.0153965-06:00" endTime="2012-03-18T19:41:23.0203968-06:00" testType="13cdc9d9-ddb5-4fa4-a97d-d965ccfc6d4b" outcome="Passed" testListId="8c84fa94-04c1-424b-9868-57a2d4851a1d" relativeResultsDirectory="fe5f012d-e076-4552-91fc-715850ddd56a">
    </UnitTestResult>
    <UnitTestResult executionId="821693f6-fa15-4bde-b810-53517ce3467c" testId="9d779dd2-fb32-aae7-ec06-52a95bc58283" testName="FreeFirstSpaceTest" computerName="WATSON1491" duration="00:00:00.0042186" startTime="2012-03-18T19:41:23.0253970-06:00" endTime="2012-03-18T19:41:23.0383978-06:00" testType="13cdc9d9-ddb5-4fa4-a97d-d965ccfc6d4b" outcome="Passed" testListId="8c84fa94-04c1-424b-9868-57a2d4851a1d" relativeResultsDirectory="821693f6-fa15-4bde-b810-53517ce3467c">
    </UnitTestResult>
    <UnitTestResult executionId="74d6cae3-f54d-423a-8104-4d9c12e4adb4" testId="9d918454-2feb-95e0-4026-22b2c4e3a005" testName="FreeAddSpaceToEndOfFreeListTest" computerName="WATSON1491" duration="00:00:00.0019150" startTime="2012-03-18T19:41:23.0433981-06:00" endTime="2012-03-18T19:41:23.0493984-06:00" testType="13cdc9d9-ddb5-4fa4-a97d-d965ccfc6d4b" outcome="Passed" testListId="8c84fa94-04c1-424b-9868-57a2d4851a1d" relativeResultsDirectory="74d6cae3-f54d-423a-8104-4d9c12e4adb4">
    </UnitTestResult>
    <UnitTestResult executionId="06116881-fdac-4540-98e0-de34fdd55030" testId="a1ae16c5-0695-b546-0d5a-01f95dae83d0" testName="GetFirstTest" computerName="WATSON1491" duration="00:00:00.0022671" startTime="2012-03-18T19:41:23.0573989-06:00" endTime="2012-03-18T19:41:23.0623992-06:00" testType="13cdc9d9-ddb5-4fa4-a97d-d965ccfc6d4b" outcome="Passed" testListId="8c84fa94-04c1-424b-9868-57a2d4851a1d" relativeResultsDirectory="06116881-fdac-4540-98e0-de34fdd55030">
    </UnitTestResult>
    <UnitTestResult executionId="e61da023-9f05-4c0d-b4f9-f680487162aa" testId="a1c72854-3dde-18e0-c9d8-83b07b0292f0" testName="StartIndexTest" computerName="WATSON1491" duration="00:00:00.0003391" startTime="2012-03-18T19:41:23.0673994-06:00" endTime="2012-03-18T19:41:23.0703996-06:00" testType="13cdc9d9-ddb5-4fa4-a97d-d965ccfc6d4b" outcome="Passed" testListId="8c84fa94-04c1-424b-9868-57a2d4851a1d" relativeResultsDirectory="e61da023-9f05-4c0d-b4f9-f680487162aa">
    </UnitTestResult>
    <UnitTestResult executionId="879f6ec4-e33d-48f0-84e5-9f0816ba5c43" testId="a2972d95-ef43-ab33-2113-41690f360353" testName="GetNextIndexTest" computerName="WATSON1491" duration="00:00:00.0016277" startTime="2012-03-18T19:41:23.0764000-06:00" endTime="2012-03-18T19:41:23.0814003-06:00" testType="13cdc9d9-ddb5-4fa4-a97d-d965ccfc6d4b" outcome="Passed" testListId="8c84fa94-04c1-424b-9868-57a2d4851a1d" relativeResultsDirectory="879f6ec4-e33d-48f0-84e5-9f0816ba5c43">
    </UnitTestResult>
    <UnitTestResult executionId="4bd818c7-fdc2-4227-b42f-46c29175c73f" testId="a4c6cc76-2922-41eb-a81b-35a8f1fc4233" testName="GetUserHeaderSizeTest" computerName="WATSON1491" duration="00:00:00.0027440" startTime="2012-03-18T19:41:23.0884007-06:00" endTime="2012-03-18T19:41:23.0944010-06:00" testType="13cdc9d9-ddb5-4fa4-a97d-d965ccfc6d4b" outcome="Passed" testListId="8c84fa94-04c1-424b-9868-57a2d4851a1d" relativeResultsDirectory="4bd818c7-fdc2-4227-b42f-46c29175c73f">
    </UnitTestResult>
    <UnitTestResult executionId="7fdb4ec4-08a1-4926-ab81-937e04591b19" testId="a54f2629-8741-9051-67a0-e1a8c4b5ea10" testName="GetElementSizeTest" computerName="WATSON1491" duration="00:00:00.0011901" startTime="2012-03-18T19:41:23.1004013-06:00" endTime="2012-03-18T19:41:23.1054016-06:00" testType="13cdc9d9-ddb5-4fa4-a97d-d965ccfc6d4b" outcome="Passed" testListId="8c84fa94-04c1-424b-9868-57a2d4851a1d" relativeResultsDirectory="7fdb4ec4-08a1-4926-ab81-937e04591b19">
    </UnitTestResult>
    <UnitTestResult executionId="658b96df-5f76-4d6a-b951-b413b47f309a" testId="a71a6b83-7f57-ce8c-0c72-5da1414dfef5" testName="WipeIndexTest" computerName="WATSON1491" duration="00:00:00.0016147" startTime="2012-03-18T19:41:23.1134021-06:00" endTime="2012-03-18T19:41:23.1184024-06:00" testType="13cdc9d9-ddb5-4fa4-a97d-d965ccfc6d4b" outcome="Passed" testListId="8c84fa94-04c1-424b-9868-57a2d4851a1d" relativeResultsDirectory="658b96df-5f76-4d6a-b951-b413b47f309a">
    </UnitTestResult>
    <UnitTestResult executionId="2eeb03f1-9ebb-4daa-939e-4936852ea59f" testId="a98f558f-9bab-5d3b-882a-663d5ff5ae97" testName="GetUserHeaderSizeTest" computerName="WATSON1491" duration="00:00:00.0016103" startTime="2012-03-18T19:41:23.1234027-06:00" endTime="2012-03-18T19:41:23.1294030-06:00" testType="13cdc9d9-ddb5-4fa4-a97d-d965ccfc6d4b" outcome="Passed" testListId="8c84fa94-04c1-424b-9868-57a2d4851a1d" relativeResultsDirectory="2eeb03f1-9ebb-4daa-939e-4936852ea59f">
    </UnitTestResult>
    <UnitTestResult executionId="e035192f-bf47-4bc3-8221-6c1d882700fc" testId="a9ffaa5b-f9ae-7924-38fd-a4efa57e9554" testName="UserHeaderConstructorTest" computerName="WATSON1491" duration="00:00:00.0004023" startTime="2012-03-18T19:41:23.1354033-06:00" endTime="2012-03-18T19:41:23.1394036-06:00" testType="13cdc9d9-ddb5-4fa4-a97d-d965ccfc6d4b" outcome="Passed" testListId="8c84fa94-04c1-424b-9868-57a2d4851a1d" relativeResultsDirectory="e035192f-bf47-4bc3-8221-6c1d882700fc">
    </UnitTestResult>
    <UnitTestResult executionId="b845d207-ed6f-406e-8eeb-8a944a423fa7" testId="ac390c29-8921-eb5c-8cbb-15dff0c6c040" testName="MoveToHeadTest" computerName="WATSON1491" duration="00:00:00.0005822" startTime="2012-03-18T19:41:23.1454039-06:00" endTime="2012-03-18T19:41:23.1494041-06:00" testType="13cdc9d9-ddb5-4fa4-a97d-d965ccfc6d4b" outcome="Passed" testListId="8c84fa94-04c1-424b-9868-57a2d4851a1d" relativeResultsDirectory="b845d207-ed6f-406e-8eeb-8a944a423fa7">
    </UnitTestResult>
    <UnitTestResult executionId="bceaa71c-c4f0-4207-8247-61a3f8257a18" testId="ae4afa1c-c8fc-91b6-80ab-c1099e1a8a46" testName="PutGetTest" computerName="WATSON1491" duration="00:00:00.0029163" startTime="2012-03-18T19:41:23.1524043-06:00" endTime="2012-03-18T19:41:23.1624049-06:00" testType="13cdc9d9-ddb5-4fa4-a97d-d965ccfc6d4b" outcome="Passed" testListId="8c84fa94-04c1-424b-9868-57a2d4851a1d" relativeResultsDirectory="bceaa71c-c4f0-4207-8247-61a3f8257a18">
    </UnitTestResult>
    <UnitTestResult executionId="90433177-1abf-40f7-960b-905cad16e492" testId="affe1ef8-a55d-611e-f219-a825233a32ae" testName="InsertTest" computerName="WATSON1491" duration="00:00:00.0015179" startTime="2012-03-18T19:41:23.1664051-06:00" endTime="2012-03-18T19:41:23.1714054-06:00" testType="13cdc9d9-ddb5-4fa4-a97d-d965ccfc6d4b" outcome="Passed" testListId="8c84fa94-04c1-424b-9868-57a2d4851a1d" relativeResultsDirectory="90433177-1abf-40f7-960b-905cad16e492">
    </UnitTestResult>
    <UnitTestResult executionId="ae71444e-296d-49a8-a8a3-3caffbd0c068" testId="b1842f56-d68c-936e-0289-fc1c1f6a341f" testName="WipeIndexTest" computerName="WATSON1491" duration="00:00:00.0029564" startTime="2012-03-18T19:41:23.1764057-06:00" endTime="2012-03-18T19:41:23.1834061-06:00" testType="13cdc9d9-ddb5-4fa4-a97d-d965ccfc6d4b" outcome="Passed" testListId="8c84fa94-04c1-424b-9868-57a2d4851a1d" relativeResultsDirectory="ae71444e-296d-49a8-a8a3-3caffbd0c068">
    </UnitTestResult>
    <UnitTestResult executionId="23defa2a-dbe0-40e5-89d3-0a3f2a4fcee2" testId="b1852ad4-9275-e058-ea39-b89e2980d650" testName="PutTest" computerName="WATSON1491" duration="00:00:00.0020536" startTime="2012-03-18T19:41:23.1884064-06:00" endTime="2012-03-18T19:41:23.1934067-06:00" testType="13cdc9d9-ddb5-4fa4-a97d-d965ccfc6d4b" outcome="Passed" testListId="8c84fa94-04c1-424b-9868-57a2d4851a1d" relativeResultsDirectory="23defa2a-dbe0-40e5-89d3-0a3f2a4fcee2">
    </UnitTestResult>
    <UnitTestResult executionId="8bff4909-6f07-4215-afa4-fa31e5bc6b3d" testId="b1c5d96c-054d-4348-7a86-0ce106021a41" testName="NodeCtorTest" computerName="WATSON1491" duration="00:00:00.0004380" startTime="2012-03-18T19:41:23.1974069-06:00" endTime="2012-03-18T19:41:23.2024072-06:00" testType="13cdc9d9-ddb5-4fa4-a97d-d965ccfc6d4b" outcome="Passed" testListId="8c84fa94-04c1-424b-9868-57a2d4851a1d" relativeResultsDirectory="8bff4909-6f07-4215-afa4-fa31e5bc6b3d">
    </UnitTestResult>
    <UnitTestResult executionId="b4631751-d452-4e18-b13f-d94ea1231551" testId="b5c4ab9a-0762-76c8-cb39-93c09b1df71e" testName="FreeMergeBothTest" computerName="WATSON1491" duration="00:00:00.0021374" startTime="2012-03-18T19:41:23.2084075-06:00" endTime="2012-03-18T19:41:23.2144079-06:00" testType="13cdc9d9-ddb5-4fa4-a97d-d965ccfc6d4b" outcome="Passed" testListId="8c84fa94-04c1-424b-9868-57a2d4851a1d" relativeResultsDirectory="b4631751-d452-4e18-b13f-d94ea1231551">
    </UnitTestResult>
    <UnitTestResult executionId="0eeab001-2491-4f7f-811f-16d6c5da0ec1" testId="b63109c3-d21b-a6f8-7d7d-88020a21d390" testName="AllocateInARowTest" computerName="WATSON1491" duration="00:00:00.0026573" startTime="2012-03-18T19:41:23.2324089-06:00" endTime="2012-03-18T19:41:23.2494099-06:00" testType="13cdc9d9-ddb5-4fa4-a97d-d965ccfc6d4b" outcome="Passed" testListId="8c84fa94-04c1-424b-9868-57a2d4851a1d" relativeResultsDirectory="0eeab001-2491-4f7f-811f-16d6c5da0ec1">
    </UnitTestResult>
    <UnitTestResult executionId="028880bc-b47d-4463-805a-dccf29d0cc3f" testId="b87f554d-216c-d1a2-7ff8-323f1d9d0f4f" testName="CreateTooSmallTest" computerName="WATSON1491" duration="00:00:00.0011933" startTime="2012-03-18T19:41:23.2544101-06:00" endTime="2012-03-18T19:41:23.2594104-06:00" testType="13cdc9d9-ddb5-4fa4-a97d-d965ccfc6d4b" outcome="Passed" testListId="8c84fa94-04c1-424b-9868-57a2d4851a1d" relativeResultsDirectory="028880bc-b47d-4463-805a-dccf29d0cc3f">
    </UnitTestResult>
    <UnitTestResult executionId="112ccf78-43fe-418c-935e-3bf9c7be18dc" testId="babca73d-0229-c679-426c-78953c0ec145" testName="AllocateTooSmallSize" computerName="WATSON1491" duration="00:00:00.0044346" startTime="2012-03-18T19:41:23.2634107-06:00" endTime="2012-03-18T19:41:23.2724112-06:00" testType="13cdc9d9-ddb5-4fa4-a97d-d965ccfc6d4b" outcome="Passed" testListId="8c84fa94-04c1-424b-9868-57a2d4851a1d" relativeResultsDirectory="112ccf78-43fe-418c-935e-3bf9c7be18dc">
    </UnitTestResult>
    <UnitTestResult executionId="b346cbcd-9a46-4bcc-ac13-27afcf2a9e78" testId="bfb74228-802c-ebf9-5059-adacad2817c5" testName="PutGetTest" computerName="WATSON1491" duration="00:00:00.0017861" startTime="2012-03-18T19:41:23.2764114-06:00" endTime="2012-03-18T19:41:23.2894121-06:00" testType="13cdc9d9-ddb5-4fa4-a97d-d965ccfc6d4b" outcome="Passed" testListId="8c84fa94-04c1-424b-9868-57a2d4851a1d" relativeResultsDirectory="b346cbcd-9a46-4bcc-ac13-27afcf2a9e78">
    </UnitTestResult>
    <UnitTestResult executionId="c14d6ba0-e935-457c-a303-87c1ae8c1d45" testId="bfe87bac-e9fc-a821-d953-1eb8c9641d62" testName="ReopenTest" computerName="WATSON1491" duration="00:00:00.0018036" startTime="2012-03-18T19:41:23.2954125-06:00" endTime="2012-03-18T19:41:23.3004128-06:00" testType="13cdc9d9-ddb5-4fa4-a97d-d965ccfc6d4b" outcome="Passed" testListId="8c84fa94-04c1-424b-9868-57a2d4851a1d" relativeResultsDirectory="c14d6ba0-e935-457c-a303-87c1ae8c1d45">
    </UnitTestResult>
    <UnitTestResult executionId="eb1435ad-ead4-43f0-8029-99fc00414613" testId="c09c2c2c-bf97-afdf-a556-c8b4550bee5f" testName="EqualsBytesTest" computerName="WATSON1491" duration="00:00:00.0015726" startTime="2012-03-18T19:41:23.3054131-06:00" endTime="2012-03-18T19:41:23.3114134-06:00" testType="13cdc9d9-ddb5-4fa4-a97d-d965ccfc6d4b" outcome="Passed" testListId="8c84fa94-04c1-424b-9868-57a2d4851a1d" relativeResultsDirectory="eb1435ad-ead4-43f0-8029-99fc00414613">
    </UnitTestResult>
    <UnitTestResult executionId="b11bd9e2-b51a-4470-a922-7699559415b6" testId="c0ed1de9-8e4d-8e00-a4bf-c9b99057cab2" testName="GetUserHeaderSizeTest" computerName="WATSON1491" duration="00:00:00.0011556" startTime="2012-03-18T19:41:23.3154136-06:00" endTime="2012-03-18T19:41:23.3214140-06:00" testType="13cdc9d9-ddb5-4fa4-a97d-d965ccfc6d4b" outcome="Passed" testListId="8c84fa94-04c1-424b-9868-57a2d4851a1d" relativeResultsDirectory="b11bd9e2-b51a-4470-a922-7699559415b6">
    </UnitTestResult>
    <UnitTestResult executionId="9c1d7547-a4f3-4f1a-99e1-e4f8b246f37a" testId="c1046ba7-0144-8813-1bc3-01566e1bbcb4" testName="CtorOpenTest" computerName="WATSON1491" duration="00:00:00.0016135" startTime="2012-03-18T19:41:23.3254142-06:00" endTime="2012-03-18T19:41:23.3324146-06:00" testType="13cdc9d9-ddb5-4fa4-a97d-d965ccfc6d4b" outcome="Passed" testListId="8c84fa94-04c1-424b-9868-57a2d4851a1d" relativeResultsDirectory="9c1d7547-a4f3-4f1a-99e1-e4f8b246f37a">
    </UnitTestResult>
    <UnitTestResult executionId="81c81562-f849-4b6f-a602-f94b8f884eec" testId="c11c787c-4fca-cfaa-5d6d-7fdc4065163a" testName="FreeBlockTest" computerName="WATSON1491" duration="00:00:00.0035431" startTime="2012-03-18T19:41:23.3374149-06:00" endTime="2012-03-18T19:41:23.3444153-06:00" testType="13cdc9d9-ddb5-4fa4-a97d-d965ccfc6d4b" outcome="Passed" testListId="8c84fa94-04c1-424b-9868-57a2d4851a1d" relativeResultsDirectory="81c81562-f849-4b6f-a602-f94b8f884eec">
    </UnitTestResult>
    <UnitTestResult executionId="097b1bdc-e7af-4f41-95fa-fb568f3d8e31" testId="c198a53f-7d04-439f-1fbd-0b778727bf42" testName="PutGetCollisionsTest" computerName="WATSON1491" duration="00:00:00.0154390" startTime="2012-03-18T19:41:23.3504156-06:00" endTime="2012-03-18T19:41:23.3694167-06:00" testType="13cdc9d9-ddb5-4fa4-a97d-d965ccfc6d4b" outcome="Passed" testListId="8c84fa94-04c1-424b-9868-57a2d4851a1d" relativeResultsDirectory="097b1bdc-e7af-4f41-95fa-fb568f3d8e31">
    </UnitTestResult>
    <UnitTestResult executionId="9a6fc549-4346-407f-adeb-32dbcb05cc3e" testId="c1b4ff73-548a-5879-276c-0c28ff414a1c" testName="MergeBeforeTest" computerName="WATSON1491" duration="00:00:00.0005668" startTime="2012-03-18T19:41:23.3744170-06:00" endTime="2012-03-18T19:41:23.3794173-06:00" testType="13cdc9d9-ddb5-4fa4-a97d-d965ccfc6d4b" outcome="Passed" testListId="8c84fa94-04c1-424b-9868-57a2d4851a1d" relativeResultsDirectory="9a6fc549-4346-407f-adeb-32dbcb05cc3e">
    </UnitTestResult>
    <UnitTestResult executionId="68837d7b-dcea-4331-b738-1f2e21fa3ec9" testId="c1c24e9f-1ef1-eaa1-585b-5748c70dad65" testName="CtorCreateTest" computerName="WATSON1491" duration="00:00:00.0039852" startTime="2012-03-18T19:41:23.3844176-06:00" endTime="2012-03-18T19:41:23.3934181-06:00" testType="13cdc9d9-ddb5-4fa4-a97d-d965ccfc6d4b" outcome="Passed" testListId="8c84fa94-04c1-424b-9868-57a2d4851a1d" relativeResultsDirectory="68837d7b-dcea-4331-b738-1f2e21fa3ec9">
    </UnitTestResult>
    <UnitTestResult executionId="1dac510d-5dbe-4415-b2f8-0a7cd6af31e0" testId="c34800c1-01aa-78c5-5769-4dd04c7cc3d9" testName="FreeMergeAfterTest" computerName="WATSON1491" duration="00:00:00.0030241" startTime="2012-03-18T19:41:23.4014186-06:00" endTime="2012-03-18T19:41:23.4194196-06:00" testType="13cdc9d9-ddb5-4fa4-a97d-d965ccfc6d4b" outcome="Passed" testListId="8c84fa94-04c1-424b-9868-57a2d4851a1d" relativeResultsDirectory="1dac510d-5dbe-4415-b2f8-0a7cd6af31e0">
    </UnitTestResult>
    <UnitTestResult executionId="1e386a80-4234-40f0-9016-946cf57720c3" testId="c3fc885b-06d0-19cb-a8e4-a4fc7aee2170" testName="WriteByteArrayTest" computerName="WATSON1491" duration="00:00:00.0016034" startTime="2012-03-18T19:41:23.4254199-06:00" endTime="2012-03-18T19:41:23.4324203-06:00" testType="13cdc9d9-ddb5-4fa4-a97d-d965ccfc6d4b" outcome="Passed" testListId="8c84fa94-04c1-424b-9868-57a2d4851a1d" relativeResultsDirectory="1e386a80-4234-40f0-9016-946cf57720c3">
    </UnitTestResult>
    <UnitTestResult executionId="37c757df-1c9e-4a32-9f05-fd112561634b" testId="c574974e-922d-e123-cd45-263cf5bd394a" testName="DeserializeTest" computerName="WATSON1491" duration="00:00:00.0003663" startTime="2012-03-18T19:41:23.4394207-06:00" endTime="2012-03-18T19:41:23.4424209-06:00" testType="13cdc9d9-ddb5-4fa4-a97d-d965ccfc6d4b" outcome="Passed" testListId="8c84fa94-04c1-424b-9868-57a2d4851a1d" relativeResultsDirectory="37c757df-1c9e-4a32-9f05-fd112561634b">
    </UnitTestResult>
    <UnitTestResult executionId="be16318a-1d22-4b65-851d-04c200f8b071" testId="c5e39726-deec-c4f7-824b-1e41432b6b87" testName="GetNextIndexTest" computerName="WATSON1491" duration="00:00:00.0012978" startTime="2012-03-18T19:41:23.4484212-06:00" endTime="2012-03-18T19:41:23.4544216-06:00" testType="13cdc9d9-ddb5-4fa4-a97d-d965ccfc6d4b" outcome="Passed" testListId="8c84fa94-04c1-424b-9868-57a2d4851a1d" relativeResultsDirectory="be16318a-1d22-4b65-851d-04c200f8b071">
    </UnitTestResult>
    <UnitTestResult executionId="bf8ae3e4-bfbb-4f2e-9546-4288213e5882" testId="cb9247b9-0e78-5318-b25e-4206d939f286" testName="AllocateAtEndOfFreeSpaceListTest" computerName="WATSON1491" duration="00:00:00.0027372" startTime="2012-03-18T19:41:23.4594219-06:00" endTime="2012-03-18T19:41:23.4684224-06:00" testType="13cdc9d9-ddb5-4fa4-a97d-d965ccfc6d4b" outcome="Passed" testListId="8c84fa94-04c1-424b-9868-57a2d4851a1d" relativeResultsDirectory="bf8ae3e4-bfbb-4f2e-9546-4288213e5882">
    </UnitTestResult>
    <UnitTestResult executionId="5ac802d1-68b8-4ca5-b74d-a5e411be8ca4" testId="cc0dd485-3eb5-47cf-79f5-71c3014c459a" testName="ToIntTest" computerName="WATSON1491" duration="00:00:00.0002277" startTime="2012-03-18T19:41:23.4744227-06:00" endTime="2012-03-18T19:41:23.4774229-06:00" testType="13cdc9d9-ddb5-4fa4-a97d-d965ccfc6d4b" outcome="Passed" testListId="8c84fa94-04c1-424b-9868-57a2d4851a1d" relativeResultsDirectory="5ac802d1-68b8-4ca5-b74d-a5e411be8ca4">
    </UnitTestResult>
    <UnitTestResult executionId="06e1e8b1-797c-4142-a9fc-7a3e8b0e77ac" testId="ceb208d4-f6b2-14ea-caab-c04abf814ed1" testName="SerializeTest" computerName="WATSON1491" duration="00:00:00.0044350" startTime="2012-03-18T19:41:23.4924238-06:00" endTime="2012-03-18T19:41:23.5104248-06:00" testType="13cdc9d9-ddb5-4fa4-a97d-d965ccfc6d4b" outcome="Passed" testListId="8c84fa94-04c1-424b-9868-57a2d4851a1d" relativeResultsDirectory="06e1e8b1-797c-4142-a9fc-7a3e8b0e77ac">
    </UnitTestResult>
    <UnitTestResult executionId="fca2f8f4-5559-4ae8-982e-71d8ba629dc4" testId="cf7f4ea5-e033-7c9e-2653-20e77c20a6bd" testName="CloseTest" computerName="WATSON1491" duration="00:00:00.0009680" startTime="2012-03-18T19:41:23.5164251-06:00" endTime="2012-03-18T19:41:23.5204254-06:00" testType="13cdc9d9-ddb5-4fa4-a97d-d965ccfc6d4b" outcome="Passed" testListId="8c84fa94-04c1-424b-9868-57a2d4851a1d" relativeResultsDirectory="fca2f8f4-5559-4ae8-982e-71d8ba629dc4">
    </UnitTestResult>
    <UnitTestResult executionId="f48f0ff2-9aca-446d-a4eb-078995460b97" testId="d7a29e06-03fa-67e4-6f87-44c551f8b54e" testName="ElementCtorTest" computerName="WATSON1491" duration="00:00:00.0003837" startTime="2012-03-18T19:41:23.5274258-06:00" endTime="2012-03-18T19:41:23.5314260-06:00" testType="13cdc9d9-ddb5-4fa4-a97d-d965ccfc6d4b" outcome="Passed" testListId="8c84fa94-04c1-424b-9868-57a2d4851a1d" relativeResultsDirectory="f48f0ff2-9aca-446d-a4eb-078995460b97">
    </UnitTestResult>
    <UnitTestResult executionId="28ff437d-1d83-4ec7-bd64-f69fa1ea792c" testId="d7cc34f6-78d2-eecf-5b9f-ab76bb86da71" testName="GetPutUserHeaderTest" computerName="WATSON1491" duration="00:00:00.0139105" startTime="2012-03-18T19:41:23.5364263-06:00" endTime="2012-03-18T19:41:23.5654279-06:00" testType="13cdc9d9-ddb5-4fa4-a97d-d965ccfc6d4b" outcome="Passed" testListId="8c84fa94-04c1-424b-9868-57a2d4851a1d" relativeResultsDirectory="28ff437d-1d83-4ec7-bd64-f69fa1ea792c">
    </UnitTestResult>
    <UnitTestResult executionId="3993beff-1e9e-4351-bd9e-62d86db9fa7d" testId="d87c9634-3232-495c-abe1-766a051a0ec6" testName="FreeLastSpaceTest" computerName="WATSON1491" duration="00:00:00.0017367" startTime="2012-03-18T19:41:23.5704282-06:00" endTime="2012-03-18T19:41:23.5764286-06:00" testType="13cdc9d9-ddb5-4fa4-a97d-d965ccfc6d4b" outcome="Passed" testListId="8c84fa94-04c1-424b-9868-57a2d4851a1d" relativeResultsDirectory="3993beff-1e9e-4351-bd9e-62d86db9fa7d">
    </UnitTestResult>
    <UnitTestResult executionId="fa2de84a-93e9-4d0e-bbf5-9a6fe44c3a9a" testId="d917289d-258a-a478-26f6-a5a85e035c3f" testName="GetPathToNameTest" computerName="WATSON1491" duration="00:00:00.0004238" startTime="2012-03-18T19:41:23.5834290-06:00" endTime="2012-03-18T19:41:23.5874292-06:00" testType="13cdc9d9-ddb5-4fa4-a97d-d965ccfc6d4b" outcome="Passed" testListId="8c84fa94-04c1-424b-9868-57a2d4851a1d" relativeResultsDirectory="fa2de84a-93e9-4d0e-bbf5-9a6fe44c3a9a">
    </UnitTestResult>
    <UnitTestResult executionId="9f73758c-79e9-478a-9880-a0c2fcf73640" testId="da2c5789-69fe-8699-f9d7-9a2ec66b4c68" testName="CopyTest" computerName="WATSON1491" duration="00:00:00.0004457" startTime="2012-03-18T19:41:23.5974298-06:00" endTime="2012-03-18T19:41:23.6024301-06:00" testType="13cdc9d9-ddb5-4fa4-a97d-d965ccfc6d4b" outcome="Passed" testListId="8c84fa94-04c1-424b-9868-57a2d4851a1d" relativeResultsDirectory="9f73758c-79e9-478a-9880-a0c2fcf73640">
    </UnitTestResult>
    <UnitTestResult executionId="6e4741f9-19a4-41ef-ab80-28f604433e4a" testId="dc59e212-85a1-3e76-d4aa-2b0731bd07f1" testName="CtorTest" computerName="WATSON1491" duration="00:00:00.0004023" startTime="2012-03-18T19:41:23.6074303-06:00" endTime="2012-03-18T19:41:23.6124306-06:00" testType="13cdc9d9-ddb5-4fa4-a97d-d965ccfc6d4b" outcome="Passed" testListId="8c84fa94-04c1-424b-9868-57a2d4851a1d" relativeResultsDirectory="6e4741f9-19a4-41ef-ab80-28f604433e4a">
    </UnitTestResult>
    <UnitTestResult executionId="9267e041-6564-445a-b530-0650c06701ac" testId="dcd55a77-217b-2a2a-b734-243925f84d45" testName="SerializeTest" computerName="WATSON1491" duration="00:00:00.0003326" startTime="2012-03-18T19:41:23.6164309-06:00" endTime="2012-03-18T19:41:23.6204311-06:00" testType="13cdc9d9-ddb5-4fa4-a97d-d965ccfc6d4b" outcome="Passed" testListId="8c84fa94-04c1-424b-9868-57a2d4851a1d" relativeResultsDirectory="9267e041-6564-445a-b530-0650c06701ac">
    </UnitTestResult>
    <UnitTestResult executionId="f5b22a94-ac9d-4edc-9ff4-427f4f66aa96" testId="e09c5cb1-1c0e-6e77-1183-514f09126ef8" testName="FreeAddSpaceToStartOfFreeListTest" computerName="WATSON1491" duration="00:00:00.1159349" startTime="2012-03-18T19:41:23.6284315-06:00" endTime="2012-03-18T19:41:23.7504385-06:00" testType="13cdc9d9-ddb5-4fa4-a97d-d965ccfc6d4b" outcome="Passed" testListId="8c84fa94-04c1-424b-9868-57a2d4851a1d" relativeResultsDirectory="f5b22a94-ac9d-4edc-9ff4-427f4f66aa96">
    </UnitTestResult>
    <UnitTestResult executionId="d7c2c459-d538-4864-bb28-5a8b6b809ad1" testId="e489bd92-1fdb-dce0-d50f-126dc15b0598" testName="Append1Test" computerName="WATSON1491" duration="00:00:00.0003979" startTime="2012-03-18T19:41:23.7564389-06:00" endTime="2012-03-18T19:41:23.7604391-06:00" testType="13cdc9d9-ddb5-4fa4-a97d-d965ccfc6d4b" outcome="Passed" testListId="8c84fa94-04c1-424b-9868-57a2d4851a1d" relativeResultsDirectory="d7c2c459-d538-4864-bb28-5a8b6b809ad1">
    </UnitTestResult>
    <UnitTestResult executionId="6ac12a10-575b-4ac6-a5ee-65604fcc5f31" testId="e4d4bf05-87c5-ae25-1539-415c4a3fabe0" testName="MultitonTest" computerName="WATSON1491" duration="00:00:00.0015033" startTime="2012-03-18T19:41:23.7784401-06:00" endTime="2012-03-18T19:41:23.7884407-06:00" testType="13cdc9d9-ddb5-4fa4-a97d-d965ccfc6d4b" outcome="Passed" testListId="8c84fa94-04c1-424b-9868-57a2d4851a1d" relativeResultsDirectory="6ac12a10-575b-4ac6-a5ee-65604fcc5f31">
    </UnitTestResult>
    <UnitTestResult executionId="728777b6-1e69-44d7-b097-bcb349ef58f8" testId="e5f5eeb7-8767-c831-6700-d29e08cf89bb" testName="AddToEndTest" computerName="WATSON1491" duration="00:00:00.0028583" startTime="2012-03-18T19:41:23.7974412-06:00" endTime="2012-03-18T19:41:23.8044416-06:00" testType="13cdc9d9-ddb5-4fa4-a97d-d965ccfc6d4b" outcome="Passed" testListId="8c84fa94-04c1-424b-9868-57a2d4851a1d" relativeResultsDirectory="728777b6-1e69-44d7-b097-bcb349ef58f8">
    </UnitTestResult>
    <UnitTestResult executionId="10f639b0-c5cc-4373-8a3a-21ccf389067b" testId="e7921d23-7b31-8b43-d930-5a3bc89a44b3" testName="LengthTest" computerName="WATSON1491" duration="00:00:00.0021419" startTime="2012-03-18T19:41:23.8114420-06:00" endTime="2012-03-18T19:41:23.8164423-06:00" testType="13cdc9d9-ddb5-4fa4-a97d-d965ccfc6d4b" outcome="Passed" testListId="8c84fa94-04c1-424b-9868-57a2d4851a1d" relativeResultsDirectory="10f639b0-c5cc-4373-8a3a-21ccf389067b">
    </UnitTestResult>
    <UnitTestResult executionId="a9b90f08-acdf-44db-88bc-c3ab97dc2b55" testId="e7c5dfe9-6c85-ed21-1287-63d333e61256" testName="CreateTest" computerName="WATSON1491" duration="00:00:00.0037441" startTime="2012-03-18T19:41:23.8254428-06:00" endTime="2012-03-18T19:41:23.8334433-06:00" testType="13cdc9d9-ddb5-4fa4-a97d-d965ccfc6d4b" outcome="Passed" testListId="8c84fa94-04c1-424b-9868-57a2d4851a1d" relativeResultsDirectory="a9b90f08-acdf-44db-88bc-c3ab97dc2b55">
    </UnitTestResult>
    <UnitTestResult executionId="94e82433-2d09-44ea-bbbf-4dd2d3dab74b" testId="ea353cbf-1840-4b47-9557-83373d54727c" testName="LRUDoublyLinkedListCtorTest" computerName="WATSON1491" duration="00:00:00.0003813" startTime="2012-03-18T19:41:23.8384436-06:00" endTime="2012-03-18T19:41:23.8434438-06:00" testType="13cdc9d9-ddb5-4fa4-a97d-d965ccfc6d4b" outcome="Passed" testListId="8c84fa94-04c1-424b-9868-57a2d4851a1d" relativeResultsDirectory="94e82433-2d09-44ea-bbbf-4dd2d3dab74b">
    </UnitTestResult>
    <UnitTestResult executionId="6c255589-a619-456c-922c-27c5e59d106d" testId="eba5dc6e-9bfa-ee02-4059-95270e8b548f" testName="PutGetUserHeaderTest" computerName="WATSON1491" duration="00:00:00.0019105" startTime="2012-03-18T19:41:23.8494442-06:00" endTime="2012-03-18T19:41:23.8564446-06:00" testType="13cdc9d9-ddb5-4fa4-a97d-d965ccfc6d4b" outcome="Passed" testListId="8c84fa94-04c1-424b-9868-57a2d4851a1d" relativeResultsDirectory="6c255589-a619-456c-922c-27c5e59d106d">
    </UnitTestResult>
    <UnitTestResult executionId="f4784789-7345-4f96-bd24-0b617489af14" testId="ec103ee4-7d33-deea-fa5e-ea2ddfa162f6" testName="CloseTest" computerName="WATSON1491" duration="00:00:00.0053184" startTime="2012-03-18T19:41:23.8654451-06:00" endTime="2012-03-18T19:41:23.8754457-06:00" testType="13cdc9d9-ddb5-4fa4-a97d-d965ccfc6d4b" outcome="Passed" testListId="8c84fa94-04c1-424b-9868-57a2d4851a1d" relativeResultsDirectory="f4784789-7345-4f96-bd24-0b617489af14">
    </UnitTestResult>
    <UnitTestResult executionId="a035631e-90bf-4fcc-a057-4ea424d9017a" testId="f0820a20-bffa-aca4-73b6-cb5b10486dcd" testName="InsertLinksCorrectlyTest" computerName="WATSON1491" duration="00:00:00.0031926" startTime="2012-03-18T19:41:23.8824461-06:00" endTime="2012-03-18T19:41:23.8904465-06:00" testType="13cdc9d9-ddb5-4fa4-a97d-d965ccfc6d4b" outcome="Passed" testListId="8c84fa94-04c1-424b-9868-57a2d4851a1d" relativeResultsDirectory="a035631e-90bf-4fcc-a057-4ea424d9017a">
    </UnitTestResult>
    <UnitTestResult executionId="d4c71dd7-ba2f-4c5d-b56d-71874f014668" testId="f173e7fc-49c9-6230-eca2-9afec5f70750" testName="SerializeTest" computerName="WATSON1491" duration="00:00:00.0002933" startTime="2012-03-18T19:41:23.8984470-06:00" endTime="2012-03-18T19:41:23.9054474-06:00" testType="13cdc9d9-ddb5-4fa4-a97d-d965ccfc6d4b" outcome="Passed" testListId="8c84fa94-04c1-424b-9868-57a2d4851a1d" relativeResultsDirectory="d4c71dd7-ba2f-4c5d-b56d-71874f014668">
    </UnitTestResult>
    <UnitTestResult executionId="55fb729b-e3e1-4198-afda-795870a6057c" testId="f19b5895-b0f7-59f0-4036-17b6609c64da" testName="MergeAfterTest" computerName="WATSON1491" duration="00:00:00.0005482" startTime="2012-03-18T19:41:23.9094476-06:00" endTime="2012-03-18T19:41:23.9134478-06:00" testType="13cdc9d9-ddb5-4fa4-a97d-d965ccfc6d4b" outcome="Passed" testListId="8c84fa94-04c1-424b-9868-57a2d4851a1d" relativeResultsDirectory="55fb729b-e3e1-4198-afda-795870a6057c">
    </UnitTestResult>
    <UnitTestResult executionId="b084c073-44a5-498f-a852-67dfc61cff01" testId="f45fb43e-8e19-67de-faf5-292c20567a5c" testName="SerializeTest" computerName="WATSON1491" duration="00:00:00.0002860" startTime="2012-03-18T19:41:23.9194482-06:00" endTime="2012-03-18T19:41:23.9224484-06:00" testType="13cdc9d9-ddb5-4fa4-a97d-d965ccfc6d4b" outcome="Passed" testListId="8c84fa94-04c1-424b-9868-57a2d4851a1d" relativeResultsDirectory="b084c073-44a5-498f-a852-67dfc61cff01">
    </UnitTestResult>
    <UnitTestResult executionId="e883db77-9df2-4c6e-8f1c-29c203bc4a17" testId="f8c986a1-4d49-6c57-695c-e57bd1d77a03" testName="CtorTest" computerName="WATSON1491" duration="00:00:00.0002009" startTime="2012-03-18T19:41:23.9284487-06:00" endTime="2012-03-18T19:41:23.9314489-06:00" testType="13cdc9d9-ddb5-4fa4-a97d-d965ccfc6d4b" outcome="Passed" testListId="8c84fa94-04c1-424b-9868-57a2d4851a1d" relativeResultsDirectory="e883db77-9df2-4c6e-8f1c-29c203bc4a17">
    </UnitTestResult>
    <UnitTestResult executionId="67e845e3-0098-4779-b1f8-70a6cff981f3" testId="f8dab570-907f-9537-fb70-c2f0ade97939" testName="GetLastTest" computerName="WATSON1491" duration="00:00:00.0020053" startTime="2012-03-18T19:41:23.9374492-06:00" endTime="2012-03-18T19:41:23.9434496-06:00" testType="13cdc9d9-ddb5-4fa4-a97d-d965ccfc6d4b" outcome="Passed" testListId="8c84fa94-04c1-424b-9868-57a2d4851a1d" relativeResultsDirectory="67e845e3-0098-4779-b1f8-70a6cff981f3">
    </UnitTestResult>
    <UnitTestResult executionId="a462748f-82fb-449a-b624-343df236c70e" testId="fc01b55b-5936-8b78-9de3-822e7b824b5a" testName="GetElementSizeTest" computerName="WATSON1491" duration="00:00:00.0058804" startTime="2012-03-18T19:41:23.9494499-06:00" endTime="2012-03-18T19:41:23.9594505-06:00" testType="13cdc9d9-ddb5-4fa4-a97d-d965ccfc6d4b" outcome="Passed" testListId="8c84fa94-04c1-424b-9868-57a2d4851a1d" relativeResultsDirectory="a462748f-82fb-449a-b624-343df236c70e">
    </UnitTestResult>
    <UnitTestResult executionId="6681053a-9d8b-4043-acdc-969b2236fc40" testId="fd2220b2-26eb-6999-62ad-4cbb765b850c" testName="CreateTest" computerName="WATSON1491" duration="00:00:00.0018753" startTime="2012-03-18T19:41:23.9644508-06:00" endTime="2012-03-18T19:41:23.9704511-06:00" testType="13cdc9d9-ddb5-4fa4-a97d-d965ccfc6d4b" outcome="Passed" testListId="8c84fa94-04c1-424b-9868-57a2d4851a1d" relativeResultsDirectory="6681053a-9d8b-4043-acdc-969b2236fc40">
    </UnitTestResult>
    <UnitTestResult executionId="889628f4-d896-4c7a-a594-f9b5cb984044" testId="ff3263d9-8c70-f60e-d721-c5d537b9f312" testName="SerializeTest" computerName="WATSON1491" duration="00:00:00.0003752" startTime="2012-03-18T19:41:23.9774515-06:00" endTime="2012-03-18T19:41:23.9804517-06:00" testType="13cdc9d9-ddb5-4fa4-a97d-d965ccfc6d4b" outcome="Passed" testListId="8c84fa94-04c1-424b-9868-57a2d4851a1d" relativeResultsDirectory="889628f4-d896-4c7a-a594-f9b5cb984044">
    </UnitTestResult>
    <UnitTestResult executionId="25a772a5-540c-4d1c-b025-428924596729" testId="ffe04048-3d0c-a00a-f497-66ad2a87b507" testName="GetNextTest" computerName="WATSON1491" duration="00:00:00.0030309" startTime="2012-03-18T19:41:23.9854520-06:00" endTime="2012-03-18T19:41:23.9914523-06:00" testType="13cdc9d9-ddb5-4fa4-a97d-d965ccfc6d4b" outcome="Passed" testListId="8c84fa94-04c1-424b-9868-57a2d4851a1d" relativeResultsDirectory="25a772a5-540c-4d1c-b025-428924596729">
    </UnitTestResult>
  </Results>
</TestRun>