<?xml version="1.0" encoding="UTF-8"?>
<TestRun id="8373e7ca-8665-4b5e-a31c-f37531a099fc" name="gwatson (2012-04-17 03:16:17)" runUser="NUSTUDENT\gwatson" xmlns="http://microsoft.com/schemas/VisualStudio/TeamTest/2010">
  <TestSettings name="LocalCodeCoverage" id="ec93bdfa-e2b8-47a6-a2aa-09dc288ce4c8">
    <Description>These are default test settings for a local test run.</Description>
    <Deployment runDeploymentRoot="gwatson _2012-04-17 03_16_17_">
      <DeploymentItem filename="C:\Users\gwatson\Desktop\SA\PersistentArray\SADatabase\PA\bin\Debug\PA.dll" />
      <DeploymentItem filename="C:\Users\gwatson\Desktop\SA\PersistentArray\SADatabase\FilePersistence\bin\Debug\FilePersistence.dll" />
      <DeploymentItem filename="C:\Users\gwatson\Desktop\SA\PersistentArray\SADatabase\PersistentArrayUnitTest\bin\Debug\PAUnitTest.dll" />
      <DeploymentItem filename="C:\Users\gwatson\Desktop\SA\PersistentArray\SADatabase\Interfaces\bin\Debug\Interfaces.dll" />
      <DeploymentItem filename="C:\Users\gwatson\Desktop\SA\PersistentArray\SADatabase\ByteHelper\bin\Debug\ByteHelper.dll" />
      <DeploymentItem filename="C:\Users\gwatson\Desktop\SA\PersistentArray\SADatabase\CPA\bin\Debug\CPA.dll" />
      <DeploymentItem filename="C:\Users\gwatson\Desktop\SA\PersistentArray\SADatabase\Persistence\bin\Debug\Persistence.dll" />
      <DeploymentItem filename="C:\Users\gwatson\Desktop\SA\PersistentArray\SADatabase\ByteHelperUnitTest\bin\Debug\ByteHelperUnitTest.dll" />
      <DeploymentItem filename="C:\Users\gwatson\Desktop\SA\PersistentArray\SADatabase\PLL\bin\Debug\PLL.dll" />
      <DeploymentItem filename="C:\Users\gwatson\Desktop\SA\PersistentArray\SADatabase\PAFS\bin\Debug\PAFS.dll" />
      <DeploymentItem filename="C:\Users\gwatson\Desktop\SA\PersistentArray\SADatabase\PHM\bin\Debug\PHM.dll" />
      <DeploymentItem filename="C:\Users\gwatson\Desktop\SA\PersistentArray\SADatabase\PHT\bin\Debug\PHT.dll" />
    </Deployment>
    <NamingScheme baseName="gwatson" useDefault="false" />
    <Execution>
      <TestTypeSpecific>
        <UnitTestRunConfig testTypeId="13cdc9d9-ddb5-4fa4-a97d-d965ccfc6d4b">
          <AssemblyResolution>
            <TestDirectory useLoadContext="true" />
          </AssemblyResolution>
        </UnitTestRunConfig>
        <WebTestRunConfiguration testTypeId="4e7599fa-5ecb-43e9-a887-cd63cf72d207">
          <Browser name="Internet Explorer 7.0">
            <Headers>
              <Header name="User-Agent" value="Mozilla/4.0 (compatible; MSIE 7.0; Windows NT 5.1)" />
              <Header name="Accept" value="*/*" />
              <Header name="Accept-Language" value="{{$IEAcceptLanguage}}" />
              <Header name="Accept-Encoding" value="GZIP" />
            </Headers>
          </Browser>
        </WebTestRunConfiguration>
      </TestTypeSpecific>
      <AgentRule name="LocalMachineDefaultRole">
        <DataCollectors>
          <DataCollector uri="datacollector://microsoft/CodeCoverage/1.0" assemblyQualifiedName="Microsoft.VisualStudio.TestTools.CodeCoverage.CoveragePlugIn, Microsoft.VisualStudio.QualityTools.Plugins.CodeCoverage, Version=10.0.0.0, Culture=neutral, PublicKeyToken=b03f5f7f11d50a3a" friendlyName="Code Coverage">
            <Configuration>
              <CodeCoverage xmlns="">
                <Regular>
                  <CodeCoverageItem binaryFile="C:\Users\gwatson\Desktop\SA\PersistentArray\SADatabase\PLL\bin\Debug\PLL.dll" pdbFile="C:\Users\gwatson\Desktop\SA\PersistentArray\SADatabase\PLL\bin\Debug\PLL.instr.pdb" instrumentInPlace="true" />
                  <CodeCoverageItem binaryFile="C:\Users\gwatson\Desktop\SA\PersistentArray\SADatabase\PAFS\bin\Debug\PAFS.dll" pdbFile="C:\Users\gwatson\Desktop\SA\PersistentArray\SADatabase\PAFS\bin\Debug\PAFS.instr.pdb" instrumentInPlace="true" />
                  <CodeCoverageItem binaryFile="C:\Users\gwatson\Desktop\SA\PersistentArray\SADatabase\PA\bin\Debug\PA.dll" pdbFile="C:\Users\gwatson\Desktop\SA\PersistentArray\SADatabase\PA\bin\Debug\PA.instr.pdb" instrumentInPlace="true" />
                  <CodeCoverageItem binaryFile="C:\Users\gwatson\Desktop\SA\PersistentArray\SADatabase\CPA\bin\Debug\CPA.dll" pdbFile="C:\Users\gwatson\Desktop\SA\PersistentArray\SADatabase\CPA\bin\Debug\CPA.instr.pdb" instrumentInPlace="true" />
                </Regular>
              </CodeCoverage>
            </Configuration>
          </DataCollector>
        </DataCollectors>
      </AgentRule>
    </Execution>
  </TestSettings>
  <Times creation="2012-04-17T03:16:17.6935346-04:00" queuing="2012-04-17T03:16:30.4192625-04:00" start="2012-04-17T03:16:30.5162680-04:00" finish="2012-04-17T03:16:51.6064743-04:00" />
  <ResultSummary outcome="Completed">
    <Counters total="160" executed="160" passed="160" error="0" failed="0" timeout="0" aborted="0" inconclusive="0" passedButRunAborted="0" notRunnable="0" notExecuted="0" disconnected="0" warning="0" completed="0" inProgress="0" pending="0" />
    <ResultFiles>
      <ResultFile path="WATSON1491\data.coverage" />
    </ResultFiles>
  </ResultSummary>
  <TestDefinitions>
    <UnitTest name="GetFirstTest" storage="c:\users\gwatson\desktop\sa\persistentarray\sadatabase\pllunittest\bin\debug\pllunittest.dll" id="a1ae16c5-0695-b546-0d5a-01f95dae83d0">
      <Execution id="9698615b-92a4-45ab-a8c5-70e3296dcf60" />
      <TestMethod codeBase="C:\Users\gwatson\Desktop\SA\PersistentArray\SADatabase\PLLUnitTest\bin\Debug\PLLUnitTest.dll" adapterTypeName="Microsoft.VisualStudio.TestTools.TestTypes.Unit.UnitTestAdapter, Microsoft.VisualStudio.QualityTools.Tips.UnitTest.Adapter, Version=10.0.0.0, Culture=neutral, PublicKeyToken=b03f5f7f11d50a3a" className="PLLUnitTest.PersistentLinkedListTest, PLLUnitTest" name="GetFirstTest" />
    </UnitTest>
    <UnitTest name="WriteIntTest" storage="c:\users\gwatson\desktop\sa\persistentarray\sadatabase\persistenceunittest\bin\debug\persistenceunittest.dll" id="33bbef63-045e-f45c-4904-9d2f969572f1">
      <Execution id="e4fd2230-f62a-46d2-ac24-d4142e0be653" />
      <TestMethod codeBase="C:\Users\gwatson\Desktop\SA\PersistentArray\SADatabase\PersistenceUnitTest\bin\Debug\PersistenceUnitTest.dll" adapterTypeName="Microsoft.VisualStudio.TestTools.TestTypes.Unit.UnitTestAdapter, Microsoft.VisualStudio.QualityTools.Tips.UnitTest.Adapter, Version=10.0.0.0, Culture=neutral, PublicKeyToken=b03f5f7f11d50a3a" className="PersistenceUnitTest.RandomAccessFileTest, PersistenceUnitTest" name="WriteIntTest" />
    </UnitTest>
    <UnitTest name="CtorOpenTest" storage="c:\users\gwatson\desktop\sa\persistentarray\sadatabase\phmunittest\bin\debug\phmunittest.dll" id="c1046ba7-0144-8813-1bc3-01566e1bbcb4">
      <Execution id="a442a252-775f-42c2-ad55-b309c4f88713" />
      <TestMethod codeBase="C:\Users\gwatson\Desktop\SA\PersistentArray\SADatabase\PHMUnitTest\bin\Debug\PHMUnitTest.dll" adapterTypeName="Microsoft.VisualStudio.TestTools.TestTypes.Unit.UnitTestAdapter, Microsoft.VisualStudio.QualityTools.Tips.UnitTest.Adapter, Version=10.0.0.0, Culture=neutral, PublicKeyToken=b03f5f7f11d50a3a" className="PHMUnitTest.PersistentHeapTest, PHMUnitTest" name="CtorOpenTest" />
    </UnitTest>
    <UnitTest name="DeserializeTest" storage="c:\users\gwatson\desktop\sa\persistentarray\sadatabase\pllunittest\bin\debug\pllunittest.dll" id="c574974e-922d-e123-cd45-263cf5bd394a">
      <Execution id="4973a7ca-6612-4dc0-89ed-187312576995" />
      <TestMethod codeBase="C:\Users\gwatson\Desktop\SA\PersistentArray\SADatabase\PLLUnitTest\bin\Debug\PLLUnitTest.dll" adapterTypeName="Microsoft.VisualStudio.TestTools.TestTypes.Unit.UnitTestAdapter, Microsoft.VisualStudio.QualityTools.Tips.UnitTest.Adapter, Version=10.0.0.0, Culture=neutral, PublicKeyToken=b03f5f7f11d50a3a" className="PLLUnitTest.LinkedListElementTest, PLLUnitTest" name="DeserializeTest" />
    </UnitTest>
    <UnitTest name="StartIndexTest" storage="c:\users\gwatson\desktop\sa\persistentarray\sadatabase\phmunittest\bin\debug\phmunittest.dll" id="a1c72854-3dde-18e0-c9d8-83b07b0292f0">
      <Execution id="7e53bffb-cf53-4ca9-bede-fceb6556f6aa" />
      <TestMethod codeBase="C:\Users\gwatson\Desktop\SA\PersistentArray\SADatabase\PHMUnitTest\bin\Debug\PHMUnitTest.dll" adapterTypeName="Microsoft.VisualStudio.TestTools.TestTypes.Unit.UnitTestAdapter, Microsoft.VisualStudio.QualityTools.Tips.UnitTest.Adapter, Version=10.0.0.0, Culture=neutral, PublicKeyToken=b03f5f7f11d50a3a" className="PHMUnitTest.PersistentHeapSpaceTest, PHMUnitTest" name="StartIndexTest" />
    </UnitTest>
    <UnitTest name="GetUserHeaderSizeTest" storage="c:\users\gwatson\desktop\sa\persistentarray\sadatabase\persistentarrayunittest\bin\debug\paunittest.dll" id="553e65a4-d49e-c86b-4f63-da6f1a61fced">
      <Execution id="0f7cdef8-ff07-4aa2-83b7-9d59d8c8ec84" />
      <TestMethod codeBase="C:\Users\gwatson\Desktop\SA\PersistentArray\SADatabase\PersistentArrayUnitTest\bin\Debug\PAUnitTest.dll" adapterTypeName="Microsoft.VisualStudio.TestTools.TestTypes.Unit.UnitTestAdapter, Microsoft.VisualStudio.QualityTools.Tips.UnitTest.Adapter, Version=10.0.0.0, Culture=neutral, PublicKeyToken=b03f5f7f11d50a3a" className="PAUnitTest.IPersistentArrayTest, PAUnitTest" name="GetUserHeaderSizeTest" />
    </UnitTest>
    <UnitTest name="SplitTest" storage="c:\users\gwatson\desktop\sa\persistentarray\sadatabase\phmunittest\bin\debug\phmunittest.dll" id="2a736369-0faa-7bd0-3ec4-55591153ab35">
      <Execution id="65dac7e3-c53f-4cca-b9f8-460c373e1cbb" />
      <TestMethod codeBase="C:\Users\gwatson\Desktop\SA\PersistentArray\SADatabase\PHMUnitTest\bin\Debug\PHMUnitTest.dll" adapterTypeName="Microsoft.VisualStudio.TestTools.TestTypes.Unit.UnitTestAdapter, Microsoft.VisualStudio.QualityTools.Tips.UnitTest.Adapter, Version=10.0.0.0, Culture=neutral, PublicKeyToken=b03f5f7f11d50a3a" className="PHMUnitTest.PersistentHeapFreeSpaceTest, PHMUnitTest" name="SplitTest" />
    </UnitTest>
    <UnitTest name="CloseTest" storage="c:\users\gwatson\desktop\sa\persistentarray\sadatabase\filepersistenceunittest\bin\debug\filepersistenceunittest.dll" id="ec103ee4-7d33-deea-fa5e-ea2ddfa162f6">
      <Execution id="6f427703-cb11-4833-92ae-187b8cc9e661" />
      <TestMethod codeBase="C:\Users\gwatson\Desktop\SA\PersistentArray\SADatabase\FilePersistenceUnitTest\bin\Debug\FilePersistenceUnitTest.dll" adapterTypeName="Microsoft.VisualStudio.TestTools.TestTypes.Unit.UnitTestAdapter, Microsoft.VisualStudio.QualityTools.Tips.UnitTest.Adapter, Version=10.0.0.0, Culture=neutral, PublicKeyToken=b03f5f7f11d50a3a" className="FilePersistenceUnitTest.FileWithHeaderTest, FilePersistenceUnitTest" name="CloseTest" />
    </UnitTest>
    <UnitTest name="ReopenTest" storage="c:\users\gwatson\desktop\sa\persistentarray\sadatabase\cpaunittest\bin\debug\cpaunittest.dll" id="920909e7-20b2-d96d-ce3c-d1b8d6e41092">
      <Execution id="a2f80dd8-18f8-42d1-bf01-5df64ac02abe" />
      <TestMethod codeBase="C:\Users\gwatson\Desktop\SA\PersistentArray\SADatabase\CPAUnitTest\bin\Debug\CPAUnitTest.dll" adapterTypeName="Microsoft.VisualStudio.TestTools.TestTypes.Unit.UnitTestAdapter, Microsoft.VisualStudio.QualityTools.Tips.UnitTest.Adapter, Version=10.0.0.0, Culture=neutral, PublicKeyToken=b03f5f7f11d50a3a" className="CPAUnitTest.CachedIArrayTest, CPAUnitTest" name="ReopenTest" />
    </UnitTest>
    <UnitTest name="PutGetAmountTest" storage="c:\users\gwatson\desktop\sa\persistentarray\sadatabase\filepersistenceunittest\bin\debug\filepersistenceunittest.dll" id="705d2900-5b96-0c7e-5674-f042b44cf3ba">
      <Execution id="bb2da899-d8e8-4ada-93d2-84a53bc49161" />
      <TestMethod codeBase="C:\Users\gwatson\Desktop\SA\PersistentArray\SADatabase\FilePersistenceUnitTest\bin\Debug\FilePersistenceUnitTest.dll" adapterTypeName="Microsoft.VisualStudio.TestTools.TestTypes.Unit.UnitTestAdapter, Microsoft.VisualStudio.QualityTools.Tips.UnitTest.Adapter, Version=10.0.0.0, Culture=neutral, PublicKeyToken=b03f5f7f11d50a3a" className="FilePersistenceUnitTest.FileWithHeaderTest, FilePersistenceUnitTest" name="PutGetAmountTest" />
    </UnitTest>
    <UnitTest name="SerializeTest" storage="c:\users\gwatson\desktop\sa\persistentarray\sadatabase\phmunittest\bin\debug\phmunittest.dll" id="21ea634d-ec3e-6f69-7865-3d6f41e7db9a">
      <Execution id="19bae5e6-d5dc-4baf-ac73-fc972ef2c3ac" />
      <TestMethod codeBase="C:\Users\gwatson\Desktop\SA\PersistentArray\SADatabase\PHMUnitTest\bin\Debug\PHMUnitTest.dll" adapterTypeName="Microsoft.VisualStudio.TestTools.TestTypes.Unit.UnitTestAdapter, Microsoft.VisualStudio.QualityTools.Tips.UnitTest.Adapter, Version=10.0.0.0, Culture=neutral, PublicKeyToken=b03f5f7f11d50a3a" className="PHMUnitTest.PersistentHeapUsedSpaceTest, PHMUnitTest" name="SerializeTest" />
    </UnitTest>
    <UnitTest name="GetTest" storage="c:\users\gwatson\desktop\sa\persistentarray\sadatabase\cpaunittest\bin\debug\cpaunittest.dll" id="68db09fd-1e84-1d00-a06a-8d3d340b6754">
      <Execution id="fd8ed057-e164-4dd6-970c-ac02a4b56209" />
      <TestMethod codeBase="C:\Users\gwatson\Desktop\SA\PersistentArray\SADatabase\CPAUnitTest\bin\Debug\CPAUnitTest.dll" adapterTypeName="Microsoft.VisualStudio.TestTools.TestTypes.Unit.UnitTestAdapter, Microsoft.VisualStudio.QualityTools.Tips.UnitTest.Adapter, Version=10.0.0.0, Culture=neutral, PublicKeyToken=b03f5f7f11d50a3a" className="CPAUnitTest.LRUDoubleLinkedListTest, CPAUnitTest" name="GetTest" />
    </UnitTest>
    <UnitTest name="GetUserHeaderSizeTest" storage="c:\users\gwatson\desktop\sa\persistentarray\sadatabase\cpaunittest\bin\debug\cpaunittest.dll" id="a98f558f-9bab-5d3b-882a-663d5ff5ae97">
      <Execution id="b17303b4-db18-48ab-b19d-21a02fc32438" />
      <TestMethod codeBase="C:\Users\gwatson\Desktop\SA\PersistentArray\SADatabase\CPAUnitTest\bin\Debug\CPAUnitTest.dll" adapterTypeName="Microsoft.VisualStudio.TestTools.TestTypes.Unit.UnitTestAdapter, Microsoft.VisualStudio.QualityTools.Tips.UnitTest.Adapter, Version=10.0.0.0, Culture=neutral, PublicKeyToken=b03f5f7f11d50a3a" className="CPAUnitTest.CachedIArrayTest, CPAUnitTest" name="GetUserHeaderSizeTest" />
    </UnitTest>
    <UnitTest name="AllocateFillAfterSplitTest" storage="c:\users\gwatson\desktop\sa\persistentarray\sadatabase\phmunittest\bin\debug\phmunittest.dll" id="011f0b4d-330b-80d4-eb98-3a291b4151c2">
      <Execution id="c7991599-2c72-4d0f-8cf9-c44ad3e92c39" />
      <TestMethod codeBase="C:\Users\gwatson\Desktop\SA\PersistentArray\SADatabase\PHMUnitTest\bin\Debug\PHMUnitTest.dll" adapterTypeName="Microsoft.VisualStudio.TestTools.TestTypes.Unit.UnitTestAdapter, Microsoft.VisualStudio.QualityTools.Tips.UnitTest.Adapter, Version=10.0.0.0, Culture=neutral, PublicKeyToken=b03f5f7f11d50a3a" className="PHMUnitTest.PersistentHeapTest, PHMUnitTest" name="AllocateFillAfterSplitTest" />
    </UnitTest>
    <UnitTest name="GetUserHeaderSizeTest" storage="c:\users\gwatson\desktop\sa\persistentarray\sadatabase\pafsunittest\bin\debug\pafsunittest.dll" id="845a5988-fe07-f37a-ba6b-e712dc39166d">
      <Execution id="3ec74528-6f6d-4f04-9437-20f73e081717" />
      <TestMethod codeBase="C:\Users\gwatson\Desktop\SA\PersistentArray\SADatabase\PAFSUnitTest\bin\Debug\PAFSUnitTest.dll" adapterTypeName="Microsoft.VisualStudio.TestTools.TestTypes.Unit.UnitTestAdapter, Microsoft.VisualStudio.QualityTools.Tips.UnitTest.Adapter, Version=10.0.0.0, Culture=neutral, PublicKeyToken=b03f5f7f11d50a3a" className="PAFSUnitTest.IPersistentArraySpaceManagerTest, PAFSUnitTest" name="GetUserHeaderSizeTest" />
    </UnitTest>
    <UnitTest name="MoveToHeadTest" storage="c:\users\gwatson\desktop\sa\persistentarray\sadatabase\cpaunittest\bin\debug\cpaunittest.dll" id="ac390c29-8921-eb5c-8cbb-15dff0c6c040">
      <Execution id="7f4d4fbe-8b9f-46b4-968f-e41eb6bbb46b" />
      <TestMethod codeBase="C:\Users\gwatson\Desktop\SA\PersistentArray\SADatabase\CPAUnitTest\bin\Debug\CPAUnitTest.dll" adapterTypeName="Microsoft.VisualStudio.TestTools.TestTypes.Unit.UnitTestAdapter, Microsoft.VisualStudio.QualityTools.Tips.UnitTest.Adapter, Version=10.0.0.0, Culture=neutral, PublicKeyToken=b03f5f7f11d50a3a" className="CPAUnitTest.LRUDoubleLinkedListTest, CPAUnitTest" name="MoveToHeadTest" />
    </UnitTest>
    <UnitTest name="CopyTest" storage="c:\users\gwatson\desktop\sa\persistentarray\sadatabase\bytehelperunittest\bin\debug\bytehelperunittest.dll" id="da2c5789-69fe-8699-f9d7-9a2ec66b4c68">
      <Execution id="ed05bf7c-705e-4dd5-bb2e-5ab93309b029" />
      <TestMethod codeBase="C:\Users\gwatson\Desktop\SA\PersistentArray\SADatabase\ByteHelperUnitTest\bin\Debug\ByteHelperUnitTest.dll" adapterTypeName="Microsoft.VisualStudio.TestTools.TestTypes.Unit.UnitTestAdapter, Microsoft.VisualStudio.QualityTools.Tips.UnitTest.Adapter, Version=10.0.0.0, Culture=neutral, PublicKeyToken=b03f5f7f11d50a3a" className="ByteHelperUnitTest.HelperTest, ByteHelperUnitTest" name="CopyTest" />
    </UnitTest>
    <UnitTest name="CopyIntoTest" storage="c:\users\gwatson\desktop\sa\persistentarray\sadatabase\bytehelperunittest\bin\debug\bytehelperunittest.dll" id="6e30047d-c126-9623-764e-d0d0dc18feb2">
      <Execution id="069f46a8-7131-48c3-9c75-25e339084997" />
      <TestMethod codeBase="C:\Users\gwatson\Desktop\SA\PersistentArray\SADatabase\ByteHelperUnitTest\bin\Debug\ByteHelperUnitTest.dll" adapterTypeName="Microsoft.VisualStudio.TestTools.TestTypes.Unit.UnitTestAdapter, Microsoft.VisualStudio.QualityTools.Tips.UnitTest.Adapter, Version=10.0.0.0, Culture=neutral, PublicKeyToken=b03f5f7f11d50a3a" className="ByteHelperUnitTest.HelperTest, ByteHelperUnitTest" name="CopyIntoTest" />
    </UnitTest>
    <UnitTest name="CloseTest" storage="c:\users\gwatson\desktop\sa\persistentarray\sadatabase\phtunittest\bin\debug\phtunittest.dll" id="94efce36-6787-804c-f9dd-d52e17e1c55e">
      <Execution id="5aeb5d93-6705-411f-b066-8deaeb3a6a5a" />
      <TestMethod codeBase="C:\Users\gwatson\Desktop\SA\PersistentArray\SADatabase\PHTUnitTest\bin\Debug\PHTUnitTest.dll" adapterTypeName="Microsoft.VisualStudio.TestTools.TestTypes.Unit.UnitTestAdapter, Microsoft.VisualStudio.QualityTools.Tips.UnitTest.Adapter, Version=10.0.0.0, Culture=neutral, PublicKeyToken=b03f5f7f11d50a3a" className="PHTUnitTest.PersistentHashTableTest, PHTUnitTest" name="CloseTest" />
    </UnitTest>
    <UnitTest name="ExtendToTest" storage="c:\users\gwatson\desktop\sa\persistentarray\sadatabase\bytehelperunittest\bin\debug\bytehelperunittest.dll" id="11b05b3f-8750-268f-48a2-a9f027b23597">
      <Execution id="458fbcae-ecd2-47ff-aeae-0bd3bb3d15ce" />
      <TestMethod codeBase="C:\Users\gwatson\Desktop\SA\PersistentArray\SADatabase\ByteHelperUnitTest\bin\Debug\ByteHelperUnitTest.dll" adapterTypeName="Microsoft.VisualStudio.TestTools.TestTypes.Unit.UnitTestAdapter, Microsoft.VisualStudio.QualityTools.Tips.UnitTest.Adapter, Version=10.0.0.0, Culture=neutral, PublicKeyToken=b03f5f7f11d50a3a" className="ByteHelperUnitTest.HelperTest, ByteHelperUnitTest" name="ExtendToTest" />
    </UnitTest>
    <UnitTest name="ReopenTest" storage="c:\users\gwatson\desktop\sa\persistentarray\sadatabase\filepersistenceunittest\bin\debug\filepersistenceunittest.dll" id="61f14407-3f3d-9be6-e329-c0b10da1b351">
      <Execution id="e688f2ed-06fd-4d1a-b46c-bd891884b37a" />
      <TestMethod codeBase="C:\Users\gwatson\Desktop\SA\PersistentArray\SADatabase\FilePersistenceUnitTest\bin\Debug\FilePersistenceUnitTest.dll" adapterTypeName="Microsoft.VisualStudio.TestTools.TestTypes.Unit.UnitTestAdapter, Microsoft.VisualStudio.QualityTools.Tips.UnitTest.Adapter, Version=10.0.0.0, Culture=neutral, PublicKeyToken=b03f5f7f11d50a3a" className="FilePersistenceUnitTest.FileWithHeaderTest, FilePersistenceUnitTest" name="ReopenTest" />
    </UnitTest>
    <UnitTest name="SerializeTest" storage="c:\users\gwatson\desktop\sa\persistentarray\sadatabase\phmunittest\bin\debug\phmunittest.dll" id="00e17ed5-bd31-7476-2fee-eae2d73830e2">
      <Execution id="aff6325b-0ca0-4751-8749-ab0fd2a47257" />
      <TestMethod codeBase="C:\Users\gwatson\Desktop\SA\PersistentArray\SADatabase\PHMUnitTest\bin\Debug\PHMUnitTest.dll" adapterTypeName="Microsoft.VisualStudio.TestTools.TestTypes.Unit.UnitTestAdapter, Microsoft.VisualStudio.QualityTools.Tips.UnitTest.Adapter, Version=10.0.0.0, Culture=neutral, PublicKeyToken=b03f5f7f11d50a3a" className="PHMUnitTest.PersistentHeapFreeSpaceTest, PHMUnitTest" name="SerializeTest" />
    </UnitTest>
    <UnitTest name="PutGetCollisionsTest" storage="c:\users\gwatson\desktop\sa\persistentarray\sadatabase\phtunittest\bin\debug\phtunittest.dll" id="c198a53f-7d04-439f-1fbd-0b778727bf42">
      <Execution id="d1cb7ca6-67c5-4acb-bcb7-2b4bb8a478e3" />
      <TestMethod codeBase="C:\Users\gwatson\Desktop\SA\PersistentArray\SADatabase\PHTUnitTest\bin\Debug\PHTUnitTest.dll" adapterTypeName="Microsoft.VisualStudio.TestTools.TestTypes.Unit.UnitTestAdapter, Microsoft.VisualStudio.QualityTools.Tips.UnitTest.Adapter, Version=10.0.0.0, Culture=neutral, PublicKeyToken=b03f5f7f11d50a3a" className="PHTUnitTest.PersistentHashTableTest, PHTUnitTest" name="PutGetCollisionsTest" />
    </UnitTest>
    <UnitTest name="AllocateInMiddleTest" storage="c:\users\gwatson\desktop\sa\persistentarray\sadatabase\phmunittest\bin\debug\phmunittest.dll" id="0bf9df8d-121f-259e-67aa-905c5bb6c662">
      <Execution id="e007016f-e496-431d-95c2-5c527155ed07" />
      <TestMethod codeBase="C:\Users\gwatson\Desktop\SA\PersistentArray\SADatabase\PHMUnitTest\bin\Debug\PHMUnitTest.dll" adapterTypeName="Microsoft.VisualStudio.TestTools.TestTypes.Unit.UnitTestAdapter, Microsoft.VisualStudio.QualityTools.Tips.UnitTest.Adapter, Version=10.0.0.0, Culture=neutral, PublicKeyToken=b03f5f7f11d50a3a" className="PHMUnitTest.PersistentHeapTest, PHMUnitTest" name="AllocateInMiddleTest" />
    </UnitTest>
    <UnitTest name="WriteByteArrayTest" storage="c:\users\gwatson\desktop\sa\persistentarray\sadatabase\persistenceunittest\bin\debug\persistenceunittest.dll" id="c3fc885b-06d0-19cb-a8e4-a4fc7aee2170">
      <Execution id="342afbe2-2a84-4dc7-8f50-039e4fba3bb9" />
      <TestMethod codeBase="C:\Users\gwatson\Desktop\SA\PersistentArray\SADatabase\PersistenceUnitTest\bin\Debug\PersistenceUnitTest.dll" adapterTypeName="Microsoft.VisualStudio.TestTools.TestTypes.Unit.UnitTestAdapter, Microsoft.VisualStudio.QualityTools.Tips.UnitTest.Adapter, Version=10.0.0.0, Culture=neutral, PublicKeyToken=b03f5f7f11d50a3a" className="PersistenceUnitTest.RandomAccessFileTest, PersistenceUnitTest" name="WriteByteArrayTest" />
    </UnitTest>
    <UnitTest name="SerializeTest" storage="c:\users\gwatson\desktop\sa\persistentarray\sadatabase\pllunittest\bin\debug\pllunittest.dll" id="f45fb43e-8e19-67de-faf5-292c20567a5c">
      <Execution id="e7e0832f-bd05-4b8b-b1da-d750be63d8e6" />
      <TestMethod codeBase="C:\Users\gwatson\Desktop\SA\PersistentArray\SADatabase\PLLUnitTest\bin\Debug\PLLUnitTest.dll" adapterTypeName="Microsoft.VisualStudio.TestTools.TestTypes.Unit.UnitTestAdapter, Microsoft.VisualStudio.QualityTools.Tips.UnitTest.Adapter, Version=10.0.0.0, Culture=neutral, PublicKeyToken=b03f5f7f11d50a3a" className="PLLUnitTest.LinkedListElementTest, PLLUnitTest" name="SerializeTest" />
    </UnitTest>
    <UnitTest name="DeleteTest" storage="c:\users\gwatson\desktop\sa\persistentarray\sadatabase\pllunittest\bin\debug\pllunittest.dll" id="1d53293b-a39c-108d-e97e-8d3ed479d40d">
      <Execution id="3686afe4-8dfa-4b0e-9806-9f059b8277d6" />
      <TestMethod codeBase="C:\Users\gwatson\Desktop\SA\PersistentArray\SADatabase\PLLUnitTest\bin\Debug\PLLUnitTest.dll" adapterTypeName="Microsoft.VisualStudio.TestTools.TestTypes.Unit.UnitTestAdapter, Microsoft.VisualStudio.QualityTools.Tips.UnitTest.Adapter, Version=10.0.0.0, Culture=neutral, PublicKeyToken=b03f5f7f11d50a3a" className="PLLUnitTest.PersistentLinkedListTest, PLLUnitTest" name="DeleteTest" />
    </UnitTest>
    <UnitTest name="CtorTest" storage="c:\users\gwatson\desktop\sa\persistentarray\sadatabase\phmunittest\bin\debug\phmunittest.dll" id="781a4d86-46c5-931f-9ce1-d470759c5ed1">
      <Execution id="759b4e76-b070-475a-901a-8eb67e0b8b7b" />
      <TestMethod codeBase="C:\Users\gwatson\Desktop\SA\PersistentArray\SADatabase\PHMUnitTest\bin\Debug\PHMUnitTest.dll" adapterTypeName="Microsoft.VisualStudio.TestTools.TestTypes.Unit.UnitTestAdapter, Microsoft.VisualStudio.QualityTools.Tips.UnitTest.Adapter, Version=10.0.0.0, Culture=neutral, PublicKeyToken=b03f5f7f11d50a3a" className="PHMUnitTest.PersistentHeapUsedSpaceTest, PHMUnitTest" name="CtorTest" />
    </UnitTest>
    <UnitTest name="FillUpTableTest" storage="c:\users\gwatson\desktop\sa\persistentarray\sadatabase\phtunittest\bin\debug\phtunittest.dll" id="6a96f9da-adcb-f7e2-df56-cae68513bb5e">
      <Execution id="42759784-1c73-43ac-84e0-43b13bef4d9a" />
      <TestMethod codeBase="C:\Users\gwatson\Desktop\SA\PersistentArray\SADatabase\PHTUnitTest\bin\Debug\PHTUnitTest.dll" adapterTypeName="Microsoft.VisualStudio.TestTools.TestTypes.Unit.UnitTestAdapter, Microsoft.VisualStudio.QualityTools.Tips.UnitTest.Adapter, Version=10.0.0.0, Culture=neutral, PublicKeyToken=b03f5f7f11d50a3a" className="PHTUnitTest.PersistentHashTableTest, PHTUnitTest" name="FillUpTableTest" />
    </UnitTest>
    <UnitTest name="SerializeTest" storage="c:\users\gwatson\desktop\sa\persistentarray\sadatabase\pllunittest\bin\debug\pllunittest.dll" id="ceb208d4-f6b2-14ea-caab-c04abf814ed1">
      <Execution id="7000a72a-c1fd-4963-830b-c1e6ed1f76c6" />
      <TestMethod codeBase="C:\Users\gwatson\Desktop\SA\PersistentArray\SADatabase\PLLUnitTest\bin\Debug\PLLUnitTest.dll" adapterTypeName="Microsoft.VisualStudio.TestTools.TestTypes.Unit.UnitTestAdapter, Microsoft.VisualStudio.QualityTools.Tips.UnitTest.Adapter, Version=10.0.0.0, Culture=neutral, PublicKeyToken=b03f5f7f11d50a3a" className="PLLUnitTest.PLLHeaderTest, PLLUnitTest" name="SerializeTest" />
    </UnitTest>
    <UnitTest name="CreateTooSmallTest" storage="c:\users\gwatson\desktop\sa\persistentarray\sadatabase\pafsunittest\bin\debug\pafsunittest.dll" id="b87f554d-216c-d1a2-7ff8-323f1d9d0f4f">
      <Execution id="14068208-f2c6-4bdb-8556-eb0dd3a7622d" />
      <TestMethod codeBase="C:\Users\gwatson\Desktop\SA\PersistentArray\SADatabase\PAFSUnitTest\bin\Debug\PAFSUnitTest.dll" adapterTypeName="Microsoft.VisualStudio.TestTools.TestTypes.Unit.UnitTestAdapter, Microsoft.VisualStudio.QualityTools.Tips.UnitTest.Adapter, Version=10.0.0.0, Culture=neutral, PublicKeyToken=b03f5f7f11d50a3a" className="PAFSUnitTest.IPersistentArraySpaceManagerTest, PAFSUnitTest" name="CreateTooSmallTest" />
    </UnitTest>
    <UnitTest name="EqualsBytesTest" storage="c:\users\gwatson\desktop\sa\persistentarray\sadatabase\bytehelperunittest\bin\debug\bytehelperunittest.dll" id="c09c2c2c-bf97-afdf-a556-c8b4550bee5f">
      <Execution id="13543a25-379d-44f9-9fb0-0dda3b2e6cde" />
      <TestMethod codeBase="C:\Users\gwatson\Desktop\SA\PersistentArray\SADatabase\ByteHelperUnitTest\bin\Debug\ByteHelperUnitTest.dll" adapterTypeName="Microsoft.VisualStudio.TestTools.TestTypes.Unit.UnitTestAdapter, Microsoft.VisualStudio.QualityTools.Tips.UnitTest.Adapter, Version=10.0.0.0, Culture=neutral, PublicKeyToken=b03f5f7f11d50a3a" className="ByteHelperUnitTest.HelperTest, ByteHelperUnitTest" name="EqualsBytesTest" />
    </UnitTest>
    <UnitTest name="AllocateAtEndOfFreeSpaceListTest" storage="c:\users\gwatson\desktop\sa\persistentarray\sadatabase\phmunittest\bin\debug\phmunittest.dll" id="cb9247b9-0e78-5318-b25e-4206d939f286">
      <Execution id="ba843498-a1b5-4083-b887-57ec6a94ed35" />
      <TestMethod codeBase="C:\Users\gwatson\Desktop\SA\PersistentArray\SADatabase\PHMUnitTest\bin\Debug\PHMUnitTest.dll" adapterTypeName="Microsoft.VisualStudio.TestTools.TestTypes.Unit.UnitTestAdapter, Microsoft.VisualStudio.QualityTools.Tips.UnitTest.Adapter, Version=10.0.0.0, Culture=neutral, PublicKeyToken=b03f5f7f11d50a3a" className="PHMUnitTest.PersistentHeapTest, PHMUnitTest" name="AllocateAtEndOfFreeSpaceListTest" />
    </UnitTest>
    <UnitTest name="CreateTest" storage="c:\users\gwatson\desktop\sa\persistentarray\sadatabase\pafsunittest\bin\debug\pafsunittest.dll" id="e7c5dfe9-6c85-ed21-1287-63d333e61256">
      <Execution id="24f14146-cb2e-4e70-acdb-2ca03d2159fb" />
      <TestMethod codeBase="C:\Users\gwatson\Desktop\SA\PersistentArray\SADatabase\PAFSUnitTest\bin\Debug\PAFSUnitTest.dll" adapterTypeName="Microsoft.VisualStudio.TestTools.TestTypes.Unit.UnitTestAdapter, Microsoft.VisualStudio.QualityTools.Tips.UnitTest.Adapter, Version=10.0.0.0, Culture=neutral, PublicKeyToken=b03f5f7f11d50a3a" className="PAFSUnitTest.IPersistentArraySpaceManagerTest, PAFSUnitTest" name="CreateTest" />
    </UnitTest>
    <UnitTest name="FreeAddSpaceToStartOfFreeListTest" storage="c:\users\gwatson\desktop\sa\persistentarray\sadatabase\phmunittest\bin\debug\phmunittest.dll" id="e09c5cb1-1c0e-6e77-1183-514f09126ef8">
      <Execution id="b1ce15b7-8a79-4c60-bece-f1822d3a6f98" />
      <TestMethod codeBase="C:\Users\gwatson\Desktop\SA\PersistentArray\SADatabase\PHMUnitTest\bin\Debug\PHMUnitTest.dll" adapterTypeName="Microsoft.VisualStudio.TestTools.TestTypes.Unit.UnitTestAdapter, Microsoft.VisualStudio.QualityTools.Tips.UnitTest.Adapter, Version=10.0.0.0, Culture=neutral, PublicKeyToken=b03f5f7f11d50a3a" className="PHMUnitTest.PersistentHeapTest, PHMUnitTest" name="FreeAddSpaceToStartOfFreeListTest" />
    </UnitTest>
    <UnitTest name="UserSizeTest" storage="c:\users\gwatson\desktop\sa\persistentarray\sadatabase\phmunittest\bin\debug\phmunittest.dll" id="864cd63c-625b-94c6-46c4-e84f8efb06a6">
      <Execution id="d6f9baa5-59b8-4e47-9dbe-7da7a8561b64" />
      <TestMethod codeBase="C:\Users\gwatson\Desktop\SA\PersistentArray\SADatabase\PHMUnitTest\bin\Debug\PHMUnitTest.dll" adapterTypeName="Microsoft.VisualStudio.TestTools.TestTypes.Unit.UnitTestAdapter, Microsoft.VisualStudio.QualityTools.Tips.UnitTest.Adapter, Version=10.0.0.0, Culture=neutral, PublicKeyToken=b03f5f7f11d50a3a" className="PHMUnitTest.PersistentHeapSpaceTest, PHMUnitTest" name="UserSizeTest" />
    </UnitTest>
    <UnitTest name="FileDoesntExistTest" storage="c:\users\gwatson\desktop\sa\persistentarray\sadatabase\filepersistenceunittest\bin\debug\filepersistenceunittest.dll" id="93695325-fb5b-b117-f5c2-6cdaee20d742">
      <Execution id="5191b5d4-0f22-4736-b222-4395d0f11b5e" />
      <TestMethod codeBase="C:\Users\gwatson\Desktop\SA\PersistentArray\SADatabase\FilePersistenceUnitTest\bin\Debug\FilePersistenceUnitTest.dll" adapterTypeName="Microsoft.VisualStudio.TestTools.TestTypes.Unit.UnitTestAdapter, Microsoft.VisualStudio.QualityTools.Tips.UnitTest.Adapter, Version=10.0.0.0, Culture=neutral, PublicKeyToken=b03f5f7f11d50a3a" className="FilePersistenceUnitTest.FileWithHeaderTest, FilePersistenceUnitTest" name="FileDoesntExistTest" />
    </UnitTest>
    <UnitTest name="PutTest" storage="c:\users\gwatson\desktop\sa\persistentarray\sadatabase\cpaunittest\bin\debug\cpaunittest.dll" id="b1852ad4-9275-e058-ea39-b89e2980d650">
      <Execution id="9b03f5a1-4cf8-4687-b2f4-25ed580b29b4" />
      <TestMethod codeBase="C:\Users\gwatson\Desktop\SA\PersistentArray\SADatabase\CPAUnitTest\bin\Debug\CPAUnitTest.dll" adapterTypeName="Microsoft.VisualStudio.TestTools.TestTypes.Unit.UnitTestAdapter, Microsoft.VisualStudio.QualityTools.Tips.UnitTest.Adapter, Version=10.0.0.0, Culture=neutral, PublicKeyToken=b03f5f7f11d50a3a" className="CPAUnitTest.CachedIArrayTest, CPAUnitTest" name="PutTest" />
    </UnitTest>
    <UnitTest name="GetElementSizeTest" storage="c:\users\gwatson\desktop\sa\persistentarray\sadatabase\cpaunittest\bin\debug\cpaunittest.dll" id="17c74e86-2a6c-cb27-d667-6f54dbf65bde">
      <Execution id="e06325d9-ed25-4c1e-8662-a312d7044959" />
      <TestMethod codeBase="C:\Users\gwatson\Desktop\SA\PersistentArray\SADatabase\CPAUnitTest\bin\Debug\CPAUnitTest.dll" adapterTypeName="Microsoft.VisualStudio.TestTools.TestTypes.Unit.UnitTestAdapter, Microsoft.VisualStudio.QualityTools.Tips.UnitTest.Adapter, Version=10.0.0.0, Culture=neutral, PublicKeyToken=b03f5f7f11d50a3a" className="CPAUnitTest.CachedIArrayTest, CPAUnitTest" name="GetElementSizeTest" />
    </UnitTest>
    <UnitTest name="WipeIndexTest" storage="c:\users\gwatson\desktop\sa\persistentarray\sadatabase\pafsunittest\bin\debug\pafsunittest.dll" id="a71a6b83-7f57-ce8c-0c72-5da1414dfef5">
      <Execution id="c7fc83ee-b579-4ea2-a038-0b0bacb7bc64" />
      <TestMethod codeBase="C:\Users\gwatson\Desktop\SA\PersistentArray\SADatabase\PAFSUnitTest\bin\Debug\PAFSUnitTest.dll" adapterTypeName="Microsoft.VisualStudio.TestTools.TestTypes.Unit.UnitTestAdapter, Microsoft.VisualStudio.QualityTools.Tips.UnitTest.Adapter, Version=10.0.0.0, Culture=neutral, PublicKeyToken=b03f5f7f11d50a3a" className="PAFSUnitTest.IPersistentArraySpaceManagerTest, PAFSUnitTest" name="WipeIndexTest" />
    </UnitTest>
    <UnitTest name="ToIntTest" storage="c:\users\gwatson\desktop\sa\persistentarray\sadatabase\bytehelperunittest\bin\debug\bytehelperunittest.dll" id="cc0dd485-3eb5-47cf-79f5-71c3014c459a">
      <Execution id="99738720-eb68-4110-8628-c52793ead1ca" />
      <TestMethod codeBase="C:\Users\gwatson\Desktop\SA\PersistentArray\SADatabase\ByteHelperUnitTest\bin\Debug\ByteHelperUnitTest.dll" adapterTypeName="Microsoft.VisualStudio.TestTools.TestTypes.Unit.UnitTestAdapter, Microsoft.VisualStudio.QualityTools.Tips.UnitTest.Adapter, Version=10.0.0.0, Culture=neutral, PublicKeyToken=b03f5f7f11d50a3a" className="ByteHelperUnitTest.HelperTest, ByteHelperUnitTest" name="ToIntTest" />
    </UnitTest>
    <UnitTest name="GetHashCodeTest" storage="c:\users\gwatson\desktop\sa\persistentarray\sadatabase\bytehelperunittest\bin\debug\bytehelperunittest.dll" id="01045d66-f1c1-b905-4f83-06fa33497a3c">
      <Execution id="6041974a-5d08-4089-b72b-4bdb18dc4145" />
      <TestMethod codeBase="C:\Users\gwatson\Desktop\SA\PersistentArray\SADatabase\ByteHelperUnitTest\bin\Debug\ByteHelperUnitTest.dll" adapterTypeName="Microsoft.VisualStudio.TestTools.TestTypes.Unit.UnitTestAdapter, Microsoft.VisualStudio.QualityTools.Tips.UnitTest.Adapter, Version=10.0.0.0, Culture=neutral, PublicKeyToken=b03f5f7f11d50a3a" className="ByteHelperUnitTest.HelperTest, ByteHelperUnitTest" name="GetHashCodeTest" />
    </UnitTest>
    <UnitTest name="FileAlreadyExistsTest" storage="c:\users\gwatson\desktop\sa\persistentarray\sadatabase\filepersistenceunittest\bin\debug\filepersistenceunittest.dll" id="1232c426-0c7a-7827-61d6-db854aeef3be">
      <Execution id="6444b1a5-2cff-437c-b96d-012190d2392d" />
      <TestMethod codeBase="C:\Users\gwatson\Desktop\SA\PersistentArray\SADatabase\FilePersistenceUnitTest\bin\Debug\FilePersistenceUnitTest.dll" adapterTypeName="Microsoft.VisualStudio.TestTools.TestTypes.Unit.UnitTestAdapter, Microsoft.VisualStudio.QualityTools.Tips.UnitTest.Adapter, Version=10.0.0.0, Culture=neutral, PublicKeyToken=b03f5f7f11d50a3a" className="FilePersistenceUnitTest.FileWithHeaderTest, FilePersistenceUnitTest" name="FileAlreadyExistsTest" />
    </UnitTest>
    <UnitTest name="GetFileNameTest" storage="c:\users\gwatson\desktop\sa\persistentarray\sadatabase\persistenceunittest\bin\debug\persistenceunittest.dll" id="344d8cb8-23f2-23e3-3ec1-bef1b12c809d">
      <Execution id="c8eb4ef3-07d7-4437-8e90-691f4f8a3c28" />
      <TestMethod codeBase="C:\Users\gwatson\Desktop\SA\PersistentArray\SADatabase\PersistenceUnitTest\bin\Debug\PersistenceUnitTest.dll" adapterTypeName="Microsoft.VisualStudio.TestTools.TestTypes.Unit.UnitTestAdapter, Microsoft.VisualStudio.QualityTools.Tips.UnitTest.Adapter, Version=10.0.0.0, Culture=neutral, PublicKeyToken=b03f5f7f11d50a3a" className="PersistenceUnitTest.RandomAccessFileTest, PersistenceUnitTest" name="GetFileNameTest" />
    </UnitTest>
    <UnitTest name="CtorTest" storage="c:\users\gwatson\desktop\sa\persistentarray\sadatabase\phtunittest\bin\debug\phtunittest.dll" id="2b9a3f45-3c5e-f945-6521-ce395feda3cb">
      <Execution id="1bc42de6-4e8a-43e4-b775-e763d4537f46" />
      <TestMethod codeBase="C:\Users\gwatson\Desktop\SA\PersistentArray\SADatabase\PHTUnitTest\bin\Debug\PHTUnitTest.dll" adapterTypeName="Microsoft.VisualStudio.TestTools.TestTypes.Unit.UnitTestAdapter, Microsoft.VisualStudio.QualityTools.Tips.UnitTest.Adapter, Version=10.0.0.0, Culture=neutral, PublicKeyToken=b03f5f7f11d50a3a" className="PHTUnitTest.HashTableHeaderTest, PHTUnitTest" name="CtorTest" />
    </UnitTest>
    <UnitTest name="AllocateSplitTest" storage="c:\users\gwatson\desktop\sa\persistentarray\sadatabase\phmunittest\bin\debug\phmunittest.dll" id="13b6656a-26f9-0ea8-7ea0-1310a5a1b2d4">
      <Execution id="ff03fc33-d325-4d03-abaa-c4d0da3c3ae0" />
      <TestMethod codeBase="C:\Users\gwatson\Desktop\SA\PersistentArray\SADatabase\PHMUnitTest\bin\Debug\PHMUnitTest.dll" adapterTypeName="Microsoft.VisualStudio.TestTools.TestTypes.Unit.UnitTestAdapter, Microsoft.VisualStudio.QualityTools.Tips.UnitTest.Adapter, Version=10.0.0.0, Culture=neutral, PublicKeyToken=b03f5f7f11d50a3a" className="PHMUnitTest.PersistentHeapTest, PHMUnitTest" name="AllocateSplitTest" />
    </UnitTest>
    <UnitTest name="PutGetTest" storage="c:\users\gwatson\desktop\sa\persistentarray\sadatabase\persistentarrayunittest\bin\debug\paunittest.dll" id="47e64445-4f51-07b5-3b92-f087a8ca68d5">
      <Execution id="1c37446d-b2b7-42e5-9f4c-3a23ec8bab25" />
      <TestMethod codeBase="C:\Users\gwatson\Desktop\SA\PersistentArray\SADatabase\PersistentArrayUnitTest\bin\Debug\PAUnitTest.dll" adapterTypeName="Microsoft.VisualStudio.TestTools.TestTypes.Unit.UnitTestAdapter, Microsoft.VisualStudio.QualityTools.Tips.UnitTest.Adapter, Version=10.0.0.0, Culture=neutral, PublicKeyToken=b03f5f7f11d50a3a" className="PAUnitTest.IPersistentArrayTest, PAUnitTest" name="PutGetTest" />
    </UnitTest>
    <UnitTest name="GetPreviousTest" storage="c:\users\gwatson\desktop\sa\persistentarray\sadatabase\pllunittest\bin\debug\pllunittest.dll" id="565a9370-80c9-3456-28b5-ca4466bce36c">
      <Execution id="ba7e4e80-024e-4e75-95c1-9b8e0c3b46b8" />
      <TestMethod codeBase="C:\Users\gwatson\Desktop\SA\PersistentArray\SADatabase\PLLUnitTest\bin\Debug\PLLUnitTest.dll" adapterTypeName="Microsoft.VisualStudio.TestTools.TestTypes.Unit.UnitTestAdapter, Microsoft.VisualStudio.QualityTools.Tips.UnitTest.Adapter, Version=10.0.0.0, Culture=neutral, PublicKeyToken=b03f5f7f11d50a3a" className="PLLUnitTest.PersistentLinkedListTest, PLLUnitTest" name="GetPreviousTest" />
    </UnitTest>
    <UnitTest name="NoArrayTest" storage="c:\users\gwatson\desktop\sa\persistentarray\sadatabase\persistentarrayunittest\bin\debug\paunittest.dll" id="86053b92-a17e-53c2-7d77-530c0fa14797">
      <Execution id="27989ba7-7429-4b3d-98b3-24c7b49261e4" />
      <TestMethod codeBase="C:\Users\gwatson\Desktop\SA\PersistentArray\SADatabase\PersistentArrayUnitTest\bin\Debug\PAUnitTest.dll" adapterTypeName="Microsoft.VisualStudio.TestTools.TestTypes.Unit.UnitTestAdapter, Microsoft.VisualStudio.QualityTools.Tips.UnitTest.Adapter, Version=10.0.0.0, Culture=neutral, PublicKeyToken=b03f5f7f11d50a3a" className="PAUnitTest.IPersistentArrayTest, PAUnitTest" name="NoArrayTest" />
    </UnitTest>
    <UnitTest name="DeserializeTest" storage="c:\users\gwatson\desktop\sa\persistentarray\sadatabase\phtunittest\bin\debug\phtunittest.dll" id="35a16e41-d355-d959-88ea-aa8f91cea11b">
      <Execution id="6eec7349-d499-4464-a3bb-a5e003e157f5" />
      <TestMethod codeBase="C:\Users\gwatson\Desktop\SA\PersistentArray\SADatabase\PHTUnitTest\bin\Debug\PHTUnitTest.dll" adapterTypeName="Microsoft.VisualStudio.TestTools.TestTypes.Unit.UnitTestAdapter, Microsoft.VisualStudio.QualityTools.Tips.UnitTest.Adapter, Version=10.0.0.0, Culture=neutral, PublicKeyToken=b03f5f7f11d50a3a" className="PHTUnitTest.HashTableElementTest, PHTUnitTest" name="DeserializeTest" />
    </UnitTest>
    <UnitTest name="DeserializeTest" storage="c:\users\gwatson\desktop\sa\persistentarray\sadatabase\phmunittest\bin\debug\phmunittest.dll" id="636ae8bd-e313-1098-6c8a-b8c8ef7b79b2">
      <Execution id="10510441-5525-41c4-bfb4-10110120ee7f" />
      <TestMethod codeBase="C:\Users\gwatson\Desktop\SA\PersistentArray\SADatabase\PHMUnitTest\bin\Debug\PHMUnitTest.dll" adapterTypeName="Microsoft.VisualStudio.TestTools.TestTypes.Unit.UnitTestAdapter, Microsoft.VisualStudio.QualityTools.Tips.UnitTest.Adapter, Version=10.0.0.0, Culture=neutral, PublicKeyToken=b03f5f7f11d50a3a" className="PHMUnitTest.PersistentHeapHeaderTest, PHMUnitTest" name="DeserializeTest" />
    </UnitTest>
    <UnitTest name="EmptyNameTest" storage="c:\users\gwatson\desktop\sa\persistentarray\sadatabase\persistentarrayunittest\bin\debug\paunittest.dll" id="5335332c-34c5-80ee-4a17-60db3bec8999">
      <Execution id="8727945d-0759-4d34-90d6-2804fd92857d" />
      <TestMethod codeBase="C:\Users\gwatson\Desktop\SA\PersistentArray\SADatabase\PersistentArrayUnitTest\bin\Debug\PAUnitTest.dll" adapterTypeName="Microsoft.VisualStudio.TestTools.TestTypes.Unit.UnitTestAdapter, Microsoft.VisualStudio.QualityTools.Tips.UnitTest.Adapter, Version=10.0.0.0, Culture=neutral, PublicKeyToken=b03f5f7f11d50a3a" className="PAUnitTest.IPersistentArrayTest, PAUnitTest" name="EmptyNameTest" />
    </UnitTest>
    <UnitTest name="GetUserHeaderSizeTest" storage="c:\users\gwatson\desktop\sa\persistentarray\sadatabase\phtunittest\bin\debug\phtunittest.dll" id="1604b673-3185-b533-77b5-a1fcf04b160d">
      <Execution id="c151b1b6-fbc4-4dca-b7ea-a6624d44cce6" />
      <TestMethod codeBase="C:\Users\gwatson\Desktop\SA\PersistentArray\SADatabase\PHTUnitTest\bin\Debug\PHTUnitTest.dll" adapterTypeName="Microsoft.VisualStudio.TestTools.TestTypes.Unit.UnitTestAdapter, Microsoft.VisualStudio.QualityTools.Tips.UnitTest.Adapter, Version=10.0.0.0, Culture=neutral, PublicKeyToken=b03f5f7f11d50a3a" className="PHTUnitTest.PersistentHashTableTest, PHTUnitTest" name="GetUserHeaderSizeTest" />
    </UnitTest>
    <UnitTest name="RandomAccessFileConstructorTest" storage="c:\users\gwatson\desktop\sa\persistentarray\sadatabase\persistenceunittest\bin\debug\persistenceunittest.dll" id="9c153991-159a-b725-d7ba-010f61b98530">
      <Execution id="b30316cb-0ae7-48af-a771-928781ada887" />
      <TestMethod codeBase="C:\Users\gwatson\Desktop\SA\PersistentArray\SADatabase\PersistenceUnitTest\bin\Debug\PersistenceUnitTest.dll" adapterTypeName="Microsoft.VisualStudio.TestTools.TestTypes.Unit.UnitTestAdapter, Microsoft.VisualStudio.QualityTools.Tips.UnitTest.Adapter, Version=10.0.0.0, Culture=neutral, PublicKeyToken=b03f5f7f11d50a3a" className="PersistenceUnitTest.RandomAccessFileTest, PersistenceUnitTest" name="RandomAccessFileConstructorTest" />
    </UnitTest>
    <UnitTest name="PutGetTest" storage="c:\users\gwatson\desktop\sa\persistentarray\sadatabase\phmunittest\bin\debug\phmunittest.dll" id="bfb74228-802c-ebf9-5059-adacad2817c5">
      <Execution id="13e0d950-2d2c-4a4b-bb87-28c4298e32ac" />
      <TestMethod codeBase="C:\Users\gwatson\Desktop\SA\PersistentArray\SADatabase\PHMUnitTest\bin\Debug\PHMUnitTest.dll" adapterTypeName="Microsoft.VisualStudio.TestTools.TestTypes.Unit.UnitTestAdapter, Microsoft.VisualStudio.QualityTools.Tips.UnitTest.Adapter, Version=10.0.0.0, Culture=neutral, PublicKeyToken=b03f5f7f11d50a3a" className="PHMUnitTest.PersistentHeapTest, PHMUnitTest" name="PutGetTest" />
    </UnitTest>
    <UnitTest name="ReopenTest" storage="c:\users\gwatson\desktop\sa\persistentarray\sadatabase\persistentarrayunittest\bin\debug\paunittest.dll" id="00a5a340-dd24-58d6-2c39-57102dd10a93">
      <Execution id="fe5c1ffb-f668-4bbc-9a2f-4374db608b03" />
      <TestMethod codeBase="C:\Users\gwatson\Desktop\SA\PersistentArray\SADatabase\PersistentArrayUnitTest\bin\Debug\PAUnitTest.dll" adapterTypeName="Microsoft.VisualStudio.TestTools.TestTypes.Unit.UnitTestAdapter, Microsoft.VisualStudio.QualityTools.Tips.UnitTest.Adapter, Version=10.0.0.0, Culture=neutral, PublicKeyToken=b03f5f7f11d50a3a" className="PAUnitTest.IPersistentArrayTest, PAUnitTest" name="ReopenTest" />
    </UnitTest>
    <UnitTest name="WriteIntTest" storage="c:\users\gwatson\desktop\sa\persistentarray\sadatabase\persistenceunittest\bin\debug\persistenceunittest.dll" id="7f8205c8-b606-8c59-76b5-fbdb8f56ecd0">
      <Execution id="96735b85-ec18-45b4-8b51-38afb6af06b9" />
      <TestMethod codeBase="C:\Users\gwatson\Desktop\SA\PersistentArray\SADatabase\PersistenceUnitTest\bin\Debug\PersistenceUnitTest.dll" adapterTypeName="Microsoft.VisualStudio.TestTools.TestTypes.Unit.UnitTestAdapter, Microsoft.VisualStudio.QualityTools.Tips.UnitTest.Adapter, Version=10.0.0.0, Culture=neutral, PublicKeyToken=b03f5f7f11d50a3a" className="PersistenceUnitTest.SlowRAFTest, PersistenceUnitTest" name="WriteIntTest" />
    </UnitTest>
    <UnitTest name="AddToStartTest" storage="c:\users\gwatson\desktop\sa\persistentarray\sadatabase\pllunittest\bin\debug\pllunittest.dll" id="0ef3c0a1-e279-0642-068f-cf09f20b4b4e">
      <Execution id="f7e158b5-d834-4ff2-9d87-5b110851c142" />
      <TestMethod codeBase="C:\Users\gwatson\Desktop\SA\PersistentArray\SADatabase\PLLUnitTest\bin\Debug\PLLUnitTest.dll" adapterTypeName="Microsoft.VisualStudio.TestTools.TestTypes.Unit.UnitTestAdapter, Microsoft.VisualStudio.QualityTools.Tips.UnitTest.Adapter, Version=10.0.0.0, Culture=neutral, PublicKeyToken=b03f5f7f11d50a3a" className="PLLUnitTest.PersistentLinkedListTest, PLLUnitTest" name="AddToStartTest" />
    </UnitTest>
    <UnitTest name="GetNextIndexTest" storage="c:\users\gwatson\desktop\sa\persistentarray\sadatabase\cpaunittest\bin\debug\cpaunittest.dll" id="c5e39726-deec-c4f7-824b-1e41432b6b87">
      <Execution id="6f6fc4bf-e87d-46bb-9c6b-f616a2687e7d" />
      <TestMethod codeBase="C:\Users\gwatson\Desktop\SA\PersistentArray\SADatabase\CPAUnitTest\bin\Debug\CPAUnitTest.dll" adapterTypeName="Microsoft.VisualStudio.TestTools.TestTypes.Unit.UnitTestAdapter, Microsoft.VisualStudio.QualityTools.Tips.UnitTest.Adapter, Version=10.0.0.0, Culture=neutral, PublicKeyToken=b03f5f7f11d50a3a" className="CPAUnitTest.CachedIArrayTest, CPAUnitTest" name="GetNextIndexTest" />
    </UnitTest>
    <UnitTest name="AddToEndTest" storage="c:\users\gwatson\desktop\sa\persistentarray\sadatabase\pllunittest\bin\debug\pllunittest.dll" id="e5f5eeb7-8767-c831-6700-d29e08cf89bb">
      <Execution id="37c7cf30-3c75-4dd3-961e-c5a8736c651d" />
      <TestMethod codeBase="C:\Users\gwatson\Desktop\SA\PersistentArray\SADatabase\PLLUnitTest\bin\Debug\PLLUnitTest.dll" adapterTypeName="Microsoft.VisualStudio.TestTools.TestTypes.Unit.UnitTestAdapter, Microsoft.VisualStudio.QualityTools.Tips.UnitTest.Adapter, Version=10.0.0.0, Culture=neutral, PublicKeyToken=b03f5f7f11d50a3a" className="PLLUnitTest.PersistentLinkedListTest, PLLUnitTest" name="AddToEndTest" />
    </UnitTest>
    <UnitTest name="GetPutUserHeaderTest" storage="c:\users\gwatson\desktop\sa\persistentarray\sadatabase\filepersistenceunittest\bin\debug\filepersistenceunittest.dll" id="119f0d26-abb3-b910-6e20-3eb2e8267f66">
      <Execution id="4ac1f802-bd8d-403a-9443-24361687ae14" />
      <TestMethod codeBase="C:\Users\gwatson\Desktop\SA\PersistentArray\SADatabase\FilePersistenceUnitTest\bin\Debug\FilePersistenceUnitTest.dll" adapterTypeName="Microsoft.VisualStudio.TestTools.TestTypes.Unit.UnitTestAdapter, Microsoft.VisualStudio.QualityTools.Tips.UnitTest.Adapter, Version=10.0.0.0, Culture=neutral, PublicKeyToken=b03f5f7f11d50a3a" className="FilePersistenceUnitTest.FileWithHeaderTest, FilePersistenceUnitTest" name="GetPutUserHeaderTest" />
    </UnitTest>
    <UnitTest name="ReopenTest" storage="c:\users\gwatson\desktop\sa\persistentarray\sadatabase\pafsunittest\bin\debug\pafsunittest.dll" id="1af0c77b-4d3c-a3e7-21cb-37332222dd11">
      <Execution id="89db6506-986e-45b9-9385-830489ca92dc" />
      <TestMethod codeBase="C:\Users\gwatson\Desktop\SA\PersistentArray\SADatabase\PAFSUnitTest\bin\Debug\PAFSUnitTest.dll" adapterTypeName="Microsoft.VisualStudio.TestTools.TestTypes.Unit.UnitTestAdapter, Microsoft.VisualStudio.QualityTools.Tips.UnitTest.Adapter, Version=10.0.0.0, Culture=neutral, PublicKeyToken=b03f5f7f11d50a3a" className="PAFSUnitTest.IPersistentArraySpaceManagerTest, PAFSUnitTest" name="ReopenTest" />
    </UnitTest>
    <UnitTest name="FreeMergeBeforeTest" storage="c:\users\gwatson\desktop\sa\persistentarray\sadatabase\phmunittest\bin\debug\phmunittest.dll" id="846fd299-442f-a81b-5ff1-400c3a67c543">
      <Execution id="f2f2fb1e-0558-42d7-83a3-06e0352d3aaa" />
      <TestMethod codeBase="C:\Users\gwatson\Desktop\SA\PersistentArray\SADatabase\PHMUnitTest\bin\Debug\PHMUnitTest.dll" adapterTypeName="Microsoft.VisualStudio.TestTools.TestTypes.Unit.UnitTestAdapter, Microsoft.VisualStudio.QualityTools.Tips.UnitTest.Adapter, Version=10.0.0.0, Culture=neutral, PublicKeyToken=b03f5f7f11d50a3a" className="PHMUnitTest.PersistentHeapTest, PHMUnitTest" name="FreeMergeBeforeTest" />
    </UnitTest>
    <UnitTest name="CloseTest" storage="c:\users\gwatson\desktop\sa\persistentarray\sadatabase\cpaunittest\bin\debug\cpaunittest.dll" id="71ffb975-3ee7-3930-0f3e-7889b95a130e">
      <Execution id="3375de6b-2981-4d0f-b2bb-5af189740beb" />
      <TestMethod codeBase="C:\Users\gwatson\Desktop\SA\PersistentArray\SADatabase\CPAUnitTest\bin\Debug\CPAUnitTest.dll" adapterTypeName="Microsoft.VisualStudio.TestTools.TestTypes.Unit.UnitTestAdapter, Microsoft.VisualStudio.QualityTools.Tips.UnitTest.Adapter, Version=10.0.0.0, Culture=neutral, PublicKeyToken=b03f5f7f11d50a3a" className="CPAUnitTest.CachedIArrayTest, CPAUnitTest" name="CloseTest" />
    </UnitTest>
    <UnitTest name="NodeCtorTest" storage="c:\users\gwatson\desktop\sa\persistentarray\sadatabase\cpaunittest\bin\debug\cpaunittest.dll" id="b1c5d96c-054d-4348-7a86-0ce106021a41">
      <Execution id="545f43c6-ed3d-4bee-97da-795529138b5d" />
      <TestMethod codeBase="C:\Users\gwatson\Desktop\SA\PersistentArray\SADatabase\CPAUnitTest\bin\Debug\CPAUnitTest.dll" adapterTypeName="Microsoft.VisualStudio.TestTools.TestTypes.Unit.UnitTestAdapter, Microsoft.VisualStudio.QualityTools.Tips.UnitTest.Adapter, Version=10.0.0.0, Culture=neutral, PublicKeyToken=b03f5f7f11d50a3a" className="CPAUnitTest.NodeTest, CPAUnitTest" name="NodeCtorTest" />
    </UnitTest>
    <UnitTest name="Append2Test" storage="c:\users\gwatson\desktop\sa\persistentarray\sadatabase\bytehelperunittest\bin\debug\bytehelperunittest.dll" id="9042f580-80d7-070e-6671-c783c7157c04">
      <Execution id="1624ce02-e147-4b92-b585-ff70c252a393" />
      <TestMethod codeBase="C:\Users\gwatson\Desktop\SA\PersistentArray\SADatabase\ByteHelperUnitTest\bin\Debug\ByteHelperUnitTest.dll" adapterTypeName="Microsoft.VisualStudio.TestTools.TestTypes.Unit.UnitTestAdapter, Microsoft.VisualStudio.QualityTools.Tips.UnitTest.Adapter, Version=10.0.0.0, Culture=neutral, PublicKeyToken=b03f5f7f11d50a3a" className="ByteHelperUnitTest.HelperTest, ByteHelperUnitTest" name="Append2Test" />
    </UnitTest>
    <UnitTest name="SeekTest" storage="c:\users\gwatson\desktop\sa\persistentarray\sadatabase\persistenceunittest\bin\debug\persistenceunittest.dll" id="610385d3-c2b5-eeb9-1ed4-86ca6ad846de">
      <Execution id="8a2b9385-c00f-4fd8-a9b3-fca568392322" />
      <TestMethod codeBase="C:\Users\gwatson\Desktop\SA\PersistentArray\SADatabase\PersistenceUnitTest\bin\Debug\PersistenceUnitTest.dll" adapterTypeName="Microsoft.VisualStudio.TestTools.TestTypes.Unit.UnitTestAdapter, Microsoft.VisualStudio.QualityTools.Tips.UnitTest.Adapter, Version=10.0.0.0, Culture=neutral, PublicKeyToken=b03f5f7f11d50a3a" className="PersistenceUnitTest.RandomAccessFileTest, PersistenceUnitTest" name="SeekTest" />
    </UnitTest>
    <UnitTest name="AssertNotBadNodeIndexTest" storage="c:\users\gwatson\desktop\sa\persistentarray\sadatabase\pllunittest\bin\debug\pllunittest.dll" id="63cc42b4-1dc6-41a3-f417-45c71de20956">
      <Execution id="58af8545-b924-4383-b006-2c0447cfe005" />
      <TestMethod codeBase="C:\Users\gwatson\Desktop\SA\PersistentArray\SADatabase\PLLUnitTest\bin\Debug\PLLUnitTest.dll" adapterTypeName="Microsoft.VisualStudio.TestTools.TestTypes.Unit.UnitTestAdapter, Microsoft.VisualStudio.QualityTools.Tips.UnitTest.Adapter, Version=10.0.0.0, Culture=neutral, PublicKeyToken=b03f5f7f11d50a3a" className="PLLUnitTest.PersistentLinkedListTest, PLLUnitTest" name="AssertNotBadNodeIndexTest" />
    </UnitTest>
    <UnitTest name="UserHeaderConstructorTest" storage="c:\users\gwatson\desktop\sa\persistentarray\sadatabase\filepersistenceunittest\bin\debug\filepersistenceunittest.dll" id="a9ffaa5b-f9ae-7924-38fd-a4efa57e9554">
      <Execution id="785f8354-e6fc-44d9-9f66-f8be1c8b75eb" />
      <TestMethod codeBase="C:\Users\gwatson\Desktop\SA\PersistentArray\SADatabase\FilePersistenceUnitTest\bin\Debug\FilePersistenceUnitTest.dll" adapterTypeName="Microsoft.VisualStudio.TestTools.TestTypes.Unit.UnitTestAdapter, Microsoft.VisualStudio.QualityTools.Tips.UnitTest.Adapter, Version=10.0.0.0, Culture=neutral, PublicKeyToken=b03f5f7f11d50a3a" className="FilePersistenceUnitTest.UserHeaderTest, FilePersistenceUnitTest" name="UserHeaderConstructorTest" />
    </UnitTest>
    <UnitTest name="GetNextTest" storage="c:\users\gwatson\desktop\sa\persistentarray\sadatabase\pllunittest\bin\debug\pllunittest.dll" id="ffe04048-3d0c-a00a-f497-66ad2a87b507">
      <Execution id="0cfcaf36-bc5f-4eae-91cc-56cb9659a2de" />
      <TestMethod codeBase="C:\Users\gwatson\Desktop\SA\PersistentArray\SADatabase\PLLUnitTest\bin\Debug\PLLUnitTest.dll" adapterTypeName="Microsoft.VisualStudio.TestTools.TestTypes.Unit.UnitTestAdapter, Microsoft.VisualStudio.QualityTools.Tips.UnitTest.Adapter, Version=10.0.0.0, Culture=neutral, PublicKeyToken=b03f5f7f11d50a3a" className="PLLUnitTest.PersistentLinkedListTest, PLLUnitTest" name="GetNextTest" />
    </UnitTest>
    <UnitTest name="DeserializeTest" storage="c:\users\gwatson\desktop\sa\persistentarray\sadatabase\phtunittest\bin\debug\phtunittest.dll" id="5e1a90a3-2d69-9f23-3961-d8b82f54f7e7">
      <Execution id="aea9ca3a-34c2-46fe-abdc-85a242fc0ecd" />
      <TestMethod codeBase="C:\Users\gwatson\Desktop\SA\PersistentArray\SADatabase\PHTUnitTest\bin\Debug\PHTUnitTest.dll" adapterTypeName="Microsoft.VisualStudio.TestTools.TestTypes.Unit.UnitTestAdapter, Microsoft.VisualStudio.QualityTools.Tips.UnitTest.Adapter, Version=10.0.0.0, Culture=neutral, PublicKeyToken=b03f5f7f11d50a3a" className="PHTUnitTest.HashTableHeaderTest, PHTUnitTest" name="DeserializeTest" />
    </UnitTest>
    <UnitTest name="Append1Test" storage="c:\users\gwatson\desktop\sa\persistentarray\sadatabase\bytehelperunittest\bin\debug\bytehelperunittest.dll" id="e489bd92-1fdb-dce0-d50f-126dc15b0598">
      <Execution id="e758adc5-009b-43a6-8126-753342aaa6ce" />
      <TestMethod codeBase="C:\Users\gwatson\Desktop\SA\PersistentArray\SADatabase\ByteHelperUnitTest\bin\Debug\ByteHelperUnitTest.dll" adapterTypeName="Microsoft.VisualStudio.TestTools.TestTypes.Unit.UnitTestAdapter, Microsoft.VisualStudio.QualityTools.Tips.UnitTest.Adapter, Version=10.0.0.0, Culture=neutral, PublicKeyToken=b03f5f7f11d50a3a" className="ByteHelperUnitTest.HelperTest, ByteHelperUnitTest" name="Append1Test" />
    </UnitTest>
    <UnitTest name="GetNextIndexTest" storage="c:\users\gwatson\desktop\sa\persistentarray\sadatabase\persistentarrayunittest\bin\debug\paunittest.dll" id="07414e15-0007-4d7b-15c6-ec13fc17ad8b">
      <Execution id="1a322db7-4f93-4afd-8a8c-da3ed2e2f51a" />
      <TestMethod codeBase="C:\Users\gwatson\Desktop\SA\PersistentArray\SADatabase\PersistentArrayUnitTest\bin\Debug\PAUnitTest.dll" adapterTypeName="Microsoft.VisualStudio.TestTools.TestTypes.Unit.UnitTestAdapter, Microsoft.VisualStudio.QualityTools.Tips.UnitTest.Adapter, Version=10.0.0.0, Culture=neutral, PublicKeyToken=b03f5f7f11d50a3a" className="PAUnitTest.IPersistentArrayTest, PAUnitTest" name="GetNextIndexTest" />
    </UnitTest>
    <UnitTest name="SizeInBytesTest" storage="c:\users\gwatson\desktop\sa\persistentarray\sadatabase\phmunittest\bin\debug\phmunittest.dll" id="282879a0-7b32-ff9a-e44c-1a4579417208">
      <Execution id="e5cc337e-e232-4d85-baf6-ccd3e6a3fc32" />
      <TestMethod codeBase="C:\Users\gwatson\Desktop\SA\PersistentArray\SADatabase\PHMUnitTest\bin\Debug\PHMUnitTest.dll" adapterTypeName="Microsoft.VisualStudio.TestTools.TestTypes.Unit.UnitTestAdapter, Microsoft.VisualStudio.QualityTools.Tips.UnitTest.Adapter, Version=10.0.0.0, Culture=neutral, PublicKeyToken=b03f5f7f11d50a3a" className="PHMUnitTest.PersistentHeapSpaceTest, PHMUnitTest" name="SizeInBytesTest" />
    </UnitTest>
    <UnitTest name="CreateTest" storage="c:\users\gwatson\desktop\sa\persistentarray\sadatabase\pllunittest\bin\debug\pllunittest.dll" id="fd2220b2-26eb-6999-62ad-4cbb765b850c">
      <Execution id="a0873ba6-bd79-43ec-b415-d1c7e048d59a" />
      <TestMethod codeBase="C:\Users\gwatson\Desktop\SA\PersistentArray\SADatabase\PLLUnitTest\bin\Debug\PLLUnitTest.dll" adapterTypeName="Microsoft.VisualStudio.TestTools.TestTypes.Unit.UnitTestAdapter, Microsoft.VisualStudio.QualityTools.Tips.UnitTest.Adapter, Version=10.0.0.0, Culture=neutral, PublicKeyToken=b03f5f7f11d50a3a" className="PLLUnitTest.PersistentLinkedListTest, PLLUnitTest" name="CreateTest" />
    </UnitTest>
    <UnitTest name="InsertThrowsTest" storage="c:\users\gwatson\desktop\sa\persistentarray\sadatabase\pllunittest\bin\debug\pllunittest.dll" id="7256c121-b7a1-76a6-3a43-87fec1af02da">
      <Execution id="a81fdcc9-5c1d-4a3d-b126-dbed411b4a76" />
      <TestMethod codeBase="C:\Users\gwatson\Desktop\SA\PersistentArray\SADatabase\PLLUnitTest\bin\Debug\PLLUnitTest.dll" adapterTypeName="Microsoft.VisualStudio.TestTools.TestTypes.Unit.UnitTestAdapter, Microsoft.VisualStudio.QualityTools.Tips.UnitTest.Adapter, Version=10.0.0.0, Culture=neutral, PublicKeyToken=b03f5f7f11d50a3a" className="PLLUnitTest.PersistentLinkedListTest, PLLUnitTest" name="InsertThrowsTest" />
    </UnitTest>
    <UnitTest name="CreateCtorTest" storage="c:\users\gwatson\desktop\sa\persistentarray\sadatabase\cpaunittest\bin\debug\cpaunittest.dll" id="414c1d58-8de9-a775-6ff6-4a9efb4178ab">
      <Execution id="2761a5ee-0fdb-40ca-ab98-729b1cfbb350" />
      <TestMethod codeBase="C:\Users\gwatson\Desktop\SA\PersistentArray\SADatabase\CPAUnitTest\bin\Debug\CPAUnitTest.dll" adapterTypeName="Microsoft.VisualStudio.TestTools.TestTypes.Unit.UnitTestAdapter, Microsoft.VisualStudio.QualityTools.Tips.UnitTest.Adapter, Version=10.0.0.0, Culture=neutral, PublicKeyToken=b03f5f7f11d50a3a" className="CPAUnitTest.CachedIArrayTest, CPAUnitTest" name="CreateCtorTest" />
    </UnitTest>
    <UnitTest name="CtorCreateTest" storage="c:\users\gwatson\desktop\sa\persistentarray\sadatabase\phmunittest\bin\debug\phmunittest.dll" id="c1c24e9f-1ef1-eaa1-585b-5748c70dad65">
      <Execution id="6c7e80b5-417e-4d8f-9a6b-9941dec3dcc9" />
      <TestMethod codeBase="C:\Users\gwatson\Desktop\SA\PersistentArray\SADatabase\PHMUnitTest\bin\Debug\PHMUnitTest.dll" adapterTypeName="Microsoft.VisualStudio.TestTools.TestTypes.Unit.UnitTestAdapter, Microsoft.VisualStudio.QualityTools.Tips.UnitTest.Adapter, Version=10.0.0.0, Culture=neutral, PublicKeyToken=b03f5f7f11d50a3a" className="PHMUnitTest.PersistentHeapTest, PHMUnitTest" name="CtorCreateTest" />
    </UnitTest>
    <UnitTest name="GetUserHeaderTest" storage="c:\users\gwatson\desktop\sa\persistentarray\sadatabase\pafsunittest\bin\debug\pafsunittest.dll" id="5e51bd1e-dd26-d7ed-b6ba-6a8f01ee0f1b">
      <Execution id="7087a506-6399-45a3-91ef-5b4b4d360548" />
      <TestMethod codeBase="C:\Users\gwatson\Desktop\SA\PersistentArray\SADatabase\PAFSUnitTest\bin\Debug\PAFSUnitTest.dll" adapterTypeName="Microsoft.VisualStudio.TestTools.TestTypes.Unit.UnitTestAdapter, Microsoft.VisualStudio.QualityTools.Tips.UnitTest.Adapter, Version=10.0.0.0, Culture=neutral, PublicKeyToken=b03f5f7f11d50a3a" className="PAFSUnitTest.IPersistentArraySpaceManagerTest, PAFSUnitTest" name="GetUserHeaderTest" />
    </UnitTest>
    <UnitTest name="LRUElementCacheCtorTest" storage="c:\users\gwatson\desktop\sa\persistentarray\sadatabase\cpaunittest\bin\debug\cpaunittest.dll" id="818a96ef-af23-e852-2659-31e5781f9e2c">
      <Execution id="1c86035c-0898-41ca-bddb-c7659a9ef875" />
      <TestMethod codeBase="C:\Users\gwatson\Desktop\SA\PersistentArray\SADatabase\CPAUnitTest\bin\Debug\CPAUnitTest.dll" adapterTypeName="Microsoft.VisualStudio.TestTools.TestTypes.Unit.UnitTestAdapter, Microsoft.VisualStudio.QualityTools.Tips.UnitTest.Adapter, Version=10.0.0.0, Culture=neutral, PublicKeyToken=b03f5f7f11d50a3a" className="CPAUnitTest.LRUElementCacheTest, CPAUnitTest" name="LRUElementCacheCtorTest" />
    </UnitTest>
    <UnitTest name="CtorTest" storage="c:\users\gwatson\desktop\sa\persistentarray\sadatabase\phmunittest\bin\debug\phmunittest.dll" id="dc59e212-85a1-3e76-d4aa-2b0731bd07f1">
      <Execution id="09bf89f7-f701-4e0e-87b9-4ce701580683" />
      <TestMethod codeBase="C:\Users\gwatson\Desktop\SA\PersistentArray\SADatabase\PHMUnitTest\bin\Debug\PHMUnitTest.dll" adapterTypeName="Microsoft.VisualStudio.TestTools.TestTypes.Unit.UnitTestAdapter, Microsoft.VisualStudio.QualityTools.Tips.UnitTest.Adapter, Version=10.0.0.0, Culture=neutral, PublicKeyToken=b03f5f7f11d50a3a" className="PHMUnitTest.PersistentHeapFreeSpaceTest, PHMUnitTest" name="CtorTest" />
    </UnitTest>
    <UnitTest name="GetTest" storage="c:\users\gwatson\desktop\sa\persistentarray\sadatabase\cpaunittest\bin\debug\cpaunittest.dll" id="4aeb4eda-2347-4daf-0915-85bd224c5d85">
      <Execution id="875f1356-c094-40b6-a3b0-cd5dc5b78c91" />
      <TestMethod codeBase="C:\Users\gwatson\Desktop\SA\PersistentArray\SADatabase\CPAUnitTest\bin\Debug\CPAUnitTest.dll" adapterTypeName="Microsoft.VisualStudio.TestTools.TestTypes.Unit.UnitTestAdapter, Microsoft.VisualStudio.QualityTools.Tips.UnitTest.Adapter, Version=10.0.0.0, Culture=neutral, PublicKeyToken=b03f5f7f11d50a3a" className="CPAUnitTest.CachedIArrayTest, CPAUnitTest" name="GetTest" />
    </UnitTest>
    <UnitTest name="CtorTest" storage="c:\users\gwatson\desktop\sa\persistentarray\sadatabase\phtunittest\bin\debug\phtunittest.dll" id="2ecace38-de69-65fe-78ba-795f763f7921">
      <Execution id="d8cbfeef-861a-4074-b187-a1cafa112665" />
      <TestMethod codeBase="C:\Users\gwatson\Desktop\SA\PersistentArray\SADatabase\PHTUnitTest\bin\Debug\PHTUnitTest.dll" adapterTypeName="Microsoft.VisualStudio.TestTools.TestTypes.Unit.UnitTestAdapter, Microsoft.VisualStudio.QualityTools.Tips.UnitTest.Adapter, Version=10.0.0.0, Culture=neutral, PublicKeyToken=b03f5f7f11d50a3a" className="PHTUnitTest.PersistentHashTableTest, PHTUnitTest" name="CtorTest" />
    </UnitTest>
    <UnitTest name="WriteToStorageTest" storage="c:\users\gwatson\desktop\sa\persistentarray\sadatabase\filepersistenceunittest\bin\debug\filepersistenceunittest.dll" id="2053caf7-0cee-71a7-c0a3-31f51653539e">
      <Execution id="b0b3f18f-eab2-4184-bfa3-14e9059972f8" />
      <TestMethod codeBase="C:\Users\gwatson\Desktop\SA\PersistentArray\SADatabase\FilePersistenceUnitTest\bin\Debug\FilePersistenceUnitTest.dll" adapterTypeName="Microsoft.VisualStudio.TestTools.TestTypes.Unit.UnitTestAdapter, Microsoft.VisualStudio.QualityTools.Tips.UnitTest.Adapter, Version=10.0.0.0, Culture=neutral, PublicKeyToken=b03f5f7f11d50a3a" className="FilePersistenceUnitTest.UserHeaderTest, FilePersistenceUnitTest" name="WriteToStorageTest" />
    </UnitTest>
    <UnitTest name="PutGetUserHeaderTest" storage="c:\users\gwatson\desktop\sa\persistentarray\sadatabase\cpaunittest\bin\debug\cpaunittest.dll" id="7ad6c21f-feaf-20c3-6794-ee2d02f21a1c">
      <Execution id="7ac69da5-da01-46d5-8e21-c30f46343648" />
      <TestMethod codeBase="C:\Users\gwatson\Desktop\SA\PersistentArray\SADatabase\CPAUnitTest\bin\Debug\CPAUnitTest.dll" adapterTypeName="Microsoft.VisualStudio.TestTools.TestTypes.Unit.UnitTestAdapter, Microsoft.VisualStudio.QualityTools.Tips.UnitTest.Adapter, Version=10.0.0.0, Culture=neutral, PublicKeyToken=b03f5f7f11d50a3a" className="CPAUnitTest.CachedIArrayTest, CPAUnitTest" name="PutGetUserHeaderTest" />
    </UnitTest>
    <UnitTest name="InsertLinksCorrectlyTest" storage="c:\users\gwatson\desktop\sa\persistentarray\sadatabase\pllunittest\bin\debug\pllunittest.dll" id="f0820a20-bffa-aca4-73b6-cb5b10486dcd">
      <Execution id="cdfaa790-9a99-4421-8016-5534683d5a84" />
      <TestMethod codeBase="C:\Users\gwatson\Desktop\SA\PersistentArray\SADatabase\PLLUnitTest\bin\Debug\PLLUnitTest.dll" adapterTypeName="Microsoft.VisualStudio.TestTools.TestTypes.Unit.UnitTestAdapter, Microsoft.VisualStudio.QualityTools.Tips.UnitTest.Adapter, Version=10.0.0.0, Culture=neutral, PublicKeyToken=b03f5f7f11d50a3a" className="PLLUnitTest.PersistentLinkedListTest, PLLUnitTest" name="InsertLinksCorrectlyTest" />
    </UnitTest>
    <UnitTest name="GetTest" storage="c:\users\gwatson\desktop\sa\persistentarray\sadatabase\cpaunittest\bin\debug\cpaunittest.dll" id="386c50f6-2d09-529c-8336-cdd485ffb439">
      <Execution id="8aa3198f-379d-4328-8202-6d99bf118756" />
      <TestMethod codeBase="C:\Users\gwatson\Desktop\SA\PersistentArray\SADatabase\CPAUnitTest\bin\Debug\CPAUnitTest.dll" adapterTypeName="Microsoft.VisualStudio.TestTools.TestTypes.Unit.UnitTestAdapter, Microsoft.VisualStudio.QualityTools.Tips.UnitTest.Adapter, Version=10.0.0.0, Culture=neutral, PublicKeyToken=b03f5f7f11d50a3a" className="CPAUnitTest.LRUElementCacheTest, CPAUnitTest" name="GetTest" />
    </UnitTest>
    <UnitTest name="SerializeTest" storage="c:\users\gwatson\desktop\sa\persistentarray\sadatabase\pafsunittest\bin\debug\pafsunittest.dll" id="dcd55a77-217b-2a2a-b734-243925f84d45">
      <Execution id="68f5436f-fb8c-4a35-9a0b-204955a2908e" />
      <TestMethod codeBase="C:\Users\gwatson\Desktop\SA\PersistentArray\SADatabase\PAFSUnitTest\bin\Debug\PAFSUnitTest.dll" adapterTypeName="Microsoft.VisualStudio.TestTools.TestTypes.Unit.UnitTestAdapter, Microsoft.VisualStudio.QualityTools.Tips.UnitTest.Adapter, Version=10.0.0.0, Culture=neutral, PublicKeyToken=b03f5f7f11d50a3a" className="PAFSUnitTest.PAFSHeaderTest, PAFSUnitTest" name="SerializeTest" />
    </UnitTest>
    <UnitTest name="ReadByteTest" storage="c:\users\gwatson\desktop\sa\persistentarray\sadatabase\persistenceunittest\bin\debug\persistenceunittest.dll" id="15eee5ec-03b7-2b3f-62ff-f766c0f78875">
      <Execution id="eeb22e3c-7a72-4b04-9e86-3d98b532fccb" />
      <TestMethod codeBase="C:\Users\gwatson\Desktop\SA\PersistentArray\SADatabase\PersistenceUnitTest\bin\Debug\PersistenceUnitTest.dll" adapterTypeName="Microsoft.VisualStudio.TestTools.TestTypes.Unit.UnitTestAdapter, Microsoft.VisualStudio.QualityTools.Tips.UnitTest.Adapter, Version=10.0.0.0, Culture=neutral, PublicKeyToken=b03f5f7f11d50a3a" className="PersistenceUnitTest.RandomAccessFileTest, PersistenceUnitTest" name="ReadByteTest" />
    </UnitTest>
    <UnitTest name="GetNextIndexTest" storage="c:\users\gwatson\desktop\sa\persistentarray\sadatabase\filepersistenceunittest\bin\debug\filepersistenceunittest.dll" id="44b2bd84-c18b-ffc2-bf52-0bd4506adf9f">
      <Execution id="0c540985-0498-40dc-ad05-11e0f252466c" />
      <TestMethod codeBase="C:\Users\gwatson\Desktop\SA\PersistentArray\SADatabase\FilePersistenceUnitTest\bin\Debug\FilePersistenceUnitTest.dll" adapterTypeName="Microsoft.VisualStudio.TestTools.TestTypes.Unit.UnitTestAdapter, Microsoft.VisualStudio.QualityTools.Tips.UnitTest.Adapter, Version=10.0.0.0, Culture=neutral, PublicKeyToken=b03f5f7f11d50a3a" className="FilePersistenceUnitTest.FileWithHeaderTest, FilePersistenceUnitTest" name="GetNextIndexTest" />
    </UnitTest>
    <UnitTest name="ElementCtorTest" storage="c:\users\gwatson\desktop\sa\persistentarray\sadatabase\persistentarrayunittest\bin\debug\paunittest.dll" id="d7a29e06-03fa-67e4-6f87-44c551f8b54e">
      <Execution id="88c6f31f-c11f-4369-882b-94e3b4f3e8a0" />
      <TestMethod codeBase="C:\Users\gwatson\Desktop\SA\PersistentArray\SADatabase\PersistentArrayUnitTest\bin\Debug\PAUnitTest.dll" adapterTypeName="Microsoft.VisualStudio.TestTools.TestTypes.Unit.UnitTestAdapter, Microsoft.VisualStudio.QualityTools.Tips.UnitTest.Adapter, Version=10.0.0.0, Culture=neutral, PublicKeyToken=b03f5f7f11d50a3a" className="PAUnitTest.ElementTest, PAUnitTest" name="ElementCtorTest" />
    </UnitTest>
    <UnitTest name="PutGetUserHeaderTest" storage="c:\users\gwatson\desktop\sa\persistentarray\sadatabase\phtunittest\bin\debug\phtunittest.dll" id="eba5dc6e-9bfa-ee02-4059-95270e8b548f">
      <Execution id="6a5075c6-921b-4f2c-8434-c202ceb7d767" />
      <TestMethod codeBase="C:\Users\gwatson\Desktop\SA\PersistentArray\SADatabase\PHTUnitTest\bin\Debug\PHTUnitTest.dll" adapterTypeName="Microsoft.VisualStudio.TestTools.TestTypes.Unit.UnitTestAdapter, Microsoft.VisualStudio.QualityTools.Tips.UnitTest.Adapter, Version=10.0.0.0, Culture=neutral, PublicKeyToken=b03f5f7f11d50a3a" className="PHTUnitTest.PersistentHashTableTest, PHTUnitTest" name="PutGetUserHeaderTest" />
    </UnitTest>
    <UnitTest name="SerializeTest" storage="c:\users\gwatson\desktop\sa\persistentarray\sadatabase\phtunittest\bin\debug\phtunittest.dll" id="ff3263d9-8c70-f60e-d721-c5d537b9f312">
      <Execution id="ef838c01-bf2e-4ffc-90a9-deb53ce810a8" />
      <TestMethod codeBase="C:\Users\gwatson\Desktop\SA\PersistentArray\SADatabase\PHTUnitTest\bin\Debug\PHTUnitTest.dll" adapterTypeName="Microsoft.VisualStudio.TestTools.TestTypes.Unit.UnitTestAdapter, Microsoft.VisualStudio.QualityTools.Tips.UnitTest.Adapter, Version=10.0.0.0, Culture=neutral, PublicKeyToken=b03f5f7f11d50a3a" className="PHTUnitTest.HashTableElementTest, PHTUnitTest" name="SerializeTest" />
    </UnitTest>
    <UnitTest name="ReadByteArrayTest" storage="c:\users\gwatson\desktop\sa\persistentarray\sadatabase\persistenceunittest\bin\debug\persistenceunittest.dll" id="965a56bb-5e93-1f41-fa3a-18161c642244">
      <Execution id="edcd7b08-e497-44cf-ab2b-a48eb681fa8f" />
      <TestMethod codeBase="C:\Users\gwatson\Desktop\SA\PersistentArray\SADatabase\PersistenceUnitTest\bin\Debug\PersistenceUnitTest.dll" adapterTypeName="Microsoft.VisualStudio.TestTools.TestTypes.Unit.UnitTestAdapter, Microsoft.VisualStudio.QualityTools.Tips.UnitTest.Adapter, Version=10.0.0.0, Culture=neutral, PublicKeyToken=b03f5f7f11d50a3a" className="PersistenceUnitTest.RandomAccessFileTest, PersistenceUnitTest" name="ReadByteArrayTest" />
    </UnitTest>
    <UnitTest name="SerializeTest" storage="c:\users\gwatson\desktop\sa\persistentarray\sadatabase\phmunittest\bin\debug\phmunittest.dll" id="f173e7fc-49c9-6230-eca2-9afec5f70750">
      <Execution id="811e8c43-df6a-4acf-a8ad-848d75263504" />
      <TestMethod codeBase="C:\Users\gwatson\Desktop\SA\PersistentArray\SADatabase\PHMUnitTest\bin\Debug\PHMUnitTest.dll" adapterTypeName="Microsoft.VisualStudio.TestTools.TestTypes.Unit.UnitTestAdapter, Microsoft.VisualStudio.QualityTools.Tips.UnitTest.Adapter, Version=10.0.0.0, Culture=neutral, PublicKeyToken=b03f5f7f11d50a3a" className="PHMUnitTest.PersistentHeapHeaderTest, PHMUnitTest" name="SerializeTest" />
    </UnitTest>
    <UnitTest name="FreeAddSpaceToEndOfFreeListTest" storage="c:\users\gwatson\desktop\sa\persistentarray\sadatabase\phmunittest\bin\debug\phmunittest.dll" id="9d918454-2feb-95e0-4026-22b2c4e3a005">
      <Execution id="1038666b-d501-486a-aac8-5d9a87b0cce4" />
      <TestMethod codeBase="C:\Users\gwatson\Desktop\SA\PersistentArray\SADatabase\PHMUnitTest\bin\Debug\PHMUnitTest.dll" adapterTypeName="Microsoft.VisualStudio.TestTools.TestTypes.Unit.UnitTestAdapter, Microsoft.VisualStudio.QualityTools.Tips.UnitTest.Adapter, Version=10.0.0.0, Culture=neutral, PublicKeyToken=b03f5f7f11d50a3a" className="PHMUnitTest.PersistentHeapTest, PHMUnitTest" name="FreeAddSpaceToEndOfFreeListTest" />
    </UnitTest>
    <UnitTest name="PutGetUserHeaderTest" storage="c:\users\gwatson\desktop\sa\persistentarray\sadatabase\phmunittest\bin\debug\phmunittest.dll" id="94000a80-807f-643f-04b5-3a8c67520adc">
      <Execution id="caf0442f-f388-4f32-ba86-968d528e4931" />
      <TestMethod codeBase="C:\Users\gwatson\Desktop\SA\PersistentArray\SADatabase\PHMUnitTest\bin\Debug\PHMUnitTest.dll" adapterTypeName="Microsoft.VisualStudio.TestTools.TestTypes.Unit.UnitTestAdapter, Microsoft.VisualStudio.QualityTools.Tips.UnitTest.Adapter, Version=10.0.0.0, Culture=neutral, PublicKeyToken=b03f5f7f11d50a3a" className="PHMUnitTest.PersistentHeapTest, PHMUnitTest" name="PutGetUserHeaderTest" />
    </UnitTest>
    <UnitTest name="FreeMiddleSpaceTest" storage="c:\users\gwatson\desktop\sa\persistentarray\sadatabase\phmunittest\bin\debug\phmunittest.dll" id="07fd6071-5ad6-8ae1-19db-6f86b098fff4">
      <Execution id="74ef15d4-ed21-4b77-82e9-539738b81b51" />
      <TestMethod codeBase="C:\Users\gwatson\Desktop\SA\PersistentArray\SADatabase\PHMUnitTest\bin\Debug\PHMUnitTest.dll" adapterTypeName="Microsoft.VisualStudio.TestTools.TestTypes.Unit.UnitTestAdapter, Microsoft.VisualStudio.QualityTools.Tips.UnitTest.Adapter, Version=10.0.0.0, Culture=neutral, PublicKeyToken=b03f5f7f11d50a3a" className="PHMUnitTest.PersistentHeapTest, PHMUnitTest" name="FreeMiddleSpaceTest" />
    </UnitTest>
    <UnitTest name="ReopenTest" storage="c:\users\gwatson\desktop\sa\persistentarray\sadatabase\phtunittest\bin\debug\phtunittest.dll" id="bfe87bac-e9fc-a821-d953-1eb8c9641d62">
      <Execution id="62355110-0bbd-45da-8428-33b090748afe" />
      <TestMethod codeBase="C:\Users\gwatson\Desktop\SA\PersistentArray\SADatabase\PHTUnitTest\bin\Debug\PHTUnitTest.dll" adapterTypeName="Microsoft.VisualStudio.TestTools.TestTypes.Unit.UnitTestAdapter, Microsoft.VisualStudio.QualityTools.Tips.UnitTest.Adapter, Version=10.0.0.0, Culture=neutral, PublicKeyToken=b03f5f7f11d50a3a" className="PHTUnitTest.PersistentHashTableTest, PHTUnitTest" name="ReopenTest" />
    </UnitTest>
    <UnitTest name="WriteReadStorageTest" storage="c:\users\gwatson\desktop\sa\persistentarray\sadatabase\persistentarrayunittest\bin\debug\paunittest.dll" id="402330e1-95b7-447a-93a7-af95d05ae424">
      <Execution id="81dcf724-43fb-4917-a6b9-10dfdab782ef" />
      <TestMethod codeBase="C:\Users\gwatson\Desktop\SA\PersistentArray\SADatabase\PersistentArrayUnitTest\bin\Debug\PAUnitTest.dll" adapterTypeName="Microsoft.VisualStudio.TestTools.TestTypes.Unit.UnitTestAdapter, Microsoft.VisualStudio.QualityTools.Tips.UnitTest.Adapter, Version=10.0.0.0, Culture=neutral, PublicKeyToken=b03f5f7f11d50a3a" className="PAUnitTest.ElementTest, PAUnitTest" name="WriteReadStorageTest" />
    </UnitTest>
    <UnitTest name="InsertTest" storage="c:\users\gwatson\desktop\sa\persistentarray\sadatabase\cpaunittest\bin\debug\cpaunittest.dll" id="affe1ef8-a55d-611e-f219-a825233a32ae">
      <Execution id="bedc6203-d60a-4a1e-8f15-56aec221aa5f" />
      <TestMethod codeBase="C:\Users\gwatson\Desktop\SA\PersistentArray\SADatabase\CPAUnitTest\bin\Debug\CPAUnitTest.dll" adapterTypeName="Microsoft.VisualStudio.TestTools.TestTypes.Unit.UnitTestAdapter, Microsoft.VisualStudio.QualityTools.Tips.UnitTest.Adapter, Version=10.0.0.0, Culture=neutral, PublicKeyToken=b03f5f7f11d50a3a" className="CPAUnitTest.LRUDoubleLinkedListTest, CPAUnitTest" name="InsertTest" />
    </UnitTest>
    <UnitTest name="FreeLastSpaceTest" storage="c:\users\gwatson\desktop\sa\persistentarray\sadatabase\phmunittest\bin\debug\phmunittest.dll" id="d87c9634-3232-495c-abe1-766a051a0ec6">
      <Execution id="b863fb05-0a9e-483e-a976-8e5ec097c945" />
      <TestMethod codeBase="C:\Users\gwatson\Desktop\SA\PersistentArray\SADatabase\PHMUnitTest\bin\Debug\PHMUnitTest.dll" adapterTypeName="Microsoft.VisualStudio.TestTools.TestTypes.Unit.UnitTestAdapter, Microsoft.VisualStudio.QualityTools.Tips.UnitTest.Adapter, Version=10.0.0.0, Culture=neutral, PublicKeyToken=b03f5f7f11d50a3a" className="PHMUnitTest.PersistentHeapTest, PHMUnitTest" name="FreeLastSpaceTest" />
    </UnitTest>
    <UnitTest name="DeserializeTest" storage="c:\users\gwatson\desktop\sa\persistentarray\sadatabase\pafsunittest\bin\debug\pafsunittest.dll" id="082e8e55-223e-051e-386f-e304fa6d81fc">
      <Execution id="2ed20b36-d64c-49f0-bff2-7ad4a442fb7b" />
      <TestMethod codeBase="C:\Users\gwatson\Desktop\SA\PersistentArray\SADatabase\PAFSUnitTest\bin\Debug\PAFSUnitTest.dll" adapterTypeName="Microsoft.VisualStudio.TestTools.TestTypes.Unit.UnitTestAdapter, Microsoft.VisualStudio.QualityTools.Tips.UnitTest.Adapter, Version=10.0.0.0, Culture=neutral, PublicKeyToken=b03f5f7f11d50a3a" className="PAFSUnitTest.PAFSHeaderTest, PAFSUnitTest" name="DeserializeTest" />
    </UnitTest>
    <UnitTest name="GetPutUserHeaderTest" storage="c:\users\gwatson\desktop\sa\persistentarray\sadatabase\persistentarrayunittest\bin\debug\paunittest.dll" id="d7cc34f6-78d2-eecf-5b9f-ab76bb86da71">
      <Execution id="cdd334d9-a5d1-4e96-a169-fce938a3bd53" />
      <TestMethod codeBase="C:\Users\gwatson\Desktop\SA\PersistentArray\SADatabase\PersistentArrayUnitTest\bin\Debug\PAUnitTest.dll" adapterTypeName="Microsoft.VisualStudio.TestTools.TestTypes.Unit.UnitTestAdapter, Microsoft.VisualStudio.QualityTools.Tips.UnitTest.Adapter, Version=10.0.0.0, Culture=neutral, PublicKeyToken=b03f5f7f11d50a3a" className="PAUnitTest.IPersistentArrayTest, PAUnitTest" name="GetPutUserHeaderTest" />
    </UnitTest>
    <UnitTest name="CloseTest" storage="c:\users\gwatson\desktop\sa\persistentarray\sadatabase\persistenceunittest\bin\debug\persistenceunittest.dll" id="77c4d4bd-5fbe-4bd1-86c3-f6e38810414b">
      <Execution id="2c39c8c4-1082-481f-a25f-76d5b3a0e8bb" />
      <TestMethod codeBase="C:\Users\gwatson\Desktop\SA\PersistentArray\SADatabase\PersistenceUnitTest\bin\Debug\PersistenceUnitTest.dll" adapterTypeName="Microsoft.VisualStudio.TestTools.TestTypes.Unit.UnitTestAdapter, Microsoft.VisualStudio.QualityTools.Tips.UnitTest.Adapter, Version=10.0.0.0, Culture=neutral, PublicKeyToken=b03f5f7f11d50a3a" className="PersistenceUnitTest.RandomAccessFileTest, PersistenceUnitTest" name="CloseTest" />
    </UnitTest>
    <UnitTest name="LRUDoublyLinkedListCtorTest" storage="c:\users\gwatson\desktop\sa\persistentarray\sadatabase\cpaunittest\bin\debug\cpaunittest.dll" id="ea353cbf-1840-4b47-9557-83373d54727c">
      <Execution id="3317c37a-2836-4cd6-8a1d-1b81af931aab" />
      <TestMethod codeBase="C:\Users\gwatson\Desktop\SA\PersistentArray\SADatabase\CPAUnitTest\bin\Debug\CPAUnitTest.dll" adapterTypeName="Microsoft.VisualStudio.TestTools.TestTypes.Unit.UnitTestAdapter, Microsoft.VisualStudio.QualityTools.Tips.UnitTest.Adapter, Version=10.0.0.0, Culture=neutral, PublicKeyToken=b03f5f7f11d50a3a" className="CPAUnitTest.LRUDoubleLinkedListTest, CPAUnitTest" name="LRUDoublyLinkedListCtorTest" />
    </UnitTest>
    <UnitTest name="FreeAddSpaceToMiddleOfFreeListTest" storage="c:\users\gwatson\desktop\sa\persistentarray\sadatabase\phmunittest\bin\debug\phmunittest.dll" id="39634d81-9688-20c8-d77f-ba195db41378">
      <Execution id="c038d055-2530-4d8b-8990-7246f2e41a3f" />
      <TestMethod codeBase="C:\Users\gwatson\Desktop\SA\PersistentArray\SADatabase\PHMUnitTest\bin\Debug\PHMUnitTest.dll" adapterTypeName="Microsoft.VisualStudio.TestTools.TestTypes.Unit.UnitTestAdapter, Microsoft.VisualStudio.QualityTools.Tips.UnitTest.Adapter, Version=10.0.0.0, Culture=neutral, PublicKeyToken=b03f5f7f11d50a3a" className="PHMUnitTest.PersistentHeapTest, PHMUnitTest" name="FreeAddSpaceToMiddleOfFreeListTest" />
    </UnitTest>
    <UnitTest name="AddAfterTest" storage="c:\users\gwatson\desktop\sa\persistentarray\sadatabase\pllunittest\bin\debug\pllunittest.dll" id="0f7dd13b-d69f-2fef-8f8e-80f7ee7968ec">
      <Execution id="c93787ff-43e6-468a-9444-57425ed7c04d" />
      <TestMethod codeBase="C:\Users\gwatson\Desktop\SA\PersistentArray\SADatabase\PLLUnitTest\bin\Debug\PLLUnitTest.dll" adapterTypeName="Microsoft.VisualStudio.TestTools.TestTypes.Unit.UnitTestAdapter, Microsoft.VisualStudio.QualityTools.Tips.UnitTest.Adapter, Version=10.0.0.0, Culture=neutral, PublicKeyToken=b03f5f7f11d50a3a" className="PLLUnitTest.PersistentLinkedListTest, PLLUnitTest" name="AddAfterTest" />
    </UnitTest>
    <UnitTest name="CtorTest" storage="c:\users\gwatson\desktop\sa\persistentarray\sadatabase\phmunittest\bin\debug\phmunittest.dll" id="9c490088-6ee6-56ec-8017-95f63def4429">
      <Execution id="a9a8464d-21f9-42b0-958b-56ee5aafc081" />
      <TestMethod codeBase="C:\Users\gwatson\Desktop\SA\PersistentArray\SADatabase\PHMUnitTest\bin\Debug\PHMUnitTest.dll" adapterTypeName="Microsoft.VisualStudio.TestTools.TestTypes.Unit.UnitTestAdapter, Microsoft.VisualStudio.QualityTools.Tips.UnitTest.Adapter, Version=10.0.0.0, Culture=neutral, PublicKeyToken=b03f5f7f11d50a3a" className="PHMUnitTest.PersistentHeapSpaceTest, PHMUnitTest" name="CtorTest" />
    </UnitTest>
    <UnitTest name="RemoveEndTest" storage="c:\users\gwatson\desktop\sa\persistentarray\sadatabase\cpaunittest\bin\debug\cpaunittest.dll" id="2034f3b2-84ce-b459-b009-777707c460e9">
      <Execution id="9873924c-f5ff-42cb-9c91-e1bc6e5ab2eb" />
      <TestMethod codeBase="C:\Users\gwatson\Desktop\SA\PersistentArray\SADatabase\CPAUnitTest\bin\Debug\CPAUnitTest.dll" adapterTypeName="Microsoft.VisualStudio.TestTools.TestTypes.Unit.UnitTestAdapter, Microsoft.VisualStudio.QualityTools.Tips.UnitTest.Adapter, Version=10.0.0.0, Culture=neutral, PublicKeyToken=b03f5f7f11d50a3a" className="CPAUnitTest.LRUDoubleLinkedListTest, CPAUnitTest" name="RemoveEndTest" />
    </UnitTest>
    <UnitTest name="GetDataTest" storage="c:\users\gwatson\desktop\sa\persistentarray\sadatabase\pllunittest\bin\debug\pllunittest.dll" id="45dc2f0e-4af7-fb97-54f6-bad15d2a2da4">
      <Execution id="95f78893-908c-4e18-bcaa-5b0c51a9fbcd" />
      <TestMethod codeBase="C:\Users\gwatson\Desktop\SA\PersistentArray\SADatabase\PLLUnitTest\bin\Debug\PLLUnitTest.dll" adapterTypeName="Microsoft.VisualStudio.TestTools.TestTypes.Unit.UnitTestAdapter, Microsoft.VisualStudio.QualityTools.Tips.UnitTest.Adapter, Version=10.0.0.0, Culture=neutral, PublicKeyToken=b03f5f7f11d50a3a" className="PLLUnitTest.PersistentLinkedListTest, PLLUnitTest" name="GetDataTest" />
    </UnitTest>
    <UnitTest name="ToBytesTest" storage="c:\users\gwatson\desktop\sa\persistentarray\sadatabase\bytehelperunittest\bin\debug\bytehelperunittest.dll" id="1a92d4c6-be2c-ef6c-e2d4-ccc5f0564285">
      <Execution id="42ac53e8-7393-4ea1-9a14-3c359335d96a" />
      <TestMethod codeBase="C:\Users\gwatson\Desktop\SA\PersistentArray\SADatabase\ByteHelperUnitTest\bin\Debug\ByteHelperUnitTest.dll" adapterTypeName="Microsoft.VisualStudio.TestTools.TestTypes.Unit.UnitTestAdapter, Microsoft.VisualStudio.QualityTools.Tips.UnitTest.Adapter, Version=10.0.0.0, Culture=neutral, PublicKeyToken=b03f5f7f11d50a3a" className="ByteHelperUnitTest.HelperTest, ByteHelperUnitTest" name="ToBytesTest" />
    </UnitTest>
    <UnitTest name="GetRangeTest" storage="c:\users\gwatson\desktop\sa\persistentarray\sadatabase\filepersistenceunittest\bin\debug\filepersistenceunittest.dll" id="15446eac-e5d1-8f0a-f744-cb3cd9c641c7">
      <Execution id="033f3dd3-c47f-48aa-82a6-65ab6bdf4a2a" />
      <TestMethod codeBase="C:\Users\gwatson\Desktop\SA\PersistentArray\SADatabase\FilePersistenceUnitTest\bin\Debug\FilePersistenceUnitTest.dll" adapterTypeName="Microsoft.VisualStudio.TestTools.TestTypes.Unit.UnitTestAdapter, Microsoft.VisualStudio.QualityTools.Tips.UnitTest.Adapter, Version=10.0.0.0, Culture=neutral, PublicKeyToken=b03f5f7f11d50a3a" className="FilePersistenceUnitTest.FileWithHeaderTest, FilePersistenceUnitTest" name="GetRangeTest" />
    </UnitTest>
    <UnitTest name="CtorTest" storage="c:\users\gwatson\desktop\sa\persistentarray\sadatabase\pllunittest\bin\debug\pllunittest.dll" id="51fbe3ee-5d05-0bea-05a3-3f4776bc717b">
      <Execution id="f97c7a62-fb48-40b0-b341-61c30c87aaa3" />
      <TestMethod codeBase="C:\Users\gwatson\Desktop\SA\PersistentArray\SADatabase\PLLUnitTest\bin\Debug\PLLUnitTest.dll" adapterTypeName="Microsoft.VisualStudio.TestTools.TestTypes.Unit.UnitTestAdapter, Microsoft.VisualStudio.QualityTools.Tips.UnitTest.Adapter, Version=10.0.0.0, Culture=neutral, PublicKeyToken=b03f5f7f11d50a3a" className="PLLUnitTest.LinkedListElementTest, PLLUnitTest" name="CtorTest" />
    </UnitTest>
    <UnitTest name="AllocateTooSmallSize" storage="c:\users\gwatson\desktop\sa\persistentarray\sadatabase\phmunittest\bin\debug\phmunittest.dll" id="babca73d-0229-c679-426c-78953c0ec145">
      <Execution id="dbd72e32-3dc9-4e81-b3ea-231cc3b19303" />
      <TestMethod codeBase="C:\Users\gwatson\Desktop\SA\PersistentArray\SADatabase\PHMUnitTest\bin\Debug\PHMUnitTest.dll" adapterTypeName="Microsoft.VisualStudio.TestTools.TestTypes.Unit.UnitTestAdapter, Microsoft.VisualStudio.QualityTools.Tips.UnitTest.Adapter, Version=10.0.0.0, Culture=neutral, PublicKeyToken=b03f5f7f11d50a3a" className="PHMUnitTest.PersistentHeapTest, PHMUnitTest" name="AllocateTooSmallSize" />
    </UnitTest>
    <UnitTest name="AllocateInARowTest" storage="c:\users\gwatson\desktop\sa\persistentarray\sadatabase\phmunittest\bin\debug\phmunittest.dll" id="b63109c3-d21b-a6f8-7d7d-88020a21d390">
      <Execution id="65b00b75-8e0e-49d0-8609-dabb48866756" />
      <TestMethod codeBase="C:\Users\gwatson\Desktop\SA\PersistentArray\SADatabase\PHMUnitTest\bin\Debug\PHMUnitTest.dll" adapterTypeName="Microsoft.VisualStudio.TestTools.TestTypes.Unit.UnitTestAdapter, Microsoft.VisualStudio.QualityTools.Tips.UnitTest.Adapter, Version=10.0.0.0, Culture=neutral, PublicKeyToken=b03f5f7f11d50a3a" className="PHMUnitTest.PersistentHeapTest, PHMUnitTest" name="AllocateInARowTest" />
    </UnitTest>
    <UnitTest name="RemoveCollisionTest" storage="c:\users\gwatson\desktop\sa\persistentarray\sadatabase\phtunittest\bin\debug\phtunittest.dll" id="1510b5de-0adc-d68f-397e-304b14d0d872">
      <Execution id="d99e0506-8efd-44f6-b352-a9af509f3d40" />
      <TestMethod codeBase="C:\Users\gwatson\Desktop\SA\PersistentArray\SADatabase\PHTUnitTest\bin\Debug\PHTUnitTest.dll" adapterTypeName="Microsoft.VisualStudio.TestTools.TestTypes.Unit.UnitTestAdapter, Microsoft.VisualStudio.QualityTools.Tips.UnitTest.Adapter, Version=10.0.0.0, Culture=neutral, PublicKeyToken=b03f5f7f11d50a3a" className="PHTUnitTest.PersistentHashTableTest, PHTUnitTest" name="RemoveCollisionTest" />
    </UnitTest>
    <UnitTest name="LengthTest" storage="c:\users\gwatson\desktop\sa\persistentarray\sadatabase\pllunittest\bin\debug\pllunittest.dll" id="e7921d23-7b31-8b43-d930-5a3bc89a44b3">
      <Execution id="2cfa1256-78de-4574-8fcd-b6fc4e08ec52" />
      <TestMethod codeBase="C:\Users\gwatson\Desktop\SA\PersistentArray\SADatabase\PLLUnitTest\bin\Debug\PLLUnitTest.dll" adapterTypeName="Microsoft.VisualStudio.TestTools.TestTypes.Unit.UnitTestAdapter, Microsoft.VisualStudio.QualityTools.Tips.UnitTest.Adapter, Version=10.0.0.0, Culture=neutral, PublicKeyToken=b03f5f7f11d50a3a" className="PLLUnitTest.PersistentLinkedListTest, PLLUnitTest" name="LengthTest" />
    </UnitTest>
    <UnitTest name="GetElementSizeTest" storage="c:\users\gwatson\desktop\sa\persistentarray\sadatabase\pllunittest\bin\debug\pllunittest.dll" id="a54f2629-8741-9051-67a0-e1a8c4b5ea10">
      <Execution id="cb84e158-8712-4a72-91d1-1b6b6c00688d" />
      <TestMethod codeBase="C:\Users\gwatson\Desktop\SA\PersistentArray\SADatabase\PLLUnitTest\bin\Debug\PLLUnitTest.dll" adapterTypeName="Microsoft.VisualStudio.TestTools.TestTypes.Unit.UnitTestAdapter, Microsoft.VisualStudio.QualityTools.Tips.UnitTest.Adapter, Version=10.0.0.0, Culture=neutral, PublicKeyToken=b03f5f7f11d50a3a" className="PLLUnitTest.PersistentLinkedListTest, PLLUnitTest" name="GetElementSizeTest" />
    </UnitTest>
    <UnitTest name="GetUserHeaderSizeTest" storage="c:\users\gwatson\desktop\sa\persistentarray\sadatabase\pllunittest\bin\debug\pllunittest.dll" id="c0ed1de9-8e4d-8e00-a4bf-c9b99057cab2">
      <Execution id="2556f84a-c491-4ece-a96b-bce096c27977" />
      <TestMethod codeBase="C:\Users\gwatson\Desktop\SA\PersistentArray\SADatabase\PLLUnitTest\bin\Debug\PLLUnitTest.dll" adapterTypeName="Microsoft.VisualStudio.TestTools.TestTypes.Unit.UnitTestAdapter, Microsoft.VisualStudio.QualityTools.Tips.UnitTest.Adapter, Version=10.0.0.0, Culture=neutral, PublicKeyToken=b03f5f7f11d50a3a" className="PLLUnitTest.PersistentLinkedListTest, PLLUnitTest" name="GetUserHeaderSizeTest" />
    </UnitTest>
    <UnitTest name="GetLastTest" storage="c:\users\gwatson\desktop\sa\persistentarray\sadatabase\pllunittest\bin\debug\pllunittest.dll" id="f8dab570-907f-9537-fb70-c2f0ade97939">
      <Execution id="4b136cbf-fe61-453d-961a-cca84c377815" />
      <TestMethod codeBase="C:\Users\gwatson\Desktop\SA\PersistentArray\SADatabase\PLLUnitTest\bin\Debug\PLLUnitTest.dll" adapterTypeName="Microsoft.VisualStudio.TestTools.TestTypes.Unit.UnitTestAdapter, Microsoft.VisualStudio.QualityTools.Tips.UnitTest.Adapter, Version=10.0.0.0, Culture=neutral, PublicKeyToken=b03f5f7f11d50a3a" className="PLLUnitTest.PersistentLinkedListTest, PLLUnitTest" name="GetLastTest" />
    </UnitTest>
    <UnitTest name="FreeFirstSpaceTest" storage="c:\users\gwatson\desktop\sa\persistentarray\sadatabase\phmunittest\bin\debug\phmunittest.dll" id="9d779dd2-fb32-aae7-ec06-52a95bc58283">
      <Execution id="77b98afe-e233-46e0-9a01-2222c93b754e" />
      <TestMethod codeBase="C:\Users\gwatson\Desktop\SA\PersistentArray\SADatabase\PHMUnitTest\bin\Debug\PHMUnitTest.dll" adapterTypeName="Microsoft.VisualStudio.TestTools.TestTypes.Unit.UnitTestAdapter, Microsoft.VisualStudio.QualityTools.Tips.UnitTest.Adapter, Version=10.0.0.0, Culture=neutral, PublicKeyToken=b03f5f7f11d50a3a" className="PHMUnitTest.PersistentHeapTest, PHMUnitTest" name="FreeFirstSpaceTest" />
    </UnitTest>
    <UnitTest name="FreeMergeAfterTest" storage="c:\users\gwatson\desktop\sa\persistentarray\sadatabase\phmunittest\bin\debug\phmunittest.dll" id="c34800c1-01aa-78c5-5769-4dd04c7cc3d9">
      <Execution id="8277289c-c96a-439e-a120-04cadca03031" />
      <TestMethod codeBase="C:\Users\gwatson\Desktop\SA\PersistentArray\SADatabase\PHMUnitTest\bin\Debug\PHMUnitTest.dll" adapterTypeName="Microsoft.VisualStudio.TestTools.TestTypes.Unit.UnitTestAdapter, Microsoft.VisualStudio.QualityTools.Tips.UnitTest.Adapter, Version=10.0.0.0, Culture=neutral, PublicKeyToken=b03f5f7f11d50a3a" className="PHMUnitTest.PersistentHeapTest, PHMUnitTest" name="FreeMergeAfterTest" />
    </UnitTest>
    <UnitTest name="CtorTest" storage="c:\users\gwatson\desktop\sa\persistentarray\sadatabase\phmunittest\bin\debug\phmunittest.dll" id="4cca534d-1656-b797-40e9-49330488cbbd">
      <Execution id="0e39e351-32f9-4faa-8cc3-449f7a3f5d68" />
      <TestMethod codeBase="C:\Users\gwatson\Desktop\SA\PersistentArray\SADatabase\PHMUnitTest\bin\Debug\PHMUnitTest.dll" adapterTypeName="Microsoft.VisualStudio.TestTools.TestTypes.Unit.UnitTestAdapter, Microsoft.VisualStudio.QualityTools.Tips.UnitTest.Adapter, Version=10.0.0.0, Culture=neutral, PublicKeyToken=b03f5f7f11d50a3a" className="PHMUnitTest.PersistentHeapHeaderTest, PHMUnitTest" name="CtorTest" />
    </UnitTest>
    <UnitTest name="PutGetTest" storage="c:\users\gwatson\desktop\sa\persistentarray\sadatabase\phtunittest\bin\debug\phtunittest.dll" id="ae4afa1c-c8fc-91b6-80ab-c1099e1a8a46">
      <Execution id="9f44c426-c3e4-45a9-a742-8fec7fd8ccef" />
      <TestMethod codeBase="C:\Users\gwatson\Desktop\SA\PersistentArray\SADatabase\PHTUnitTest\bin\Debug\PHTUnitTest.dll" adapterTypeName="Microsoft.VisualStudio.TestTools.TestTypes.Unit.UnitTestAdapter, Microsoft.VisualStudio.QualityTools.Tips.UnitTest.Adapter, Version=10.0.0.0, Culture=neutral, PublicKeyToken=b03f5f7f11d50a3a" className="PHTUnitTest.PersistentHashTableTest, PHTUnitTest" name="PutGetTest" />
    </UnitTest>
    <UnitTest name="ReadIntTest" storage="c:\users\gwatson\desktop\sa\persistentarray\sadatabase\persistenceunittest\bin\debug\persistenceunittest.dll" id="7a09d037-6583-9dab-921a-9e399b5c9547">
      <Execution id="4848bf79-5f8d-4dc5-a8a7-ff6869ffb936" />
      <TestMethod codeBase="C:\Users\gwatson\Desktop\SA\PersistentArray\SADatabase\PersistenceUnitTest\bin\Debug\PersistenceUnitTest.dll" adapterTypeName="Microsoft.VisualStudio.TestTools.TestTypes.Unit.UnitTestAdapter, Microsoft.VisualStudio.QualityTools.Tips.UnitTest.Adapter, Version=10.0.0.0, Culture=neutral, PublicKeyToken=b03f5f7f11d50a3a" className="PersistenceUnitTest.RandomAccessFileTest, PersistenceUnitTest" name="ReadIntTest" />
    </UnitTest>
    <UnitTest name="DataTest" storage="c:\users\gwatson\desktop\sa\persistentarray\sadatabase\filepersistenceunittest\bin\debug\filepersistenceunittest.dll" id="01bc45a5-2d07-66b6-930e-fc2b22c4f6e2">
      <Execution id="598a80a6-a1dd-4940-8ff8-3b02daec4528" />
      <TestMethod codeBase="C:\Users\gwatson\Desktop\SA\PersistentArray\SADatabase\FilePersistenceUnitTest\bin\Debug\FilePersistenceUnitTest.dll" adapterTypeName="Microsoft.VisualStudio.TestTools.TestTypes.Unit.UnitTestAdapter, Microsoft.VisualStudio.QualityTools.Tips.UnitTest.Adapter, Version=10.0.0.0, Culture=neutral, PublicKeyToken=b03f5f7f11d50a3a" className="FilePersistenceUnitTest.UserHeaderTest, FilePersistenceUnitTest" name="DataTest" />
    </UnitTest>
    <UnitTest name="PutGetUserHeaderTest" storage="c:\users\gwatson\desktop\sa\persistentarray\sadatabase\pllunittest\bin\debug\pllunittest.dll" id="11201bbf-151b-a78e-02fa-23b7cbfebd28">
      <Execution id="fba8b547-9b02-4113-b54e-0533cec364f5" />
      <TestMethod codeBase="C:\Users\gwatson\Desktop\SA\PersistentArray\SADatabase\PLLUnitTest\bin\Debug\PLLUnitTest.dll" adapterTypeName="Microsoft.VisualStudio.TestTools.TestTypes.Unit.UnitTestAdapter, Microsoft.VisualStudio.QualityTools.Tips.UnitTest.Adapter, Version=10.0.0.0, Culture=neutral, PublicKeyToken=b03f5f7f11d50a3a" className="PLLUnitTest.PersistentLinkedListTest, PLLUnitTest" name="PutGetUserHeaderTest" />
    </UnitTest>
    <UnitTest name="GetHeaderSizeTest" storage="c:\users\gwatson\desktop\sa\persistentarray\sadatabase\pafsunittest\bin\debug\pafsunittest.dll" id="13caa2ac-a8f6-fd8d-092b-4da64a664c5a">
      <Execution id="081c9a67-3448-48ed-bda7-704cfde5fc7c" />
      <TestMethod codeBase="C:\Users\gwatson\Desktop\SA\PersistentArray\SADatabase\PAFSUnitTest\bin\Debug\PAFSUnitTest.dll" adapterTypeName="Microsoft.VisualStudio.TestTools.TestTypes.Unit.UnitTestAdapter, Microsoft.VisualStudio.QualityTools.Tips.UnitTest.Adapter, Version=10.0.0.0, Culture=neutral, PublicKeyToken=b03f5f7f11d50a3a" className="PAFSUnitTest.PAFSHeaderTest, PAFSUnitTest" name="GetHeaderSizeTest" />
    </UnitTest>
    <UnitTest name="MultitonTest" storage="c:\users\gwatson\desktop\sa\persistentarray\sadatabase\filepersistenceunittest\bin\debug\filepersistenceunittest.dll" id="e4d4bf05-87c5-ae25-1539-415c4a3fabe0">
      <Execution id="090b7674-8c8b-4deb-9739-5ace0fc81b75" />
      <TestMethod codeBase="C:\Users\gwatson\Desktop\SA\PersistentArray\SADatabase\FilePersistenceUnitTest\bin\Debug\FilePersistenceUnitTest.dll" adapterTypeName="Microsoft.VisualStudio.TestTools.TestTypes.Unit.UnitTestAdapter, Microsoft.VisualStudio.QualityTools.Tips.UnitTest.Adapter, Version=10.0.0.0, Culture=neutral, PublicKeyToken=b03f5f7f11d50a3a" className="FilePersistenceUnitTest.StorageMultitonTest, FilePersistenceUnitTest" name="MultitonTest" />
    </UnitTest>
    <UnitTest name="CtorTest" storage="c:\users\gwatson\desktop\sa\persistentarray\sadatabase\pafsunittest\bin\debug\pafsunittest.dll" id="1fbff0c8-5e86-4d43-10de-791509c0db36">
      <Execution id="5ec724b7-25be-4ce9-8efa-8342766618e7" />
      <TestMethod codeBase="C:\Users\gwatson\Desktop\SA\PersistentArray\SADatabase\PAFSUnitTest\bin\Debug\PAFSUnitTest.dll" adapterTypeName="Microsoft.VisualStudio.TestTools.TestTypes.Unit.UnitTestAdapter, Microsoft.VisualStudio.QualityTools.Tips.UnitTest.Adapter, Version=10.0.0.0, Culture=neutral, PublicKeyToken=b03f5f7f11d50a3a" className="PAFSUnitTest.PAFSHeaderTest, PAFSUnitTest" name="CtorTest" />
    </UnitTest>
    <UnitTest name="AllocateBlockTest" storage="c:\users\gwatson\desktop\sa\persistentarray\sadatabase\pafsunittest\bin\debug\pafsunittest.dll" id="56a5f4f5-9d87-5588-a513-0fe0d7c30e0a">
      <Execution id="495ff5a9-970a-495c-a66e-c00fa1a48071" />
      <TestMethod codeBase="C:\Users\gwatson\Desktop\SA\PersistentArray\SADatabase\PAFSUnitTest\bin\Debug\PAFSUnitTest.dll" adapterTypeName="Microsoft.VisualStudio.TestTools.TestTypes.Unit.UnitTestAdapter, Microsoft.VisualStudio.QualityTools.Tips.UnitTest.Adapter, Version=10.0.0.0, Culture=neutral, PublicKeyToken=b03f5f7f11d50a3a" className="PAFSUnitTest.IPersistentArraySpaceManagerTest, PAFSUnitTest" name="AllocateBlockTest" />
    </UnitTest>
    <UnitTest name="RemoveTest" storage="c:\users\gwatson\desktop\sa\persistentarray\sadatabase\phtunittest\bin\debug\phtunittest.dll" id="00175a47-f5ac-5833-baf2-7cf7b4a44a19">
      <Execution id="2a241642-c270-45f7-a3ff-8ce183fbbc54" />
      <TestMethod codeBase="C:\Users\gwatson\Desktop\SA\PersistentArray\SADatabase\PHTUnitTest\bin\Debug\PHTUnitTest.dll" adapterTypeName="Microsoft.VisualStudio.TestTools.TestTypes.Unit.UnitTestAdapter, Microsoft.VisualStudio.QualityTools.Tips.UnitTest.Adapter, Version=10.0.0.0, Culture=neutral, PublicKeyToken=b03f5f7f11d50a3a" className="PHTUnitTest.PersistentHashTableTest, PHTUnitTest" name="RemoveTest" />
    </UnitTest>
    <UnitTest name="UpdateTest" storage="c:\users\gwatson\desktop\sa\persistentarray\sadatabase\pllunittest\bin\debug\pllunittest.dll" id="8bf66a88-08b1-206e-6e7a-07808be453b9">
      <Execution id="886fb024-4a83-4555-89a1-d30c37c0ec49" />
      <TestMethod codeBase="C:\Users\gwatson\Desktop\SA\PersistentArray\SADatabase\PLLUnitTest\bin\Debug\PLLUnitTest.dll" adapterTypeName="Microsoft.VisualStudio.TestTools.TestTypes.Unit.UnitTestAdapter, Microsoft.VisualStudio.QualityTools.Tips.UnitTest.Adapter, Version=10.0.0.0, Culture=neutral, PublicKeyToken=b03f5f7f11d50a3a" className="PLLUnitTest.PersistentLinkedListTest, PLLUnitTest" name="UpdateTest" />
    </UnitTest>
    <UnitTest name="GetUserHeaderSizeTest" storage="c:\users\gwatson\desktop\sa\persistentarray\sadatabase\phmunittest\bin\debug\phmunittest.dll" id="a4c6cc76-2922-41eb-a81b-35a8f1fc4233">
      <Execution id="5a0dbb1f-f3af-4c04-b87e-ab8c5d13e9f3" />
      <TestMethod codeBase="C:\Users\gwatson\Desktop\SA\PersistentArray\SADatabase\PHMUnitTest\bin\Debug\PHMUnitTest.dll" adapterTypeName="Microsoft.VisualStudio.TestTools.TestTypes.Unit.UnitTestAdapter, Microsoft.VisualStudio.QualityTools.Tips.UnitTest.Adapter, Version=10.0.0.0, Culture=neutral, PublicKeyToken=b03f5f7f11d50a3a" className="PHMUnitTest.PersistentHeapTest, PHMUnitTest" name="GetUserHeaderSizeTest" />
    </UnitTest>
    <UnitTest name="ReopenTest" storage="c:\users\gwatson\desktop\sa\persistentarray\sadatabase\pllunittest\bin\debug\pllunittest.dll" id="30fb22e9-f40e-bfdf-14ab-ef764bec1747">
      <Execution id="0cf9f6fa-143b-405c-8014-8f4cc99d0953" />
      <TestMethod codeBase="C:\Users\gwatson\Desktop\SA\PersistentArray\SADatabase\PLLUnitTest\bin\Debug\PLLUnitTest.dll" adapterTypeName="Microsoft.VisualStudio.TestTools.TestTypes.Unit.UnitTestAdapter, Microsoft.VisualStudio.QualityTools.Tips.UnitTest.Adapter, Version=10.0.0.0, Culture=neutral, PublicKeyToken=b03f5f7f11d50a3a" className="PLLUnitTest.PersistentLinkedListTest, PLLUnitTest" name="ReopenTest" />
    </UnitTest>
    <UnitTest name="RemoveTest" storage="c:\users\gwatson\desktop\sa\persistentarray\sadatabase\pllunittest\bin\debug\pllunittest.dll" id="4bbd3904-7ad8-7f8b-c8e4-fd552740646a">
      <Execution id="059e05b5-8461-4606-a853-0d8fdea420cd" />
      <TestMethod codeBase="C:\Users\gwatson\Desktop\SA\PersistentArray\SADatabase\PLLUnitTest\bin\Debug\PLLUnitTest.dll" adapterTypeName="Microsoft.VisualStudio.TestTools.TestTypes.Unit.UnitTestAdapter, Microsoft.VisualStudio.QualityTools.Tips.UnitTest.Adapter, Version=10.0.0.0, Culture=neutral, PublicKeyToken=b03f5f7f11d50a3a" className="PLLUnitTest.PersistentLinkedListTest, PLLUnitTest" name="RemoveTest" />
    </UnitTest>
    <UnitTest name="DeserializeTest" storage="c:\users\gwatson\desktop\sa\persistentarray\sadatabase\pllunittest\bin\debug\pllunittest.dll" id="04f7cef3-5dd1-279a-9290-195c67f3eb10">
      <Execution id="c4a52cc7-c756-496b-96d4-077e8d0b7b7c" />
      <TestMethod codeBase="C:\Users\gwatson\Desktop\SA\PersistentArray\SADatabase\PLLUnitTest\bin\Debug\PLLUnitTest.dll" adapterTypeName="Microsoft.VisualStudio.TestTools.TestTypes.Unit.UnitTestAdapter, Microsoft.VisualStudio.QualityTools.Tips.UnitTest.Adapter, Version=10.0.0.0, Culture=neutral, PublicKeyToken=b03f5f7f11d50a3a" className="PLLUnitTest.PLLHeaderTest, PLLUnitTest" name="DeserializeTest" />
    </UnitTest>
    <UnitTest name="GetElementSizeTest" storage="c:\users\gwatson\desktop\sa\persistentarray\sadatabase\persistentarrayunittest\bin\debug\paunittest.dll" id="fc01b55b-5936-8b78-9de3-822e7b824b5a">
      <Execution id="94b21dab-7c03-4c70-bfef-db5ad67b1688" />
      <TestMethod codeBase="C:\Users\gwatson\Desktop\SA\PersistentArray\SADatabase\PersistentArrayUnitTest\bin\Debug\PAUnitTest.dll" adapterTypeName="Microsoft.VisualStudio.TestTools.TestTypes.Unit.UnitTestAdapter, Microsoft.VisualStudio.QualityTools.Tips.UnitTest.Adapter, Version=10.0.0.0, Culture=neutral, PublicKeyToken=b03f5f7f11d50a3a" className="PAUnitTest.IPersistentArrayTest, PAUnitTest" name="GetElementSizeTest" />
    </UnitTest>
    <UnitTest name="GetPathToNameTest" storage="c:\users\gwatson\desktop\sa\persistentarray\sadatabase\filepersistenceunittest\bin\debug\filepersistenceunittest.dll" id="d917289d-258a-a478-26f6-a5a85e035c3f">
      <Execution id="452842fe-766d-4995-89ed-ff29e99c9efb" />
      <TestMethod codeBase="C:\Users\gwatson\Desktop\SA\PersistentArray\SADatabase\FilePersistenceUnitTest\bin\Debug\FilePersistenceUnitTest.dll" adapterTypeName="Microsoft.VisualStudio.TestTools.TestTypes.Unit.UnitTestAdapter, Microsoft.VisualStudio.QualityTools.Tips.UnitTest.Adapter, Version=10.0.0.0, Culture=neutral, PublicKeyToken=b03f5f7f11d50a3a" className="FilePersistenceUnitTest.FileWithHeaderTest, FilePersistenceUnitTest" name="GetPathToNameTest" />
    </UnitTest>
    <UnitTest name="FreeMergeBothTest" storage="c:\users\gwatson\desktop\sa\persistentarray\sadatabase\phmunittest\bin\debug\phmunittest.dll" id="b5c4ab9a-0762-76c8-cb39-93c09b1df71e">
      <Execution id="bd2097ee-9961-4a6d-8653-ae1fafac880f" />
      <TestMethod codeBase="C:\Users\gwatson\Desktop\SA\PersistentArray\SADatabase\PHMUnitTest\bin\Debug\PHMUnitTest.dll" adapterTypeName="Microsoft.VisualStudio.TestTools.TestTypes.Unit.UnitTestAdapter, Microsoft.VisualStudio.QualityTools.Tips.UnitTest.Adapter, Version=10.0.0.0, Culture=neutral, PublicKeyToken=b03f5f7f11d50a3a" className="PHMUnitTest.PersistentHeapTest, PHMUnitTest" name="FreeMergeBothTest" />
    </UnitTest>
    <UnitTest name="CtorTest" storage="c:\users\gwatson\desktop\sa\persistentarray\sadatabase\pllunittest\bin\debug\pllunittest.dll" id="f8c986a1-4d49-6c57-695c-e57bd1d77a03">
      <Execution id="ae306b7f-ac94-4629-ae0f-0c354cac8c7a" />
      <TestMethod codeBase="C:\Users\gwatson\Desktop\SA\PersistentArray\SADatabase\PLLUnitTest\bin\Debug\PLLUnitTest.dll" adapterTypeName="Microsoft.VisualStudio.TestTools.TestTypes.Unit.UnitTestAdapter, Microsoft.VisualStudio.QualityTools.Tips.UnitTest.Adapter, Version=10.0.0.0, Culture=neutral, PublicKeyToken=b03f5f7f11d50a3a" className="PLLUnitTest.PLLHeaderTest, PLLUnitTest" name="CtorTest" />
    </UnitTest>
    <UnitTest name="WipeIndexTest" storage="c:\users\gwatson\desktop\sa\persistentarray\sadatabase\cpaunittest\bin\debug\cpaunittest.dll" id="b1842f56-d68c-936e-0289-fc1c1f6a341f">
      <Execution id="92d703e9-6bc2-4b37-8026-70ffeeb1fd89" />
      <TestMethod codeBase="C:\Users\gwatson\Desktop\SA\PersistentArray\SADatabase\CPAUnitTest\bin\Debug\CPAUnitTest.dll" adapterTypeName="Microsoft.VisualStudio.TestTools.TestTypes.Unit.UnitTestAdapter, Microsoft.VisualStudio.QualityTools.Tips.UnitTest.Adapter, Version=10.0.0.0, Culture=neutral, PublicKeyToken=b03f5f7f11d50a3a" className="CPAUnitTest.CachedIArrayTest, CPAUnitTest" name="WipeIndexTest" />
    </UnitTest>
    <UnitTest name="WriteByteTest" storage="c:\users\gwatson\desktop\sa\persistentarray\sadatabase\persistenceunittest\bin\debug\persistenceunittest.dll" id="798de980-a2f0-6011-fdc6-e140e662baa9">
      <Execution id="0eca9749-c4d1-46e0-aa5c-bae7de63355f" />
      <TestMethod codeBase="C:\Users\gwatson\Desktop\SA\PersistentArray\SADatabase\PersistenceUnitTest\bin\Debug\PersistenceUnitTest.dll" adapterTypeName="Microsoft.VisualStudio.TestTools.TestTypes.Unit.UnitTestAdapter, Microsoft.VisualStudio.QualityTools.Tips.UnitTest.Adapter, Version=10.0.0.0, Culture=neutral, PublicKeyToken=b03f5f7f11d50a3a" className="PersistenceUnitTest.RandomAccessFileTest, PersistenceUnitTest" name="WriteByteTest" />
    </UnitTest>
    <UnitTest name="MergeBeforeTest" storage="c:\users\gwatson\desktop\sa\persistentarray\sadatabase\phmunittest\bin\debug\phmunittest.dll" id="c1b4ff73-548a-5879-276c-0c28ff414a1c">
      <Execution id="18d271a5-08ed-4dc6-982d-32c55243f98b" />
      <TestMethod codeBase="C:\Users\gwatson\Desktop\SA\PersistentArray\SADatabase\PHMUnitTest\bin\Debug\PHMUnitTest.dll" adapterTypeName="Microsoft.VisualStudio.TestTools.TestTypes.Unit.UnitTestAdapter, Microsoft.VisualStudio.QualityTools.Tips.UnitTest.Adapter, Version=10.0.0.0, Culture=neutral, PublicKeyToken=b03f5f7f11d50a3a" className="PHMUnitTest.PersistentHeapFreeSpaceTest, PHMUnitTest" name="MergeBeforeTest" />
    </UnitTest>
    <UnitTest name="CloseTest" storage="c:\users\gwatson\desktop\sa\persistentarray\sadatabase\persistentarrayunittest\bin\debug\paunittest.dll" id="cf7f4ea5-e033-7c9e-2653-20e77c20a6bd">
      <Execution id="66f81b13-322f-4eeb-97bf-dc964ee3f32e" />
      <TestMethod codeBase="C:\Users\gwatson\Desktop\SA\PersistentArray\SADatabase\PersistentArrayUnitTest\bin\Debug\PAUnitTest.dll" adapterTypeName="Microsoft.VisualStudio.TestTools.TestTypes.Unit.UnitTestAdapter, Microsoft.VisualStudio.QualityTools.Tips.UnitTest.Adapter, Version=10.0.0.0, Culture=neutral, PublicKeyToken=b03f5f7f11d50a3a" className="PAUnitTest.IPersistentArrayTest, PAUnitTest" name="CloseTest" />
    </UnitTest>
    <UnitTest name="CtorTest" storage="c:\users\gwatson\desktop\sa\persistentarray\sadatabase\phtunittest\bin\debug\phtunittest.dll" id="78b45b03-89ec-7f9c-ccf6-a39587c81578">
      <Execution id="25ebeec2-8358-444f-b557-eb81f7d80215" />
      <TestMethod codeBase="C:\Users\gwatson\Desktop\SA\PersistentArray\SADatabase\PHTUnitTest\bin\Debug\PHTUnitTest.dll" adapterTypeName="Microsoft.VisualStudio.TestTools.TestTypes.Unit.UnitTestAdapter, Microsoft.VisualStudio.QualityTools.Tips.UnitTest.Adapter, Version=10.0.0.0, Culture=neutral, PublicKeyToken=b03f5f7f11d50a3a" className="PHTUnitTest.HashTableElementTest, PHTUnitTest" name="CtorTest" />
    </UnitTest>
    <UnitTest name="SingletonTest" storage="c:\users\gwatson\desktop\sa\persistentarray\sadatabase\filepersistenceunittest\bin\debug\filepersistenceunittest.dll" id="77659b17-3c06-332d-dd10-83bcb0b96f9d">
      <Execution id="98f8a240-50b1-41b4-98b4-4be6c7ee6bc2" />
      <TestMethod codeBase="C:\Users\gwatson\Desktop\SA\PersistentArray\SADatabase\FilePersistenceUnitTest\bin\Debug\FilePersistenceUnitTest.dll" adapterTypeName="Microsoft.VisualStudio.TestTools.TestTypes.Unit.UnitTestAdapter, Microsoft.VisualStudio.QualityTools.Tips.UnitTest.Adapter, Version=10.0.0.0, Culture=neutral, PublicKeyToken=b03f5f7f11d50a3a" className="FilePersistenceUnitTest.StorageMultitonTest, FilePersistenceUnitTest" name="SingletonTest" />
    </UnitTest>
    <UnitTest name="SerializeTest" storage="c:\users\gwatson\desktop\sa\persistentarray\sadatabase\phtunittest\bin\debug\phtunittest.dll" id="161a504d-52d4-787a-3837-47cb7fdc172b">
      <Execution id="23c7a09a-4b73-4d54-b05e-a1b0f4943418" />
      <TestMethod codeBase="C:\Users\gwatson\Desktop\SA\PersistentArray\SADatabase\PHTUnitTest\bin\Debug\PHTUnitTest.dll" adapterTypeName="Microsoft.VisualStudio.TestTools.TestTypes.Unit.UnitTestAdapter, Microsoft.VisualStudio.QualityTools.Tips.UnitTest.Adapter, Version=10.0.0.0, Culture=neutral, PublicKeyToken=b03f5f7f11d50a3a" className="PHTUnitTest.HashTableHeaderTest, PHTUnitTest" name="SerializeTest" />
    </UnitTest>
    <UnitTest name="SetChildTest" storage="c:\users\gwatson\desktop\sa\persistentarray\sadatabase\cpaunittest\bin\debug\cpaunittest.dll" id="715794aa-fc77-0689-abff-ac88adbeef1b">
      <Execution id="a2ff1826-86df-4eff-84d6-20e34de95e45" />
      <TestMethod codeBase="C:\Users\gwatson\Desktop\SA\PersistentArray\SADatabase\CPAUnitTest\bin\Debug\CPAUnitTest.dll" adapterTypeName="Microsoft.VisualStudio.TestTools.TestTypes.Unit.UnitTestAdapter, Microsoft.VisualStudio.QualityTools.Tips.UnitTest.Adapter, Version=10.0.0.0, Culture=neutral, PublicKeyToken=b03f5f7f11d50a3a" className="CPAUnitTest.NodeTest, CPAUnitTest" name="SetChildTest" />
    </UnitTest>
    <UnitTest name="SetParentTest" storage="c:\users\gwatson\desktop\sa\persistentarray\sadatabase\cpaunittest\bin\debug\cpaunittest.dll" id="81c26981-166a-e776-7c32-8b14e45e71af">
      <Execution id="5cad45a2-3fbb-4415-8b60-a2e0092993bd" />
      <TestMethod codeBase="C:\Users\gwatson\Desktop\SA\PersistentArray\SADatabase\CPAUnitTest\bin\Debug\CPAUnitTest.dll" adapterTypeName="Microsoft.VisualStudio.TestTools.TestTypes.Unit.UnitTestAdapter, Microsoft.VisualStudio.QualityTools.Tips.UnitTest.Adapter, Version=10.0.0.0, Culture=neutral, PublicKeyToken=b03f5f7f11d50a3a" className="CPAUnitTest.NodeTest, CPAUnitTest" name="SetParentTest" />
    </UnitTest>
    <UnitTest name="GetHeaderTest" storage="c:\users\gwatson\desktop\sa\persistentarray\sadatabase\pafsunittest\bin\debug\pafsunittest.dll" id="13d4ab95-1414-7811-03e7-8823a1d3b6d1">
      <Execution id="0fe3b03e-139a-4c16-8d4b-efa23504980f" />
      <TestMethod codeBase="C:\Users\gwatson\Desktop\SA\PersistentArray\SADatabase\PAFSUnitTest\bin\Debug\PAFSUnitTest.dll" adapterTypeName="Microsoft.VisualStudio.TestTools.TestTypes.Unit.UnitTestAdapter, Microsoft.VisualStudio.QualityTools.Tips.UnitTest.Adapter, Version=10.0.0.0, Culture=neutral, PublicKeyToken=b03f5f7f11d50a3a" className="PAFSUnitTest.IPersistentArraySpaceManagerTest, PAFSUnitTest" name="GetHeaderTest" />
    </UnitTest>
    <UnitTest name="ReadFromStorageTest" storage="c:\users\gwatson\desktop\sa\persistentarray\sadatabase\filepersistenceunittest\bin\debug\filepersistenceunittest.dll" id="8d5355e8-963b-595b-8da8-04a7226498e8">
      <Execution id="dc3bbb70-c1b4-4603-9bfe-7451516d3ff5" />
      <TestMethod codeBase="C:\Users\gwatson\Desktop\SA\PersistentArray\SADatabase\FilePersistenceUnitTest\bin\Debug\FilePersistenceUnitTest.dll" adapterTypeName="Microsoft.VisualStudio.TestTools.TestTypes.Unit.UnitTestAdapter, Microsoft.VisualStudio.QualityTools.Tips.UnitTest.Adapter, Version=10.0.0.0, Culture=neutral, PublicKeyToken=b03f5f7f11d50a3a" className="FilePersistenceUnitTest.UserHeaderTest, FilePersistenceUnitTest" name="ReadFromStorageTest" />
    </UnitTest>
    <UnitTest name="AddBeforeTest" storage="c:\users\gwatson\desktop\sa\persistentarray\sadatabase\pllunittest\bin\debug\pllunittest.dll" id="6e6c95ba-db7f-0ed9-f253-6c4e917c2d37">
      <Execution id="2e01fe18-ba5e-4e5f-8f28-9de01ac55ad7" />
      <TestMethod codeBase="C:\Users\gwatson\Desktop\SA\PersistentArray\SADatabase\PLLUnitTest\bin\Debug\PLLUnitTest.dll" adapterTypeName="Microsoft.VisualStudio.TestTools.TestTypes.Unit.UnitTestAdapter, Microsoft.VisualStudio.QualityTools.Tips.UnitTest.Adapter, Version=10.0.0.0, Culture=neutral, PublicKeyToken=b03f5f7f11d50a3a" className="PLLUnitTest.PersistentLinkedListTest, PLLUnitTest" name="AddBeforeTest" />
    </UnitTest>
    <UnitTest name="GetUserHeaderSizeTest" storage="c:\users\gwatson\desktop\sa\persistentarray\sadatabase\filepersistenceunittest\bin\debug\filepersistenceunittest.dll" id="83312457-8852-ca77-37d0-bc2152068b12">
      <Execution id="58d83b67-b0e3-4622-a19b-160e59537a7c" />
      <TestMethod codeBase="C:\Users\gwatson\Desktop\SA\PersistentArray\SADatabase\FilePersistenceUnitTest\bin\Debug\FilePersistenceUnitTest.dll" adapterTypeName="Microsoft.VisualStudio.TestTools.TestTypes.Unit.UnitTestAdapter, Microsoft.VisualStudio.QualityTools.Tips.UnitTest.Adapter, Version=10.0.0.0, Culture=neutral, PublicKeyToken=b03f5f7f11d50a3a" className="FilePersistenceUnitTest.FileWithHeaderTest, FilePersistenceUnitTest" name="GetUserHeaderSizeTest" />
    </UnitTest>
    <UnitTest name="GetNextIndexTest" storage="c:\users\gwatson\desktop\sa\persistentarray\sadatabase\pafsunittest\bin\debug\pafsunittest.dll" id="a2972d95-ef43-ab33-2113-41690f360353">
      <Execution id="5c8e3266-2592-48bb-a324-be217745ed01" />
      <TestMethod codeBase="C:\Users\gwatson\Desktop\SA\PersistentArray\SADatabase\PAFSUnitTest\bin\Debug\PAFSUnitTest.dll" adapterTypeName="Microsoft.VisualStudio.TestTools.TestTypes.Unit.UnitTestAdapter, Microsoft.VisualStudio.QualityTools.Tips.UnitTest.Adapter, Version=10.0.0.0, Culture=neutral, PublicKeyToken=b03f5f7f11d50a3a" className="PAFSUnitTest.IPersistentArraySpaceManagerTest, PAFSUnitTest" name="GetNextIndexTest" />
    </UnitTest>
    <UnitTest name="SubArrayTest" storage="c:\users\gwatson\desktop\sa\persistentarray\sadatabase\bytehelperunittest\bin\debug\bytehelperunittest.dll" id="87c8f2b9-5e7b-9e82-cf24-bcc4c877b50d">
      <Execution id="9dea2e03-2332-464a-b9b5-5d9e81fc745c" />
      <TestMethod codeBase="C:\Users\gwatson\Desktop\SA\PersistentArray\SADatabase\ByteHelperUnitTest\bin\Debug\ByteHelperUnitTest.dll" adapterTypeName="Microsoft.VisualStudio.TestTools.TestTypes.Unit.UnitTestAdapter, Microsoft.VisualStudio.QualityTools.Tips.UnitTest.Adapter, Version=10.0.0.0, Culture=neutral, PublicKeyToken=b03f5f7f11d50a3a" className="ByteHelperUnitTest.HelperTest, ByteHelperUnitTest" name="SubArrayTest" />
    </UnitTest>
    <UnitTest name="MergeAfterTest" storage="c:\users\gwatson\desktop\sa\persistentarray\sadatabase\phmunittest\bin\debug\phmunittest.dll" id="f19b5895-b0f7-59f0-4036-17b6609c64da">
      <Execution id="cfc86615-6e38-452c-b035-329cc1119f4b" />
      <TestMethod codeBase="C:\Users\gwatson\Desktop\SA\PersistentArray\SADatabase\PHMUnitTest\bin\Debug\PHMUnitTest.dll" adapterTypeName="Microsoft.VisualStudio.TestTools.TestTypes.Unit.UnitTestAdapter, Microsoft.VisualStudio.QualityTools.Tips.UnitTest.Adapter, Version=10.0.0.0, Culture=neutral, PublicKeyToken=b03f5f7f11d50a3a" className="PHMUnitTest.PersistentHeapFreeSpaceTest, PHMUnitTest" name="MergeAfterTest" />
    </UnitTest>
    <UnitTest name="GetPutTest" storage="c:\users\gwatson\desktop\sa\persistentarray\sadatabase\filepersistenceunittest\bin\debug\filepersistenceunittest.dll" id="2ba6a0e8-4d4a-7fae-c756-beed24e76cc7">
      <Execution id="c50a0f10-90d5-4b24-b234-accf70d00bce" />
      <TestMethod codeBase="C:\Users\gwatson\Desktop\SA\PersistentArray\SADatabase\FilePersistenceUnitTest\bin\Debug\FilePersistenceUnitTest.dll" adapterTypeName="Microsoft.VisualStudio.TestTools.TestTypes.Unit.UnitTestAdapter, Microsoft.VisualStudio.QualityTools.Tips.UnitTest.Adapter, Version=10.0.0.0, Culture=neutral, PublicKeyToken=b03f5f7f11d50a3a" className="FilePersistenceUnitTest.FileWithHeaderTest, FilePersistenceUnitTest" name="GetPutTest" />
    </UnitTest>
    <UnitTest name="FreeBlockTest" storage="c:\users\gwatson\desktop\sa\persistentarray\sadatabase\pafsunittest\bin\debug\pafsunittest.dll" id="c11c787c-4fca-cfaa-5d6d-7fdc4065163a">
      <Execution id="40abc6bc-d64d-42d6-b8be-ecbdce137da7" />
      <TestMethod codeBase="C:\Users\gwatson\Desktop\SA\PersistentArray\SADatabase\PAFSUnitTest\bin\Debug\PAFSUnitTest.dll" adapterTypeName="Microsoft.VisualStudio.TestTools.TestTypes.Unit.UnitTestAdapter, Microsoft.VisualStudio.QualityTools.Tips.UnitTest.Adapter, Version=10.0.0.0, Culture=neutral, PublicKeyToken=b03f5f7f11d50a3a" className="PAFSUnitTest.IPersistentArraySpaceManagerTest, PAFSUnitTest" name="FreeBlockTest" />
    </UnitTest>
  </TestDefinitions>
  <TestLists>
    <TestList name="Results Not in a List" id="8c84fa94-04c1-424b-9868-57a2d4851a1d" />
    <TestList name="All Loaded Results" id="19431567-8539-422a-85d7-44ee4e166bda" />
  </TestLists>
  <TestEntries>
    <TestEntry testId="00175a47-f5ac-5833-baf2-7cf7b4a44a19" executionId="2a241642-c270-45f7-a3ff-8ce183fbbc54" testListId="8c84fa94-04c1-424b-9868-57a2d4851a1d" />
    <TestEntry testId="00a5a340-dd24-58d6-2c39-57102dd10a93" executionId="fe5c1ffb-f668-4bbc-9a2f-4374db608b03" testListId="8c84fa94-04c1-424b-9868-57a2d4851a1d" />
    <TestEntry testId="00e17ed5-bd31-7476-2fee-eae2d73830e2" executionId="aff6325b-0ca0-4751-8749-ab0fd2a47257" testListId="8c84fa94-04c1-424b-9868-57a2d4851a1d" />
    <TestEntry testId="01045d66-f1c1-b905-4f83-06fa33497a3c" executionId="6041974a-5d08-4089-b72b-4bdb18dc4145" testListId="8c84fa94-04c1-424b-9868-57a2d4851a1d" />
    <TestEntry testId="011f0b4d-330b-80d4-eb98-3a291b4151c2" executionId="c7991599-2c72-4d0f-8cf9-c44ad3e92c39" testListId="8c84fa94-04c1-424b-9868-57a2d4851a1d" />
    <TestEntry testId="01bc45a5-2d07-66b6-930e-fc2b22c4f6e2" executionId="598a80a6-a1dd-4940-8ff8-3b02daec4528" testListId="8c84fa94-04c1-424b-9868-57a2d4851a1d" />
    <TestEntry testId="04f7cef3-5dd1-279a-9290-195c67f3eb10" executionId="c4a52cc7-c756-496b-96d4-077e8d0b7b7c" testListId="8c84fa94-04c1-424b-9868-57a2d4851a1d" />
    <TestEntry testId="07414e15-0007-4d7b-15c6-ec13fc17ad8b" executionId="1a322db7-4f93-4afd-8a8c-da3ed2e2f51a" testListId="8c84fa94-04c1-424b-9868-57a2d4851a1d" />
    <TestEntry testId="07fd6071-5ad6-8ae1-19db-6f86b098fff4" executionId="74ef15d4-ed21-4b77-82e9-539738b81b51" testListId="8c84fa94-04c1-424b-9868-57a2d4851a1d" />
    <TestEntry testId="082e8e55-223e-051e-386f-e304fa6d81fc" executionId="2ed20b36-d64c-49f0-bff2-7ad4a442fb7b" testListId="8c84fa94-04c1-424b-9868-57a2d4851a1d" />
    <TestEntry testId="0bf9df8d-121f-259e-67aa-905c5bb6c662" executionId="e007016f-e496-431d-95c2-5c527155ed07" testListId="8c84fa94-04c1-424b-9868-57a2d4851a1d" />
    <TestEntry testId="0ef3c0a1-e279-0642-068f-cf09f20b4b4e" executionId="f7e158b5-d834-4ff2-9d87-5b110851c142" testListId="8c84fa94-04c1-424b-9868-57a2d4851a1d" />
    <TestEntry testId="0f7dd13b-d69f-2fef-8f8e-80f7ee7968ec" executionId="c93787ff-43e6-468a-9444-57425ed7c04d" testListId="8c84fa94-04c1-424b-9868-57a2d4851a1d" />
    <TestEntry testId="11201bbf-151b-a78e-02fa-23b7cbfebd28" executionId="fba8b547-9b02-4113-b54e-0533cec364f5" testListId="8c84fa94-04c1-424b-9868-57a2d4851a1d" />
    <TestEntry testId="119f0d26-abb3-b910-6e20-3eb2e8267f66" executionId="4ac1f802-bd8d-403a-9443-24361687ae14" testListId="8c84fa94-04c1-424b-9868-57a2d4851a1d" />
    <TestEntry testId="11b05b3f-8750-268f-48a2-a9f027b23597" executionId="458fbcae-ecd2-47ff-aeae-0bd3bb3d15ce" testListId="8c84fa94-04c1-424b-9868-57a2d4851a1d" />
    <TestEntry testId="1232c426-0c7a-7827-61d6-db854aeef3be" executionId="6444b1a5-2cff-437c-b96d-012190d2392d" testListId="8c84fa94-04c1-424b-9868-57a2d4851a1d" />
    <TestEntry testId="13b6656a-26f9-0ea8-7ea0-1310a5a1b2d4" executionId="ff03fc33-d325-4d03-abaa-c4d0da3c3ae0" testListId="8c84fa94-04c1-424b-9868-57a2d4851a1d" />
    <TestEntry testId="13caa2ac-a8f6-fd8d-092b-4da64a664c5a" executionId="081c9a67-3448-48ed-bda7-704cfde5fc7c" testListId="8c84fa94-04c1-424b-9868-57a2d4851a1d" />
    <TestEntry testId="13d4ab95-1414-7811-03e7-8823a1d3b6d1" executionId="0fe3b03e-139a-4c16-8d4b-efa23504980f" testListId="8c84fa94-04c1-424b-9868-57a2d4851a1d" />
    <TestEntry testId="1510b5de-0adc-d68f-397e-304b14d0d872" executionId="d99e0506-8efd-44f6-b352-a9af509f3d40" testListId="8c84fa94-04c1-424b-9868-57a2d4851a1d" />
    <TestEntry testId="15446eac-e5d1-8f0a-f744-cb3cd9c641c7" executionId="033f3dd3-c47f-48aa-82a6-65ab6bdf4a2a" testListId="8c84fa94-04c1-424b-9868-57a2d4851a1d" />
    <TestEntry testId="15eee5ec-03b7-2b3f-62ff-f766c0f78875" executionId="eeb22e3c-7a72-4b04-9e86-3d98b532fccb" testListId="8c84fa94-04c1-424b-9868-57a2d4851a1d" />
    <TestEntry testId="1604b673-3185-b533-77b5-a1fcf04b160d" executionId="c151b1b6-fbc4-4dca-b7ea-a6624d44cce6" testListId="8c84fa94-04c1-424b-9868-57a2d4851a1d" />
    <TestEntry testId="161a504d-52d4-787a-3837-47cb7fdc172b" executionId="23c7a09a-4b73-4d54-b05e-a1b0f4943418" testListId="8c84fa94-04c1-424b-9868-57a2d4851a1d" />
    <TestEntry testId="17c74e86-2a6c-cb27-d667-6f54dbf65bde" executionId="e06325d9-ed25-4c1e-8662-a312d7044959" testListId="8c84fa94-04c1-424b-9868-57a2d4851a1d" />
    <TestEntry testId="1a92d4c6-be2c-ef6c-e2d4-ccc5f0564285" executionId="42ac53e8-7393-4ea1-9a14-3c359335d96a" testListId="8c84fa94-04c1-424b-9868-57a2d4851a1d" />
    <TestEntry testId="1af0c77b-4d3c-a3e7-21cb-37332222dd11" executionId="89db6506-986e-45b9-9385-830489ca92dc" testListId="8c84fa94-04c1-424b-9868-57a2d4851a1d" />
    <TestEntry testId="1d53293b-a39c-108d-e97e-8d3ed479d40d" executionId="3686afe4-8dfa-4b0e-9806-9f059b8277d6" testListId="8c84fa94-04c1-424b-9868-57a2d4851a1d" />
    <TestEntry testId="1fbff0c8-5e86-4d43-10de-791509c0db36" executionId="5ec724b7-25be-4ce9-8efa-8342766618e7" testListId="8c84fa94-04c1-424b-9868-57a2d4851a1d" />
    <TestEntry testId="2034f3b2-84ce-b459-b009-777707c460e9" executionId="9873924c-f5ff-42cb-9c91-e1bc6e5ab2eb" testListId="8c84fa94-04c1-424b-9868-57a2d4851a1d" />
    <TestEntry testId="2053caf7-0cee-71a7-c0a3-31f51653539e" executionId="b0b3f18f-eab2-4184-bfa3-14e9059972f8" testListId="8c84fa94-04c1-424b-9868-57a2d4851a1d" />
    <TestEntry testId="21ea634d-ec3e-6f69-7865-3d6f41e7db9a" executionId="19bae5e6-d5dc-4baf-ac73-fc972ef2c3ac" testListId="8c84fa94-04c1-424b-9868-57a2d4851a1d" />
    <TestEntry testId="282879a0-7b32-ff9a-e44c-1a4579417208" executionId="e5cc337e-e232-4d85-baf6-ccd3e6a3fc32" testListId="8c84fa94-04c1-424b-9868-57a2d4851a1d" />
    <TestEntry testId="2a736369-0faa-7bd0-3ec4-55591153ab35" executionId="65dac7e3-c53f-4cca-b9f8-460c373e1cbb" testListId="8c84fa94-04c1-424b-9868-57a2d4851a1d" />
    <TestEntry testId="2b9a3f45-3c5e-f945-6521-ce395feda3cb" executionId="1bc42de6-4e8a-43e4-b775-e763d4537f46" testListId="8c84fa94-04c1-424b-9868-57a2d4851a1d" />
    <TestEntry testId="2ba6a0e8-4d4a-7fae-c756-beed24e76cc7" executionId="c50a0f10-90d5-4b24-b234-accf70d00bce" testListId="8c84fa94-04c1-424b-9868-57a2d4851a1d" />
    <TestEntry testId="2ecace38-de69-65fe-78ba-795f763f7921" executionId="d8cbfeef-861a-4074-b187-a1cafa112665" testListId="8c84fa94-04c1-424b-9868-57a2d4851a1d" />
    <TestEntry testId="30fb22e9-f40e-bfdf-14ab-ef764bec1747" executionId="0cf9f6fa-143b-405c-8014-8f4cc99d0953" testListId="8c84fa94-04c1-424b-9868-57a2d4851a1d" />
    <TestEntry testId="33bbef63-045e-f45c-4904-9d2f969572f1" executionId="e4fd2230-f62a-46d2-ac24-d4142e0be653" testListId="8c84fa94-04c1-424b-9868-57a2d4851a1d" />
    <TestEntry testId="344d8cb8-23f2-23e3-3ec1-bef1b12c809d" executionId="c8eb4ef3-07d7-4437-8e90-691f4f8a3c28" testListId="8c84fa94-04c1-424b-9868-57a2d4851a1d" />
    <TestEntry testId="35a16e41-d355-d959-88ea-aa8f91cea11b" executionId="6eec7349-d499-4464-a3bb-a5e003e157f5" testListId="8c84fa94-04c1-424b-9868-57a2d4851a1d" />
    <TestEntry testId="386c50f6-2d09-529c-8336-cdd485ffb439" executionId="8aa3198f-379d-4328-8202-6d99bf118756" testListId="8c84fa94-04c1-424b-9868-57a2d4851a1d" />
    <TestEntry testId="39634d81-9688-20c8-d77f-ba195db41378" executionId="c038d055-2530-4d8b-8990-7246f2e41a3f" testListId="8c84fa94-04c1-424b-9868-57a2d4851a1d" />
    <TestEntry testId="402330e1-95b7-447a-93a7-af95d05ae424" executionId="81dcf724-43fb-4917-a6b9-10dfdab782ef" testListId="8c84fa94-04c1-424b-9868-57a2d4851a1d" />
    <TestEntry testId="414c1d58-8de9-a775-6ff6-4a9efb4178ab" executionId="2761a5ee-0fdb-40ca-ab98-729b1cfbb350" testListId="8c84fa94-04c1-424b-9868-57a2d4851a1d" />
    <TestEntry testId="44b2bd84-c18b-ffc2-bf52-0bd4506adf9f" executionId="0c540985-0498-40dc-ad05-11e0f252466c" testListId="8c84fa94-04c1-424b-9868-57a2d4851a1d" />
    <TestEntry testId="45dc2f0e-4af7-fb97-54f6-bad15d2a2da4" executionId="95f78893-908c-4e18-bcaa-5b0c51a9fbcd" testListId="8c84fa94-04c1-424b-9868-57a2d4851a1d" />
    <TestEntry testId="47e64445-4f51-07b5-3b92-f087a8ca68d5" executionId="1c37446d-b2b7-42e5-9f4c-3a23ec8bab25" testListId="8c84fa94-04c1-424b-9868-57a2d4851a1d" />
    <TestEntry testId="4aeb4eda-2347-4daf-0915-85bd224c5d85" executionId="875f1356-c094-40b6-a3b0-cd5dc5b78c91" testListId="8c84fa94-04c1-424b-9868-57a2d4851a1d" />
    <TestEntry testId="4bbd3904-7ad8-7f8b-c8e4-fd552740646a" executionId="059e05b5-8461-4606-a853-0d8fdea420cd" testListId="8c84fa94-04c1-424b-9868-57a2d4851a1d" />
    <TestEntry testId="4cca534d-1656-b797-40e9-49330488cbbd" executionId="0e39e351-32f9-4faa-8cc3-449f7a3f5d68" testListId="8c84fa94-04c1-424b-9868-57a2d4851a1d" />
    <TestEntry testId="51fbe3ee-5d05-0bea-05a3-3f4776bc717b" executionId="f97c7a62-fb48-40b0-b341-61c30c87aaa3" testListId="8c84fa94-04c1-424b-9868-57a2d4851a1d" />
    <TestEntry testId="5335332c-34c5-80ee-4a17-60db3bec8999" executionId="8727945d-0759-4d34-90d6-2804fd92857d" testListId="8c84fa94-04c1-424b-9868-57a2d4851a1d" />
    <TestEntry testId="553e65a4-d49e-c86b-4f63-da6f1a61fced" executionId="0f7cdef8-ff07-4aa2-83b7-9d59d8c8ec84" testListId="8c84fa94-04c1-424b-9868-57a2d4851a1d" />
    <TestEntry testId="565a9370-80c9-3456-28b5-ca4466bce36c" executionId="ba7e4e80-024e-4e75-95c1-9b8e0c3b46b8" testListId="8c84fa94-04c1-424b-9868-57a2d4851a1d" />
    <TestEntry testId="56a5f4f5-9d87-5588-a513-0fe0d7c30e0a" executionId="495ff5a9-970a-495c-a66e-c00fa1a48071" testListId="8c84fa94-04c1-424b-9868-57a2d4851a1d" />
    <TestEntry testId="5e1a90a3-2d69-9f23-3961-d8b82f54f7e7" executionId="aea9ca3a-34c2-46fe-abdc-85a242fc0ecd" testListId="8c84fa94-04c1-424b-9868-57a2d4851a1d" />
    <TestEntry testId="5e51bd1e-dd26-d7ed-b6ba-6a8f01ee0f1b" executionId="7087a506-6399-45a3-91ef-5b4b4d360548" testListId="8c84fa94-04c1-424b-9868-57a2d4851a1d" />
    <TestEntry testId="610385d3-c2b5-eeb9-1ed4-86ca6ad846de" executionId="8a2b9385-c00f-4fd8-a9b3-fca568392322" testListId="8c84fa94-04c1-424b-9868-57a2d4851a1d" />
    <TestEntry testId="61f14407-3f3d-9be6-e329-c0b10da1b351" executionId="e688f2ed-06fd-4d1a-b46c-bd891884b37a" testListId="8c84fa94-04c1-424b-9868-57a2d4851a1d" />
    <TestEntry testId="636ae8bd-e313-1098-6c8a-b8c8ef7b79b2" executionId="10510441-5525-41c4-bfb4-10110120ee7f" testListId="8c84fa94-04c1-424b-9868-57a2d4851a1d" />
    <TestEntry testId="63cc42b4-1dc6-41a3-f417-45c71de20956" executionId="58af8545-b924-4383-b006-2c0447cfe005" testListId="8c84fa94-04c1-424b-9868-57a2d4851a1d" />
    <TestEntry testId="68db09fd-1e84-1d00-a06a-8d3d340b6754" executionId="fd8ed057-e164-4dd6-970c-ac02a4b56209" testListId="8c84fa94-04c1-424b-9868-57a2d4851a1d" />
    <TestEntry testId="6a96f9da-adcb-f7e2-df56-cae68513bb5e" executionId="42759784-1c73-43ac-84e0-43b13bef4d9a" testListId="8c84fa94-04c1-424b-9868-57a2d4851a1d" />
    <TestEntry testId="6e30047d-c126-9623-764e-d0d0dc18feb2" executionId="069f46a8-7131-48c3-9c75-25e339084997" testListId="8c84fa94-04c1-424b-9868-57a2d4851a1d" />
    <TestEntry testId="6e6c95ba-db7f-0ed9-f253-6c4e917c2d37" executionId="2e01fe18-ba5e-4e5f-8f28-9de01ac55ad7" testListId="8c84fa94-04c1-424b-9868-57a2d4851a1d" />
    <TestEntry testId="705d2900-5b96-0c7e-5674-f042b44cf3ba" executionId="bb2da899-d8e8-4ada-93d2-84a53bc49161" testListId="8c84fa94-04c1-424b-9868-57a2d4851a1d" />
    <TestEntry testId="715794aa-fc77-0689-abff-ac88adbeef1b" executionId="a2ff1826-86df-4eff-84d6-20e34de95e45" testListId="8c84fa94-04c1-424b-9868-57a2d4851a1d" />
    <TestEntry testId="71ffb975-3ee7-3930-0f3e-7889b95a130e" executionId="3375de6b-2981-4d0f-b2bb-5af189740beb" testListId="8c84fa94-04c1-424b-9868-57a2d4851a1d" />
    <TestEntry testId="7256c121-b7a1-76a6-3a43-87fec1af02da" executionId="a81fdcc9-5c1d-4a3d-b126-dbed411b4a76" testListId="8c84fa94-04c1-424b-9868-57a2d4851a1d" />
    <TestEntry testId="77659b17-3c06-332d-dd10-83bcb0b96f9d" executionId="98f8a240-50b1-41b4-98b4-4be6c7ee6bc2" testListId="8c84fa94-04c1-424b-9868-57a2d4851a1d" />
    <TestEntry testId="77c4d4bd-5fbe-4bd1-86c3-f6e38810414b" executionId="2c39c8c4-1082-481f-a25f-76d5b3a0e8bb" testListId="8c84fa94-04c1-424b-9868-57a2d4851a1d" />
    <TestEntry testId="781a4d86-46c5-931f-9ce1-d470759c5ed1" executionId="759b4e76-b070-475a-901a-8eb67e0b8b7b" testListId="8c84fa94-04c1-424b-9868-57a2d4851a1d" />
    <TestEntry testId="78b45b03-89ec-7f9c-ccf6-a39587c81578" executionId="25ebeec2-8358-444f-b557-eb81f7d80215" testListId="8c84fa94-04c1-424b-9868-57a2d4851a1d" />
    <TestEntry testId="798de980-a2f0-6011-fdc6-e140e662baa9" executionId="0eca9749-c4d1-46e0-aa5c-bae7de63355f" testListId="8c84fa94-04c1-424b-9868-57a2d4851a1d" />
    <TestEntry testId="7a09d037-6583-9dab-921a-9e399b5c9547" executionId="4848bf79-5f8d-4dc5-a8a7-ff6869ffb936" testListId="8c84fa94-04c1-424b-9868-57a2d4851a1d" />
    <TestEntry testId="7ad6c21f-feaf-20c3-6794-ee2d02f21a1c" executionId="7ac69da5-da01-46d5-8e21-c30f46343648" testListId="8c84fa94-04c1-424b-9868-57a2d4851a1d" />
    <TestEntry testId="7f8205c8-b606-8c59-76b5-fbdb8f56ecd0" executionId="96735b85-ec18-45b4-8b51-38afb6af06b9" testListId="8c84fa94-04c1-424b-9868-57a2d4851a1d" />
    <TestEntry testId="818a96ef-af23-e852-2659-31e5781f9e2c" executionId="1c86035c-0898-41ca-bddb-c7659a9ef875" testListId="8c84fa94-04c1-424b-9868-57a2d4851a1d" />
    <TestEntry testId="81c26981-166a-e776-7c32-8b14e45e71af" executionId="5cad45a2-3fbb-4415-8b60-a2e0092993bd" testListId="8c84fa94-04c1-424b-9868-57a2d4851a1d" />
    <TestEntry testId="83312457-8852-ca77-37d0-bc2152068b12" executionId="58d83b67-b0e3-4622-a19b-160e59537a7c" testListId="8c84fa94-04c1-424b-9868-57a2d4851a1d" />
    <TestEntry testId="845a5988-fe07-f37a-ba6b-e712dc39166d" executionId="3ec74528-6f6d-4f04-9437-20f73e081717" testListId="8c84fa94-04c1-424b-9868-57a2d4851a1d" />
    <TestEntry testId="846fd299-442f-a81b-5ff1-400c3a67c543" executionId="f2f2fb1e-0558-42d7-83a3-06e0352d3aaa" testListId="8c84fa94-04c1-424b-9868-57a2d4851a1d" />
    <TestEntry testId="86053b92-a17e-53c2-7d77-530c0fa14797" executionId="27989ba7-7429-4b3d-98b3-24c7b49261e4" testListId="8c84fa94-04c1-424b-9868-57a2d4851a1d" />
    <TestEntry testId="864cd63c-625b-94c6-46c4-e84f8efb06a6" executionId="d6f9baa5-59b8-4e47-9dbe-7da7a8561b64" testListId="8c84fa94-04c1-424b-9868-57a2d4851a1d" />
    <TestEntry testId="87c8f2b9-5e7b-9e82-cf24-bcc4c877b50d" executionId="9dea2e03-2332-464a-b9b5-5d9e81fc745c" testListId="8c84fa94-04c1-424b-9868-57a2d4851a1d" />
    <TestEntry testId="8bf66a88-08b1-206e-6e7a-07808be453b9" executionId="886fb024-4a83-4555-89a1-d30c37c0ec49" testListId="8c84fa94-04c1-424b-9868-57a2d4851a1d" />
    <TestEntry testId="8d5355e8-963b-595b-8da8-04a7226498e8" executionId="dc3bbb70-c1b4-4603-9bfe-7451516d3ff5" testListId="8c84fa94-04c1-424b-9868-57a2d4851a1d" />
    <TestEntry testId="9042f580-80d7-070e-6671-c783c7157c04" executionId="1624ce02-e147-4b92-b585-ff70c252a393" testListId="8c84fa94-04c1-424b-9868-57a2d4851a1d" />
    <TestEntry testId="920909e7-20b2-d96d-ce3c-d1b8d6e41092" executionId="a2f80dd8-18f8-42d1-bf01-5df64ac02abe" testListId="8c84fa94-04c1-424b-9868-57a2d4851a1d" />
    <TestEntry testId="93695325-fb5b-b117-f5c2-6cdaee20d742" executionId="5191b5d4-0f22-4736-b222-4395d0f11b5e" testListId="8c84fa94-04c1-424b-9868-57a2d4851a1d" />
    <TestEntry testId="94000a80-807f-643f-04b5-3a8c67520adc" executionId="caf0442f-f388-4f32-ba86-968d528e4931" testListId="8c84fa94-04c1-424b-9868-57a2d4851a1d" />
    <TestEntry testId="94efce36-6787-804c-f9dd-d52e17e1c55e" executionId="5aeb5d93-6705-411f-b066-8deaeb3a6a5a" testListId="8c84fa94-04c1-424b-9868-57a2d4851a1d" />
    <TestEntry testId="965a56bb-5e93-1f41-fa3a-18161c642244" executionId="edcd7b08-e497-44cf-ab2b-a48eb681fa8f" testListId="8c84fa94-04c1-424b-9868-57a2d4851a1d" />
    <TestEntry testId="9c153991-159a-b725-d7ba-010f61b98530" executionId="b30316cb-0ae7-48af-a771-928781ada887" testListId="8c84fa94-04c1-424b-9868-57a2d4851a1d" />
    <TestEntry testId="9c490088-6ee6-56ec-8017-95f63def4429" executionId="a9a8464d-21f9-42b0-958b-56ee5aafc081" testListId="8c84fa94-04c1-424b-9868-57a2d4851a1d" />
    <TestEntry testId="9d779dd2-fb32-aae7-ec06-52a95bc58283" executionId="77b98afe-e233-46e0-9a01-2222c93b754e" testListId="8c84fa94-04c1-424b-9868-57a2d4851a1d" />
    <TestEntry testId="9d918454-2feb-95e0-4026-22b2c4e3a005" executionId="1038666b-d501-486a-aac8-5d9a87b0cce4" testListId="8c84fa94-04c1-424b-9868-57a2d4851a1d" />
    <TestEntry testId="a1ae16c5-0695-b546-0d5a-01f95dae83d0" executionId="9698615b-92a4-45ab-a8c5-70e3296dcf60" testListId="8c84fa94-04c1-424b-9868-57a2d4851a1d" />
    <TestEntry testId="a1c72854-3dde-18e0-c9d8-83b07b0292f0" executionId="7e53bffb-cf53-4ca9-bede-fceb6556f6aa" testListId="8c84fa94-04c1-424b-9868-57a2d4851a1d" />
    <TestEntry testId="a2972d95-ef43-ab33-2113-41690f360353" executionId="5c8e3266-2592-48bb-a324-be217745ed01" testListId="8c84fa94-04c1-424b-9868-57a2d4851a1d" />
    <TestEntry testId="a4c6cc76-2922-41eb-a81b-35a8f1fc4233" executionId="5a0dbb1f-f3af-4c04-b87e-ab8c5d13e9f3" testListId="8c84fa94-04c1-424b-9868-57a2d4851a1d" />
    <TestEntry testId="a54f2629-8741-9051-67a0-e1a8c4b5ea10" executionId="cb84e158-8712-4a72-91d1-1b6b6c00688d" testListId="8c84fa94-04c1-424b-9868-57a2d4851a1d" />
    <TestEntry testId="a71a6b83-7f57-ce8c-0c72-5da1414dfef5" executionId="c7fc83ee-b579-4ea2-a038-0b0bacb7bc64" testListId="8c84fa94-04c1-424b-9868-57a2d4851a1d" />
    <TestEntry testId="a98f558f-9bab-5d3b-882a-663d5ff5ae97" executionId="b17303b4-db18-48ab-b19d-21a02fc32438" testListId="8c84fa94-04c1-424b-9868-57a2d4851a1d" />
    <TestEntry testId="a9ffaa5b-f9ae-7924-38fd-a4efa57e9554" executionId="785f8354-e6fc-44d9-9f66-f8be1c8b75eb" testListId="8c84fa94-04c1-424b-9868-57a2d4851a1d" />
    <TestEntry testId="ac390c29-8921-eb5c-8cbb-15dff0c6c040" executionId="7f4d4fbe-8b9f-46b4-968f-e41eb6bbb46b" testListId="8c84fa94-04c1-424b-9868-57a2d4851a1d" />
    <TestEntry testId="ae4afa1c-c8fc-91b6-80ab-c1099e1a8a46" executionId="9f44c426-c3e4-45a9-a742-8fec7fd8ccef" testListId="8c84fa94-04c1-424b-9868-57a2d4851a1d" />
    <TestEntry testId="affe1ef8-a55d-611e-f219-a825233a32ae" executionId="bedc6203-d60a-4a1e-8f15-56aec221aa5f" testListId="8c84fa94-04c1-424b-9868-57a2d4851a1d" />
    <TestEntry testId="b1842f56-d68c-936e-0289-fc1c1f6a341f" executionId="92d703e9-6bc2-4b37-8026-70ffeeb1fd89" testListId="8c84fa94-04c1-424b-9868-57a2d4851a1d" />
    <TestEntry testId="b1852ad4-9275-e058-ea39-b89e2980d650" executionId="9b03f5a1-4cf8-4687-b2f4-25ed580b29b4" testListId="8c84fa94-04c1-424b-9868-57a2d4851a1d" />
    <TestEntry testId="b1c5d96c-054d-4348-7a86-0ce106021a41" executionId="545f43c6-ed3d-4bee-97da-795529138b5d" testListId="8c84fa94-04c1-424b-9868-57a2d4851a1d" />
    <TestEntry testId="b5c4ab9a-0762-76c8-cb39-93c09b1df71e" executionId="bd2097ee-9961-4a6d-8653-ae1fafac880f" testListId="8c84fa94-04c1-424b-9868-57a2d4851a1d" />
    <TestEntry testId="b63109c3-d21b-a6f8-7d7d-88020a21d390" executionId="65b00b75-8e0e-49d0-8609-dabb48866756" testListId="8c84fa94-04c1-424b-9868-57a2d4851a1d" />
    <TestEntry testId="b87f554d-216c-d1a2-7ff8-323f1d9d0f4f" executionId="14068208-f2c6-4bdb-8556-eb0dd3a7622d" testListId="8c84fa94-04c1-424b-9868-57a2d4851a1d" />
    <TestEntry testId="babca73d-0229-c679-426c-78953c0ec145" executionId="dbd72e32-3dc9-4e81-b3ea-231cc3b19303" testListId="8c84fa94-04c1-424b-9868-57a2d4851a1d" />
    <TestEntry testId="bfb74228-802c-ebf9-5059-adacad2817c5" executionId="13e0d950-2d2c-4a4b-bb87-28c4298e32ac" testListId="8c84fa94-04c1-424b-9868-57a2d4851a1d" />
    <TestEntry testId="bfe87bac-e9fc-a821-d953-1eb8c9641d62" executionId="62355110-0bbd-45da-8428-33b090748afe" testListId="8c84fa94-04c1-424b-9868-57a2d4851a1d" />
    <TestEntry testId="c09c2c2c-bf97-afdf-a556-c8b4550bee5f" executionId="13543a25-379d-44f9-9fb0-0dda3b2e6cde" testListId="8c84fa94-04c1-424b-9868-57a2d4851a1d" />
    <TestEntry testId="c0ed1de9-8e4d-8e00-a4bf-c9b99057cab2" executionId="2556f84a-c491-4ece-a96b-bce096c27977" testListId="8c84fa94-04c1-424b-9868-57a2d4851a1d" />
    <TestEntry testId="c1046ba7-0144-8813-1bc3-01566e1bbcb4" executionId="a442a252-775f-42c2-ad55-b309c4f88713" testListId="8c84fa94-04c1-424b-9868-57a2d4851a1d" />
    <TestEntry testId="c11c787c-4fca-cfaa-5d6d-7fdc4065163a" executionId="40abc6bc-d64d-42d6-b8be-ecbdce137da7" testListId="8c84fa94-04c1-424b-9868-57a2d4851a1d" />
    <TestEntry testId="c198a53f-7d04-439f-1fbd-0b778727bf42" executionId="d1cb7ca6-67c5-4acb-bcb7-2b4bb8a478e3" testListId="8c84fa94-04c1-424b-9868-57a2d4851a1d" />
    <TestEntry testId="c1b4ff73-548a-5879-276c-0c28ff414a1c" executionId="18d271a5-08ed-4dc6-982d-32c55243f98b" testListId="8c84fa94-04c1-424b-9868-57a2d4851a1d" />
    <TestEntry testId="c1c24e9f-1ef1-eaa1-585b-5748c70dad65" executionId="6c7e80b5-417e-4d8f-9a6b-9941dec3dcc9" testListId="8c84fa94-04c1-424b-9868-57a2d4851a1d" />
    <TestEntry testId="c34800c1-01aa-78c5-5769-4dd04c7cc3d9" executionId="8277289c-c96a-439e-a120-04cadca03031" testListId="8c84fa94-04c1-424b-9868-57a2d4851a1d" />
    <TestEntry testId="c3fc885b-06d0-19cb-a8e4-a4fc7aee2170" executionId="342afbe2-2a84-4dc7-8f50-039e4fba3bb9" testListId="8c84fa94-04c1-424b-9868-57a2d4851a1d" />
    <TestEntry testId="c574974e-922d-e123-cd45-263cf5bd394a" executionId="4973a7ca-6612-4dc0-89ed-187312576995" testListId="8c84fa94-04c1-424b-9868-57a2d4851a1d" />
    <TestEntry testId="c5e39726-deec-c4f7-824b-1e41432b6b87" executionId="6f6fc4bf-e87d-46bb-9c6b-f616a2687e7d" testListId="8c84fa94-04c1-424b-9868-57a2d4851a1d" />
    <TestEntry testId="cb9247b9-0e78-5318-b25e-4206d939f286" executionId="ba843498-a1b5-4083-b887-57ec6a94ed35" testListId="8c84fa94-04c1-424b-9868-57a2d4851a1d" />
    <TestEntry testId="cc0dd485-3eb5-47cf-79f5-71c3014c459a" executionId="99738720-eb68-4110-8628-c52793ead1ca" testListId="8c84fa94-04c1-424b-9868-57a2d4851a1d" />
    <TestEntry testId="ceb208d4-f6b2-14ea-caab-c04abf814ed1" executionId="7000a72a-c1fd-4963-830b-c1e6ed1f76c6" testListId="8c84fa94-04c1-424b-9868-57a2d4851a1d" />
    <TestEntry testId="cf7f4ea5-e033-7c9e-2653-20e77c20a6bd" executionId="66f81b13-322f-4eeb-97bf-dc964ee3f32e" testListId="8c84fa94-04c1-424b-9868-57a2d4851a1d" />
    <TestEntry testId="d7a29e06-03fa-67e4-6f87-44c551f8b54e" executionId="88c6f31f-c11f-4369-882b-94e3b4f3e8a0" testListId="8c84fa94-04c1-424b-9868-57a2d4851a1d" />
    <TestEntry testId="d7cc34f6-78d2-eecf-5b9f-ab76bb86da71" executionId="cdd334d9-a5d1-4e96-a169-fce938a3bd53" testListId="8c84fa94-04c1-424b-9868-57a2d4851a1d" />
    <TestEntry testId="d87c9634-3232-495c-abe1-766a051a0ec6" executionId="b863fb05-0a9e-483e-a976-8e5ec097c945" testListId="8c84fa94-04c1-424b-9868-57a2d4851a1d" />
    <TestEntry testId="d917289d-258a-a478-26f6-a5a85e035c3f" executionId="452842fe-766d-4995-89ed-ff29e99c9efb" testListId="8c84fa94-04c1-424b-9868-57a2d4851a1d" />
    <TestEntry testId="da2c5789-69fe-8699-f9d7-9a2ec66b4c68" executionId="ed05bf7c-705e-4dd5-bb2e-5ab93309b029" testListId="8c84fa94-04c1-424b-9868-57a2d4851a1d" />
    <TestEntry testId="dc59e212-85a1-3e76-d4aa-2b0731bd07f1" executionId="09bf89f7-f701-4e0e-87b9-4ce701580683" testListId="8c84fa94-04c1-424b-9868-57a2d4851a1d" />
    <TestEntry testId="dcd55a77-217b-2a2a-b734-243925f84d45" executionId="68f5436f-fb8c-4a35-9a0b-204955a2908e" testListId="8c84fa94-04c1-424b-9868-57a2d4851a1d" />
    <TestEntry testId="e09c5cb1-1c0e-6e77-1183-514f09126ef8" executionId="b1ce15b7-8a79-4c60-bece-f1822d3a6f98" testListId="8c84fa94-04c1-424b-9868-57a2d4851a1d" />
    <TestEntry testId="e489bd92-1fdb-dce0-d50f-126dc15b0598" executionId="e758adc5-009b-43a6-8126-753342aaa6ce" testListId="8c84fa94-04c1-424b-9868-57a2d4851a1d" />
    <TestEntry testId="e4d4bf05-87c5-ae25-1539-415c4a3fabe0" executionId="090b7674-8c8b-4deb-9739-5ace0fc81b75" testListId="8c84fa94-04c1-424b-9868-57a2d4851a1d" />
    <TestEntry testId="e5f5eeb7-8767-c831-6700-d29e08cf89bb" executionId="37c7cf30-3c75-4dd3-961e-c5a8736c651d" testListId="8c84fa94-04c1-424b-9868-57a2d4851a1d" />
    <TestEntry testId="e7921d23-7b31-8b43-d930-5a3bc89a44b3" executionId="2cfa1256-78de-4574-8fcd-b6fc4e08ec52" testListId="8c84fa94-04c1-424b-9868-57a2d4851a1d" />
    <TestEntry testId="e7c5dfe9-6c85-ed21-1287-63d333e61256" executionId="24f14146-cb2e-4e70-acdb-2ca03d2159fb" testListId="8c84fa94-04c1-424b-9868-57a2d4851a1d" />
    <TestEntry testId="ea353cbf-1840-4b47-9557-83373d54727c" executionId="3317c37a-2836-4cd6-8a1d-1b81af931aab" testListId="8c84fa94-04c1-424b-9868-57a2d4851a1d" />
    <TestEntry testId="eba5dc6e-9bfa-ee02-4059-95270e8b548f" executionId="6a5075c6-921b-4f2c-8434-c202ceb7d767" testListId="8c84fa94-04c1-424b-9868-57a2d4851a1d" />
    <TestEntry testId="ec103ee4-7d33-deea-fa5e-ea2ddfa162f6" executionId="6f427703-cb11-4833-92ae-187b8cc9e661" testListId="8c84fa94-04c1-424b-9868-57a2d4851a1d" />
    <TestEntry testId="f0820a20-bffa-aca4-73b6-cb5b10486dcd" executionId="cdfaa790-9a99-4421-8016-5534683d5a84" testListId="8c84fa94-04c1-424b-9868-57a2d4851a1d" />
    <TestEntry testId="f173e7fc-49c9-6230-eca2-9afec5f70750" executionId="811e8c43-df6a-4acf-a8ad-848d75263504" testListId="8c84fa94-04c1-424b-9868-57a2d4851a1d" />
    <TestEntry testId="f19b5895-b0f7-59f0-4036-17b6609c64da" executionId="cfc86615-6e38-452c-b035-329cc1119f4b" testListId="8c84fa94-04c1-424b-9868-57a2d4851a1d" />
    <TestEntry testId="f45fb43e-8e19-67de-faf5-292c20567a5c" executionId="e7e0832f-bd05-4b8b-b1da-d750be63d8e6" testListId="8c84fa94-04c1-424b-9868-57a2d4851a1d" />
    <TestEntry testId="f8c986a1-4d49-6c57-695c-e57bd1d77a03" executionId="ae306b7f-ac94-4629-ae0f-0c354cac8c7a" testListId="8c84fa94-04c1-424b-9868-57a2d4851a1d" />
    <TestEntry testId="f8dab570-907f-9537-fb70-c2f0ade97939" executionId="4b136cbf-fe61-453d-961a-cca84c377815" testListId="8c84fa94-04c1-424b-9868-57a2d4851a1d" />
    <TestEntry testId="fc01b55b-5936-8b78-9de3-822e7b824b5a" executionId="94b21dab-7c03-4c70-bfef-db5ad67b1688" testListId="8c84fa94-04c1-424b-9868-57a2d4851a1d" />
    <TestEntry testId="fd2220b2-26eb-6999-62ad-4cbb765b850c" executionId="a0873ba6-bd79-43ec-b415-d1c7e048d59a" testListId="8c84fa94-04c1-424b-9868-57a2d4851a1d" />
    <TestEntry testId="ff3263d9-8c70-f60e-d721-c5d537b9f312" executionId="ef838c01-bf2e-4ffc-90a9-deb53ce810a8" testListId="8c84fa94-04c1-424b-9868-57a2d4851a1d" />
    <TestEntry testId="ffe04048-3d0c-a00a-f497-66ad2a87b507" executionId="0cfcaf36-bc5f-4eae-91cc-56cb9659a2de" testListId="8c84fa94-04c1-424b-9868-57a2d4851a1d" />
  </TestEntries>
  <Results>
    <UnitTestResult executionId="2a241642-c270-45f7-a3ff-8ce183fbbc54" testId="00175a47-f5ac-5833-baf2-7cf7b4a44a19" testName="RemoveTest" computerName="WATSON1491" duration="00:00:00.1178218" startTime="2012-04-17T03:16:34.4394924-04:00" endTime="2012-04-17T03:16:34.8055134-04:00" testType="13cdc9d9-ddb5-4fa4-a97d-d965ccfc6d4b" outcome="Passed" testListId="8c84fa94-04c1-424b-9868-57a2d4851a1d" relativeResultsDirectory="2a241642-c270-45f7-a3ff-8ce183fbbc54">
    </UnitTestResult>
    <UnitTestResult executionId="fe5c1ffb-f668-4bbc-9a2f-4374db608b03" testId="00a5a340-dd24-58d6-2c39-57102dd10a93" testName="ReopenTest" computerName="WATSON1491" duration="00:00:00.0827416" startTime="2012-04-17T03:16:34.8135138-04:00" endTime="2012-04-17T03:16:35.1225315-04:00" testType="13cdc9d9-ddb5-4fa4-a97d-d965ccfc6d4b" outcome="Passed" testListId="8c84fa94-04c1-424b-9868-57a2d4851a1d" relativeResultsDirectory="fe5c1ffb-f668-4bbc-9a2f-4374db608b03">
    </UnitTestResult>
    <UnitTestResult executionId="aff6325b-0ca0-4751-8749-ab0fd2a47257" testId="00e17ed5-bd31-7476-2fee-eae2d73830e2" testName="SerializeTest" computerName="WATSON1491" duration="00:00:00.0171314" startTime="2012-04-17T03:16:35.1315320-04:00" endTime="2012-04-17T03:16:35.4625510-04:00" testType="13cdc9d9-ddb5-4fa4-a97d-d965ccfc6d4b" outcome="Passed" testListId="8c84fa94-04c1-424b-9868-57a2d4851a1d" relativeResultsDirectory="aff6325b-0ca0-4751-8749-ab0fd2a47257">
    </UnitTestResult>
    <UnitTestResult executionId="6041974a-5d08-4089-b72b-4bdb18dc4145" testId="01045d66-f1c1-b905-4f83-06fa33497a3c" testName="GetHashCodeTest" computerName="WATSON1491" duration="00:00:00.0158537" startTime="2012-04-17T03:16:35.4685513-04:00" endTime="2012-04-17T03:16:35.7085650-04:00" testType="13cdc9d9-ddb5-4fa4-a97d-d965ccfc6d4b" outcome="Passed" testListId="8c84fa94-04c1-424b-9868-57a2d4851a1d" relativeResultsDirectory="6041974a-5d08-4089-b72b-4bdb18dc4145">
    </UnitTestResult>
    <UnitTestResult executionId="c7991599-2c72-4d0f-8cf9-c44ad3e92c39" testId="011f0b4d-330b-80d4-eb98-3a291b4151c2" testName="AllocateFillAfterSplitTest" computerName="WATSON1491" duration="00:00:00.0440659" startTime="2012-04-17T03:16:35.7145654-04:00" endTime="2012-04-17T03:16:35.7625681-04:00" testType="13cdc9d9-ddb5-4fa4-a97d-d965ccfc6d4b" outcome="Passed" testListId="8c84fa94-04c1-424b-9868-57a2d4851a1d" relativeResultsDirectory="c7991599-2c72-4d0f-8cf9-c44ad3e92c39">
    </UnitTestResult>
    <UnitTestResult executionId="598a80a6-a1dd-4940-8ff8-3b02daec4528" testId="01bc45a5-2d07-66b6-930e-fc2b22c4f6e2" testName="DataTest" computerName="WATSON1491" duration="00:00:00.0170398" startTime="2012-04-17T03:16:35.7695685-04:00" endTime="2012-04-17T03:16:36.0175827-04:00" testType="13cdc9d9-ddb5-4fa4-a97d-d965ccfc6d4b" outcome="Passed" testListId="8c84fa94-04c1-424b-9868-57a2d4851a1d" relativeResultsDirectory="598a80a6-a1dd-4940-8ff8-3b02daec4528">
    </UnitTestResult>
    <UnitTestResult executionId="c4a52cc7-c756-496b-96d4-077e8d0b7b7c" testId="04f7cef3-5dd1-279a-9290-195c67f3eb10" testName="DeserializeTest" computerName="WATSON1491" duration="00:00:00.0167501" startTime="2012-04-17T03:16:36.0335836-04:00" endTime="2012-04-17T03:16:36.2875981-04:00" testType="13cdc9d9-ddb5-4fa4-a97d-d965ccfc6d4b" outcome="Passed" testListId="8c84fa94-04c1-424b-9868-57a2d4851a1d" relativeResultsDirectory="c4a52cc7-c756-496b-96d4-077e8d0b7b7c">
    </UnitTestResult>
    <UnitTestResult executionId="1a322db7-4f93-4afd-8a8c-da3ed2e2f51a" testId="07414e15-0007-4d7b-15c6-ec13fc17ad8b" testName="GetNextIndexTest" computerName="WATSON1491" duration="00:00:00.0195980" startTime="2012-04-17T03:16:36.2975987-04:00" endTime="2012-04-17T03:16:36.3236002-04:00" testType="13cdc9d9-ddb5-4fa4-a97d-d965ccfc6d4b" outcome="Passed" testListId="8c84fa94-04c1-424b-9868-57a2d4851a1d" relativeResultsDirectory="1a322db7-4f93-4afd-8a8c-da3ed2e2f51a">
    </UnitTestResult>
    <UnitTestResult executionId="74ef15d4-ed21-4b77-82e9-539738b81b51" testId="07fd6071-5ad6-8ae1-19db-6f86b098fff4" testName="FreeMiddleSpaceTest" computerName="WATSON1491" duration="00:00:00.0550100" startTime="2012-04-17T03:16:36.3706029-04:00" endTime="2012-04-17T03:16:36.4306063-04:00" testType="13cdc9d9-ddb5-4fa4-a97d-d965ccfc6d4b" outcome="Passed" testListId="8c84fa94-04c1-424b-9868-57a2d4851a1d" relativeResultsDirectory="74ef15d4-ed21-4b77-82e9-539738b81b51">
    </UnitTestResult>
    <UnitTestResult executionId="2ed20b36-d64c-49f0-bff2-7ad4a442fb7b" testId="082e8e55-223e-051e-386f-e304fa6d81fc" testName="DeserializeTest" computerName="WATSON1491" duration="00:00:00.0178887" startTime="2012-04-17T03:16:36.4356066-04:00" endTime="2012-04-17T03:16:36.6756203-04:00" testType="13cdc9d9-ddb5-4fa4-a97d-d965ccfc6d4b" outcome="Passed" testListId="8c84fa94-04c1-424b-9868-57a2d4851a1d" relativeResultsDirectory="2ed20b36-d64c-49f0-bff2-7ad4a442fb7b">
    </UnitTestResult>
    <UnitTestResult executionId="e007016f-e496-431d-95c2-5c527155ed07" testId="0bf9df8d-121f-259e-67aa-905c5bb6c662" testName="AllocateInMiddleTest" computerName="WATSON1491" duration="00:00:00.0521646" startTime="2012-04-17T03:16:36.6826207-04:00" endTime="2012-04-17T03:16:36.7386239-04:00" testType="13cdc9d9-ddb5-4fa4-a97d-d965ccfc6d4b" outcome="Passed" testListId="8c84fa94-04c1-424b-9868-57a2d4851a1d" relativeResultsDirectory="e007016f-e496-431d-95c2-5c527155ed07">
    </UnitTestResult>
    <UnitTestResult executionId="f7e158b5-d834-4ff2-9d87-5b110851c142" testId="0ef3c0a1-e279-0642-068f-cf09f20b4b4e" testName="AddToStartTest" computerName="WATSON1491" duration="00:00:00.0268194" startTime="2012-04-17T03:16:36.7446243-04:00" endTime="2012-04-17T03:16:36.7766261-04:00" testType="13cdc9d9-ddb5-4fa4-a97d-d965ccfc6d4b" outcome="Passed" testListId="8c84fa94-04c1-424b-9868-57a2d4851a1d" relativeResultsDirectory="f7e158b5-d834-4ff2-9d87-5b110851c142">
    </UnitTestResult>
    <UnitTestResult executionId="c93787ff-43e6-468a-9444-57425ed7c04d" testId="0f7dd13b-d69f-2fef-8f8e-80f7ee7968ec" testName="AddAfterTest" computerName="WATSON1491" duration="00:00:00.0118299" startTime="2012-04-17T03:16:36.7816264-04:00" endTime="2012-04-17T03:16:36.7976273-04:00" testType="13cdc9d9-ddb5-4fa4-a97d-d965ccfc6d4b" outcome="Passed" testListId="8c84fa94-04c1-424b-9868-57a2d4851a1d" relativeResultsDirectory="c93787ff-43e6-468a-9444-57425ed7c04d">
    </UnitTestResult>
    <UnitTestResult executionId="fba8b547-9b02-4113-b54e-0533cec364f5" testId="11201bbf-151b-a78e-02fa-23b7cbfebd28" testName="PutGetUserHeaderTest" computerName="WATSON1491" duration="00:00:00.0034528" startTime="2012-04-17T03:16:36.8046277-04:00" endTime="2012-04-17T03:16:36.8126282-04:00" testType="13cdc9d9-ddb5-4fa4-a97d-d965ccfc6d4b" outcome="Passed" testListId="8c84fa94-04c1-424b-9868-57a2d4851a1d" relativeResultsDirectory="fba8b547-9b02-4113-b54e-0533cec364f5">
    </UnitTestResult>
    <UnitTestResult executionId="4ac1f802-bd8d-403a-9443-24361687ae14" testId="119f0d26-abb3-b910-6e20-3eb2e8267f66" testName="GetPutUserHeaderTest" computerName="WATSON1491" duration="00:00:00.0201539" startTime="2012-04-17T03:16:36.8166284-04:00" endTime="2012-04-17T03:16:36.8446300-04:00" testType="13cdc9d9-ddb5-4fa4-a97d-d965ccfc6d4b" outcome="Passed" testListId="8c84fa94-04c1-424b-9868-57a2d4851a1d" relativeResultsDirectory="4ac1f802-bd8d-403a-9443-24361687ae14">
    </UnitTestResult>
    <UnitTestResult executionId="458fbcae-ecd2-47ff-aeae-0bd3bb3d15ce" testId="11b05b3f-8750-268f-48a2-a9f027b23597" testName="ExtendToTest" computerName="WATSON1491" duration="00:00:00.0010689" startTime="2012-04-17T03:16:36.8496303-04:00" endTime="2012-04-17T03:16:36.8556306-04:00" testType="13cdc9d9-ddb5-4fa4-a97d-d965ccfc6d4b" outcome="Passed" testListId="8c84fa94-04c1-424b-9868-57a2d4851a1d" relativeResultsDirectory="458fbcae-ecd2-47ff-aeae-0bd3bb3d15ce">
    </UnitTestResult>
    <UnitTestResult executionId="6444b1a5-2cff-437c-b96d-012190d2392d" testId="1232c426-0c7a-7827-61d6-db854aeef3be" testName="FileAlreadyExistsTest" computerName="WATSON1491" duration="00:00:00.0280877" startTime="2012-04-17T03:16:36.8606309-04:00" endTime="2012-04-17T03:16:36.8916327-04:00" testType="13cdc9d9-ddb5-4fa4-a97d-d965ccfc6d4b" outcome="Passed" testListId="8c84fa94-04c1-424b-9868-57a2d4851a1d" relativeResultsDirectory="6444b1a5-2cff-437c-b96d-012190d2392d">
    </UnitTestResult>
    <UnitTestResult executionId="ff03fc33-d325-4d03-abaa-c4d0da3c3ae0" testId="13b6656a-26f9-0ea8-7ea0-1310a5a1b2d4" testName="AllocateSplitTest" computerName="WATSON1491" duration="00:00:00.0660749" startTime="2012-04-17T03:16:36.8986331-04:00" endTime="2012-04-17T03:16:36.9696372-04:00" testType="13cdc9d9-ddb5-4fa4-a97d-d965ccfc6d4b" outcome="Passed" testListId="8c84fa94-04c1-424b-9868-57a2d4851a1d" relativeResultsDirectory="ff03fc33-d325-4d03-abaa-c4d0da3c3ae0">
    </UnitTestResult>
    <UnitTestResult executionId="081c9a67-3448-48ed-bda7-704cfde5fc7c" testId="13caa2ac-a8f6-fd8d-092b-4da64a664c5a" testName="GetHeaderSizeTest" computerName="WATSON1491" duration="00:00:00.0002066" startTime="2012-04-17T03:16:36.9806378-04:00" endTime="2012-04-17T03:16:36.9846380-04:00" testType="13cdc9d9-ddb5-4fa4-a97d-d965ccfc6d4b" outcome="Passed" testListId="8c84fa94-04c1-424b-9868-57a2d4851a1d" relativeResultsDirectory="081c9a67-3448-48ed-bda7-704cfde5fc7c">
    </UnitTestResult>
    <UnitTestResult executionId="0fe3b03e-139a-4c16-8d4b-efa23504980f" testId="13d4ab95-1414-7811-03e7-8823a1d3b6d1" testName="GetHeaderTest" computerName="WATSON1491" duration="00:00:00.0183600" startTime="2012-04-17T03:16:36.9906384-04:00" endTime="2012-04-17T03:16:37.0136397-04:00" testType="13cdc9d9-ddb5-4fa4-a97d-d965ccfc6d4b" outcome="Passed" testListId="8c84fa94-04c1-424b-9868-57a2d4851a1d" relativeResultsDirectory="0fe3b03e-139a-4c16-8d4b-efa23504980f">
    </UnitTestResult>
    <UnitTestResult executionId="d99e0506-8efd-44f6-b352-a9af509f3d40" testId="1510b5de-0adc-d68f-397e-304b14d0d872" testName="RemoveCollisionTest" computerName="WATSON1491" duration="00:00:00.0526509" startTime="2012-04-17T03:16:37.0186400-04:00" endTime="2012-04-17T03:16:37.0756432-04:00" testType="13cdc9d9-ddb5-4fa4-a97d-d965ccfc6d4b" outcome="Passed" testListId="8c84fa94-04c1-424b-9868-57a2d4851a1d" relativeResultsDirectory="d99e0506-8efd-44f6-b352-a9af509f3d40">
    </UnitTestResult>
    <UnitTestResult executionId="033f3dd3-c47f-48aa-82a6-65ab6bdf4a2a" testId="15446eac-e5d1-8f0a-f744-cb3cd9c641c7" testName="GetRangeTest" computerName="WATSON1491" duration="00:00:00.0266820" startTime="2012-04-17T03:16:37.0866438-04:00" endTime="2012-04-17T03:16:37.1166456-04:00" testType="13cdc9d9-ddb5-4fa4-a97d-d965ccfc6d4b" outcome="Passed" testListId="8c84fa94-04c1-424b-9868-57a2d4851a1d" relativeResultsDirectory="033f3dd3-c47f-48aa-82a6-65ab6bdf4a2a">
    </UnitTestResult>
    <UnitTestResult executionId="eeb22e3c-7a72-4b04-9e86-3d98b532fccb" testId="15eee5ec-03b7-2b3f-62ff-f766c0f78875" testName="ReadByteTest" computerName="WATSON1491" duration="00:00:00.0156333" startTime="2012-04-17T03:16:37.1236460-04:00" endTime="2012-04-17T03:16:37.3726602-04:00" testType="13cdc9d9-ddb5-4fa4-a97d-d965ccfc6d4b" outcome="Passed" testListId="8c84fa94-04c1-424b-9868-57a2d4851a1d" relativeResultsDirectory="eeb22e3c-7a72-4b04-9e86-3d98b532fccb">
    </UnitTestResult>
    <UnitTestResult executionId="c151b1b6-fbc4-4dca-b7ea-a6624d44cce6" testId="1604b673-3185-b533-77b5-a1fcf04b160d" testName="GetUserHeaderSizeTest" computerName="WATSON1491" duration="00:00:00.0056969" startTime="2012-04-17T03:16:37.3826608-04:00" endTime="2012-04-17T03:16:37.3916613-04:00" testType="13cdc9d9-ddb5-4fa4-a97d-d965ccfc6d4b" outcome="Passed" testListId="8c84fa94-04c1-424b-9868-57a2d4851a1d" relativeResultsDirectory="c151b1b6-fbc4-4dca-b7ea-a6624d44cce6">
    </UnitTestResult>
    <UnitTestResult executionId="23c7a09a-4b73-4d54-b05e-a1b0f4943418" testId="161a504d-52d4-787a-3837-47cb7fdc172b" testName="SerializeTest" computerName="WATSON1491" duration="00:00:00.0027773" startTime="2012-04-17T03:16:37.3976616-04:00" endTime="2012-04-17T03:16:37.4036620-04:00" testType="13cdc9d9-ddb5-4fa4-a97d-d965ccfc6d4b" outcome="Passed" testListId="8c84fa94-04c1-424b-9868-57a2d4851a1d" relativeResultsDirectory="23c7a09a-4b73-4d54-b05e-a1b0f4943418">
    </UnitTestResult>
    <UnitTestResult executionId="e06325d9-ed25-4c1e-8662-a312d7044959" testId="17c74e86-2a6c-cb27-d667-6f54dbf65bde" testName="GetElementSizeTest" computerName="WATSON1491" duration="00:00:00.0359935" startTime="2012-04-17T03:16:37.4106624-04:00" endTime="2012-04-17T03:16:37.6726774-04:00" testType="13cdc9d9-ddb5-4fa4-a97d-d965ccfc6d4b" outcome="Passed" testListId="8c84fa94-04c1-424b-9868-57a2d4851a1d" relativeResultsDirectory="e06325d9-ed25-4c1e-8662-a312d7044959">
    </UnitTestResult>
    <UnitTestResult executionId="42ac53e8-7393-4ea1-9a14-3c359335d96a" testId="1a92d4c6-be2c-ef6c-e2d4-ccc5f0564285" testName="ToBytesTest" computerName="WATSON1491" duration="00:00:00.0003975" startTime="2012-04-17T03:16:37.6786777-04:00" endTime="2012-04-17T03:16:37.6816779-04:00" testType="13cdc9d9-ddb5-4fa4-a97d-d965ccfc6d4b" outcome="Passed" testListId="8c84fa94-04c1-424b-9868-57a2d4851a1d" relativeResultsDirectory="42ac53e8-7393-4ea1-9a14-3c359335d96a">
    </UnitTestResult>
    <UnitTestResult executionId="89db6506-986e-45b9-9385-830489ca92dc" testId="1af0c77b-4d3c-a3e7-21cb-37332222dd11" testName="ReopenTest" computerName="WATSON1491" duration="00:00:00.0065276" startTime="2012-04-17T03:16:37.6866782-04:00" endTime="2012-04-17T03:16:37.6966787-04:00" testType="13cdc9d9-ddb5-4fa4-a97d-d965ccfc6d4b" outcome="Passed" testListId="8c84fa94-04c1-424b-9868-57a2d4851a1d" relativeResultsDirectory="89db6506-986e-45b9-9385-830489ca92dc">
    </UnitTestResult>
    <UnitTestResult executionId="3686afe4-8dfa-4b0e-9806-9f059b8277d6" testId="1d53293b-a39c-108d-e97e-8d3ed479d40d" testName="DeleteTest" computerName="WATSON1491" duration="00:00:00.0053257" startTime="2012-04-17T03:16:37.7026791-04:00" endTime="2012-04-17T03:16:37.7106795-04:00" testType="13cdc9d9-ddb5-4fa4-a97d-d965ccfc6d4b" outcome="Passed" testListId="8c84fa94-04c1-424b-9868-57a2d4851a1d" relativeResultsDirectory="3686afe4-8dfa-4b0e-9806-9f059b8277d6">
    </UnitTestResult>
    <UnitTestResult executionId="5ec724b7-25be-4ce9-8efa-8342766618e7" testId="1fbff0c8-5e86-4d43-10de-791509c0db36" testName="CtorTest" computerName="WATSON1491" duration="00:00:00.0002873" startTime="2012-04-17T03:16:37.7176799-04:00" endTime="2012-04-17T03:16:37.7216802-04:00" testType="13cdc9d9-ddb5-4fa4-a97d-d965ccfc6d4b" outcome="Passed" testListId="8c84fa94-04c1-424b-9868-57a2d4851a1d" relativeResultsDirectory="5ec724b7-25be-4ce9-8efa-8342766618e7">
    </UnitTestResult>
    <UnitTestResult executionId="9873924c-f5ff-42cb-9c91-e1bc6e5ab2eb" testId="2034f3b2-84ce-b459-b009-777707c460e9" testName="RemoveEndTest" computerName="WATSON1491" duration="00:00:00.0029674" startTime="2012-04-17T03:16:37.7276805-04:00" endTime="2012-04-17T03:16:37.7336809-04:00" testType="13cdc9d9-ddb5-4fa4-a97d-d965ccfc6d4b" outcome="Passed" testListId="8c84fa94-04c1-424b-9868-57a2d4851a1d" relativeResultsDirectory="9873924c-f5ff-42cb-9c91-e1bc6e5ab2eb">
    </UnitTestResult>
    <UnitTestResult executionId="b0b3f18f-eab2-4184-bfa3-14e9059972f8" testId="2053caf7-0cee-71a7-c0a3-31f51653539e" testName="WriteToStorageTest" computerName="WATSON1491" duration="00:00:00.0094865" startTime="2012-04-17T03:16:37.7386811-04:00" endTime="2012-04-17T03:16:37.7526819-04:00" testType="13cdc9d9-ddb5-4fa4-a97d-d965ccfc6d4b" outcome="Passed" testListId="8c84fa94-04c1-424b-9868-57a2d4851a1d" relativeResultsDirectory="b0b3f18f-eab2-4184-bfa3-14e9059972f8">
    </UnitTestResult>
    <UnitTestResult executionId="19bae5e6-d5dc-4baf-ac73-fc972ef2c3ac" testId="21ea634d-ec3e-6f69-7865-3d6f41e7db9a" testName="SerializeTest" computerName="WATSON1491" duration="00:00:00.0003800" startTime="2012-04-17T03:16:37.7576822-04:00" endTime="2012-04-17T03:16:37.7626825-04:00" testType="13cdc9d9-ddb5-4fa4-a97d-d965ccfc6d4b" outcome="Passed" testListId="8c84fa94-04c1-424b-9868-57a2d4851a1d" relativeResultsDirectory="19bae5e6-d5dc-4baf-ac73-fc972ef2c3ac">
    </UnitTestResult>
    <UnitTestResult executionId="e5cc337e-e232-4d85-baf6-ccd3e6a3fc32" testId="282879a0-7b32-ff9a-e44c-1a4579417208" testName="SizeInBytesTest" computerName="WATSON1491" duration="00:00:00.0006451" startTime="2012-04-17T03:16:37.7706830-04:00" endTime="2012-04-17T03:16:37.7756833-04:00" testType="13cdc9d9-ddb5-4fa4-a97d-d965ccfc6d4b" outcome="Passed" testListId="8c84fa94-04c1-424b-9868-57a2d4851a1d" relativeResultsDirectory="e5cc337e-e232-4d85-baf6-ccd3e6a3fc32">
    </UnitTestResult>
    <UnitTestResult executionId="65dac7e3-c53f-4cca-b9f8-460c373e1cbb" testId="2a736369-0faa-7bd0-3ec4-55591153ab35" testName="SplitTest" computerName="WATSON1491" duration="00:00:00.0007739" startTime="2012-04-17T03:16:37.7816836-04:00" endTime="2012-04-17T03:16:37.7856838-04:00" testType="13cdc9d9-ddb5-4fa4-a97d-d965ccfc6d4b" outcome="Passed" testListId="8c84fa94-04c1-424b-9868-57a2d4851a1d" relativeResultsDirectory="65dac7e3-c53f-4cca-b9f8-460c373e1cbb">
    </UnitTestResult>
    <UnitTestResult executionId="1bc42de6-4e8a-43e4-b775-e763d4537f46" testId="2b9a3f45-3c5e-f945-6521-ce395feda3cb" testName="CtorTest" computerName="WATSON1491" duration="00:00:00.0002670" startTime="2012-04-17T03:16:37.7916842-04:00" endTime="2012-04-17T03:16:37.7956844-04:00" testType="13cdc9d9-ddb5-4fa4-a97d-d965ccfc6d4b" outcome="Passed" testListId="8c84fa94-04c1-424b-9868-57a2d4851a1d" relativeResultsDirectory="1bc42de6-4e8a-43e4-b775-e763d4537f46">
    </UnitTestResult>
    <UnitTestResult executionId="c50a0f10-90d5-4b24-b234-accf70d00bce" testId="2ba6a0e8-4d4a-7fae-c756-beed24e76cc7" testName="GetPutTest" computerName="WATSON1491" duration="00:00:00.0048516" startTime="2012-04-17T03:16:37.8006847-04:00" endTime="2012-04-17T03:16:37.8096852-04:00" testType="13cdc9d9-ddb5-4fa4-a97d-d965ccfc6d4b" outcome="Passed" testListId="8c84fa94-04c1-424b-9868-57a2d4851a1d" relativeResultsDirectory="c50a0f10-90d5-4b24-b234-accf70d00bce">
    </UnitTestResult>
    <UnitTestResult executionId="d8cbfeef-861a-4074-b187-a1cafa112665" testId="2ecace38-de69-65fe-78ba-795f763f7921" testName="CtorTest" computerName="WATSON1491" duration="00:00:00.0326055" startTime="2012-04-17T03:16:37.8316865-04:00" endTime="2012-04-17T03:16:37.8676885-04:00" testType="13cdc9d9-ddb5-4fa4-a97d-d965ccfc6d4b" outcome="Passed" testListId="8c84fa94-04c1-424b-9868-57a2d4851a1d" relativeResultsDirectory="d8cbfeef-861a-4074-b187-a1cafa112665">
    </UnitTestResult>
    <UnitTestResult executionId="0cf9f6fa-143b-405c-8014-8f4cc99d0953" testId="30fb22e9-f40e-bfdf-14ab-ef764bec1747" testName="ReopenTest" computerName="WATSON1491" duration="00:00:00.0076853" startTime="2012-04-17T03:16:37.8736889-04:00" endTime="2012-04-17T03:16:37.8846895-04:00" testType="13cdc9d9-ddb5-4fa4-a97d-d965ccfc6d4b" outcome="Passed" testListId="8c84fa94-04c1-424b-9868-57a2d4851a1d" relativeResultsDirectory="0cf9f6fa-143b-405c-8014-8f4cc99d0953">
    </UnitTestResult>
    <UnitTestResult executionId="e4fd2230-f62a-46d2-ac24-d4142e0be653" testId="33bbef63-045e-f45c-4904-9d2f969572f1" testName="WriteIntTest" computerName="WATSON1491" duration="00:00:00.0059871" startTime="2012-04-17T03:16:37.8896898-04:00" endTime="2012-04-17T03:16:37.8996903-04:00" testType="13cdc9d9-ddb5-4fa4-a97d-d965ccfc6d4b" outcome="Passed" testListId="8c84fa94-04c1-424b-9868-57a2d4851a1d" relativeResultsDirectory="e4fd2230-f62a-46d2-ac24-d4142e0be653">
    </UnitTestResult>
    <UnitTestResult executionId="c8eb4ef3-07d7-4437-8e90-691f4f8a3c28" testId="344d8cb8-23f2-23e3-3ec1-bef1b12c809d" testName="GetFileNameTest" computerName="WATSON1491" duration="00:00:00.0618197" startTime="2012-04-17T03:16:37.9066907-04:00" endTime="2012-04-17T03:16:37.9716945-04:00" testType="13cdc9d9-ddb5-4fa4-a97d-d965ccfc6d4b" outcome="Passed" testListId="8c84fa94-04c1-424b-9868-57a2d4851a1d" relativeResultsDirectory="c8eb4ef3-07d7-4437-8e90-691f4f8a3c28">
    </UnitTestResult>
    <UnitTestResult executionId="6eec7349-d499-4464-a3bb-a5e003e157f5" testId="35a16e41-d355-d959-88ea-aa8f91cea11b" testName="DeserializeTest" computerName="WATSON1491" duration="00:00:00.0012172" startTime="2012-04-17T03:16:37.9856953-04:00" endTime="2012-04-17T03:16:38.0006961-04:00" testType="13cdc9d9-ddb5-4fa4-a97d-d965ccfc6d4b" outcome="Passed" testListId="8c84fa94-04c1-424b-9868-57a2d4851a1d" relativeResultsDirectory="6eec7349-d499-4464-a3bb-a5e003e157f5">
    </UnitTestResult>
    <UnitTestResult executionId="8aa3198f-379d-4328-8202-6d99bf118756" testId="386c50f6-2d09-529c-8336-cdd485ffb439" testName="GetTest" computerName="WATSON1491" duration="00:00:00.0022858" startTime="2012-04-17T03:16:38.0066965-04:00" endTime="2012-04-17T03:16:38.0136969-04:00" testType="13cdc9d9-ddb5-4fa4-a97d-d965ccfc6d4b" outcome="Passed" testListId="8c84fa94-04c1-424b-9868-57a2d4851a1d" relativeResultsDirectory="8aa3198f-379d-4328-8202-6d99bf118756">
    </UnitTestResult>
    <UnitTestResult executionId="c038d055-2530-4d8b-8990-7246f2e41a3f" testId="39634d81-9688-20c8-d77f-ba195db41378" testName="FreeAddSpaceToMiddleOfFreeListTest" computerName="WATSON1491" duration="00:00:00.0949970" startTime="2012-04-17T03:16:38.0186972-04:00" endTime="2012-04-17T03:16:38.1217030-04:00" testType="13cdc9d9-ddb5-4fa4-a97d-d965ccfc6d4b" outcome="Passed" testListId="8c84fa94-04c1-424b-9868-57a2d4851a1d" relativeResultsDirectory="c038d055-2530-4d8b-8990-7246f2e41a3f">
    </UnitTestResult>
    <UnitTestResult executionId="81dcf724-43fb-4917-a6b9-10dfdab782ef" testId="402330e1-95b7-447a-93a7-af95d05ae424" testName="WriteReadStorageTest" computerName="WATSON1491" duration="00:00:00.0037721" startTime="2012-04-17T03:16:38.1317036-04:00" endTime="2012-04-17T03:16:38.1407041-04:00" testType="13cdc9d9-ddb5-4fa4-a97d-d965ccfc6d4b" outcome="Passed" testListId="8c84fa94-04c1-424b-9868-57a2d4851a1d" relativeResultsDirectory="81dcf724-43fb-4917-a6b9-10dfdab782ef">
    </UnitTestResult>
    <UnitTestResult executionId="2761a5ee-0fdb-40ca-ab98-729b1cfbb350" testId="414c1d58-8de9-a775-6ff6-4a9efb4178ab" testName="CreateCtorTest" computerName="WATSON1491" duration="00:00:00.0411406" startTime="2012-04-17T03:16:38.1467045-04:00" endTime="2012-04-17T03:16:38.1907070-04:00" testType="13cdc9d9-ddb5-4fa4-a97d-d965ccfc6d4b" outcome="Passed" testListId="8c84fa94-04c1-424b-9868-57a2d4851a1d" relativeResultsDirectory="2761a5ee-0fdb-40ca-ab98-729b1cfbb350">
    </UnitTestResult>
    <UnitTestResult executionId="0c540985-0498-40dc-ad05-11e0f252466c" testId="44b2bd84-c18b-ffc2-bf52-0bd4506adf9f" testName="GetNextIndexTest" computerName="WATSON1491" duration="00:00:00.0153752" startTime="2012-04-17T03:16:38.1957073-04:00" endTime="2012-04-17T03:16:38.2347095-04:00" testType="13cdc9d9-ddb5-4fa4-a97d-d965ccfc6d4b" outcome="Passed" testListId="8c84fa94-04c1-424b-9868-57a2d4851a1d" relativeResultsDirectory="0c540985-0498-40dc-ad05-11e0f252466c">
    </UnitTestResult>
    <UnitTestResult executionId="95f78893-908c-4e18-bcaa-5b0c51a9fbcd" testId="45dc2f0e-4af7-fb97-54f6-bad15d2a2da4" testName="GetDataTest" computerName="WATSON1491" duration="00:00:00.0402410" startTime="2012-04-17T03:16:38.2517105-04:00" endTime="2012-04-17T03:16:38.2957130-04:00" testType="13cdc9d9-ddb5-4fa4-a97d-d965ccfc6d4b" outcome="Passed" testListId="8c84fa94-04c1-424b-9868-57a2d4851a1d" relativeResultsDirectory="95f78893-908c-4e18-bcaa-5b0c51a9fbcd">
    </UnitTestResult>
    <UnitTestResult executionId="1c37446d-b2b7-42e5-9f4c-3a23ec8bab25" testId="47e64445-4f51-07b5-3b92-f087a8ca68d5" testName="PutGetTest" computerName="WATSON1491" duration="00:00:02.1682691" startTime="2012-04-17T03:16:38.3027134-04:00" endTime="2012-04-17T03:16:40.4748376-04:00" testType="13cdc9d9-ddb5-4fa4-a97d-d965ccfc6d4b" outcome="Passed" testListId="8c84fa94-04c1-424b-9868-57a2d4851a1d" relativeResultsDirectory="1c37446d-b2b7-42e5-9f4c-3a23ec8bab25">
    </UnitTestResult>
    <UnitTestResult executionId="875f1356-c094-40b6-a3b0-cd5dc5b78c91" testId="4aeb4eda-2347-4daf-0915-85bd224c5d85" testName="GetTest" computerName="WATSON1491" duration="00:00:00.0570406" startTime="2012-04-17T03:16:40.4808380-04:00" endTime="2012-04-17T03:16:40.5438416-04:00" testType="13cdc9d9-ddb5-4fa4-a97d-d965ccfc6d4b" outcome="Passed" testListId="8c84fa94-04c1-424b-9868-57a2d4851a1d" relativeResultsDirectory="875f1356-c094-40b6-a3b0-cd5dc5b78c91">
    </UnitTestResult>
    <UnitTestResult executionId="059e05b5-8461-4606-a853-0d8fdea420cd" testId="4bbd3904-7ad8-7f8b-c8e4-fd552740646a" testName="RemoveTest" computerName="WATSON1491" duration="00:00:00.0197941" startTime="2012-04-17T03:16:40.5498419-04:00" endTime="2012-04-17T03:16:40.5738433-04:00" testType="13cdc9d9-ddb5-4fa4-a97d-d965ccfc6d4b" outcome="Passed" testListId="8c84fa94-04c1-424b-9868-57a2d4851a1d" relativeResultsDirectory="059e05b5-8461-4606-a853-0d8fdea420cd">
    </UnitTestResult>
    <UnitTestResult executionId="0e39e351-32f9-4faa-8cc3-449f7a3f5d68" testId="4cca534d-1656-b797-40e9-49330488cbbd" testName="CtorTest" computerName="WATSON1491" duration="00:00:00.0005158" startTime="2012-04-17T03:16:40.5788436-04:00" endTime="2012-04-17T03:16:40.5828438-04:00" testType="13cdc9d9-ddb5-4fa4-a97d-d965ccfc6d4b" outcome="Passed" testListId="8c84fa94-04c1-424b-9868-57a2d4851a1d" relativeResultsDirectory="0e39e351-32f9-4faa-8cc3-449f7a3f5d68">
    </UnitTestResult>
    <UnitTestResult executionId="f97c7a62-fb48-40b0-b341-61c30c87aaa3" testId="51fbe3ee-5d05-0bea-05a3-3f4776bc717b" testName="CtorTest" computerName="WATSON1491" duration="00:00:00.0004708" startTime="2012-04-17T03:16:40.5878441-04:00" endTime="2012-04-17T03:16:40.5918443-04:00" testType="13cdc9d9-ddb5-4fa4-a97d-d965ccfc6d4b" outcome="Passed" testListId="8c84fa94-04c1-424b-9868-57a2d4851a1d" relativeResultsDirectory="f97c7a62-fb48-40b0-b341-61c30c87aaa3">
    </UnitTestResult>
    <UnitTestResult executionId="8727945d-0759-4d34-90d6-2804fd92857d" testId="5335332c-34c5-80ee-4a17-60db3bec8999" testName="EmptyNameTest" computerName="WATSON1491" duration="00:00:00.0003630" startTime="2012-04-17T03:16:40.5968446-04:00" endTime="2012-04-17T03:16:40.5998448-04:00" testType="13cdc9d9-ddb5-4fa4-a97d-d965ccfc6d4b" outcome="Passed" testListId="8c84fa94-04c1-424b-9868-57a2d4851a1d" relativeResultsDirectory="8727945d-0759-4d34-90d6-2804fd92857d">
    </UnitTestResult>
    <UnitTestResult executionId="0f7cdef8-ff07-4aa2-83b7-9d59d8c8ec84" testId="553e65a4-d49e-c86b-4f63-da6f1a61fced" testName="GetUserHeaderSizeTest" computerName="WATSON1491" duration="00:00:00.0242588" startTime="2012-04-17T03:16:40.6038450-04:00" endTime="2012-04-17T03:16:40.6318466-04:00" testType="13cdc9d9-ddb5-4fa4-a97d-d965ccfc6d4b" outcome="Passed" testListId="8c84fa94-04c1-424b-9868-57a2d4851a1d" relativeResultsDirectory="0f7cdef8-ff07-4aa2-83b7-9d59d8c8ec84">
    </UnitTestResult>
    <UnitTestResult executionId="ba7e4e80-024e-4e75-95c1-9b8e0c3b46b8" testId="565a9370-80c9-3456-28b5-ca4466bce36c" testName="GetPreviousTest" computerName="WATSON1491" duration="00:00:00.0049286" startTime="2012-04-17T03:16:40.6388470-04:00" endTime="2012-04-17T03:16:40.6498476-04:00" testType="13cdc9d9-ddb5-4fa4-a97d-d965ccfc6d4b" outcome="Passed" testListId="8c84fa94-04c1-424b-9868-57a2d4851a1d" relativeResultsDirectory="ba7e4e80-024e-4e75-95c1-9b8e0c3b46b8">
    </UnitTestResult>
    <UnitTestResult executionId="495ff5a9-970a-495c-a66e-c00fa1a48071" testId="56a5f4f5-9d87-5588-a513-0fe0d7c30e0a" testName="AllocateBlockTest" computerName="WATSON1491" duration="00:00:00.0593118" startTime="2012-04-17T03:16:40.6538479-04:00" endTime="2012-04-17T03:16:40.7178515-04:00" testType="13cdc9d9-ddb5-4fa4-a97d-d965ccfc6d4b" outcome="Passed" testListId="8c84fa94-04c1-424b-9868-57a2d4851a1d" relativeResultsDirectory="495ff5a9-970a-495c-a66e-c00fa1a48071">
    </UnitTestResult>
    <UnitTestResult executionId="aea9ca3a-34c2-46fe-abdc-85a242fc0ecd" testId="5e1a90a3-2d69-9f23-3961-d8b82f54f7e7" testName="DeserializeTest" computerName="WATSON1491" duration="00:00:00.0039508" startTime="2012-04-17T03:16:40.7228518-04:00" endTime="2012-04-17T03:16:40.7368526-04:00" testType="13cdc9d9-ddb5-4fa4-a97d-d965ccfc6d4b" outcome="Passed" testListId="8c84fa94-04c1-424b-9868-57a2d4851a1d" relativeResultsDirectory="aea9ca3a-34c2-46fe-abdc-85a242fc0ecd">
    </UnitTestResult>
    <UnitTestResult executionId="7087a506-6399-45a3-91ef-5b4b4d360548" testId="5e51bd1e-dd26-d7ed-b6ba-6a8f01ee0f1b" testName="GetUserHeaderTest" computerName="WATSON1491" duration="00:00:00.0037778" startTime="2012-04-17T03:16:40.7408529-04:00" endTime="2012-04-17T03:16:40.7598539-04:00" testType="13cdc9d9-ddb5-4fa4-a97d-d965ccfc6d4b" outcome="Passed" testListId="8c84fa94-04c1-424b-9868-57a2d4851a1d" relativeResultsDirectory="7087a506-6399-45a3-91ef-5b4b4d360548">
    </UnitTestResult>
    <UnitTestResult executionId="8a2b9385-c00f-4fd8-a9b3-fca568392322" testId="610385d3-c2b5-eeb9-1ed4-86ca6ad846de" testName="SeekTest" computerName="WATSON1491" duration="00:00:00.0015491" startTime="2012-04-17T03:16:40.7648542-04:00" endTime="2012-04-17T03:16:40.7738547-04:00" testType="13cdc9d9-ddb5-4fa4-a97d-d965ccfc6d4b" outcome="Passed" testListId="8c84fa94-04c1-424b-9868-57a2d4851a1d" relativeResultsDirectory="8a2b9385-c00f-4fd8-a9b3-fca568392322">
    </UnitTestResult>
    <UnitTestResult executionId="e688f2ed-06fd-4d1a-b46c-bd891884b37a" testId="61f14407-3f3d-9be6-e329-c0b10da1b351" testName="ReopenTest" computerName="WATSON1491" duration="00:00:00.0042957" startTime="2012-04-17T03:16:40.7778550-04:00" endTime="2012-04-17T03:16:40.7878555-04:00" testType="13cdc9d9-ddb5-4fa4-a97d-d965ccfc6d4b" outcome="Passed" testListId="8c84fa94-04c1-424b-9868-57a2d4851a1d" relativeResultsDirectory="e688f2ed-06fd-4d1a-b46c-bd891884b37a">
    </UnitTestResult>
    <UnitTestResult executionId="10510441-5525-41c4-bfb4-10110120ee7f" testId="636ae8bd-e313-1098-6c8a-b8c8ef7b79b2" testName="DeserializeTest" computerName="WATSON1491" duration="00:00:00.0004886" startTime="2012-04-17T03:16:40.7938559-04:00" endTime="2012-04-17T03:16:40.7978561-04:00" testType="13cdc9d9-ddb5-4fa4-a97d-d965ccfc6d4b" outcome="Passed" testListId="8c84fa94-04c1-424b-9868-57a2d4851a1d" relativeResultsDirectory="10510441-5525-41c4-bfb4-10110120ee7f">
    </UnitTestResult>
    <UnitTestResult executionId="58af8545-b924-4383-b006-2c0447cfe005" testId="63cc42b4-1dc6-41a3-f417-45c71de20956" testName="AssertNotBadNodeIndexTest" computerName="WATSON1491" duration="00:00:00.0035282" startTime="2012-04-17T03:16:40.8028564-04:00" endTime="2012-04-17T03:16:40.8138570-04:00" testType="13cdc9d9-ddb5-4fa4-a97d-d965ccfc6d4b" outcome="Passed" testListId="8c84fa94-04c1-424b-9868-57a2d4851a1d" relativeResultsDirectory="58af8545-b924-4383-b006-2c0447cfe005">
    </UnitTestResult>
    <UnitTestResult executionId="fd8ed057-e164-4dd6-970c-ac02a4b56209" testId="68db09fd-1e84-1d00-a06a-8d3d340b6754" testName="GetTest" computerName="WATSON1491" duration="00:00:00.0005924" startTime="2012-04-17T03:16:40.8188573-04:00" endTime="2012-04-17T03:16:40.8228575-04:00" testType="13cdc9d9-ddb5-4fa4-a97d-d965ccfc6d4b" outcome="Passed" testListId="8c84fa94-04c1-424b-9868-57a2d4851a1d" relativeResultsDirectory="fd8ed057-e164-4dd6-970c-ac02a4b56209">
    </UnitTestResult>
    <UnitTestResult executionId="42759784-1c73-43ac-84e0-43b13bef4d9a" testId="6a96f9da-adcb-f7e2-df56-cae68513bb5e" testName="FillUpTableTest" computerName="WATSON1491" duration="00:00:00.0089841" startTime="2012-04-17T03:16:40.8278578-04:00" endTime="2012-04-17T03:16:40.8408586-04:00" testType="13cdc9d9-ddb5-4fa4-a97d-d965ccfc6d4b" outcome="Passed" testListId="8c84fa94-04c1-424b-9868-57a2d4851a1d" relativeResultsDirectory="42759784-1c73-43ac-84e0-43b13bef4d9a">
    </UnitTestResult>
    <UnitTestResult executionId="069f46a8-7131-48c3-9c75-25e339084997" testId="6e30047d-c126-9623-764e-d0d0dc18feb2" testName="CopyIntoTest" computerName="WATSON1491" duration="00:00:00.0006556" startTime="2012-04-17T03:16:40.8458589-04:00" endTime="2012-04-17T03:16:40.8518592-04:00" testType="13cdc9d9-ddb5-4fa4-a97d-d965ccfc6d4b" outcome="Passed" testListId="8c84fa94-04c1-424b-9868-57a2d4851a1d" relativeResultsDirectory="069f46a8-7131-48c3-9c75-25e339084997">
    </UnitTestResult>
    <UnitTestResult executionId="2e01fe18-ba5e-4e5f-8f28-9de01ac55ad7" testId="6e6c95ba-db7f-0ed9-f253-6c4e917c2d37" testName="AddBeforeTest" computerName="WATSON1491" duration="00:00:00.0265446" startTime="2012-04-17T03:16:40.8558594-04:00" endTime="2012-04-17T03:16:40.8868612-04:00" testType="13cdc9d9-ddb5-4fa4-a97d-d965ccfc6d4b" outcome="Passed" testListId="8c84fa94-04c1-424b-9868-57a2d4851a1d" relativeResultsDirectory="2e01fe18-ba5e-4e5f-8f28-9de01ac55ad7">
    </UnitTestResult>
    <UnitTestResult executionId="bb2da899-d8e8-4ada-93d2-84a53bc49161" testId="705d2900-5b96-0c7e-5674-f042b44cf3ba" testName="PutGetAmountTest" computerName="WATSON1491" duration="00:00:00.0052589" startTime="2012-04-17T03:16:40.8938616-04:00" endTime="2012-04-17T03:16:40.9038622-04:00" testType="13cdc9d9-ddb5-4fa4-a97d-d965ccfc6d4b" outcome="Passed" testListId="8c84fa94-04c1-424b-9868-57a2d4851a1d" relativeResultsDirectory="bb2da899-d8e8-4ada-93d2-84a53bc49161">
    </UnitTestResult>
    <UnitTestResult executionId="a2ff1826-86df-4eff-84d6-20e34de95e45" testId="715794aa-fc77-0689-abff-ac88adbeef1b" testName="SetChildTest" computerName="WATSON1491" duration="00:00:00.0004315" startTime="2012-04-17T03:16:40.9098625-04:00" endTime="2012-04-17T03:16:40.9138627-04:00" testType="13cdc9d9-ddb5-4fa4-a97d-d965ccfc6d4b" outcome="Passed" testListId="8c84fa94-04c1-424b-9868-57a2d4851a1d" relativeResultsDirectory="a2ff1826-86df-4eff-84d6-20e34de95e45">
    </UnitTestResult>
    <UnitTestResult executionId="3375de6b-2981-4d0f-b2bb-5af189740beb" testId="71ffb975-3ee7-3930-0f3e-7889b95a130e" testName="CloseTest" computerName="WATSON1491" duration="00:00:00.0249780" startTime="2012-04-17T03:16:40.9188630-04:00" endTime="2012-04-17T03:16:40.9478647-04:00" testType="13cdc9d9-ddb5-4fa4-a97d-d965ccfc6d4b" outcome="Passed" testListId="8c84fa94-04c1-424b-9868-57a2d4851a1d" relativeResultsDirectory="3375de6b-2981-4d0f-b2bb-5af189740beb">
    </UnitTestResult>
    <UnitTestResult executionId="a81fdcc9-5c1d-4a3d-b126-dbed411b4a76" testId="7256c121-b7a1-76a6-3a43-87fec1af02da" testName="InsertThrowsTest" computerName="WATSON1491" duration="00:00:00.0085557" startTime="2012-04-17T03:16:40.9578653-04:00" endTime="2012-04-17T03:16:40.9728661-04:00" testType="13cdc9d9-ddb5-4fa4-a97d-d965ccfc6d4b" outcome="Passed" testListId="8c84fa94-04c1-424b-9868-57a2d4851a1d" relativeResultsDirectory="a81fdcc9-5c1d-4a3d-b126-dbed411b4a76">
    </UnitTestResult>
    <UnitTestResult executionId="98f8a240-50b1-41b4-98b4-4be6c7ee6bc2" testId="77659b17-3c06-332d-dd10-83bcb0b96f9d" testName="SingletonTest" computerName="WATSON1491" duration="00:00:00.0008383" startTime="2012-04-17T03:16:40.9828667-04:00" endTime="2012-04-17T03:16:40.9958674-04:00" testType="13cdc9d9-ddb5-4fa4-a97d-d965ccfc6d4b" outcome="Passed" testListId="8c84fa94-04c1-424b-9868-57a2d4851a1d" relativeResultsDirectory="98f8a240-50b1-41b4-98b4-4be6c7ee6bc2">
    </UnitTestResult>
    <UnitTestResult executionId="2c39c8c4-1082-481f-a25f-76d5b3a0e8bb" testId="77c4d4bd-5fbe-4bd1-86c3-f6e38810414b" testName="CloseTest" computerName="WATSON1491" duration="00:00:00.0011281" startTime="2012-04-17T03:16:41.0038679-04:00" endTime="2012-04-17T03:16:41.0098682-04:00" testType="13cdc9d9-ddb5-4fa4-a97d-d965ccfc6d4b" outcome="Passed" testListId="8c84fa94-04c1-424b-9868-57a2d4851a1d" relativeResultsDirectory="2c39c8c4-1082-481f-a25f-76d5b3a0e8bb">
    </UnitTestResult>
    <UnitTestResult executionId="759b4e76-b070-475a-901a-8eb67e0b8b7b" testId="781a4d86-46c5-931f-9ce1-d470759c5ed1" testName="CtorTest" computerName="WATSON1491" duration="00:00:00.0005186" startTime="2012-04-17T03:16:41.0138685-04:00" endTime="2012-04-17T03:16:41.0188688-04:00" testType="13cdc9d9-ddb5-4fa4-a97d-d965ccfc6d4b" outcome="Passed" testListId="8c84fa94-04c1-424b-9868-57a2d4851a1d" relativeResultsDirectory="759b4e76-b070-475a-901a-8eb67e0b8b7b">
    </UnitTestResult>
    <UnitTestResult executionId="25ebeec2-8358-444f-b557-eb81f7d80215" testId="78b45b03-89ec-7f9c-ccf6-a39587c81578" testName="CtorTest" computerName="WATSON1491" duration="00:00:00.0009060" startTime="2012-04-17T03:16:41.0238690-04:00" endTime="2012-04-17T03:16:41.0278693-04:00" testType="13cdc9d9-ddb5-4fa4-a97d-d965ccfc6d4b" outcome="Passed" testListId="8c84fa94-04c1-424b-9868-57a2d4851a1d" relativeResultsDirectory="25ebeec2-8358-444f-b557-eb81f7d80215">
    </UnitTestResult>
    <UnitTestResult executionId="0eca9749-c4d1-46e0-aa5c-bae7de63355f" testId="798de980-a2f0-6011-fdc6-e140e662baa9" testName="WriteByteTest" computerName="WATSON1491" duration="00:00:00.0015544" startTime="2012-04-17T03:16:41.0328696-04:00" endTime="2012-04-17T03:16:41.0388699-04:00" testType="13cdc9d9-ddb5-4fa4-a97d-d965ccfc6d4b" outcome="Passed" testListId="8c84fa94-04c1-424b-9868-57a2d4851a1d" relativeResultsDirectory="0eca9749-c4d1-46e0-aa5c-bae7de63355f">
    </UnitTestResult>
    <UnitTestResult executionId="4848bf79-5f8d-4dc5-a8a7-ff6869ffb936" testId="7a09d037-6583-9dab-921a-9e399b5c9547" testName="ReadIntTest" computerName="WATSON1491" duration="00:00:00.0025674" startTime="2012-04-17T03:16:41.0458703-04:00" endTime="2012-04-17T03:16:41.0528707-04:00" testType="13cdc9d9-ddb5-4fa4-a97d-d965ccfc6d4b" outcome="Passed" testListId="8c84fa94-04c1-424b-9868-57a2d4851a1d" relativeResultsDirectory="4848bf79-5f8d-4dc5-a8a7-ff6869ffb936">
    </UnitTestResult>
    <UnitTestResult executionId="7ac69da5-da01-46d5-8e21-c30f46343648" testId="7ad6c21f-feaf-20c3-6794-ee2d02f21a1c" testName="PutGetUserHeaderTest" computerName="WATSON1491" duration="00:00:00.0035922" startTime="2012-04-17T03:16:41.0578710-04:00" endTime="2012-04-17T03:16:41.0668715-04:00" testType="13cdc9d9-ddb5-4fa4-a97d-d965ccfc6d4b" outcome="Passed" testListId="8c84fa94-04c1-424b-9868-57a2d4851a1d" relativeResultsDirectory="7ac69da5-da01-46d5-8e21-c30f46343648">
    </UnitTestResult>
    <UnitTestResult executionId="96735b85-ec18-45b4-8b51-38afb6af06b9" testId="7f8205c8-b606-8c59-76b5-fbdb8f56ecd0" testName="WriteIntTest" computerName="WATSON1491" duration="00:00:07.0063153" startTime="2012-04-17T03:16:41.0718718-04:00" endTime="2012-04-17T03:16:48.0812727-04:00" testType="13cdc9d9-ddb5-4fa4-a97d-d965ccfc6d4b" outcome="Passed" testListId="8c84fa94-04c1-424b-9868-57a2d4851a1d" relativeResultsDirectory="96735b85-ec18-45b4-8b51-38afb6af06b9">
    </UnitTestResult>
    <UnitTestResult executionId="1c86035c-0898-41ca-bddb-c7659a9ef875" testId="818a96ef-af23-e852-2659-31e5781f9e2c" testName="LRUElementCacheCtorTest" computerName="WATSON1491" duration="00:00:00.0001791" startTime="2012-04-17T03:16:48.0872730-04:00" endTime="2012-04-17T03:16:48.0942734-04:00" testType="13cdc9d9-ddb5-4fa4-a97d-d965ccfc6d4b" outcome="Passed" testListId="8c84fa94-04c1-424b-9868-57a2d4851a1d" relativeResultsDirectory="1c86035c-0898-41ca-bddb-c7659a9ef875">
    </UnitTestResult>
    <UnitTestResult executionId="5cad45a2-3fbb-4415-8b60-a2e0092993bd" testId="81c26981-166a-e776-7c32-8b14e45e71af" testName="SetParentTest" computerName="WATSON1491" duration="00:00:00.0005891" startTime="2012-04-17T03:16:48.1042740-04:00" endTime="2012-04-17T03:16:48.1092743-04:00" testType="13cdc9d9-ddb5-4fa4-a97d-d965ccfc6d4b" outcome="Passed" testListId="8c84fa94-04c1-424b-9868-57a2d4851a1d" relativeResultsDirectory="5cad45a2-3fbb-4415-8b60-a2e0092993bd">
    </UnitTestResult>
    <UnitTestResult executionId="58d83b67-b0e3-4622-a19b-160e59537a7c" testId="83312457-8852-ca77-37d0-bc2152068b12" testName="GetUserHeaderSizeTest" computerName="WATSON1491" duration="00:00:00.0353784" startTime="2012-04-17T03:16:48.1132745-04:00" endTime="2012-04-17T03:16:48.1532768-04:00" testType="13cdc9d9-ddb5-4fa4-a97d-d965ccfc6d4b" outcome="Passed" testListId="8c84fa94-04c1-424b-9868-57a2d4851a1d" relativeResultsDirectory="58d83b67-b0e3-4622-a19b-160e59537a7c">
    </UnitTestResult>
    <UnitTestResult executionId="3ec74528-6f6d-4f04-9437-20f73e081717" testId="845a5988-fe07-f37a-ba6b-e712dc39166d" testName="GetUserHeaderSizeTest" computerName="WATSON1491" duration="00:00:00.0438090" startTime="2012-04-17T03:16:48.1582771-04:00" endTime="2012-04-17T03:16:48.2072799-04:00" testType="13cdc9d9-ddb5-4fa4-a97d-d965ccfc6d4b" outcome="Passed" testListId="8c84fa94-04c1-424b-9868-57a2d4851a1d" relativeResultsDirectory="3ec74528-6f6d-4f04-9437-20f73e081717">
    </UnitTestResult>
    <UnitTestResult executionId="f2f2fb1e-0558-42d7-83a3-06e0352d3aaa" testId="846fd299-442f-a81b-5ff1-400c3a67c543" testName="FreeMergeBeforeTest" computerName="WATSON1491" duration="00:00:00.0070179" startTime="2012-04-17T03:16:48.2132803-04:00" endTime="2012-04-17T03:16:48.2262810-04:00" testType="13cdc9d9-ddb5-4fa4-a97d-d965ccfc6d4b" outcome="Passed" testListId="8c84fa94-04c1-424b-9868-57a2d4851a1d" relativeResultsDirectory="f2f2fb1e-0558-42d7-83a3-06e0352d3aaa">
    </UnitTestResult>
    <UnitTestResult executionId="27989ba7-7429-4b3d-98b3-24c7b49261e4" testId="86053b92-a17e-53c2-7d77-530c0fa14797" testName="NoArrayTest" computerName="WATSON1491" duration="00:00:00.0003881" startTime="2012-04-17T03:16:48.2312813-04:00" endTime="2012-04-17T03:16:48.2362816-04:00" testType="13cdc9d9-ddb5-4fa4-a97d-d965ccfc6d4b" outcome="Passed" testListId="8c84fa94-04c1-424b-9868-57a2d4851a1d" relativeResultsDirectory="27989ba7-7429-4b3d-98b3-24c7b49261e4">
    </UnitTestResult>
    <UnitTestResult executionId="d6f9baa5-59b8-4e47-9dbe-7da7a8561b64" testId="864cd63c-625b-94c6-46c4-e84f8efb06a6" testName="UserSizeTest" computerName="WATSON1491" duration="00:00:00.0003436" startTime="2012-04-17T03:16:48.2412819-04:00" endTime="2012-04-17T03:16:48.2502824-04:00" testType="13cdc9d9-ddb5-4fa4-a97d-d965ccfc6d4b" outcome="Passed" testListId="8c84fa94-04c1-424b-9868-57a2d4851a1d" relativeResultsDirectory="d6f9baa5-59b8-4e47-9dbe-7da7a8561b64">
    </UnitTestResult>
    <UnitTestResult executionId="9dea2e03-2332-464a-b9b5-5d9e81fc745c" testId="87c8f2b9-5e7b-9e82-cf24-bcc4c877b50d" testName="SubArrayTest" computerName="WATSON1491" duration="00:00:00.0010940" startTime="2012-04-17T03:16:48.2542826-04:00" endTime="2012-04-17T03:16:48.2592829-04:00" testType="13cdc9d9-ddb5-4fa4-a97d-d965ccfc6d4b" outcome="Passed" testListId="8c84fa94-04c1-424b-9868-57a2d4851a1d" relativeResultsDirectory="9dea2e03-2332-464a-b9b5-5d9e81fc745c">
    </UnitTestResult>
    <UnitTestResult executionId="886fb024-4a83-4555-89a1-d30c37c0ec49" testId="8bf66a88-08b1-206e-6e7a-07808be453b9" testName="UpdateTest" computerName="WATSON1491" duration="00:00:00.0159356" startTime="2012-04-17T03:16:48.2632831-04:00" endTime="2012-04-17T03:16:48.2822842-04:00" testType="13cdc9d9-ddb5-4fa4-a97d-d965ccfc6d4b" outcome="Passed" testListId="8c84fa94-04c1-424b-9868-57a2d4851a1d" relativeResultsDirectory="886fb024-4a83-4555-89a1-d30c37c0ec49">
    </UnitTestResult>
    <UnitTestResult executionId="dc3bbb70-c1b4-4603-9bfe-7451516d3ff5" testId="8d5355e8-963b-595b-8da8-04a7226498e8" testName="ReadFromStorageTest" computerName="WATSON1491" duration="00:00:00.0642583" startTime="2012-04-17T03:16:48.2882845-04:00" endTime="2012-04-17T03:16:48.3622888-04:00" testType="13cdc9d9-ddb5-4fa4-a97d-d965ccfc6d4b" outcome="Passed" testListId="8c84fa94-04c1-424b-9868-57a2d4851a1d" relativeResultsDirectory="dc3bbb70-c1b4-4603-9bfe-7451516d3ff5">
    </UnitTestResult>
    <UnitTestResult executionId="1624ce02-e147-4b92-b585-ff70c252a393" testId="9042f580-80d7-070e-6671-c783c7157c04" testName="Append2Test" computerName="WATSON1491" duration="00:00:00.0005150" startTime="2012-04-17T03:16:48.3682891-04:00" endTime="2012-04-17T03:16:48.3732894-04:00" testType="13cdc9d9-ddb5-4fa4-a97d-d965ccfc6d4b" outcome="Passed" testListId="8c84fa94-04c1-424b-9868-57a2d4851a1d" relativeResultsDirectory="1624ce02-e147-4b92-b585-ff70c252a393">
    </UnitTestResult>
    <UnitTestResult executionId="a2f80dd8-18f8-42d1-bf01-5df64ac02abe" testId="920909e7-20b2-d96d-ce3c-d1b8d6e41092" testName="ReopenTest" computerName="WATSON1491" duration="00:00:00.0148808" startTime="2012-04-17T03:16:48.3802898-04:00" endTime="2012-04-17T03:16:48.3992909-04:00" testType="13cdc9d9-ddb5-4fa4-a97d-d965ccfc6d4b" outcome="Passed" testListId="8c84fa94-04c1-424b-9868-57a2d4851a1d" relativeResultsDirectory="a2f80dd8-18f8-42d1-bf01-5df64ac02abe">
    </UnitTestResult>
    <UnitTestResult executionId="5191b5d4-0f22-4736-b222-4395d0f11b5e" testId="93695325-fb5b-b117-f5c2-6cdaee20d742" testName="FileDoesntExistTest" computerName="WATSON1491" duration="00:00:00.0003063" startTime="2012-04-17T03:16:48.4032911-04:00" endTime="2012-04-17T03:16:48.4072913-04:00" testType="13cdc9d9-ddb5-4fa4-a97d-d965ccfc6d4b" outcome="Passed" testListId="8c84fa94-04c1-424b-9868-57a2d4851a1d" relativeResultsDirectory="5191b5d4-0f22-4736-b222-4395d0f11b5e">
    </UnitTestResult>
    <UnitTestResult executionId="caf0442f-f388-4f32-ba86-968d528e4931" testId="94000a80-807f-643f-04b5-3a8c67520adc" testName="PutGetUserHeaderTest" computerName="WATSON1491" duration="00:00:00.0144630" startTime="2012-04-17T03:16:48.4112916-04:00" endTime="2012-04-17T03:16:48.4312927-04:00" testType="13cdc9d9-ddb5-4fa4-a97d-d965ccfc6d4b" outcome="Passed" testListId="8c84fa94-04c1-424b-9868-57a2d4851a1d" relativeResultsDirectory="caf0442f-f388-4f32-ba86-968d528e4931">
    </UnitTestResult>
    <UnitTestResult executionId="5aeb5d93-6705-411f-b066-8deaeb3a6a5a" testId="94efce36-6787-804c-f9dd-d52e17e1c55e" testName="CloseTest" computerName="WATSON1491" duration="00:00:00.0180865" startTime="2012-04-17T03:16:48.4352930-04:00" endTime="2012-04-17T03:16:48.4582943-04:00" testType="13cdc9d9-ddb5-4fa4-a97d-d965ccfc6d4b" outcome="Passed" testListId="8c84fa94-04c1-424b-9868-57a2d4851a1d" relativeResultsDirectory="5aeb5d93-6705-411f-b066-8deaeb3a6a5a">
    </UnitTestResult>
    <UnitTestResult executionId="edcd7b08-e497-44cf-ab2b-a48eb681fa8f" testId="965a56bb-5e93-1f41-fa3a-18161c642244" testName="ReadByteArrayTest" computerName="WATSON1491" duration="00:00:00.0015191" startTime="2012-04-17T03:16:48.4632946-04:00" endTime="2012-04-17T03:16:48.4702950-04:00" testType="13cdc9d9-ddb5-4fa4-a97d-d965ccfc6d4b" outcome="Passed" testListId="8c84fa94-04c1-424b-9868-57a2d4851a1d" relativeResultsDirectory="edcd7b08-e497-44cf-ab2b-a48eb681fa8f">
    </UnitTestResult>
    <UnitTestResult executionId="b30316cb-0ae7-48af-a771-928781ada887" testId="9c153991-159a-b725-d7ba-010f61b98530" testName="RandomAccessFileConstructorTest" computerName="WATSON1491" duration="00:00:00.0006722" startTime="2012-04-17T03:16:48.4762953-04:00" endTime="2012-04-17T03:16:48.4832957-04:00" testType="13cdc9d9-ddb5-4fa4-a97d-d965ccfc6d4b" outcome="Passed" testListId="8c84fa94-04c1-424b-9868-57a2d4851a1d" relativeResultsDirectory="b30316cb-0ae7-48af-a771-928781ada887">
    </UnitTestResult>
    <UnitTestResult executionId="a9a8464d-21f9-42b0-958b-56ee5aafc081" testId="9c490088-6ee6-56ec-8017-95f63def4429" testName="CtorTest" computerName="WATSON1491" duration="00:00:00.0004660" startTime="2012-04-17T03:16:48.4872959-04:00" endTime="2012-04-17T03:16:48.4922962-04:00" testType="13cdc9d9-ddb5-4fa4-a97d-d965ccfc6d4b" outcome="Passed" testListId="8c84fa94-04c1-424b-9868-57a2d4851a1d" relativeResultsDirectory="a9a8464d-21f9-42b0-958b-56ee5aafc081">
    </UnitTestResult>
    <UnitTestResult executionId="77b98afe-e233-46e0-9a01-2222c93b754e" testId="9d779dd2-fb32-aae7-ec06-52a95bc58283" testName="FreeFirstSpaceTest" computerName="WATSON1491" duration="00:00:00.0035270" startTime="2012-04-17T03:16:48.4962964-04:00" endTime="2012-04-17T03:16:48.5042969-04:00" testType="13cdc9d9-ddb5-4fa4-a97d-d965ccfc6d4b" outcome="Passed" testListId="8c84fa94-04c1-424b-9868-57a2d4851a1d" relativeResultsDirectory="77b98afe-e233-46e0-9a01-2222c93b754e">
    </UnitTestResult>
    <UnitTestResult executionId="1038666b-d501-486a-aac8-5d9a87b0cce4" testId="9d918454-2feb-95e0-4026-22b2c4e3a005" testName="FreeAddSpaceToEndOfFreeListTest" computerName="WATSON1491" duration="00:00:00.0179763" startTime="2012-04-17T03:16:48.5082971-04:00" endTime="2012-04-17T03:16:48.5312984-04:00" testType="13cdc9d9-ddb5-4fa4-a97d-d965ccfc6d4b" outcome="Passed" testListId="8c84fa94-04c1-424b-9868-57a2d4851a1d" relativeResultsDirectory="1038666b-d501-486a-aac8-5d9a87b0cce4">
    </UnitTestResult>
    <UnitTestResult executionId="9698615b-92a4-45ab-a8c5-70e3296dcf60" testId="a1ae16c5-0695-b546-0d5a-01f95dae83d0" testName="GetFirstTest" computerName="WATSON1491" duration="00:00:00.0228640" startTime="2012-04-17T03:16:48.5362987-04:00" endTime="2012-04-17T03:16:48.5783011-04:00" testType="13cdc9d9-ddb5-4fa4-a97d-d965ccfc6d4b" outcome="Passed" testListId="8c84fa94-04c1-424b-9868-57a2d4851a1d" relativeResultsDirectory="9698615b-92a4-45ab-a8c5-70e3296dcf60">
    </UnitTestResult>
    <UnitTestResult executionId="7e53bffb-cf53-4ca9-bede-fceb6556f6aa" testId="a1c72854-3dde-18e0-c9d8-83b07b0292f0" testName="StartIndexTest" computerName="WATSON1491" duration="00:00:00.0010252" startTime="2012-04-17T03:16:48.5833014-04:00" endTime="2012-04-17T03:16:48.6033026-04:00" testType="13cdc9d9-ddb5-4fa4-a97d-d965ccfc6d4b" outcome="Passed" testListId="8c84fa94-04c1-424b-9868-57a2d4851a1d" relativeResultsDirectory="7e53bffb-cf53-4ca9-bede-fceb6556f6aa">
    </UnitTestResult>
    <UnitTestResult executionId="5c8e3266-2592-48bb-a324-be217745ed01" testId="a2972d95-ef43-ab33-2113-41690f360353" testName="GetNextIndexTest" computerName="WATSON1491" duration="00:00:00.0254436" startTime="2012-04-17T03:16:48.6063027-04:00" endTime="2012-04-17T03:16:48.6533054-04:00" testType="13cdc9d9-ddb5-4fa4-a97d-d965ccfc6d4b" outcome="Passed" testListId="8c84fa94-04c1-424b-9868-57a2d4851a1d" relativeResultsDirectory="5c8e3266-2592-48bb-a324-be217745ed01">
    </UnitTestResult>
    <UnitTestResult executionId="5a0dbb1f-f3af-4c04-b87e-ab8c5d13e9f3" testId="a4c6cc76-2922-41eb-a81b-35a8f1fc4233" testName="GetUserHeaderSizeTest" computerName="WATSON1491" duration="00:00:00.0046146" startTime="2012-04-17T03:16:48.6633060-04:00" endTime="2012-04-17T03:16:48.6863073-04:00" testType="13cdc9d9-ddb5-4fa4-a97d-d965ccfc6d4b" outcome="Passed" testListId="8c84fa94-04c1-424b-9868-57a2d4851a1d" relativeResultsDirectory="5a0dbb1f-f3af-4c04-b87e-ab8c5d13e9f3">
    </UnitTestResult>
    <UnitTestResult executionId="cb84e158-8712-4a72-91d1-1b6b6c00688d" testId="a54f2629-8741-9051-67a0-e1a8c4b5ea10" testName="GetElementSizeTest" computerName="WATSON1491" duration="00:00:00.0209838" startTime="2012-04-17T03:16:48.6893075-04:00" endTime="2012-04-17T03:16:48.7283097-04:00" testType="13cdc9d9-ddb5-4fa4-a97d-d965ccfc6d4b" outcome="Passed" testListId="8c84fa94-04c1-424b-9868-57a2d4851a1d" relativeResultsDirectory="cb84e158-8712-4a72-91d1-1b6b6c00688d">
    </UnitTestResult>
    <UnitTestResult executionId="c7fc83ee-b579-4ea2-a038-0b0bacb7bc64" testId="a71a6b83-7f57-ce8c-0c72-5da1414dfef5" testName="WipeIndexTest" computerName="WATSON1491" duration="00:00:00.0033454" startTime="2012-04-17T03:16:48.7333100-04:00" endTime="2012-04-17T03:16:48.7393103-04:00" testType="13cdc9d9-ddb5-4fa4-a97d-d965ccfc6d4b" outcome="Passed" testListId="8c84fa94-04c1-424b-9868-57a2d4851a1d" relativeResultsDirectory="c7fc83ee-b579-4ea2-a038-0b0bacb7bc64">
    </UnitTestResult>
    <UnitTestResult executionId="b17303b4-db18-48ab-b19d-21a02fc32438" testId="a98f558f-9bab-5d3b-882a-663d5ff5ae97" testName="GetUserHeaderSizeTest" computerName="WATSON1491" duration="00:00:00.0027664" startTime="2012-04-17T03:16:48.7443106-04:00" endTime="2012-04-17T03:16:48.7503110-04:00" testType="13cdc9d9-ddb5-4fa4-a97d-d965ccfc6d4b" outcome="Passed" testListId="8c84fa94-04c1-424b-9868-57a2d4851a1d" relativeResultsDirectory="b17303b4-db18-48ab-b19d-21a02fc32438">
    </UnitTestResult>
    <UnitTestResult executionId="785f8354-e6fc-44d9-9f66-f8be1c8b75eb" testId="a9ffaa5b-f9ae-7924-38fd-a4efa57e9554" testName="UserHeaderConstructorTest" computerName="WATSON1491" duration="00:00:00.0015053" startTime="2012-04-17T03:16:48.7573114-04:00" endTime="2012-04-17T03:16:48.7673119-04:00" testType="13cdc9d9-ddb5-4fa4-a97d-d965ccfc6d4b" outcome="Passed" testListId="8c84fa94-04c1-424b-9868-57a2d4851a1d" relativeResultsDirectory="785f8354-e6fc-44d9-9f66-f8be1c8b75eb">
    </UnitTestResult>
    <UnitTestResult executionId="7f4d4fbe-8b9f-46b4-968f-e41eb6bbb46b" testId="ac390c29-8921-eb5c-8cbb-15dff0c6c040" testName="MoveToHeadTest" computerName="WATSON1491" duration="00:00:00.0008639" startTime="2012-04-17T03:16:48.7723122-04:00" endTime="2012-04-17T03:16:48.7773125-04:00" testType="13cdc9d9-ddb5-4fa4-a97d-d965ccfc6d4b" outcome="Passed" testListId="8c84fa94-04c1-424b-9868-57a2d4851a1d" relativeResultsDirectory="7f4d4fbe-8b9f-46b4-968f-e41eb6bbb46b">
    </UnitTestResult>
    <UnitTestResult executionId="9f44c426-c3e4-45a9-a742-8fec7fd8ccef" testId="ae4afa1c-c8fc-91b6-80ab-c1099e1a8a46" testName="PutGetTest" computerName="WATSON1491" duration="00:00:00.0051868" startTime="2012-04-17T03:16:48.7883131-04:00" endTime="2012-04-17T03:16:48.7993138-04:00" testType="13cdc9d9-ddb5-4fa4-a97d-d965ccfc6d4b" outcome="Passed" testListId="8c84fa94-04c1-424b-9868-57a2d4851a1d" relativeResultsDirectory="9f44c426-c3e4-45a9-a742-8fec7fd8ccef">
    </UnitTestResult>
    <UnitTestResult executionId="bedc6203-d60a-4a1e-8f15-56aec221aa5f" testId="affe1ef8-a55d-611e-f219-a825233a32ae" testName="InsertTest" computerName="WATSON1491" duration="00:00:00.0009822" startTime="2012-04-17T03:16:48.8043141-04:00" endTime="2012-04-17T03:16:48.8093143-04:00" testType="13cdc9d9-ddb5-4fa4-a97d-d965ccfc6d4b" outcome="Passed" testListId="8c84fa94-04c1-424b-9868-57a2d4851a1d" relativeResultsDirectory="bedc6203-d60a-4a1e-8f15-56aec221aa5f">
    </UnitTestResult>
    <UnitTestResult executionId="92d703e9-6bc2-4b37-8026-70ffeeb1fd89" testId="b1842f56-d68c-936e-0289-fc1c1f6a341f" testName="WipeIndexTest" computerName="WATSON1491" duration="00:00:00.0444500" startTime="2012-04-17T03:16:48.8133146-04:00" endTime="2012-04-17T03:16:48.8633174-04:00" testType="13cdc9d9-ddb5-4fa4-a97d-d965ccfc6d4b" outcome="Passed" testListId="8c84fa94-04c1-424b-9868-57a2d4851a1d" relativeResultsDirectory="92d703e9-6bc2-4b37-8026-70ffeeb1fd89">
    </UnitTestResult>
    <UnitTestResult executionId="9b03f5a1-4cf8-4687-b2f4-25ed580b29b4" testId="b1852ad4-9275-e058-ea39-b89e2980d650" testName="PutTest" computerName="WATSON1491" duration="00:00:00.0034346" startTime="2012-04-17T03:16:48.8693178-04:00" endTime="2012-04-17T03:16:48.8833186-04:00" testType="13cdc9d9-ddb5-4fa4-a97d-d965ccfc6d4b" outcome="Passed" testListId="8c84fa94-04c1-424b-9868-57a2d4851a1d" relativeResultsDirectory="9b03f5a1-4cf8-4687-b2f4-25ed580b29b4">
    </UnitTestResult>
    <UnitTestResult executionId="545f43c6-ed3d-4bee-97da-795529138b5d" testId="b1c5d96c-054d-4348-7a86-0ce106021a41" testName="NodeCtorTest" computerName="WATSON1491" duration="00:00:00.0004412" startTime="2012-04-17T03:16:48.8883189-04:00" endTime="2012-04-17T03:16:48.8933191-04:00" testType="13cdc9d9-ddb5-4fa4-a97d-d965ccfc6d4b" outcome="Passed" testListId="8c84fa94-04c1-424b-9868-57a2d4851a1d" relativeResultsDirectory="545f43c6-ed3d-4bee-97da-795529138b5d">
    </UnitTestResult>
    <UnitTestResult executionId="bd2097ee-9961-4a6d-8653-ae1fafac880f" testId="b5c4ab9a-0762-76c8-cb39-93c09b1df71e" testName="FreeMergeBothTest" computerName="WATSON1491" duration="00:00:00.0047122" startTime="2012-04-17T03:16:48.8993195-04:00" endTime="2012-04-17T03:16:48.9083200-04:00" testType="13cdc9d9-ddb5-4fa4-a97d-d965ccfc6d4b" outcome="Passed" testListId="8c84fa94-04c1-424b-9868-57a2d4851a1d" relativeResultsDirectory="bd2097ee-9961-4a6d-8653-ae1fafac880f">
    </UnitTestResult>
    <UnitTestResult executionId="65b00b75-8e0e-49d0-8609-dabb48866756" testId="b63109c3-d21b-a6f8-7d7d-88020a21d390" testName="AllocateInARowTest" computerName="WATSON1491" duration="00:00:00.0064300" startTime="2012-04-17T03:16:48.9243209-04:00" endTime="2012-04-17T03:16:48.9403218-04:00" testType="13cdc9d9-ddb5-4fa4-a97d-d965ccfc6d4b" outcome="Passed" testListId="8c84fa94-04c1-424b-9868-57a2d4851a1d" relativeResultsDirectory="65b00b75-8e0e-49d0-8609-dabb48866756">
    </UnitTestResult>
    <UnitTestResult executionId="14068208-f2c6-4bdb-8556-eb0dd3a7622d" testId="b87f554d-216c-d1a2-7ff8-323f1d9d0f4f" testName="CreateTooSmallTest" computerName="WATSON1491" duration="00:00:00.0004445" startTime="2012-04-17T03:16:48.9443221-04:00" endTime="2012-04-17T03:16:48.9493224-04:00" testType="13cdc9d9-ddb5-4fa4-a97d-d965ccfc6d4b" outcome="Passed" testListId="8c84fa94-04c1-424b-9868-57a2d4851a1d" relativeResultsDirectory="14068208-f2c6-4bdb-8556-eb0dd3a7622d">
    </UnitTestResult>
    <UnitTestResult executionId="dbd72e32-3dc9-4e81-b3ea-231cc3b19303" testId="babca73d-0229-c679-426c-78953c0ec145" testName="AllocateTooSmallSize" computerName="WATSON1491" duration="00:00:00.0041012" startTime="2012-04-17T03:16:48.9553227-04:00" endTime="2012-04-17T03:16:48.9643232-04:00" testType="13cdc9d9-ddb5-4fa4-a97d-d965ccfc6d4b" outcome="Passed" testListId="8c84fa94-04c1-424b-9868-57a2d4851a1d" relativeResultsDirectory="dbd72e32-3dc9-4e81-b3ea-231cc3b19303">
    </UnitTestResult>
    <UnitTestResult executionId="13e0d950-2d2c-4a4b-bb87-28c4298e32ac" testId="bfb74228-802c-ebf9-5059-adacad2817c5" testName="PutGetTest" computerName="WATSON1491" duration="00:00:00.0038548" startTime="2012-04-17T03:16:48.9683234-04:00" endTime="2012-04-17T03:16:48.9773240-04:00" testType="13cdc9d9-ddb5-4fa4-a97d-d965ccfc6d4b" outcome="Passed" testListId="8c84fa94-04c1-424b-9868-57a2d4851a1d" relativeResultsDirectory="13e0d950-2d2c-4a4b-bb87-28c4298e32ac">
    </UnitTestResult>
    <UnitTestResult executionId="62355110-0bbd-45da-8428-33b090748afe" testId="bfe87bac-e9fc-a821-d953-1eb8c9641d62" testName="ReopenTest" computerName="WATSON1491" duration="00:00:00.0036615" startTime="2012-04-17T03:16:48.9813242-04:00" endTime="2012-04-17T03:16:48.9943249-04:00" testType="13cdc9d9-ddb5-4fa4-a97d-d965ccfc6d4b" outcome="Passed" testListId="8c84fa94-04c1-424b-9868-57a2d4851a1d" relativeResultsDirectory="62355110-0bbd-45da-8428-33b090748afe">
    </UnitTestResult>
    <UnitTestResult executionId="13543a25-379d-44f9-9fb0-0dda3b2e6cde" testId="c09c2c2c-bf97-afdf-a556-c8b4550bee5f" testName="EqualsBytesTest" computerName="WATSON1491" duration="00:00:00.0008874" startTime="2012-04-17T03:16:48.9983252-04:00" endTime="2012-04-17T03:16:49.0043255-04:00" testType="13cdc9d9-ddb5-4fa4-a97d-d965ccfc6d4b" outcome="Passed" testListId="8c84fa94-04c1-424b-9868-57a2d4851a1d" relativeResultsDirectory="13543a25-379d-44f9-9fb0-0dda3b2e6cde">
    </UnitTestResult>
    <UnitTestResult executionId="2556f84a-c491-4ece-a96b-bce096c27977" testId="c0ed1de9-8e4d-8e00-a4bf-c9b99057cab2" testName="GetUserHeaderSizeTest" computerName="WATSON1491" duration="00:00:00.0028786" startTime="2012-04-17T03:16:49.0093258-04:00" endTime="2012-04-17T03:16:49.0163262-04:00" testType="13cdc9d9-ddb5-4fa4-a97d-d965ccfc6d4b" outcome="Passed" testListId="8c84fa94-04c1-424b-9868-57a2d4851a1d" relativeResultsDirectory="2556f84a-c491-4ece-a96b-bce096c27977">
    </UnitTestResult>
    <UnitTestResult executionId="a442a252-775f-42c2-ad55-b309c4f88713" testId="c1046ba7-0144-8813-1bc3-01566e1bbcb4" testName="CtorOpenTest" computerName="WATSON1491" duration="00:00:00.0041972" startTime="2012-04-17T03:16:49.0213265-04:00" endTime="2012-04-17T03:16:49.0293269-04:00" testType="13cdc9d9-ddb5-4fa4-a97d-d965ccfc6d4b" outcome="Passed" testListId="8c84fa94-04c1-424b-9868-57a2d4851a1d" relativeResultsDirectory="a442a252-775f-42c2-ad55-b309c4f88713">
    </UnitTestResult>
    <UnitTestResult executionId="40abc6bc-d64d-42d6-b8be-ecbdce137da7" testId="c11c787c-4fca-cfaa-5d6d-7fdc4065163a" testName="FreeBlockTest" computerName="WATSON1491" duration="00:00:00.0034836" startTime="2012-04-17T03:16:49.0353273-04:00" endTime="2012-04-17T03:16:49.0423277-04:00" testType="13cdc9d9-ddb5-4fa4-a97d-d965ccfc6d4b" outcome="Passed" testListId="8c84fa94-04c1-424b-9868-57a2d4851a1d" relativeResultsDirectory="40abc6bc-d64d-42d6-b8be-ecbdce137da7">
    </UnitTestResult>
    <UnitTestResult executionId="d1cb7ca6-67c5-4acb-bcb7-2b4bb8a478e3" testId="c198a53f-7d04-439f-1fbd-0b778727bf42" testName="PutGetCollisionsTest" computerName="WATSON1491" duration="00:00:00.0174507" startTime="2012-04-17T03:16:49.0463279-04:00" endTime="2012-04-17T03:16:49.0703293-04:00" testType="13cdc9d9-ddb5-4fa4-a97d-d965ccfc6d4b" outcome="Passed" testListId="8c84fa94-04c1-424b-9868-57a2d4851a1d" relativeResultsDirectory="d1cb7ca6-67c5-4acb-bcb7-2b4bb8a478e3">
    </UnitTestResult>
    <UnitTestResult executionId="18d271a5-08ed-4dc6-982d-32c55243f98b" testId="c1b4ff73-548a-5879-276c-0c28ff414a1c" testName="MergeBeforeTest" computerName="WATSON1491" duration="00:00:00.0005831" startTime="2012-04-17T03:16:49.0743295-04:00" endTime="2012-04-17T03:16:49.0803298-04:00" testType="13cdc9d9-ddb5-4fa4-a97d-d965ccfc6d4b" outcome="Passed" testListId="8c84fa94-04c1-424b-9868-57a2d4851a1d" relativeResultsDirectory="18d271a5-08ed-4dc6-982d-32c55243f98b">
    </UnitTestResult>
    <UnitTestResult executionId="6c7e80b5-417e-4d8f-9a6b-9941dec3dcc9" testId="c1c24e9f-1ef1-eaa1-585b-5748c70dad65" testName="CtorCreateTest" computerName="WATSON1491" duration="00:00:00.0501600" startTime="2012-04-17T03:16:49.0853301-04:00" endTime="2012-04-17T03:16:49.1463336-04:00" testType="13cdc9d9-ddb5-4fa4-a97d-d965ccfc6d4b" outcome="Passed" testListId="8c84fa94-04c1-424b-9868-57a2d4851a1d" relativeResultsDirectory="6c7e80b5-417e-4d8f-9a6b-9941dec3dcc9">
    </UnitTestResult>
    <UnitTestResult executionId="8277289c-c96a-439e-a120-04cadca03031" testId="c34800c1-01aa-78c5-5769-4dd04c7cc3d9" testName="FreeMergeAfterTest" computerName="WATSON1491" duration="00:00:00.0040331" startTime="2012-04-17T03:16:49.1523340-04:00" endTime="2012-04-17T03:16:49.1613345-04:00" testType="13cdc9d9-ddb5-4fa4-a97d-d965ccfc6d4b" outcome="Passed" testListId="8c84fa94-04c1-424b-9868-57a2d4851a1d" relativeResultsDirectory="8277289c-c96a-439e-a120-04cadca03031">
    </UnitTestResult>
    <UnitTestResult executionId="342afbe2-2a84-4dc7-8f50-039e4fba3bb9" testId="c3fc885b-06d0-19cb-a8e4-a4fc7aee2170" testName="WriteByteArrayTest" computerName="WATSON1491" duration="00:00:00.0088135" startTime="2012-04-17T03:16:49.1673348-04:00" endTime="2012-04-17T03:16:49.1833357-04:00" testType="13cdc9d9-ddb5-4fa4-a97d-d965ccfc6d4b" outcome="Passed" testListId="8c84fa94-04c1-424b-9868-57a2d4851a1d" relativeResultsDirectory="342afbe2-2a84-4dc7-8f50-039e4fba3bb9">
    </UnitTestResult>
    <UnitTestResult executionId="4973a7ca-6612-4dc0-89ed-187312576995" testId="c574974e-922d-e123-cd45-263cf5bd394a" testName="DeserializeTest" computerName="WATSON1491" duration="00:00:00.0003902" startTime="2012-04-17T03:16:49.1933363-04:00" endTime="2012-04-17T03:16:49.1993367-04:00" testType="13cdc9d9-ddb5-4fa4-a97d-d965ccfc6d4b" outcome="Passed" testListId="8c84fa94-04c1-424b-9868-57a2d4851a1d" relativeResultsDirectory="4973a7ca-6612-4dc0-89ed-187312576995">
    </UnitTestResult>
    <UnitTestResult executionId="6f6fc4bf-e87d-46bb-9c6b-f616a2687e7d" testId="c5e39726-deec-c4f7-824b-1e41432b6b87" testName="GetNextIndexTest" computerName="WATSON1491" duration="00:00:00.0244124" startTime="2012-04-17T03:16:49.2063371-04:00" endTime="2012-04-17T03:16:49.2343387-04:00" testType="13cdc9d9-ddb5-4fa4-a97d-d965ccfc6d4b" outcome="Passed" testListId="8c84fa94-04c1-424b-9868-57a2d4851a1d" relativeResultsDirectory="6f6fc4bf-e87d-46bb-9c6b-f616a2687e7d">
    </UnitTestResult>
    <UnitTestResult executionId="ba843498-a1b5-4083-b887-57ec6a94ed35" testId="cb9247b9-0e78-5318-b25e-4206d939f286" testName="AllocateAtEndOfFreeSpaceListTest" computerName="WATSON1491" duration="00:00:00.0050239" startTime="2012-04-17T03:16:49.2403390-04:00" endTime="2012-04-17T03:16:49.2503396-04:00" testType="13cdc9d9-ddb5-4fa4-a97d-d965ccfc6d4b" outcome="Passed" testListId="8c84fa94-04c1-424b-9868-57a2d4851a1d" relativeResultsDirectory="ba843498-a1b5-4083-b887-57ec6a94ed35">
    </UnitTestResult>
    <UnitTestResult executionId="99738720-eb68-4110-8628-c52793ead1ca" testId="cc0dd485-3eb5-47cf-79f5-71c3014c459a" testName="ToIntTest" computerName="WATSON1491" duration="00:00:00.0002297" startTime="2012-04-17T03:16:49.2553399-04:00" endTime="2012-04-17T03:16:49.2593401-04:00" testType="13cdc9d9-ddb5-4fa4-a97d-d965ccfc6d4b" outcome="Passed" testListId="8c84fa94-04c1-424b-9868-57a2d4851a1d" relativeResultsDirectory="99738720-eb68-4110-8628-c52793ead1ca">
    </UnitTestResult>
    <UnitTestResult executionId="7000a72a-c1fd-4963-830b-c1e6ed1f76c6" testId="ceb208d4-f6b2-14ea-caab-c04abf814ed1" testName="SerializeTest" computerName="WATSON1491" duration="00:00:00.0003606" startTime="2012-04-17T03:16:49.2643404-04:00" endTime="2012-04-17T03:16:49.2673405-04:00" testType="13cdc9d9-ddb5-4fa4-a97d-d965ccfc6d4b" outcome="Passed" testListId="8c84fa94-04c1-424b-9868-57a2d4851a1d" relativeResultsDirectory="7000a72a-c1fd-4963-830b-c1e6ed1f76c6">
    </UnitTestResult>
    <UnitTestResult executionId="66f81b13-322f-4eeb-97bf-dc964ee3f32e" testId="cf7f4ea5-e033-7c9e-2653-20e77c20a6bd" testName="CloseTest" computerName="WATSON1491" duration="00:00:00.0020277" startTime="2012-04-17T03:16:49.2723408-04:00" endTime="2012-04-17T03:16:49.2773411-04:00" testType="13cdc9d9-ddb5-4fa4-a97d-d965ccfc6d4b" outcome="Passed" testListId="8c84fa94-04c1-424b-9868-57a2d4851a1d" relativeResultsDirectory="66f81b13-322f-4eeb-97bf-dc964ee3f32e">
    </UnitTestResult>
    <UnitTestResult executionId="88c6f31f-c11f-4369-882b-94e3b4f3e8a0" testId="d7a29e06-03fa-67e4-6f87-44c551f8b54e" testName="ElementCtorTest" computerName="WATSON1491" duration="00:00:00.0004262" startTime="2012-04-17T03:16:49.2823414-04:00" endTime="2012-04-17T03:16:49.2893418-04:00" testType="13cdc9d9-ddb5-4fa4-a97d-d965ccfc6d4b" outcome="Passed" testListId="8c84fa94-04c1-424b-9868-57a2d4851a1d" relativeResultsDirectory="88c6f31f-c11f-4369-882b-94e3b4f3e8a0">
    </UnitTestResult>
    <UnitTestResult executionId="cdd334d9-a5d1-4e96-a169-fce938a3bd53" testId="d7cc34f6-78d2-eecf-5b9f-ab76bb86da71" testName="GetPutUserHeaderTest" computerName="WATSON1491" duration="00:00:00.0156479" startTime="2012-04-17T03:16:49.2933420-04:00" endTime="2012-04-17T03:16:49.3133432-04:00" testType="13cdc9d9-ddb5-4fa4-a97d-d965ccfc6d4b" outcome="Passed" testListId="8c84fa94-04c1-424b-9868-57a2d4851a1d" relativeResultsDirectory="cdd334d9-a5d1-4e96-a169-fce938a3bd53">
    </UnitTestResult>
    <UnitTestResult executionId="b863fb05-0a9e-483e-a976-8e5ec097c945" testId="d87c9634-3232-495c-abe1-766a051a0ec6" testName="FreeLastSpaceTest" computerName="WATSON1491" duration="00:00:00.0094926" startTime="2012-04-17T03:16:49.3203436-04:00" endTime="2012-04-17T03:16:49.3363445-04:00" testType="13cdc9d9-ddb5-4fa4-a97d-d965ccfc6d4b" outcome="Passed" testListId="8c84fa94-04c1-424b-9868-57a2d4851a1d" relativeResultsDirectory="b863fb05-0a9e-483e-a976-8e5ec097c945">
    </UnitTestResult>
    <UnitTestResult executionId="452842fe-766d-4995-89ed-ff29e99c9efb" testId="d917289d-258a-a478-26f6-a5a85e035c3f" testName="GetPathToNameTest" computerName="WATSON1491" duration="00:00:00.0004226" startTime="2012-04-17T03:16:49.3413448-04:00" endTime="2012-04-17T03:16:49.3453450-04:00" testType="13cdc9d9-ddb5-4fa4-a97d-d965ccfc6d4b" outcome="Passed" testListId="8c84fa94-04c1-424b-9868-57a2d4851a1d" relativeResultsDirectory="452842fe-766d-4995-89ed-ff29e99c9efb">
    </UnitTestResult>
    <UnitTestResult executionId="ed05bf7c-705e-4dd5-bb2e-5ab93309b029" testId="da2c5789-69fe-8699-f9d7-9a2ec66b4c68" testName="CopyTest" computerName="WATSON1491" duration="00:00:00.0004461" startTime="2012-04-17T03:16:49.3503453-04:00" endTime="2012-04-17T03:16:49.3563456-04:00" testType="13cdc9d9-ddb5-4fa4-a97d-d965ccfc6d4b" outcome="Passed" testListId="8c84fa94-04c1-424b-9868-57a2d4851a1d" relativeResultsDirectory="ed05bf7c-705e-4dd5-bb2e-5ab93309b029">
    </UnitTestResult>
    <UnitTestResult executionId="09bf89f7-f701-4e0e-87b9-4ce701580683" testId="dc59e212-85a1-3e76-d4aa-2b0731bd07f1" testName="CtorTest" computerName="WATSON1491" duration="00:00:00.0002321" startTime="2012-04-17T03:16:49.3603459-04:00" endTime="2012-04-17T03:16:49.3643461-04:00" testType="13cdc9d9-ddb5-4fa4-a97d-d965ccfc6d4b" outcome="Passed" testListId="8c84fa94-04c1-424b-9868-57a2d4851a1d" relativeResultsDirectory="09bf89f7-f701-4e0e-87b9-4ce701580683">
    </UnitTestResult>
    <UnitTestResult executionId="68f5436f-fb8c-4a35-9a0b-204955a2908e" testId="dcd55a77-217b-2a2a-b734-243925f84d45" testName="SerializeTest" computerName="WATSON1491" duration="00:00:00.0003322" startTime="2012-04-17T03:16:49.3683463-04:00" endTime="2012-04-17T03:16:49.3723465-04:00" testType="13cdc9d9-ddb5-4fa4-a97d-d965ccfc6d4b" outcome="Passed" testListId="8c84fa94-04c1-424b-9868-57a2d4851a1d" relativeResultsDirectory="68f5436f-fb8c-4a35-9a0b-204955a2908e">
    </UnitTestResult>
    <UnitTestResult executionId="b1ce15b7-8a79-4c60-bece-f1822d3a6f98" testId="e09c5cb1-1c0e-6e77-1183-514f09126ef8" testName="FreeAddSpaceToStartOfFreeListTest" computerName="WATSON1491" duration="00:00:00.0047175" startTime="2012-04-17T03:16:49.3773468-04:00" endTime="2012-04-17T03:16:49.3863473-04:00" testType="13cdc9d9-ddb5-4fa4-a97d-d965ccfc6d4b" outcome="Passed" testListId="8c84fa94-04c1-424b-9868-57a2d4851a1d" relativeResultsDirectory="b1ce15b7-8a79-4c60-bece-f1822d3a6f98">
    </UnitTestResult>
    <UnitTestResult executionId="e758adc5-009b-43a6-8126-753342aaa6ce" testId="e489bd92-1fdb-dce0-d50f-126dc15b0598" testName="Append1Test" computerName="WATSON1491" duration="00:00:00.0004331" startTime="2012-04-17T03:16:49.3913476-04:00" endTime="2012-04-17T03:16:49.3943478-04:00" testType="13cdc9d9-ddb5-4fa4-a97d-d965ccfc6d4b" outcome="Passed" testListId="8c84fa94-04c1-424b-9868-57a2d4851a1d" relativeResultsDirectory="e758adc5-009b-43a6-8126-753342aaa6ce">
    </UnitTestResult>
    <UnitTestResult executionId="090b7674-8c8b-4deb-9739-5ace0fc81b75" testId="e4d4bf05-87c5-ae25-1539-415c4a3fabe0" testName="MultitonTest" computerName="WATSON1491" duration="00:00:00.0017930" startTime="2012-04-17T03:16:49.3993481-04:00" endTime="2012-04-17T03:16:49.4063485-04:00" testType="13cdc9d9-ddb5-4fa4-a97d-d965ccfc6d4b" outcome="Passed" testListId="8c84fa94-04c1-424b-9868-57a2d4851a1d" relativeResultsDirectory="090b7674-8c8b-4deb-9739-5ace0fc81b75">
    </UnitTestResult>
    <UnitTestResult executionId="37c7cf30-3c75-4dd3-961e-c5a8736c651d" testId="e5f5eeb7-8767-c831-6700-d29e08cf89bb" testName="AddToEndTest" computerName="WATSON1491" duration="00:00:00.0051235" startTime="2012-04-17T03:16:49.4113488-04:00" endTime="2012-04-17T03:16:49.4203493-04:00" testType="13cdc9d9-ddb5-4fa4-a97d-d965ccfc6d4b" outcome="Passed" testListId="8c84fa94-04c1-424b-9868-57a2d4851a1d" relativeResultsDirectory="37c7cf30-3c75-4dd3-961e-c5a8736c651d">
    </UnitTestResult>
    <UnitTestResult executionId="2cfa1256-78de-4574-8fcd-b6fc4e08ec52" testId="e7921d23-7b31-8b43-d930-5a3bc89a44b3" testName="LengthTest" computerName="WATSON1491" duration="00:00:00.0048804" startTime="2012-04-17T03:16:49.4303499-04:00" endTime="2012-04-17T03:16:49.4513511-04:00" testType="13cdc9d9-ddb5-4fa4-a97d-d965ccfc6d4b" outcome="Passed" testListId="8c84fa94-04c1-424b-9868-57a2d4851a1d" relativeResultsDirectory="2cfa1256-78de-4574-8fcd-b6fc4e08ec52">
    </UnitTestResult>
    <UnitTestResult executionId="24f14146-cb2e-4e70-acdb-2ca03d2159fb" testId="e7c5dfe9-6c85-ed21-1287-63d333e61256" testName="CreateTest" computerName="WATSON1491" duration="00:00:00.0247835" startTime="2012-04-17T03:16:49.4603516-04:00" endTime="2012-04-17T03:16:49.4903533-04:00" testType="13cdc9d9-ddb5-4fa4-a97d-d965ccfc6d4b" outcome="Passed" testListId="8c84fa94-04c1-424b-9868-57a2d4851a1d" relativeResultsDirectory="24f14146-cb2e-4e70-acdb-2ca03d2159fb">
    </UnitTestResult>
    <UnitTestResult executionId="3317c37a-2836-4cd6-8a1d-1b81af931aab" testId="ea353cbf-1840-4b47-9557-83373d54727c" testName="LRUDoublyLinkedListCtorTest" computerName="WATSON1491" duration="00:00:00.0024309" startTime="2012-04-17T03:16:49.4963536-04:00" endTime="2012-04-17T03:16:49.5023540-04:00" testType="13cdc9d9-ddb5-4fa4-a97d-d965ccfc6d4b" outcome="Passed" testListId="8c84fa94-04c1-424b-9868-57a2d4851a1d" relativeResultsDirectory="3317c37a-2836-4cd6-8a1d-1b81af931aab">
    </UnitTestResult>
    <UnitTestResult executionId="6a5075c6-921b-4f2c-8434-c202ceb7d767" testId="eba5dc6e-9bfa-ee02-4059-95270e8b548f" testName="PutGetUserHeaderTest" computerName="WATSON1491" duration="00:00:00.0174333" startTime="2012-04-17T03:16:49.5073543-04:00" endTime="2012-04-17T03:16:49.5293555-04:00" testType="13cdc9d9-ddb5-4fa4-a97d-d965ccfc6d4b" outcome="Passed" testListId="8c84fa94-04c1-424b-9868-57a2d4851a1d" relativeResultsDirectory="6a5075c6-921b-4f2c-8434-c202ceb7d767">
    </UnitTestResult>
    <UnitTestResult executionId="6f427703-cb11-4833-92ae-187b8cc9e661" testId="ec103ee4-7d33-deea-fa5e-ea2ddfa162f6" testName="CloseTest" computerName="WATSON1491" duration="00:00:00.0048366" startTime="2012-04-17T03:16:49.5333558-04:00" endTime="2012-04-17T03:16:49.5443564-04:00" testType="13cdc9d9-ddb5-4fa4-a97d-d965ccfc6d4b" outcome="Passed" testListId="8c84fa94-04c1-424b-9868-57a2d4851a1d" relativeResultsDirectory="6f427703-cb11-4833-92ae-187b8cc9e661">
    </UnitTestResult>
    <UnitTestResult executionId="cdfaa790-9a99-4421-8016-5534683d5a84" testId="f0820a20-bffa-aca4-73b6-cb5b10486dcd" testName="InsertLinksCorrectlyTest" computerName="WATSON1491" duration="00:00:00.0049817" startTime="2012-04-17T03:16:49.5493567-04:00" endTime="2012-04-17T03:16:49.5573571-04:00" testType="13cdc9d9-ddb5-4fa4-a97d-d965ccfc6d4b" outcome="Passed" testListId="8c84fa94-04c1-424b-9868-57a2d4851a1d" relativeResultsDirectory="cdfaa790-9a99-4421-8016-5534683d5a84">
    </UnitTestResult>
    <UnitTestResult executionId="811e8c43-df6a-4acf-a8ad-848d75263504" testId="f173e7fc-49c9-6230-eca2-9afec5f70750" testName="SerializeTest" computerName="WATSON1491" duration="00:00:00.0002755" startTime="2012-04-17T03:16:49.5623574-04:00" endTime="2012-04-17T03:16:49.5663576-04:00" testType="13cdc9d9-ddb5-4fa4-a97d-d965ccfc6d4b" outcome="Passed" testListId="8c84fa94-04c1-424b-9868-57a2d4851a1d" relativeResultsDirectory="811e8c43-df6a-4acf-a8ad-848d75263504">
    </UnitTestResult>
    <UnitTestResult executionId="cfc86615-6e38-452c-b035-329cc1119f4b" testId="f19b5895-b0f7-59f0-4036-17b6609c64da" testName="MergeAfterTest" computerName="WATSON1491" duration="00:00:00.0005207" startTime="2012-04-17T03:16:49.5703579-04:00" endTime="2012-04-17T03:16:49.5743581-04:00" testType="13cdc9d9-ddb5-4fa4-a97d-d965ccfc6d4b" outcome="Passed" testListId="8c84fa94-04c1-424b-9868-57a2d4851a1d" relativeResultsDirectory="cfc86615-6e38-452c-b035-329cc1119f4b">
    </UnitTestResult>
    <UnitTestResult executionId="e7e0832f-bd05-4b8b-b1da-d750be63d8e6" testId="f45fb43e-8e19-67de-faf5-292c20567a5c" testName="SerializeTest" computerName="WATSON1491" duration="00:00:00.0002844" startTime="2012-04-17T03:16:49.5793584-04:00" endTime="2012-04-17T03:16:49.5823586-04:00" testType="13cdc9d9-ddb5-4fa4-a97d-d965ccfc6d4b" outcome="Passed" testListId="8c84fa94-04c1-424b-9868-57a2d4851a1d" relativeResultsDirectory="e7e0832f-bd05-4b8b-b1da-d750be63d8e6">
    </UnitTestResult>
    <UnitTestResult executionId="ae306b7f-ac94-4629-ae0f-0c354cac8c7a" testId="f8c986a1-4d49-6c57-695c-e57bd1d77a03" testName="CtorTest" computerName="WATSON1491" duration="00:00:00.0002038" startTime="2012-04-17T03:16:49.5873588-04:00" endTime="2012-04-17T03:16:49.5913591-04:00" testType="13cdc9d9-ddb5-4fa4-a97d-d965ccfc6d4b" outcome="Passed" testListId="8c84fa94-04c1-424b-9868-57a2d4851a1d" relativeResultsDirectory="ae306b7f-ac94-4629-ae0f-0c354cac8c7a">
    </UnitTestResult>
    <UnitTestResult executionId="4b136cbf-fe61-453d-961a-cca84c377815" testId="f8dab570-907f-9537-fb70-c2f0ade97939" testName="GetLastTest" computerName="WATSON1491" duration="00:00:00.0039091" startTime="2012-04-17T03:16:49.5963594-04:00" endTime="2012-04-17T03:16:49.6043598-04:00" testType="13cdc9d9-ddb5-4fa4-a97d-d965ccfc6d4b" outcome="Passed" testListId="8c84fa94-04c1-424b-9868-57a2d4851a1d" relativeResultsDirectory="4b136cbf-fe61-453d-961a-cca84c377815">
    </UnitTestResult>
    <UnitTestResult executionId="94b21dab-7c03-4c70-bfef-db5ad67b1688" testId="fc01b55b-5936-8b78-9de3-822e7b824b5a" testName="GetElementSizeTest" computerName="WATSON1491" duration="00:00:00.0068174" startTime="2012-04-17T03:16:49.6093601-04:00" endTime="2012-04-17T03:16:49.6193607-04:00" testType="13cdc9d9-ddb5-4fa4-a97d-d965ccfc6d4b" outcome="Passed" testListId="8c84fa94-04c1-424b-9868-57a2d4851a1d" relativeResultsDirectory="94b21dab-7c03-4c70-bfef-db5ad67b1688">
    </UnitTestResult>
    <UnitTestResult executionId="a0873ba6-bd79-43ec-b415-d1c7e048d59a" testId="fd2220b2-26eb-6999-62ad-4cbb765b850c" testName="CreateTest" computerName="WATSON1491" duration="00:00:00.0034062" startTime="2012-04-17T03:16:49.6243610-04:00" endTime="2012-04-17T03:16:49.6343615-04:00" testType="13cdc9d9-ddb5-4fa4-a97d-d965ccfc6d4b" outcome="Passed" testListId="8c84fa94-04c1-424b-9868-57a2d4851a1d" relativeResultsDirectory="a0873ba6-bd79-43ec-b415-d1c7e048d59a">
    </UnitTestResult>
    <UnitTestResult executionId="ef838c01-bf2e-4ffc-90a9-deb53ce810a8" testId="ff3263d9-8c70-f60e-d721-c5d537b9f312" testName="SerializeTest" computerName="WATSON1491" duration="00:00:00.0003926" startTime="2012-04-17T03:16:49.6403619-04:00" endTime="2012-04-17T03:16:49.6443621-04:00" testType="13cdc9d9-ddb5-4fa4-a97d-d965ccfc6d4b" outcome="Passed" testListId="8c84fa94-04c1-424b-9868-57a2d4851a1d" relativeResultsDirectory="ef838c01-bf2e-4ffc-90a9-deb53ce810a8">
    </UnitTestResult>
    <UnitTestResult executionId="0cfcaf36-bc5f-4eae-91cc-56cb9659a2de" testId="ffe04048-3d0c-a00a-f497-66ad2a87b507" testName="GetNextTest" computerName="WATSON1491" duration="00:00:00.0041798" startTime="2012-04-17T03:16:49.6493624-04:00" endTime="2012-04-17T03:16:49.6583629-04:00" testType="13cdc9d9-ddb5-4fa4-a97d-d965ccfc6d4b" outcome="Passed" testListId="8c84fa94-04c1-424b-9868-57a2d4851a1d" relativeResultsDirectory="0cfcaf36-bc5f-4eae-91cc-56cb9659a2de">
    </UnitTestResult>
  </Results>
</TestRun>